[2026-03-09T05:33:48Z] === MyFonts crawl start source=myfonts ===
[2026-03-09T05:33:48Z] config max_pages=140 page_size=100 start_date=2026-01-01 end_date=None api_delay=0.5s detail_delay=0.35s max_debut_checks=5000 max_tech_specs_checks=5000 reuse_success_profile=False always_enrich_packages=True browser_mode=False browser_headless=True browser_storage_state_path=state/myfonts_storage_state.json
[2026-03-09T05:33:49Z] #1 attempt=1/6 status=200 0.653s url=https://www.myfonts.com/products.json?limit=100&page=1
[2026-03-09T05:33:50Z] #2 attempt=1/6 status=200 0.628s url=https://www.myfonts.com/products/brush-italic-volga-1118899
[2026-03-09T05:33:51Z] #3 attempt=1/6 status=200 0.592s url=https://www.myfonts.com/collections/volga-font-alpercakici/
[2026-03-09T05:33:52Z] #4 attempt=1/6 status=200 0.527s url=https://www.myfonts.com/collections/volga-font-alpercakici/?tab=techSpecs
[2026-03-09T05:33:57Z] #5 attempt=1/6 status=200 0.704s url=https://www.myfonts.com/products/wildforest-complete-family-package-1118857
[2026-03-09T05:33:58Z] #6 attempt=1/6 status=200 0.855s url=https://www.myfonts.com/collections/wildforest-font-enfeeltype/
[2026-03-09T05:33:59Z] #7 attempt=1/6 status=200 0.651s url=https://www.myfonts.com/collections/wildforest-font-enfeeltype/?tab=techSpecs
[2026-03-09T05:34:03Z] #8 attempt=1/6 status=200 0.703s url=https://www.myfonts.com/products/contraption-complete-family-package-1118855
[2026-03-09T05:34:05Z] #9 attempt=1/6 status=200 0.710s url=https://www.myfonts.com/collections/contraption-font-pink-broccoli/
[2026-03-09T05:34:06Z] #10 attempt=1/6 status=200 0.781s url=https://www.myfonts.com/collections/contraption-font-pink-broccoli/?tab=techSpecs
[2026-03-09T05:34:11Z] #11 attempt=1/6 status=200 0.622s url=https://www.myfonts.com/products/meltaface-complete-family-package-1118853
[2026-03-09T05:34:12Z] #12 attempt=1/6 status=200 0.445s url=https://www.myfonts.com/collections/meltaface-font-stacy-rodrigos/
[2026-03-09T05:34:13Z] #13 attempt=1/6 status=200 0.312s url=https://www.myfonts.com/collections/meltaface-font-stacy-rodrigos/?tab=techSpecs
[2026-03-09T05:34:15Z] #14 attempt=1/6 status=200 0.456s url=https://www.myfonts.com/products/regular-giaza-1118878
[2026-03-09T05:34:16Z] #15 attempt=1/6 status=200 0.336s url=https://www.myfonts.com/collections/giaza-font-anthony-james/
[2026-03-09T05:34:16Z] #16 attempt=1/6 status=200 0.232s url=https://www.myfonts.com/collections/giaza-font-anthony-james/?tab=techSpecs
[2026-03-09T05:34:18Z] #17 attempt=1/6 status=200 0.625s url=https://www.myfonts.com/products/italic-proscenium-1118334
[2026-03-09T05:34:19Z] #18 attempt=1/6 status=200 0.565s url=https://www.myfonts.com/collections/proscenium-font-wings-art-studio/
[2026-03-09T05:34:20Z] #19 attempt=1/6 status=200 0.633s url=https://www.myfonts.com/collections/proscenium-font-wings-art-studio/?tab=techSpecs
[2026-03-09T05:34:25Z] #20 attempt=1/6 status=200 0.888s url=https://www.myfonts.com/products/roman-variable-jewerly-beyon-1118803
[2026-03-09T05:34:26Z] #21 attempt=1/6 status=200 1.113s url=https://www.myfonts.com/collections/jewerly-beyon-font-luhop-creative/
[2026-03-09T05:34:28Z] #22 attempt=1/6 status=200 1.235s url=https://www.myfonts.com/collections/jewerly-beyon-font-luhop-creative/?tab=techSpecs
[2026-03-09T05:34:33Z] #23 attempt=1/6 status=200 0.698s url=https://www.myfonts.com/products/mizhon-sans-complete-family-package-1118559
[2026-03-09T05:34:34Z] #24 attempt=1/6 status=200 0.921s url=https://www.myfonts.com/collections/mizhon-sans-font-skinny-type/
[2026-03-09T05:34:35Z] #25 attempt=1/6 status=200 0.317s url=https://www.myfonts.com/collections/mizhon-sans-font-skinny-type/?tab=techSpecs
[2026-03-09T05:34:39Z] #26 attempt=1/6 status=200 0.725s url=https://www.myfonts.com/products/the-musa-editorial-complete-family-package-1118520
[2026-03-09T05:34:41Z] #27 attempt=1/6 status=200 0.779s url=https://www.myfonts.com/collections/the-musa-editorial-font-romie-creative/
[2026-03-09T05:34:42Z] #28 attempt=1/6 status=200 0.733s url=https://www.myfonts.com/collections/the-musa-editorial-font-romie-creative/?tab=techSpecs
[2026-03-09T05:34:47Z] #29 attempt=1/6 status=200 1.535s url=https://www.myfonts.com/products/quenova-complete-family-package-1117920
[2026-03-09T05:34:50Z] #30 attempt=1/6 status=200 2.182s url=https://www.myfonts.com/collections/quenova-font-kaidosan/
[2026-03-09T05:34:54Z] #31 attempt=1/6 status=200 2.912s url=https://www.myfonts.com/collections/quenova-font-kaidosan/?tab=techSpecs
[2026-03-09T05:34:59Z] #32 attempt=1/6 status=200 1.348s url=https://www.myfonts.com/products/semi-expanded-package-1118408
[2026-03-09T05:35:02Z] #33 attempt=1/6 status=200 2.352s url=https://www.myfonts.com/collections/bonarchi-font-rastype-studio/
[2026-03-09T05:35:05Z] #34 attempt=1/6 status=200 2.121s url=https://www.myfonts.com/collections/bonarchi-font-rastype-studio/?tab=techSpecs
[2026-03-09T05:35:09Z] #35 attempt=1/6 status=200 0.667s url=https://www.myfonts.com/products/master-righinta-complete-family-package-1118226
[2026-03-09T05:35:10Z] #36 attempt=1/6 status=200 0.588s url=https://www.myfonts.com/collections/master-righinta-font-tm-type/
[2026-03-09T05:35:11Z] #37 attempt=1/6 status=200 0.565s url=https://www.myfonts.com/collections/master-righinta-font-tm-type/?tab=techSpecs
[2026-03-09T05:35:15Z] #38 attempt=1/6 status=200 0.525s url=https://www.myfonts.com/products/sefalio-complete-family-package-1118116
[2026-03-09T05:35:16Z] #39 attempt=1/6 status=200 0.593s url=https://www.myfonts.com/collections/sefalio-font-snapedsgn/
[2026-03-09T05:35:17Z] #40 attempt=1/6 status=200 0.573s url=https://www.myfonts.com/collections/sefalio-font-snapedsgn/?tab=techSpecs
[2026-03-09T05:35:20Z] #41 attempt=1/6 status=200 0.550s url=https://www.myfonts.com/products/alesteny-pojharu-complete-family-package-1118098
[2026-03-09T05:35:21Z] #42 attempt=1/6 status=200 0.534s url=https://www.myfonts.com/collections/alesteny-pojharu-font-stylishtype-studio/
[2026-03-09T05:35:22Z] #43 attempt=1/6 status=200 0.325s url=https://www.myfonts.com/collections/alesteny-pojharu-font-stylishtype-studio/?tab=techSpecs
[2026-03-09T05:35:27Z] #44 attempt=1/6 status=200 0.591s url=https://www.myfonts.com/products/upright-package-1118589
[2026-03-09T05:35:28Z] #45 attempt=1/6 status=200 0.844s url=https://www.myfonts.com/collections/mizhon-flare-font-skinny-type/
[2026-03-09T05:35:30Z] #46 attempt=1/6 status=200 0.846s url=https://www.myfonts.com/collections/mizhon-flare-font-skinny-type/?tab=techSpecs
[2026-03-09T05:35:34Z] #47 attempt=1/6 status=200 0.840s url=https://www.myfonts.com/products/foliant-serif-complete-family-package-1118592
[2026-03-09T05:35:35Z] #48 attempt=1/6 status=200 0.538s url=https://www.myfonts.com/collections/foliant-serif-font-moritz-kleinsorge/
[2026-03-09T05:35:36Z] #49 attempt=1/6 status=200 0.590s url=https://www.myfonts.com/collections/foliant-serif-font-moritz-kleinsorge/?tab=techSpecs
[2026-03-09T05:35:41Z] #50 attempt=1/6 status=200 0.582s url=https://www.myfonts.com/products/crone-complete-family-package-1118200
[2026-03-09T05:35:42Z] #51 attempt=1/6 status=200 0.541s url=https://www.myfonts.com/collections/crone-font-artiveko/
[2026-03-09T05:35:43Z] #52 attempt=1/6 status=200 0.340s url=https://www.myfonts.com/collections/crone-font-artiveko/?tab=techSpecs
[2026-03-09T05:35:45Z] #53 attempt=1/6 status=200 0.875s url=https://www.myfonts.com/products/bolera-complete-family-package-1118428
[2026-03-09T05:35:47Z] #54 attempt=1/6 status=200 0.778s url=https://www.myfonts.com/collections/bolera-font-piscotype/
[2026-03-09T05:35:48Z] #55 attempt=1/6 status=200 0.954s url=https://www.myfonts.com/collections/bolera-font-piscotype/?tab=techSpecs
[2026-03-09T05:35:52Z] #56 attempt=1/6 status=200 0.643s url=https://www.myfonts.com/products/west-wasteland-complete-family-package-1118487
[2026-03-09T05:35:56Z] #57 attempt=1/6 status=200 3.489s url=https://www.myfonts.com/collections/west-wasteland-font-vyantype-studio/
[2026-03-09T05:35:59Z] #58 attempt=1/6 status=200 2.809s url=https://www.myfonts.com/collections/west-wasteland-font-vyantype-studio/?tab=techSpecs
[2026-03-09T05:36:03Z] #59 attempt=1/6 status=200 2.006s url=https://www.myfonts.com/products/wonder-hand-pencil-icons-package-package-1118465
[2026-03-09T05:36:06Z] #60 attempt=1/6 status=200 1.950s url=https://www.myfonts.com/collections/wonder-hand-pencil-font-typographicdesign/
[2026-03-09T05:36:07Z] #61 attempt=1/6 status=200 1.257s url=https://www.myfonts.com/collections/wonder-hand-pencil-font-typographicdesign/?tab=techSpecs
[2026-03-09T05:36:12Z] #62 attempt=1/6 status=200 1.216s url=https://www.myfonts.com/products/space-town-complete-family-package-1117876
[2026-03-09T05:36:14Z] #63 attempt=1/6 status=200 1.154s url=https://www.myfonts.com/collections/space-town-font-bale-type/
[2026-03-09T05:36:15Z] #64 attempt=1/6 status=200 0.894s url=https://www.myfonts.com/collections/space-town-font-bale-type/?tab=techSpecs
[2026-03-09T05:36:18Z] #65 attempt=1/6 status=200 0.835s url=https://www.myfonts.com/products/monobran-complete-family-package-1118120
[2026-03-09T05:36:19Z] #66 attempt=1/6 status=200 0.843s url=https://www.myfonts.com/collections/monobran-font-snapedsgn/
[2026-03-09T05:36:20Z] #67 attempt=1/6 status=200 0.736s url=https://www.myfonts.com/collections/monobran-font-snapedsgn/?tab=techSpecs
[2026-03-09T05:36:23Z] #68 attempt=1/6 status=200 0.878s url=https://www.myfonts.com/products/khaos-complete-family-package-1118472
[2026-03-09T05:36:24Z] #69 attempt=1/6 status=200 0.944s url=https://www.myfonts.com/collections/khaos-font-fontbilisi/
[2026-03-09T05:36:25Z] #70 attempt=1/6 status=200 0.542s url=https://www.myfonts.com/collections/khaos-font-fontbilisi/?tab=techSpecs
[2026-03-09T05:36:30Z] #71 attempt=1/6 status=200 0.843s url=https://www.myfonts.com/products/delice-pro-complete-family-package-1118126
[2026-03-09T05:36:31Z] #72 attempt=1/6 status=200 0.887s url=https://www.myfonts.com/collections/delice-pro-font-typostudio-pro/
[2026-03-09T05:36:32Z] #73 attempt=1/6 status=200 0.710s url=https://www.myfonts.com/collections/delice-pro-font-typostudio-pro/?tab=techSpecs
[2026-03-09T05:36:36Z] #74 attempt=1/6 status=200 0.726s url=https://www.myfonts.com/products/westkind-complete-family-package-1118788
[2026-03-09T05:36:37Z] #75 attempt=1/6 status=200 0.759s url=https://www.myfonts.com/collections/westkind-font-timelesstype-studio/
[2026-03-09T05:36:38Z] #76 attempt=1/6 status=200 0.613s url=https://www.myfonts.com/collections/westkind-font-timelesstype-studio/?tab=techSpecs
[2026-03-09T05:36:41Z] #77 attempt=1/6 status=200 0.698s url=https://www.myfonts.com/products/tbj-margin-condensed-complete-family-package-1117893
[2026-03-09T05:36:42Z] #78 attempt=1/6 status=200 0.705s url=https://www.myfonts.com/collections/tbj-margin-condensed-font-taboja-studio/
[2026-03-09T05:36:43Z] #79 attempt=1/6 status=200 0.905s url=https://www.myfonts.com/collections/tbj-margin-condensed-font-taboja-studio/?tab=techSpecs
