[2026-03-07T15:10:07Z] === MyFonts crawl start source=myfonts ===
[2026-03-07T15:10:07Z] config max_pages=40 page_size=250 start_date=2026-02-23 end_date=2026-03-01 api_delay=0.25s detail_delay=0.2s
[2026-03-07T15:10:09Z] #1 attempt=1/6 status=200 1.746s url=https://www.myfonts.com/products.json?limit=250&page=1
[2026-03-07T15:10:11Z] #2 attempt=1/6 status=200 1.806s url=https://www.myfonts.com/products.json?limit=250&page=2
[2026-03-07T15:10:13Z] #3 attempt=1/6 status=200 1.960s url=https://www.myfonts.com/products.json?limit=250&page=3
[2026-03-07T15:10:16Z] #4 attempt=1/6 status=200 2.040s url=https://www.myfonts.com/products.json?limit=250&page=4
[2026-03-07T15:10:18Z] #5 attempt=1/6 status=200 1.748s url=https://www.myfonts.com/products.json?limit=250&page=5
[2026-03-07T15:10:20Z] #6 attempt=1/6 status=200 1.563s url=https://www.myfonts.com/products.json?limit=250&page=6
[2026-03-07T15:10:22Z] #7 attempt=1/6 status=200 1.980s url=https://www.myfonts.com/products.json?limit=250&page=7
[2026-03-07T15:10:24Z] #8 attempt=1/6 status=200 2.023s url=https://www.myfonts.com/products.json?limit=250&page=8
[2026-03-07T15:10:27Z] #9 attempt=1/6 status=200 2.326s url=https://www.myfonts.com/products.json?limit=250&page=9
[2026-03-07T15:10:30Z] #10 attempt=1/6 status=200 2.471s url=https://www.myfonts.com/products.json?limit=250&page=10
[2026-03-07T15:10:32Z] #11 attempt=1/6 status=200 2.232s url=https://www.myfonts.com/products.json?limit=250&page=11
[2026-03-07T15:10:33Z] #12 attempt=1/6 status=200 0.793s url=https://www.myfonts.com/products/regular-sailstorm-1115676
[2026-03-07T15:10:34Z] #13 attempt=1/6 status=200 0.569s url=https://www.myfonts.com/products/shadow-single-malt-1115672
[2026-03-07T15:10:35Z] #14 attempt=1/6 status=200 0.560s url=https://www.myfonts.com/products/regular-maverixe-1115653
[2026-03-07T15:10:35Z] #15 attempt=1/6 status=200 0.466s url=https://www.myfonts.com/products/texture-sailstorm-1115675
[2026-03-07T15:10:36Z] #16 attempt=1/6 status=200 0.629s url=https://www.myfonts.com/products/shadow-fx-single-malt-1115673
[2026-03-07T15:10:37Z] #17 attempt=1/6 status=200 0.529s url=https://www.myfonts.com/products/outline-regular-maverixe-1115655
[2026-03-07T15:10:38Z] #18 attempt=1/6 status=200 0.629s url=https://www.myfonts.com/products/outline-skatehood-1115668
[2026-03-07T15:10:39Z] #19 attempt=1/6 status=200 0.487s url=https://www.myfonts.com/products/slant-regular-maverixe-1115654
[2026-03-07T15:10:40Z] #20 attempt=1/6 status=200 0.770s url=https://www.myfonts.com/products/bold-clemb-1115662
[2026-03-07T15:10:41Z] #21 attempt=1/6 status=200 0.817s url=https://www.myfonts.com/products/extrude-skatehood-1115666
[2026-03-07T15:10:42Z] #22 attempt=1/6 status=200 0.688s url=https://www.myfonts.com/products/texture-single-malt-1115671
[2026-03-07T15:10:42Z] #23 attempt=1/6 status=200 0.673s url=https://www.myfonts.com/products/light-clemb-1115659
[2026-03-07T15:10:43Z] #24 attempt=1/6 status=200 0.661s url=https://www.myfonts.com/products/regular-skatehood-1115667
[2026-03-07T15:10:44Z] #25 attempt=1/6 status=200 0.697s url=https://www.myfonts.com/products/regular-single-malt-1115670
[2026-03-07T15:10:45Z] #26 attempt=1/6 status=200 0.739s url=https://www.myfonts.com/products/regular-clemb-1115660
[2026-03-07T15:10:46Z] #27 attempt=1/6 status=200 0.823s url=https://www.myfonts.com/products/semi-bold-clemb-1115661
[2026-03-07T15:10:47Z] #28 attempt=1/6 status=200 0.665s url=https://www.myfonts.com/products/extra-bold-clemb-1115663
[2026-03-07T15:10:48Z] #29 attempt=1/6 status=200 0.664s url=https://www.myfonts.com/products/outline-slant-regular-maverixe-1115656
[2026-03-07T15:10:49Z] #30 attempt=1/6 status=200 0.866s url=https://www.myfonts.com/products/pn-big-mack-complete-family-package-1115797
[2026-03-07T15:10:51Z] #31 attempt=1/6 status=200 1.415s url=https://www.myfonts.com/products/shiftea-complete-family-package-1115427
[2026-03-07T15:10:53Z] #32 attempt=1/6 status=200 2.054s url=https://www.myfonts.com/collections/shiftea-font-matra-creative/
[2026-03-07T15:10:54Z] #33 attempt=1/6 status=200 0.693s url=https://www.myfonts.com/products/morv-complete-family-package-1115738
[2026-03-07T15:10:55Z] #34 attempt=1/6 status=200 0.836s url=https://www.myfonts.com/products/silesianum-complete-family-package-1115391
[2026-03-07T15:10:56Z] #35 attempt=1/6 status=200 0.836s url=https://www.myfonts.com/collections/silesianum-font-borutta/
[2026-03-07T15:10:57Z] #36 attempt=1/6 status=200 0.660s url=https://www.myfonts.com/products/ashigaru-complete-family-package-1115692
[2026-03-07T15:10:58Z] #37 attempt=1/6 status=200 0.754s url=https://www.myfonts.com/products/andrea-carter-complete-family-package-1115337
[2026-03-07T15:10:59Z] #38 attempt=1/6 status=200 0.709s url=https://www.myfonts.com/collections/andrea-carter-font-letterena-studios/
[2026-03-07T15:11:00Z] #39 attempt=1/6 status=200 0.767s url=https://www.myfonts.com/products/picabro-complete-family-package-1115341
[2026-03-07T15:11:01Z] #40 attempt=1/6 status=200 0.821s url=https://www.myfonts.com/collections/picabro-font-heinzel-std/
[2026-03-07T15:11:02Z] #41 attempt=1/6 status=200 0.701s url=https://www.myfonts.com/products/jorix-complete-family-package-1115705
[2026-03-07T15:11:03Z] #42 attempt=1/6 status=200 0.743s url=https://www.myfonts.com/products/mundo-grafico-denso-denso-italic-package-1115726
[2026-03-07T15:11:04Z] #43 attempt=1/6 status=200 1.009s url=https://www.myfonts.com/products/maverixe-reg-package-1115657
[2026-03-07T15:11:05Z] #44 attempt=1/6 status=200 0.785s url=https://www.myfonts.com/products/all-about-me-complete-family-package-1114345
[2026-03-07T15:11:06Z] #45 attempt=1/6 status=200 0.977s url=https://www.myfonts.com/collections/all-about-me-font-hanoded/
[2026-03-07T15:11:08Z] #46 attempt=1/6 status=200 0.823s url=https://www.myfonts.com/products/pn-bunchberry-complete-family-package-1115779
[2026-03-07T15:11:08Z] #47 attempt=1/6 status=200 0.621s url=https://www.myfonts.com/products/maverixe-complete-family-package-1115652
[2026-03-07T15:11:09Z] #48 attempt=1/6 status=200 0.762s url=https://www.myfonts.com/products/pixora-complete-family-package-1115315
[2026-03-07T15:11:11Z] #49 attempt=1/6 status=200 1.291s url=https://www.myfonts.com/collections/pixora-font-alpercakici/
[2026-03-07T15:11:12Z] #50 attempt=1/6 status=200 0.948s url=https://www.myfonts.com/products/mundo-grafico-regular-italic-package-1115725
[2026-03-07T15:11:14Z] #51 attempt=1/6 status=200 1.419s url=https://www.myfonts.com/products/rubber-duck-complete-family-package-1115677
[2026-03-07T15:11:15Z] #52 attempt=1/6 status=200 0.888s url=https://www.myfonts.com/products/clemb-complete-family-package-1115658
[2026-03-07T15:11:16Z] #53 attempt=1/6 status=200 0.890s url=https://www.myfonts.com/products/dekalea-complete-family-package-1115714
[2026-03-07T15:11:17Z] #54 attempt=1/6 status=200 0.876s url=https://www.myfonts.com/products/modlore-complete-family-package-1115334
[2026-03-07T15:11:18Z] #55 attempt=1/6 status=200 1.011s url=https://www.myfonts.com/collections/modlore-font-rhd-creative/
[2026-03-07T15:11:19Z] #56 attempt=1/6 status=200 0.816s url=https://www.myfonts.com/products/sailstorm-complete-family-package-1115674
[2026-03-07T15:11:20Z] #57 attempt=1/6 status=200 0.899s url=https://www.myfonts.com/products/fox-nuggie-complete-family-package-1115346
[2026-03-07T15:11:22Z] #58 attempt=1/6 status=200 1.219s url=https://www.myfonts.com/collections/fox-nuggie-font-fox7/
[2026-03-07T15:11:23Z] #59 attempt=1/6 status=200 0.807s url=https://www.myfonts.com/products/movery-complete-family-package-1115791
[2026-03-07T15:11:24Z] #60 attempt=1/6 status=200 0.972s url=https://www.myfonts.com/products/willy-caslon-essential-package-1113831
[2026-03-07T15:11:25Z] #61 attempt=1/6 status=200 0.981s url=https://www.myfonts.com/collections/willy-caslon-font-latinotype/
[2026-03-07T15:11:26Z] #62 attempt=1/6 status=200 0.823s url=https://www.myfonts.com/products/balium-blur-complete-family-package-1115741
[2026-03-07T15:11:27Z] #63 attempt=1/6 status=200 0.813s url=https://www.myfonts.com/products/oakrich-complete-family-package-1115681
[2026-03-07T15:11:29Z] #64 attempt=1/6 status=200 0.805s url=https://www.myfonts.com/products/brado-quena-complete-family-package-1116170
[2026-03-07T15:11:30Z] #65 attempt=1/6 status=200 1.044s url=https://www.myfonts.com/collections/brado-quena-font-sign-studio/
[2026-03-07T15:11:31Z] #66 attempt=1/6 status=200 0.755s url=https://www.myfonts.com/products/bootleg-barrels-complete-family-package-1115687
[2026-03-07T15:11:32Z] #67 attempt=1/6 status=200 0.831s url=https://www.myfonts.com/products/mundo-grafico-complete-family-package-1115718
[2026-03-07T15:11:33Z] #68 attempt=1/6 status=200 1.000s url=https://www.myfonts.com/products/amaro-block-complete-family-package-1115521
[2026-03-07T15:11:35Z] #69 attempt=1/6 status=200 1.609s url=https://www.myfonts.com/collections/amaro-block-font-autographis/
[2026-03-07T15:11:36Z] #70 attempt=1/6 status=200 0.729s url=https://www.myfonts.com/products/smyth-kelagon-complete-family-package-1115701
[2026-03-07T15:11:37Z] #71 attempt=1/6 status=200 1.008s url=https://www.myfonts.com/products/domesia-complete-family-package-1115788
[2026-03-07T15:11:38Z] #72 attempt=1/6 status=200 0.947s url=https://www.myfonts.com/products/k73-balcher-complete-family-package-1115353
[2026-03-07T15:11:39Z] #73 attempt=1/6 status=200 1.011s url=https://www.myfonts.com/collections/k73-balcher-font-k73-type-foundry/
[2026-03-07T15:11:41Z] #74 attempt=1/6 status=200 1.439s url=https://www.myfonts.com/products/brado-quena-display-package-1116176
[2026-03-07T15:11:42Z] #75 attempt=1/6 status=200 0.973s url=https://www.myfonts.com/collections/brado-quena-font-sign-studio/
[2026-03-07T15:11:44Z] #76 attempt=1/6 status=200 1.615s url=https://www.myfonts.com/products/astorina-complete-family-package-1115363
[2026-03-07T15:11:47Z] #77 attempt=1/6 status=200 2.394s url=https://www.myfonts.com/collections/astorina-font-trick-type-style/
[2026-03-07T15:11:48Z] #78 attempt=1/6 status=200 0.886s url=https://www.myfonts.com/products/zp-dapplegrim-complete-family-package-1115751
[2026-03-07T15:11:49Z] #79 attempt=1/6 status=200 0.867s url=https://www.myfonts.com/products/single-malt-complete-family-package-1115669
[2026-03-07T15:11:51Z] #80 attempt=1/6 status=200 1.109s url=https://www.myfonts.com/products/willy-caslon-complete-family-package-1113820
[2026-03-07T15:11:51Z] #81 attempt=1/6 status=200 0.736s url=https://www.myfonts.com/collections/willy-caslon-font-latinotype/
[2026-03-07T15:11:53Z] #82 attempt=1/6 status=200 1.071s url=https://www.myfonts.com/products/gopadel-complete-family-package-1115750
[2026-03-07T15:11:54Z] #83 attempt=1/6 status=200 0.909s url=https://www.myfonts.com/products/skatehood-complete-family-package-1115665
[2026-03-07T15:11:55Z] #84 attempt=1/6 status=200 0.882s url=https://www.myfonts.com/products/stiff-ballpoint-complete-family-package-1115794
[2026-03-07T15:11:57Z] #85 attempt=1/6 status=200 1.280s url=https://www.myfonts.com/products/fhagi-complete-family-package-1115728
[2026-03-07T15:11:59Z] #86 attempt=1/6 status=200 2.017s url=https://www.myfonts.com/products/novalux-complete-family-package-1115520
[2026-03-07T15:12:01Z] #87 attempt=1/6 status=200 2.446s url=https://www.myfonts.com/collections/novalux-font-matra-creative/
[2026-03-07T15:12:03Z] #88 attempt=1/6 status=200 0.866s url=https://www.myfonts.com/products/medieval-grammar-complete-family-package-1115684
[2026-03-07T15:12:04Z] #89 attempt=1/6 status=200 0.834s url=https://www.myfonts.com/products/amonetta-complete-family-package-1115696
[2026-03-07T15:12:06Z] #90 attempt=1/6 status=200 1.517s url=https://www.myfonts.com/products/extra-expanded-italic-novalux-1115641
[2026-03-07T15:12:09Z] #91 attempt=1/6 status=200 2.940s url=https://www.myfonts.com/collections/novalux-font-matra-creative/
[2026-03-07T15:12:11Z] #92 attempt=1/6 status=200 1.511s url=https://www.myfonts.com/products/extra-expanded-novalux-1115640
[2026-03-07T15:12:13Z] #93 attempt=1/6 status=200 2.537s url=https://www.myfonts.com/collections/novalux-font-matra-creative/
[2026-03-07T15:12:15Z] #94 attempt=1/6 status=200 1.511s url=https://www.myfonts.com/products/expanded-italic-novalux-1115623
[2026-03-07T15:12:17Z] #95 attempt=1/6 status=200 0.990s url=https://www.myfonts.com/collections/novalux-font-matra-creative/
[2026-03-07T15:12:21Z] #96 attempt=1/6 status=200 3.705s url=https://www.myfonts.com/products.json?limit=250&page=12
[2026-03-07T15:12:22Z] #97 attempt=1/6 status=200 1.220s url=https://www.myfonts.com/products/semi-bold-novalux-1115590
[2026-03-07T15:12:23Z] #98 attempt=1/6 status=200 0.815s url=https://www.myfonts.com/collections/novalux-font-matra-creative/
[2026-03-07T15:12:25Z] #99 attempt=1/6 status=200 1.459s url=https://www.myfonts.com/products/sem-bold-semi-condensed-italic-novalux-1115573
[2026-03-07T15:12:27Z] #100 attempt=1/6 status=200 1.189s url=https://www.myfonts.com/collections/novalux-font-matra-creative/
[2026-03-07T15:12:28Z] #101 attempt=1/6 status=200 1.115s url=https://www.myfonts.com/products/semi-bold-semi-condensed-novalux-1115572
[2026-03-07T15:12:29Z] #102 attempt=1/6 status=200 0.859s url=https://www.myfonts.com/collections/novalux-font-matra-creative/
[2026-03-07T15:12:31Z] #103 attempt=1/6 status=200 1.336s url=https://www.myfonts.com/products/sem-bold-condensed-italic-novalux-1115555
[2026-03-07T15:12:32Z] #104 attempt=1/6 status=200 0.707s url=https://www.myfonts.com/collections/novalux-font-matra-creative/
[2026-03-07T15:12:33Z] #105 attempt=1/6 status=200 0.962s url=https://www.myfonts.com/products/slanted-astorina-1115389
[2026-03-07T15:12:34Z] #106 attempt=1/6 status=200 0.565s url=https://www.myfonts.com/collections/astorina-font-trick-type-style/
[2026-03-07T15:12:35Z] #107 attempt=1/6 status=200 0.875s url=https://www.myfonts.com/products/medium-condensed-slanted-astorina-1115373
[2026-03-07T15:12:37Z] #108 attempt=1/6 status=200 1.174s url=https://www.myfonts.com/collections/astorina-font-trick-type-style/
[2026-03-07T15:12:38Z] #109 attempt=1/6 status=200 1.029s url=https://www.myfonts.com/products/regular-astorina-1115388
[2026-03-07T15:12:39Z] #110 attempt=1/6 status=200 0.702s url=https://www.myfonts.com/collections/astorina-font-trick-type-style/
[2026-03-07T15:12:40Z] #111 attempt=1/6 status=200 0.976s url=https://www.myfonts.com/products/medium-condensed-astorina-1115372
[2026-03-07T15:12:41Z] #112 attempt=1/6 status=200 1.151s url=https://www.myfonts.com/collections/astorina-font-trick-type-style/
[2026-03-07T15:12:43Z] #113 attempt=1/6 status=200 1.002s url=https://www.myfonts.com/products/regular-oblique-balium-blur-1115746
[2026-03-07T15:12:45Z] #114 attempt=1/6 status=200 1.760s url=https://www.myfonts.com/products/variable-black-italic-novalux-1115525
[2026-03-07T15:12:47Z] #115 attempt=1/6 status=200 1.599s url=https://www.myfonts.com/collections/novalux-font-matra-creative/
[2026-03-07T15:12:48Z] #116 attempt=1/6 status=200 1.416s url=https://www.myfonts.com/products/regular-redesign-1115362
[2026-03-07T15:12:50Z] #117 attempt=1/6 status=200 1.507s url=https://www.myfonts.com/products/expanded-light-pn-bunchberry-1115783
[2026-03-07T15:12:52Z] #118 attempt=1/6 status=200 1.240s url=https://www.myfonts.com/products/thin-k73-balcher-1115354
[2026-03-07T15:12:53Z] #119 attempt=1/6 status=200 0.981s url=https://www.myfonts.com/collections/k73-balcher-font-k73-type-foundry/
[2026-03-07T15:12:54Z] #120 attempt=1/6 status=200 1.021s url=https://www.myfonts.com/products/thin-expanded-astorina-1115406
[2026-03-07T15:12:56Z] #121 attempt=1/6 status=200 1.413s url=https://www.myfonts.com/collections/astorina-font-trick-type-style/
[2026-03-07T15:12:57Z] #122 attempt=1/6 status=200 1.300s url=https://www.myfonts.com/products/black-expanded-shiftea-1115518
[2026-03-07T15:12:59Z] #123 attempt=1/6 status=200 1.787s url=https://www.myfonts.com/collections/shiftea-font-matra-creative/
[2026-03-07T15:13:01Z] #124 attempt=1/6 status=200 0.795s url=https://www.myfonts.com/products/regular-willy-caslon-1113821
[2026-03-07T15:13:02Z] #125 attempt=1/6 status=200 0.825s url=https://www.myfonts.com/collections/willy-caslon-font-latinotype/
[2026-03-07T15:13:03Z] #126 attempt=1/6 status=200 0.936s url=https://www.myfonts.com/products/black-willy-caslon-1113829
[2026-03-07T15:13:04Z] #127 attempt=1/6 status=200 0.950s url=https://www.myfonts.com/collections/willy-caslon-font-latinotype/
[2026-03-07T15:13:05Z] #128 attempt=1/6 status=200 0.715s url=https://www.myfonts.com/products/too-pn-big-mack-1115801
[2026-03-07T15:13:08Z] #129 attempt=1/6 status=200 2.427s url=https://www.myfonts.com/products/sem-bold-sem-exp-italic-shiftea-1115495
[2026-03-07T15:13:09Z] #130 attempt=1/6 status=200 0.688s url=https://www.myfonts.com/collections/shiftea-font-matra-creative/
[2026-03-07T15:13:10Z] #131 attempt=1/6 status=200 0.842s url=https://www.myfonts.com/products/bold-pn-bunchberry-1115782
[2026-03-07T15:13:11Z] #132 attempt=1/6 status=200 1.124s url=https://www.myfonts.com/products/thin-condensed-italic-novalux-1115547
[2026-03-07T15:13:13Z] #133 attempt=1/6 status=200 1.819s url=https://www.myfonts.com/collections/novalux-font-matra-creative/
[2026-03-07T15:13:14Z] #134 attempt=1/6 status=200 0.658s url=https://www.myfonts.com/products/stencil-pn-bunchberry-1115786
[2026-03-07T15:13:15Z] #135 attempt=1/6 status=200 0.668s url=https://www.myfonts.com/products/extra-bold-oblique-balium-blur-1115747
[2026-03-07T15:13:16Z] #136 attempt=1/6 status=200 1.002s url=https://www.myfonts.com/products/bold-semi-condensed-italic-shiftea-1115461
[2026-03-07T15:13:17Z] #137 attempt=1/6 status=200 0.638s url=https://www.myfonts.com/collections/shiftea-font-matra-creative/
[2026-03-07T15:13:18Z] #138 attempt=1/6 status=200 0.677s url=https://www.myfonts.com/products/oblique-gopadel-1115768
[2026-03-07T15:13:20Z] #139 attempt=1/6 status=200 1.240s url=https://www.myfonts.com/products/light-extra-condensed-novalux-1115530
[2026-03-07T15:13:21Z] #140 attempt=1/6 status=200 0.655s url=https://www.myfonts.com/collections/novalux-font-matra-creative/
[2026-03-07T15:13:23Z] #141 attempt=1/6 status=200 2.266s url=https://www.myfonts.com/products/thin-condensed-novalux-1115544
[2026-03-07T15:13:24Z] #142 attempt=1/6 status=200 0.580s url=https://www.myfonts.com/collections/novalux-font-matra-creative/
[2026-03-07T15:13:25Z] #143 attempt=1/6 status=200 0.965s url=https://www.myfonts.com/products/sem-bold-semi-condensed-italic-shiftea-1115459
[2026-03-07T15:13:26Z] #144 attempt=1/6 status=200 0.549s url=https://www.myfonts.com/collections/shiftea-font-matra-creative/
[2026-03-07T15:13:28Z] #145 attempt=1/6 status=200 0.961s url=https://www.myfonts.com/products/semi-bold-oblique-gopadel-1115772
[2026-03-07T15:13:28Z] #146 attempt=1/6 status=200 0.637s url=https://www.myfonts.com/products/denso-italic-mundo-grafico-1115724
[2026-03-07T15:13:30Z] #147 attempt=1/6 status=200 1.314s url=https://www.myfonts.com/products/extra-condensed-italic-novalux-1115533
[2026-03-07T15:13:31Z] #148 attempt=1/6 status=200 0.638s url=https://www.myfonts.com/collections/novalux-font-matra-creative/
[2026-03-07T15:13:32Z] #149 attempt=1/6 status=200 1.160s url=https://www.myfonts.com/products/sem-bold-exp-italic-shiftea-1115513
[2026-03-07T15:13:33Z] #150 attempt=1/6 status=200 0.494s url=https://www.myfonts.com/collections/shiftea-font-matra-creative/
[2026-03-07T15:13:34Z] #151 attempt=1/6 status=200 0.571s url=https://www.myfonts.com/products/condensed-bold-pn-big-mack-1115800
[2026-03-07T15:13:35Z] #152 attempt=1/6 status=200 1.017s url=https://www.myfonts.com/products/light-semi-condensed-shiftea-1115452
[2026-03-07T15:13:36Z] #153 attempt=1/6 status=200 0.593s url=https://www.myfonts.com/collections/shiftea-font-matra-creative/
[2026-03-07T15:13:37Z] #154 attempt=1/6 status=200 0.656s url=https://www.myfonts.com/products/denso-mundo-grafico-1115723
[2026-03-07T15:13:38Z] #155 attempt=1/6 status=200 0.941s url=https://www.myfonts.com/products/black-expanded-italic-shiftea-1115519
[2026-03-07T15:13:39Z] #156 attempt=1/6 status=200 0.551s url=https://www.myfonts.com/collections/shiftea-font-matra-creative/
[2026-03-07T15:13:40Z] #157 attempt=1/6 status=200 0.721s url=https://www.myfonts.com/products/circular-outline-pixora-1115325
[2026-03-07T15:13:41Z] #158 attempt=1/6 status=200 0.485s url=https://www.myfonts.com/collections/pixora-font-alpercakici/
[2026-03-07T15:13:42Z] #159 attempt=1/6 status=200 0.911s url=https://www.myfonts.com/products/bold-semi-expanded-shiftea-1115496
[2026-03-07T15:13:43Z] #160 attempt=1/6 status=200 0.691s url=https://www.myfonts.com/collections/shiftea-font-matra-creative/
[2026-03-07T15:13:44Z] #161 attempt=1/6 status=200 0.662s url=https://www.myfonts.com/products/regular-vetrix-1115709
[2026-03-07T15:13:45Z] #162 attempt=1/6 status=200 0.963s url=https://www.myfonts.com/products/black-expanded-astorina-1115425
[2026-03-07T15:13:46Z] #163 attempt=1/6 status=200 0.457s url=https://www.myfonts.com/collections/astorina-font-trick-type-style/
[2026-03-07T15:13:47Z] #164 attempt=1/6 status=200 0.941s url=https://www.myfonts.com/products/bold-italic-shiftea-1115479
[2026-03-07T15:13:49Z] #165 attempt=1/6 status=200 1.366s url=https://www.myfonts.com/collections/shiftea-font-matra-creative/
[2026-03-07T15:13:50Z] #166 attempt=1/6 status=200 0.880s url=https://www.myfonts.com/products/semi-bold-semi-expanded-shiftea-1115494
[2026-03-07T15:13:51Z] #167 attempt=1/6 status=200 0.605s url=https://www.myfonts.com/collections/shiftea-font-matra-creative/
[2026-03-07T15:13:52Z] #168 attempt=1/6 status=200 0.659s url=https://www.myfonts.com/products/regular-arveus-1115727
[2026-03-07T15:13:53Z] #169 attempt=1/6 status=200 1.097s url=https://www.myfonts.com/collections/drizy-font-foundry/
[2026-03-07T15:13:55Z] #170 attempt=1/6 status=200 1.191s url=https://www.myfonts.com/collections/drizy-font-foundry/
[2026-03-07T15:13:56Z] #171 attempt=1/6 status=200 0.754s url=https://www.myfonts.com/products/medium-expanded-slanted-astorina-1115418
[2026-03-07T15:13:56Z] #172 attempt=1/6 status=200 0.384s url=https://www.myfonts.com/collections/astorina-font-trick-type-style/
[2026-03-07T15:13:58Z] #173 attempt=1/6 status=200 1.248s url=https://www.myfonts.com/products/light-extra-exp-italic-novalux-1115639
[2026-03-07T15:13:59Z] #174 attempt=1/6 status=200 0.718s url=https://www.myfonts.com/collections/novalux-font-matra-creative/
[2026-03-07T15:14:00Z] #175 attempt=1/6 status=200 1.145s url=https://www.myfonts.com/products/semi-bold-shiftea-1115476
[2026-03-07T15:14:01Z] #176 attempt=1/6 status=200 0.558s url=https://www.myfonts.com/collections/shiftea-font-matra-creative/
[2026-03-07T15:14:02Z] #177 attempt=1/6 status=200 0.685s url=https://www.myfonts.com/products/light-gopadel-1115765
[2026-03-07T15:14:04Z] #178 attempt=1/6 status=200 1.296s url=https://www.myfonts.com/products/extra-bold-semi-condensed-shiftea-1115462
[2026-03-07T15:14:05Z] #179 attempt=1/6 status=200 0.774s url=https://www.myfonts.com/collections/shiftea-font-matra-creative/
[2026-03-07T15:14:06Z] #180 attempt=1/6 status=200 1.110s url=https://www.myfonts.com/products/light-extra-expanded-novalux-1115638
[2026-03-07T15:14:07Z] #181 attempt=1/6 status=200 0.486s url=https://www.myfonts.com/collections/novalux-font-matra-creative/
[2026-03-07T15:14:08Z] #182 attempt=1/6 status=200 0.931s url=https://www.myfonts.com/products/extra-light-italic-shiftea-1115469
[2026-03-07T15:14:09Z] #183 attempt=1/6 status=200 0.627s url=https://www.myfonts.com/collections/shiftea-font-matra-creative/
[2026-03-07T15:14:10Z] #184 attempt=1/6 status=200 0.908s url=https://www.myfonts.com/products/expanded-slanted-astorina-1115416
[2026-03-07T15:14:11Z] #185 attempt=1/6 status=200 0.461s url=https://www.myfonts.com/collections/astorina-font-trick-type-style/
[2026-03-07T15:14:12Z] #186 attempt=1/6 status=200 0.589s url=https://www.myfonts.com/products/fino-italic-mundo-grafico-1115720
[2026-03-07T15:14:13Z] #187 attempt=1/6 status=200 0.569s url=https://www.myfonts.com/products/regular-domesia-1115789
[2026-03-07T15:14:14Z] #188 attempt=1/6 status=200 1.069s url=https://www.myfonts.com/products/thin-semi-condensed-italic-shiftea-1115449
[2026-03-07T15:14:15Z] #189 attempt=1/6 status=200 0.786s url=https://www.myfonts.com/collections/shiftea-font-matra-creative/
[2026-03-07T15:14:16Z] #190 attempt=1/6 status=200 0.901s url=https://www.myfonts.com/products/medium-expanded-novalux-1115624
[2026-03-07T15:14:18Z] #191 attempt=1/6 status=200 1.132s url=https://www.myfonts.com/collections/novalux-font-matra-creative/
[2026-03-07T15:14:19Z] #192 attempt=1/6 status=200 0.981s url=https://www.myfonts.com/products/extra-light-semi-condensed-italic-shiftea-1115451
[2026-03-07T15:14:20Z] #193 attempt=1/6 status=200 0.492s url=https://www.myfonts.com/collections/shiftea-font-matra-creative/
[2026-03-07T15:14:21Z] #194 attempt=1/6 status=200 0.796s url=https://www.myfonts.com/products/regular-zp-dapplegrim-1115755
[2026-03-07T15:14:22Z] #195 attempt=1/6 status=200 1.006s url=https://www.myfonts.com/products/extra-light-condensed-shiftea-1115432
[2026-03-07T15:14:23Z] #196 attempt=1/6 status=200 0.523s url=https://www.myfonts.com/collections/shiftea-font-matra-creative/
[2026-03-07T15:14:24Z] #197 attempt=1/6 status=200 0.998s url=https://www.myfonts.com/products/medium-italic-novalux-1115589
[2026-03-07T15:14:25Z] #198 attempt=1/6 status=200 0.532s url=https://www.myfonts.com/collections/novalux-font-matra-creative/
[2026-03-07T15:14:26Z] #199 attempt=1/6 status=200 0.649s url=https://www.myfonts.com/products/regular-jorix-1115706
[2026-03-07T15:14:27Z] #200 attempt=1/6 status=200 0.999s url=https://www.myfonts.com/products/black-expanded-slanted-astorina-1115426
[2026-03-07T15:14:28Z] #201 attempt=1/6 status=200 0.460s url=https://www.myfonts.com/collections/astorina-font-trick-type-style/
[2026-03-07T15:14:29Z] #202 attempt=1/6 status=200 0.613s url=https://www.myfonts.com/products/regular-caneyo-1115713
[2026-03-07T15:14:30Z] #203 attempt=1/6 status=200 0.640s url=https://www.myfonts.com/products/condensed-demi-bold-zp-dapplegrim-1115753
[2026-03-07T15:14:31Z] #204 attempt=1/6 status=200 0.927s url=https://www.myfonts.com/products/expanded-astorina-1115415
[2026-03-07T15:14:31Z] #205 attempt=1/6 status=200 0.443s url=https://www.myfonts.com/collections/astorina-font-trick-type-style/
[2026-03-07T15:14:33Z] #206 attempt=1/6 status=200 0.997s url=https://www.myfonts.com/products/thin-expanded-slanted-astorina-1115408
[2026-03-07T15:14:33Z] #207 attempt=1/6 status=200 0.404s url=https://www.myfonts.com/collections/astorina-font-trick-type-style/
[2026-03-07T15:14:36Z] #208 attempt=1/6 status=200 1.877s url=https://www.myfonts.com/products/medium-novalux-1115588
[2026-03-07T15:14:36Z] #209 attempt=1/6 status=200 0.476s url=https://www.myfonts.com/collections/novalux-font-matra-creative/
[2026-03-07T15:14:37Z] #210 attempt=1/6 status=200 0.799s url=https://www.myfonts.com/products/medium-silesianum-1115401
[2026-03-07T15:14:38Z] #211 attempt=1/6 status=200 0.736s url=https://www.myfonts.com/collections/silesianum-font-borutta/
[2026-03-07T15:14:39Z] #212 attempt=1/6 status=200 0.559s url=https://www.myfonts.com/products/regular-bootleg-barrels-1115689
[2026-03-07T15:14:40Z] #213 attempt=1/6 status=200 0.626s url=https://www.myfonts.com/products/black-fhagi-1115737
[2026-03-07T15:14:41Z] #214 attempt=1/6 status=200 0.875s url=https://www.myfonts.com/products/extra-bold-astorina-1115398
[2026-03-07T15:14:42Z] #215 attempt=1/6 status=200 0.418s url=https://www.myfonts.com/collections/astorina-font-trick-type-style/
[2026-03-07T15:14:43Z] #216 attempt=1/6 status=200 0.960s url=https://www.myfonts.com/products/bold-semi-condensed-novalux-1115574
[2026-03-07T15:14:44Z] #217 attempt=1/6 status=200 0.447s url=https://www.myfonts.com/collections/novalux-font-matra-creative/
[2026-03-07T15:14:45Z] #218 attempt=1/6 status=200 1.074s url=https://www.myfonts.com/products/medium-extra-expanded-novalux-1115642
[2026-03-07T15:14:46Z] #219 attempt=1/6 status=200 0.662s url=https://www.myfonts.com/collections/novalux-font-matra-creative/
[2026-03-07T15:14:47Z] #220 attempt=1/6 status=200 0.590s url=https://www.myfonts.com/products/regular-cherry-shine-1115710
[2026-03-07T15:14:48Z] #221 attempt=1/6 status=200 0.910s url=https://www.myfonts.com/products/black-condensed-slanted-astorina-1115381
[2026-03-07T15:14:49Z] #222 attempt=1/6 status=200 0.465s url=https://www.myfonts.com/collections/astorina-font-trick-type-style/
[2026-03-07T15:14:50Z] #223 attempt=1/6 status=200 0.630s url=https://www.myfonts.com/products/rough-bootleg-barrels-1115688
[2026-03-07T15:14:51Z] #224 attempt=1/6 status=200 1.048s url=https://www.myfonts.com/products/thin-slanted-astorina-1115383
[2026-03-07T15:14:52Z] #225 attempt=1/6 status=200 0.793s url=https://www.myfonts.com/collections/astorina-font-trick-type-style/
[2026-03-07T15:14:53Z] #226 attempt=1/6 status=200 0.612s url=https://www.myfonts.com/products/italic-italic-modlore-1115336
[2026-03-07T15:14:54Z] #227 attempt=1/6 status=200 0.586s url=https://www.myfonts.com/collections/modlore-font-rhd-creative/
[2026-03-07T15:14:55Z] #228 attempt=1/6 status=200 1.083s url=https://www.myfonts.com/products/medium-expanded-italic-novalux-1115625
[2026-03-07T15:14:56Z] #229 attempt=1/6 status=200 0.762s url=https://www.myfonts.com/collections/novalux-font-matra-creative/
[2026-03-07T15:14:57Z] #230 attempt=1/6 status=200 0.651s url=https://www.myfonts.com/products/italic-smyth-kelagon-1115703
[2026-03-07T15:14:59Z] #231 attempt=1/6 status=200 1.000s url=https://www.myfonts.com/products/extra-condensed-novalux-1115532
[2026-03-07T15:14:59Z] #232 attempt=1/6 status=200 0.642s url=https://www.myfonts.com/collections/novalux-font-matra-creative/
[2026-03-07T15:15:01Z] #233 attempt=1/6 status=200 0.675s url=https://www.myfonts.com/products/italic-domesia-1115790
[2026-03-07T15:15:02Z] #234 attempt=1/6 status=200 1.061s url=https://www.myfonts.com/products/extra-light-extra-exp-novalux-1115635
[2026-03-07T15:15:03Z] #235 attempt=1/6 status=200 0.765s url=https://www.myfonts.com/collections/novalux-font-matra-creative/
[2026-03-07T15:15:04Z] #236 attempt=1/6 status=200 0.967s url=https://www.myfonts.com/products/extra-light-condensed-italic-novalux-1115546
[2026-03-07T15:15:05Z] #237 attempt=1/6 status=200 0.579s url=https://www.myfonts.com/collections/novalux-font-matra-creative/
[2026-03-07T15:15:06Z] #238 attempt=1/6 status=200 0.608s url=https://www.myfonts.com/products/black-gopadel-1115777
[2026-03-07T15:15:07Z] #239 attempt=1/6 status=200 0.742s url=https://www.myfonts.com/products/medium-oblique-gopadel-1115770
[2026-03-07T15:15:09Z] #240 attempt=1/6 status=200 1.476s url=https://www.myfonts.com/products/light-extra-condensed-italic-novalux-1115531
[2026-03-07T15:15:10Z] #241 attempt=1/6 status=200 0.655s url=https://www.myfonts.com/collections/novalux-font-matra-creative/
[2026-03-07T15:15:11Z] #242 attempt=1/6 status=200 1.226s url=https://www.myfonts.com/products/light-expanded-italic-novalux-1115621
[2026-03-07T15:15:12Z] #243 attempt=1/6 status=200 0.627s url=https://www.myfonts.com/collections/novalux-font-matra-creative/
[2026-03-07T15:15:14Z] #244 attempt=1/6 status=200 1.196s url=https://www.myfonts.com/products/thin-expanded-italic-novalux-1115618
[2026-03-07T15:15:14Z] #245 attempt=1/6 status=200 0.567s url=https://www.myfonts.com/collections/novalux-font-matra-creative/
[2026-03-07T15:15:16Z] #246 attempt=1/6 status=200 1.067s url=https://www.myfonts.com/products/extra-bold-expanded-shiftea-1115516
[2026-03-07T15:15:17Z] #247 attempt=1/6 status=200 0.609s url=https://www.myfonts.com/collections/shiftea-font-matra-creative/
[2026-03-07T15:15:18Z] #248 attempt=1/6 status=200 1.170s url=https://www.myfonts.com/products/extra-bold-italic-novalux-1115595
[2026-03-07T15:15:19Z] #249 attempt=1/6 status=200 0.632s url=https://www.myfonts.com/collections/novalux-font-matra-creative/
[2026-03-07T15:15:20Z] #250 attempt=1/6 status=200 0.516s url=https://www.myfonts.com/products/extra-light-oblique-gopadel-1115763
[2026-03-07T15:15:21Z] #251 attempt=1/6 status=200 1.050s url=https://www.myfonts.com/products/bold-expanded-italic-shiftea-1115515
[2026-03-07T15:15:23Z] #252 attempt=1/6 status=200 0.931s url=https://www.myfonts.com/collections/shiftea-font-matra-creative/
[2026-03-07T15:15:24Z] #253 attempt=1/6 status=200 0.654s url=https://www.myfonts.com/products/bold-gopadel-1115773
[2026-03-07T15:15:25Z] #254 attempt=1/6 status=200 1.133s url=https://www.myfonts.com/products/bold-expanded-novalux-1115628
[2026-03-07T15:15:26Z] #255 attempt=1/6 status=200 0.547s url=https://www.myfonts.com/collections/novalux-font-matra-creative/
[2026-03-07T15:15:27Z] #256 attempt=1/6 status=200 1.029s url=https://www.myfonts.com/products/bold-sem-exp-italic-shiftea-1115497
[2026-03-07T15:15:28Z] #257 attempt=1/6 status=200 0.751s url=https://www.myfonts.com/collections/shiftea-font-matra-creative/
[2026-03-07T15:15:29Z] #258 attempt=1/6 status=200 0.589s url=https://www.myfonts.com/products/expanded-zp-dapplegrim-1115760
[2026-03-07T15:15:30Z] #259 attempt=1/6 status=200 1.161s url=https://www.myfonts.com/products/bold-novalux-1115592
[2026-03-07T15:15:31Z] #260 attempt=1/6 status=200 0.589s url=https://www.myfonts.com/collections/novalux-font-matra-creative/
[2026-03-07T15:15:33Z] #261 attempt=1/6 status=200 1.407s url=https://www.myfonts.com/products/black-condensed-italic-novalux-1115561
[2026-03-07T15:15:34Z] #262 attempt=1/6 status=200 0.818s url=https://www.myfonts.com/collections/novalux-font-matra-creative/
[2026-03-07T15:15:36Z] #263 attempt=1/6 status=200 1.150s url=https://www.myfonts.com/products/extra-bold-semi-expanded-shiftea-1115498
[2026-03-07T15:15:36Z] #264 attempt=1/6 status=200 0.473s url=https://www.myfonts.com/collections/shiftea-font-matra-creative/
[2026-03-07T15:15:38Z] #265 attempt=1/6 status=200 1.026s url=https://www.myfonts.com/products/extra-bold-condensed-italic-novalux-1115559
[2026-03-07T15:15:39Z] #266 attempt=1/6 status=200 0.661s url=https://www.myfonts.com/collections/novalux-font-matra-creative/
[2026-03-07T15:15:40Z] #267 attempt=1/6 status=200 0.872s url=https://www.myfonts.com/products/black-shiftea-1115482
[2026-03-07T15:15:41Z] #268 attempt=1/6 status=200 0.613s url=https://www.myfonts.com/collections/shiftea-font-matra-creative/
[2026-03-07T15:15:42Z] #269 attempt=1/6 status=200 0.797s url=https://www.myfonts.com/products/semibold-fhagi-1115734
[2026-03-07T15:15:43Z] #270 attempt=1/6 status=200 1.073s url=https://www.myfonts.com/products/medium-sem-exp-italic-novalux-1115607
[2026-03-07T15:15:44Z] #271 attempt=1/6 status=200 0.651s url=https://www.myfonts.com/collections/novalux-font-matra-creative/
[2026-03-07T15:15:45Z] #272 attempt=1/6 status=200 0.756s url=https://www.myfonts.com/products/extrabold-fhagi-1115736
[2026-03-07T15:15:47Z] #273 attempt=1/6 status=200 1.074s url=https://www.myfonts.com/products/extra-bold-shiftea-1115480
[2026-03-07T15:15:48Z] #274 attempt=1/6 status=200 0.601s url=https://www.myfonts.com/collections/shiftea-font-matra-creative/
[2026-03-07T15:15:49Z] #275 attempt=1/6 status=200 1.163s url=https://www.myfonts.com/products/light-italic-novalux-1115585
[2026-03-07T15:15:50Z] #276 attempt=1/6 status=200 0.638s url=https://www.myfonts.com/collections/novalux-font-matra-creative/
[2026-03-07T15:15:51Z] #277 attempt=1/6 status=200 0.788s url=https://www.myfonts.com/products/book-squiggo-1115717
[2026-03-07T15:15:53Z] #278 attempt=1/6 status=200 1.257s url=https://www.myfonts.com/products/extra-bold-italic-shiftea-1115481
[2026-03-07T15:15:54Z] #279 attempt=1/6 status=200 0.705s url=https://www.myfonts.com/collections/shiftea-font-matra-creative/
[2026-03-07T15:15:55Z] #280 attempt=1/6 status=200 1.462s url=https://www.myfonts.com/products/medium-semi-expanded-novalux-1115606
[2026-03-07T15:15:56Z] #281 attempt=1/6 status=200 0.719s url=https://www.myfonts.com/collections/novalux-font-matra-creative/
[2026-03-07T15:15:57Z] #282 attempt=1/6 status=200 0.663s url=https://www.myfonts.com/products/bold-k73-balcher-1115360
[2026-03-07T15:15:58Z] #283 attempt=1/6 status=200 0.576s url=https://www.myfonts.com/collections/k73-balcher-font-k73-type-foundry/
[2026-03-07T15:15:59Z] #284 attempt=1/6 status=200 1.013s url=https://www.myfonts.com/products/medium-condensed-novalux-1115552
[2026-03-07T15:16:00Z] #285 attempt=1/6 status=200 0.612s url=https://www.myfonts.com/collections/novalux-font-matra-creative/
[2026-03-07T15:16:02Z] #286 attempt=1/6 status=200 1.176s url=https://www.myfonts.com/products/black-condensed-shiftea-1115446
[2026-03-07T15:16:03Z] #287 attempt=1/6 status=200 0.563s url=https://www.myfonts.com/collections/shiftea-font-matra-creative/
[2026-03-07T15:16:04Z] #288 attempt=1/6 status=200 0.933s url=https://www.myfonts.com/products/black-semi-condensed-shiftea-1115464
[2026-03-07T15:16:05Z] #289 attempt=1/6 status=200 0.500s url=https://www.myfonts.com/collections/shiftea-font-matra-creative/
[2026-03-07T15:16:06Z] #290 attempt=1/6 status=200 0.611s url=https://www.myfonts.com/products/regular-ethnica-1115700
[2026-03-07T15:16:07Z] #291 attempt=1/6 status=200 1.062s url=https://www.myfonts.com/products/thin-condensed-italic-shiftea-1115431
[2026-03-07T15:16:08Z] #292 attempt=1/6 status=200 0.669s url=https://www.myfonts.com/collections/shiftea-font-matra-creative/
[2026-03-07T15:16:09Z] #293 attempt=1/6 status=200 0.730s url=https://www.myfonts.com/products/regular-rubber-duck-1115680
[2026-03-07T15:16:10Z] #294 attempt=1/6 status=200 0.786s url=https://www.myfonts.com/products/regular-silesianum-1115397
[2026-03-07T15:16:11Z] #295 attempt=1/6 status=200 0.452s url=https://www.myfonts.com/collections/silesianum-font-borutta/
[2026-03-07T15:16:12Z] #296 attempt=1/6 status=200 1.100s url=https://www.myfonts.com/products/black-semi-condensed-novalux-1115578
[2026-03-07T15:16:13Z] #297 attempt=1/6 status=200 0.507s url=https://www.myfonts.com/collections/novalux-font-matra-creative/
[2026-03-07T15:16:14Z] #298 attempt=1/6 status=200 0.778s url=https://www.myfonts.com/products/regular-souta-1115711
[2026-03-07T15:16:15Z] #299 attempt=1/6 status=200 0.632s url=https://www.myfonts.com/products/medium-k73-balcher-1115358
[2026-03-07T15:16:15Z] #300 attempt=1/6 status=200 0.518s url=https://www.myfonts.com/collections/k73-balcher-font-k73-type-foundry/
[2026-03-07T15:16:17Z] #301 attempt=1/6 status=200 1.130s url=https://www.myfonts.com/products/medium-semi-condensed-italic-novalux-1115571
[2026-03-07T15:16:18Z] #302 attempt=1/6 status=200 0.525s url=https://www.myfonts.com/collections/novalux-font-matra-creative/
[2026-03-07T15:16:19Z] #303 attempt=1/6 status=200 0.585s url=https://www.myfonts.com/products/regular-zaiden-1115351
[2026-03-07T15:16:20Z] #304 attempt=1/6 status=200 0.955s url=https://www.myfonts.com/products/extra-bold-extra-exp-italic-novalux-1115649
[2026-03-07T15:16:21Z] #305 attempt=1/6 status=200 0.510s url=https://www.myfonts.com/collections/novalux-font-matra-creative/
[2026-03-07T15:16:22Z] #306 attempt=1/6 status=200 0.944s url=https://www.myfonts.com/products/black-condensed-italic-shiftea-1115447
[2026-03-07T15:16:23Z] #307 attempt=1/6 status=200 0.834s url=https://www.myfonts.com/collections/shiftea-font-matra-creative/
[2026-03-07T15:16:24Z] #308 attempt=1/6 status=200 0.742s url=https://www.myfonts.com/products/regular-pixora-1115316
