=== MyFonts 429 diagnostic start ===
#1 200 1.722s [products_json] https://www.myfonts.com/products.json?limit=250&page=1
#2 200 0.897s [product_page] https://www.myfonts.com/products/italic-proscenium-1118334
#3 200 0.438s [collection_page] https://www.myfonts.com/collections/proscenium-font-wings-art-studio/
#4 200 0.244s [product_page] https://www.myfonts.com/products/roman-variable-jewerly-beyon-1118803
#5 200 0.268s [collection_page] https://www.myfonts.com/collections/jewerly-beyon-font-luhop-creative/
#6 200 0.601s [product_page] https://www.myfonts.com/products/regular-proscenium-1118333
#7 200 0.326s [collection_page] https://www.myfonts.com/collections/proscenium-font-wings-art-studio/
#8 200 0.441s [product_page] https://www.myfonts.com/products/jewerly-beyon-complete-family-package-1118801
#9 200 0.358s [collection_page] https://www.myfonts.com/collections/jewerly-beyon-font-luhop-creative/
#10 200 0.588s [product_page] https://www.myfonts.com/products/mizhon-sans-complete-family-package-1118559
#11 200 0.585s [collection_page] https://www.myfonts.com/collections/mizhon-sans-font-skinny-type/
#12 200 0.854s [product_page] https://www.myfonts.com/products/the-musa-editorial-complete-family-package-1118520
#13 200 0.376s [collection_page] https://www.myfonts.com/collections/the-musa-editorial-font-romie-creative/
#14 200 0.383s [product_page] https://www.myfonts.com/products/quenova-complete-family-package-1117920
#15 200 0.355s [collection_page] https://www.myfonts.com/collections/quenova-font-kaidosan/
#16 200 1.128s [product_page] https://www.myfonts.com/products/semi-expanded-package-1118408
#17 200 0.995s [collection_page] https://www.myfonts.com/collections/bonarchi-font-rastype-studio/
#18 200 0.429s [product_page] https://www.myfonts.com/products/master-righinta-complete-family-package-1118226
#19 200 0.497s [collection_page] https://www.myfonts.com/collections/master-righinta-font-tm-type/
#20 200 0.396s [product_page] https://www.myfonts.com/products/sefalio-complete-family-package-1118116
#21 200 0.457s [collection_page] https://www.myfonts.com/collections/sefalio-font-snapedsgn/
#22 200 0.365s [product_page] https://www.myfonts.com/products/alesteny-pojharu-complete-family-package-1118098
#23 200 0.384s [collection_page] https://www.myfonts.com/collections/alesteny-pojharu-font-stylishtype-studio/
#24 200 0.377s [product_page] https://www.myfonts.com/products/normal-package-1118407
#25 200 0.496s [collection_page] https://www.myfonts.com/collections/bonarchi-font-rastype-studio/
#26 200 0.349s [product_page] https://www.myfonts.com/products/upright-package-1118589
#27 200 0.409s [collection_page] https://www.myfonts.com/collections/mizhon-flare-font-skinny-type/
#28 200 0.426s [product_page] https://www.myfonts.com/products/foliant-serif-complete-family-package-1118592
#29 200 0.385s [collection_page] https://www.myfonts.com/collections/foliant-serif-font-moritz-kleinsorge/
#30 200 0.344s [product_page] https://www.myfonts.com/products/crone-complete-family-package-1118200
#31 200 0.392s [collection_page] https://www.myfonts.com/collections/crone-font-artiveko/
#32 200 0.342s [product_page] https://www.myfonts.com/products/bolera-complete-family-package-1118428
#33 200 0.433s [collection_page] https://www.myfonts.com/collections/bolera-font-piscotype/
#34 200 0.652s [product_page] https://www.myfonts.com/products/west-wasteland-complete-family-package-1118487
#35 200 0.307s [collection_page] https://www.myfonts.com/collections/west-wasteland-font-vyantype-studio/
#36 200 0.350s [product_page] https://www.myfonts.com/products/upright-package-1118573
#37 200 0.468s [collection_page] https://www.myfonts.com/collections/mizhon-sans-font-skinny-type/
#38 200 0.299s [product_page] https://www.myfonts.com/products/wonder-hand-pencil-icons-package-package-1118465
#39 200 0.352s [collection_page] https://www.myfonts.com/collections/wonder-hand-pencil-font-typographicdesign/
#40 200 0.359s [product_page] https://www.myfonts.com/products/space-town-complete-family-package-1117876
#41 200 0.403s [collection_page] https://www.myfonts.com/collections/space-town-font-bale-type/
#42 200 0.549s [product_page] https://www.myfonts.com/products/slanted-package-1118574
#43 200 0.332s [collection_page] https://www.myfonts.com/collections/mizhon-sans-font-skinny-type/
#44 200 0.287s [product_page] https://www.myfonts.com/products/monobran-complete-family-package-1118120
#45 200 0.330s [collection_page] https://www.myfonts.com/collections/monobran-font-snapedsgn/
#46 200 0.579s [product_page] https://www.myfonts.com/products/khaos-complete-family-package-1118472
#47 200 0.389s [collection_page] https://www.myfonts.com/collections/khaos-font-fontbilisi/
#48 200 0.418s [product_page] https://www.myfonts.com/products/delice-pro-complete-family-package-1118126
#49 200 0.415s [collection_page] https://www.myfonts.com/collections/delice-pro-font-typostudio-pro/
#50 200 0.427s [product_page] https://www.myfonts.com/products/expanded-package-1118409
#51 200 0.667s [collection_page] https://www.myfonts.com/collections/bonarchi-font-rastype-studio/
#52 200 0.401s [product_page] https://www.myfonts.com/products/westkind-complete-family-package-1118788
#53 200 0.423s [collection_page] https://www.myfonts.com/collections/westkind-font-timelesstype-studio/
#54 200 0.727s [product_page] https://www.myfonts.com/products/tbj-margin-condensed-complete-family-package-1117893
#55 200 0.470s [collection_page] https://www.myfonts.com/collections/tbj-margin-condensed-font-taboja-studio/
#56 200 0.396s [product_page] https://www.myfonts.com/products/ariex-nue-complete-family-package-1118203
#57 200 0.374s [collection_page] https://www.myfonts.com/collections/ariex-nue-font-webhance/
#58 200 0.629s [product_page] https://www.myfonts.com/products/evahgelina-complete-family-package-1118497
#59 200 0.673s [collection_page] https://www.myfonts.com/collections/evahgelina-font-made-deduk/
#60 200 0.512s [product_page] https://www.myfonts.com/products/special-package-1118849
#61 200 0.599s [collection_page] https://www.myfonts.com/collections/jewerly-beyon-font-luhop-creative/
#62 200 0.519s [product_page] https://www.myfonts.com/products/trup-and-tomp-complete-family-package-1117890
#63 200 0.578s [collection_page] https://www.myfonts.com/collections/trup-and-tomp-font-angga-mahardika/
#64 200 0.337s [product_page] https://www.myfonts.com/products/mc-segalecy-complete-family-package-1118506
#65 200 1.196s [collection_page] https://www.myfonts.com/collections/mc-segalecy-font-maulana-creative/
#66 200 0.572s [product_page] https://www.myfonts.com/products/extended-package-1118331
#67 200 0.620s [collection_page] https://www.myfonts.com/collections/flova-font-slex-studio/
#68 200 1.100s [product_page] https://www.myfonts.com/products/blomby-reg-pack-package-1118471
#69 200 0.804s [collection_page] https://www.myfonts.com/collections/blomby-font-tegaki/
#70 200 0.524s [product_page] https://www.myfonts.com/products/gumybops-complete-family-package-1118110
#71 200 0.612s [collection_page] https://www.myfonts.com/collections/gumybops-font-snapedsgn/
#72 200 0.469s [product_page] https://www.myfonts.com/products/rustvale-complete-family-package-1118101
#73 200 0.416s [collection_page] https://www.myfonts.com/collections/rustvale-font-letterhend/
#74 200 0.411s [product_page] https://www.myfonts.com/products/aseno-modern-complete-family-package-1117916
#75 200 0.379s [collection_page] https://www.myfonts.com/collections/aseno-modern-font-nirmana-visual/
#76 200 0.577s [product_page] https://www.myfonts.com/products/mojian-complete-family-package-1118131
#77 200 0.425s [collection_page] https://www.myfonts.com/collections/mojian-font-wildan-carfont/
#78 200 0.567s [product_page] https://www.myfonts.com/products/reyda-complete-family-package-1117907
#79 200 0.371s [collection_page] https://www.myfonts.com/collections/reyda-font-ragamkata/
#80 200 0.697s [product_page] https://www.myfonts.com/products/rucent-complete-family-package-1118079
#81 200 0.324s [collection_page] https://www.myfonts.com/collections/rucent-font-vermilione/
#82 200 0.319s [product_page] https://www.myfonts.com/products/brokewall-complete-family-package-1117850
#83 200 0.450s [collection_page] https://www.myfonts.com/collections/brokewall-font-valorix-studio/
#84 200 0.386s [product_page] https://www.myfonts.com/products/flova-complete-family-package-1118233
#85 200 0.496s [collection_page] https://www.myfonts.com/collections/flova-font-slex-studio/
#86 200 0.712s [product_page] https://www.myfonts.com/products/fox-nibble-complete-family-package-1118418
#87 200 0.561s [collection_page] https://www.myfonts.com/collections/fox-nibble-font-fox7/
#88 200 0.607s [product_page] https://www.myfonts.com/products/upright-package-1118696
#89 200 0.381s [collection_page] https://www.myfonts.com/collections/mizhon-serif-font-skinny-type/
#90 200 0.297s [product_page] https://www.myfonts.com/products/harney-complete-family-package-1118105
#91 200 0.300s [collection_page] https://www.myfonts.com/collections/harney-font-letterhend/
#92 200 0.354s [product_page] https://www.myfonts.com/products/hard-package-1118416
#93 200 0.413s [collection_page] https://www.myfonts.com/collections/readant-font-rastype-studio/
#94 200 0.336s [product_page] https://www.myfonts.com/products/blime-blackletter-complete-family-package-1118501
#95 200 0.305s [collection_page] https://www.myfonts.com/collections/blime-blackletter-font-nirmana-visual/
#96 200 0.561s [product_page] https://www.myfonts.com/products/freedom-paradise-complete-family-package-1118234
#97 200 0.517s [collection_page] https://www.myfonts.com/collections/freedom-paradise-font-stylishtype-studio/
#98 200 0.251s [product_page] https://www.myfonts.com/products/designer-edition-package-1117903
#99 200 0.301s [collection_page] https://www.myfonts.com/collections/tbj-margin-condensed-font-taboja-studio/
#100 200 0.779s [product_page] https://www.myfonts.com/products/mizhon-serif-complete-family-package-1118660
#101 200 0.340s [collection_page] https://www.myfonts.com/collections/mizhon-serif-font-skinny-type/
#102 200 0.420s [product_page] https://www.myfonts.com/products/rusty-court-complete-family-package-1117950
#103 200 0.345s [collection_page] https://www.myfonts.com/collections/rusty-court-font-letterhend/
#104 200 0.363s [product_page] https://www.myfonts.com/products/nailong-lifemore-complete-family-package-1118542
#105 200 0.359s [collection_page] https://www.myfonts.com/collections/nailong-lifemore-font-anaya-studio/
#106 200 0.359s [product_page] https://www.myfonts.com/products/khaos-thin-package-1118482
#107 200 0.540s [collection_page] https://www.myfonts.com/collections/khaos-font-fontbilisi/
#108 200 0.333s [product_page] https://www.myfonts.com/products/monarch-heritage-complete-family-package-1118222
#109 200 0.604s [collection_page] https://www.myfonts.com/collections/monarch-heritage-font-typoraith-co/
#110 200 0.826s [product_page] https://www.myfonts.com/products/shansio-complete-family-package-1117857
#111 200 0.374s [collection_page] https://www.myfonts.com/collections/shansio-font-graphicxell/
#112 200 0.655s [product_page] https://www.myfonts.com/products/restless-dynasty-complete-family-package-1117853
#113 200 0.346s [collection_page] https://www.myfonts.com/collections/restless-dynasty-font-naufal-paramata/
#114 200 0.469s [product_page] https://www.myfonts.com/products/it-malstryne-complete-family-package-1118076
#115 200 0.318s [collection_page] https://www.myfonts.com/collections/it-malstryne-font-creatifont-studio/
#116 200 0.336s [product_page] https://www.myfonts.com/products/felvice-complete-family-package-1118134
#117 200 0.542s [collection_page] https://www.myfonts.com/collections/felvice-font-snapedsgn/
#118 200 0.322s [product_page] https://www.myfonts.com/products/proscenium-complete-family-package-1118332
#119 200 0.383s [collection_page] https://www.myfonts.com/collections/proscenium-font-wings-art-studio/
#120 200 0.317s [product_page] https://www.myfonts.com/products/gl-parla-complete-family-package-1118398
#121 200 0.577s [collection_page] https://www.myfonts.com/collections/gl-parla-font-fontbilisi/
#122 200 0.365s [product_page] https://www.myfonts.com/products/compressed-style-package-1118327
#123 200 0.482s [collection_page] https://www.myfonts.com/collections/flova-font-slex-studio/
#124 200 0.641s [product_page] https://www.myfonts.com/products/scramble-complete-family-package-1117879
#125 200 0.419s [collection_page] https://www.myfonts.com/collections/scramble-font-agny-hasya-studio/
#126 200 0.448s [product_page] https://www.myfonts.com/products/readant-complete-family-package-1118410
#127 200 0.675s [collection_page] https://www.myfonts.com/collections/readant-font-rastype-studio/
#128 200 0.378s [product_page] https://www.myfonts.com/products/starter-pack-package-1118383
#129 200 0.518s [collection_page] https://www.myfonts.com/collections/gothig-round-font-studio-jaso/
#130 200 0.311s [product_page] https://www.myfonts.com/products/expanded-package-1118330
#131 200 0.286s [collection_page] https://www.myfonts.com/collections/flova-font-slex-studio/
#132 200 0.484s [product_page] https://www.myfonts.com/products/condensed-package-1118405
#133 200 0.440s [collection_page] https://www.myfonts.com/collections/bonarchi-font-rastype-studio/
#134 200 0.530s [product_page] https://www.myfonts.com/products/semi-condensed-package-1118406
#135 200 0.666s [collection_page] https://www.myfonts.com/collections/bonarchi-font-rastype-studio/
#136 200 0.338s [product_page] https://www.myfonts.com/products/noverion-slab-complete-family-package-1118137
#137 200 0.344s [collection_page] https://www.myfonts.com/collections/noverion-slab-font-typehill-studio/
#138 200 0.537s [product_page] https://www.myfonts.com/products/foermality-sans-variable-complete-family-package-1118490
#139 200 0.408s [collection_page] https://www.myfonts.com/collections/foermality-sans-variable-font-laroyba-type/
#140 200 0.330s [product_page] https://www.myfonts.com/products/gothig-round-complete-family-package-1118379
#141 200 0.385s [collection_page] https://www.myfonts.com/collections/gothig-round-font-studio-jaso/
#142 200 0.363s [product_page] https://www.myfonts.com/products/wonder-hand-pencil-complete-family-package-1118454
#143 200 0.370s [collection_page] https://www.myfonts.com/collections/wonder-hand-pencil-font-typographicdesign/
#144 200 0.743s [product_page] https://www.myfonts.com/products/gl-parla-m-regular-and-italic-package-1118404
#145 200 0.311s [collection_page] https://www.myfonts.com/collections/gl-parla-font-fontbilisi/
#146 200 0.527s [product_page] https://www.myfonts.com/products/gl-parla-l-bold-and-italic-package-1118403
#147 200 0.708s [collection_page] https://www.myfonts.com/collections/gl-parla-font-fontbilisi/
#148 200 0.915s [product_page] https://www.myfonts.com/products/bozeek-istory-complete-family-package-1117913
#149 200 0.705s [collection_page] https://www.myfonts.com/collections/bozeek-istory-font-stylishtype-studio/
#150 200 0.520s [product_page] https://www.myfonts.com/products/calavera-complete-family-package-1118786
#151 200 0.859s [product_page] https://www.myfonts.com/products/slanted-package-1118701
#152 200 0.604s [collection_page] https://www.myfonts.com/collections/mizhon-serif-font-skinny-type/
#153 200 0.478s [product_page] https://www.myfonts.com/products/pace-form-complete-family-package-1118194
#154 200 0.576s [collection_page] https://www.myfonts.com/collections/pace-form-font-initiatype/
#155 200 0.664s [product_page] https://www.myfonts.com/products/stone-capital-complete-family-package-1118553
#156 200 1.702s [collection_page] https://www.myfonts.com/collections/stone-capital-font-lemonthe/
#157 200 0.545s [product_page] https://www.myfonts.com/products/hidden-route-complete-family-package-1118123
#158 200 0.588s [collection_page] https://www.myfonts.com/collections/hidden-route-font-letterhend/
#159 200 0.463s [product_page] https://www.myfonts.com/products/nudity-pb-complete-family-package-1118850
#160 200 0.619s [collection_page] https://www.myfonts.com/collections/nudity-pb-font-pink-broccoli/
#161 200 0.440s [product_page] https://www.myfonts.com/products/slanted-package-1118590
#162 200 0.427s [collection_page] https://www.myfonts.com/collections/mizhon-flare-font-skinny-type/
#163 200 0.530s [product_page] https://www.myfonts.com/products/meat-glone-complete-family-package-1118798
#164 200 0.407s [collection_page] https://www.myfonts.com/collections/meat-glone-font-pandeka-studio/
#165 200 1.383s [product_page] https://www.myfonts.com/products/anglica-complete-family-package-1118591
#166 200 0.610s [collection_page] https://www.myfonts.com/collections/anglica-font-pista-mova/
#167 200 0.818s [product_page] https://www.myfonts.com/products/mizhon-flare-complete-family-package-1118575
#168 200 0.442s [collection_page] https://www.myfonts.com/collections/mizhon-flare-font-skinny-type/
#169 200 0.637s [product_page] https://www.myfonts.com/products/bencord-complete-family-package-1117904
#170 200 0.384s [collection_page] https://www.myfonts.com/collections/bencord-font-graphicfresh/
#171 200 0.676s [product_page] https://www.myfonts.com/products/business-serif-complete-family-package-1118509
#172 200 0.457s [collection_page] https://www.myfonts.com/collections/business-serif-font-pizzatypefaces/
#173 200 0.550s [product_page] https://www.myfonts.com/products/khaos-bold-package-1118484
#174 200 0.396s [collection_page] https://www.myfonts.com/collections/khaos-font-fontbilisi/
#175 200 0.564s [product_page] https://www.myfonts.com/products/blomby-complete-family-package-1118466
#176 200 0.373s [collection_page] https://www.myfonts.com/collections/blomby-font-tegaki/
#177 200 1.602s [product_page] https://www.myfonts.com/products/soft-package-1118417
#178 200 0.441s [collection_page] https://www.myfonts.com/collections/readant-font-rastype-studio/
#179 200 0.357s [product_page] https://www.myfonts.com/products/autheka-complete-family-package-1118529
#180 200 0.380s [collection_page] https://www.myfonts.com/collections/autheka-font-shapespired-design/
#181 200 0.443s [product_page] https://www.myfonts.com/products/scarletis-complete-family-package-1118493
#182 200 0.603s [collection_page] https://www.myfonts.com/collections/scarletis-font-stylishtype-studio/
#183 200 0.358s [product_page] https://www.myfonts.com/products/coulder-complete-family-package-1118783
#184 200 0.817s [collection_page] https://www.myfonts.com/collections/coulder-font-artiveko/
#185 200 0.612s [product_page] https://www.myfonts.com/products/khaos-regular-package-1118483
#186 200 0.309s [collection_page] https://www.myfonts.com/collections/khaos-font-fontbilisi/
#187 200 0.299s [product_page] https://www.myfonts.com/products/wonder-hand-pencil-basic-package-package-1118464
#188 200 0.298s [collection_page] https://www.myfonts.com/collections/wonder-hand-pencil-font-typographicdesign/
#189 200 1.410s [product_page] https://www.myfonts.com/products/condensed-style-package-1118328
#190 200 0.361s [collection_page] https://www.myfonts.com/collections/flova-font-slex-studio/
#191 200 0.286s [product_page] https://www.myfonts.com/products/normal-style-package-1118329
#192 200 0.302s [collection_page] https://www.myfonts.com/collections/flova-font-slex-studio/
#193 200 0.508s [product_page] https://www.myfonts.com/products/regular-hardshock-1118049
#194 200 0.468s [collection_page] https://www.myfonts.com/collections/hardshock-font-subectype/
#195 200 0.268s [product_page] https://www.myfonts.com/products/thin-slanted-expanded-noverion-slab-1118177
#196 200 0.275s [collection_page] https://www.myfonts.com/collections/noverion-slab-font-typehill-studio/
#197 200 0.347s [product_page] https://www.myfonts.com/products/extra-condensed-quenova-1117943
#198 200 0.258s [collection_page] https://www.myfonts.com/collections/quenova-font-kaidosan/
#199 200 0.821s [product_page] https://www.myfonts.com/products/regular-noverion-slab-1118164
#200 200 0.336s [collection_page] https://www.myfonts.com/collections/noverion-slab-font-typehill-studio/
#201 200 1.452s [product_page] https://www.myfonts.com/products/extra-expanded-quenova-1118047
#202 200 3.247s [collection_page] https://www.myfonts.com/collections/quenova-font-kaidosan/
#203 200 1.894s [product_page] https://www.myfonts.com/products/regular-wonder-hand-pencil-1118462
#204 200 1.087s [collection_page] https://www.myfonts.com/collections/wonder-hand-pencil-font-typographicdesign/
#205 200 0.950s [product_page] https://www.myfonts.com/products/italic-reyda-1117909
#206 200 0.678s [collection_page] https://www.myfonts.com/collections/reyda-font-ragamkata/
#207 200 0.557s [product_page] https://www.myfonts.com/products/light-slanted-noverion-slab-1118163
#208 200 0.854s [collection_page] https://www.myfonts.com/collections/noverion-slab-font-typehill-studio/
#209 200 1.396s [product_page] https://www.myfonts.com/products/semi-expanded-italic-quenova-1118013
#210 200 0.503s [collection_page] https://www.myfonts.com/collections/quenova-font-kaidosan/
#211 200 0.658s [product_page] https://www.myfonts.com/products/extra-bold-bolera-1118445
#212 200 0.580s [collection_page] https://www.myfonts.com/collections/bolera-font-piscotype/
#213 200 0.828s [product_page] https://www.myfonts.com/products/roman-semi-expanded-jewerly-beyon-1118834
#214 200 0.606s [collection_page] https://www.myfonts.com/collections/jewerly-beyon-font-luhop-creative/
#215 200 0.421s [product_page] https://www.myfonts.com/products/semi-bold-semi-expanded-jewerly-beyon-1118836
#216 200 0.492s [collection_page] https://www.myfonts.com/collections/jewerly-beyon-font-luhop-creative/
#217 200 1.003s [product_page] https://www.myfonts.com/products/light-semi-expanded-jewerly-beyon-1118833
#218 200 0.495s [collection_page] https://www.myfonts.com/collections/jewerly-beyon-font-luhop-creative/
#219 200 0.823s [product_page] https://www.myfonts.com/products/roman-semi-condensed-jewerly-beyon-1118816
#220 200 0.547s [collection_page] https://www.myfonts.com/collections/jewerly-beyon-font-luhop-creative/
#221 200 0.574s [product_page] https://www.myfonts.com/products/script-regular-rustvale-1118104
#222 200 0.440s [collection_page] https://www.myfonts.com/collections/rustvale-font-letterhend/
#223 200 0.692s [product_page] https://www.myfonts.com/products/tbj-margin-condensed-semi-bold-tbj-margin-condensed-1117900
#224 200 0.512s [collection_page] https://www.myfonts.com/collections/tbj-margin-condensed-font-taboja-studio/
#225 200 0.493s [product_page] https://www.myfonts.com/products/four-calavera-1118793
#226 200 0.362s [collection_page] https://www.myfonts.com/collections/calavera-font-cocijotype/
#227 200 0.379s [product_page] https://www.myfonts.com/products/thin-quenova-1117990
#228 200 0.376s [collection_page] https://www.myfonts.com/collections/quenova-font-kaidosan/
#229 200 0.474s [product_page] https://www.myfonts.com/products/ultra-expa-slant-anglica-1118752
#230 200 0.359s [collection_page] https://www.myfonts.com/collections/anglica-font-pista-mova/
#231 200 1.381s [product_page] https://www.myfonts.com/products/extra-bold-semi-condensed-anglica-1118735
#232 200 0.395s [collection_page] https://www.myfonts.com/collections/anglica-font-pista-mova/
#233 200 1.037s [product_page] https://www.myfonts.com/products/variable-quenova-1117923
#234 200 1.792s [collection_page] https://www.myfonts.com/collections/quenova-font-kaidosan/
#235 200 0.385s [product_page] https://www.myfonts.com/products/extra-bold-extra-condensed-anglica-1118734
#236 200 0.395s [collection_page] https://www.myfonts.com/collections/anglica-font-pista-mova/
#237 200 1.031s [product_page] https://www.myfonts.com/products/extra-light-semi-condensed-jewerly-beyon-1118814
#238 200 0.709s [collection_page] https://www.myfonts.com/collections/jewerly-beyon-font-luhop-creative/
#239 200 0.986s [product_page] https://www.myfonts.com/products/semi-bold-jewerly-beyon-1118827
#240 200 1.198s [collection_page] https://www.myfonts.com/collections/jewerly-beyon-font-luhop-creative/
#241 200 0.604s [product_page] https://www.myfonts.com/products/light-extra-expa-slant-anglica-1118751
#242 200 0.497s [collection_page] https://www.myfonts.com/collections/anglica-font-pista-mova/
#243 200 1.249s [product_page] https://www.myfonts.com/products/thin-semi-expanded-quenova-1118007
#244 200 0.456s [collection_page] https://www.myfonts.com/collections/quenova-font-kaidosan/
#245 200 0.845s [product_page] https://www.myfonts.com/products/medium-italic-shansio-1117867
#246 200 0.539s [collection_page] https://www.myfonts.com/collections/shansio-font-graphicxell/
#247 200 1.278s [product_page] https://www.myfonts.com/products/semi-bold-semi-condensed-anglica-1118717
#248 200 0.470s [collection_page] https://www.myfonts.com/collections/anglica-font-pista-mova/
#249 200 0.977s [product_page] https://www.myfonts.com/products/regular-restless-dynasty-1117854
#250 200 1.139s [collection_page] https://www.myfonts.com/collections/restless-dynasty-font-naufal-paramata/
#251 200 1.428s [product_page] https://www.myfonts.com/products/thin-semi-condensed-quenova-1117974
#252 200 0.767s [collection_page] https://www.myfonts.com/collections/quenova-font-kaidosan/
#253 200 0.626s [product_page] https://www.myfonts.com/products/light-ultra-expa-slant-anglica-1118750
#254 200 0.447s [collection_page] https://www.myfonts.com/collections/anglica-font-pista-mova/
#255 200 1.662s [product_page] https://www.myfonts.com/products/light-semi-condensed-anglica-1118682
#256 200 0.479s [collection_page] https://www.myfonts.com/collections/anglica-font-pista-mova/
#257 200 0.535s [product_page] https://www.myfonts.com/products/expanded-slant-anglica-1118771
#258 200 0.784s [collection_page] https://www.myfonts.com/collections/anglica-font-pista-mova/
#259 200 1.247s [product_page] https://www.myfonts.com/products/black-extra-expa-slant-anglica-1118762
#260 200 0.560s [collection_page] https://www.myfonts.com/collections/anglica-font-pista-mova/
#261 200 1.235s [product_page] https://www.myfonts.com/products/thin-slant-anglica-1118664
#262 200 0.391s [collection_page] https://www.myfonts.com/collections/anglica-font-pista-mova/
#263 200 1.015s [product_page] https://www.myfonts.com/products/extra-light-flova-1118275
#264 200 0.552s [collection_page] https://www.myfonts.com/collections/flova-font-slex-studio/
#265 200 2.278s [product_page] https://www.myfonts.com/products/semi-bold-quenova-1118000
#266 200 0.362s [collection_page] https://www.myfonts.com/collections/quenova-font-kaidosan/
#267 200 1.320s [product_page] https://www.myfonts.com/products/thin-semi-expa-slant-anglica-1118663
#268 200 0.383s [collection_page] https://www.myfonts.com/collections/anglica-font-pista-mova/
#269 200 0.437s [product_page] https://www.myfonts.com/products/extra-bold-slant-anglica-1118737
#270 200 0.416s [collection_page] https://www.myfonts.com/collections/anglica-font-pista-mova/
#271 200 0.782s [product_page] https://www.myfonts.com/products/italic-shansio-1117865
#272 200 0.385s [collection_page] https://www.myfonts.com/collections/shansio-font-graphicxell/
#273 200 1.400s [product_page] https://www.myfonts.com/products/semi-bold-ultra-expa-anglica-1118715
#274 200 0.388s [collection_page] https://www.myfonts.com/collections/anglica-font-pista-mova/
#275 200 0.370s [product_page] https://www.myfonts.com/products/ultra-condensed-anglica-1118645
#276 200 0.393s [collection_page] https://www.myfonts.com/collections/anglica-font-pista-mova/
#277 200 0.974s [product_page] https://www.myfonts.com/products/extra-bold-extended-italic-flova-1118322
#278 200 0.432s [collection_page] https://www.myfonts.com/collections/flova-font-slex-studio/
#279 200 1.273s [product_page] https://www.myfonts.com/products/light-condensed-anglica-1118612
#280 200 0.377s [collection_page] https://www.myfonts.com/collections/anglica-font-pista-mova/
#281 200 1.138s [product_page] https://www.myfonts.com/products/bold-ultra-expanded-italic-quenova-1118071
#282 200 0.321s [collection_page] https://www.myfonts.com/collections/quenova-font-kaidosan/
#283 200 0.317s [product_page] https://www.myfonts.com/products/medium-condensed-italic-quenova-1117965
#284 200 0.314s [collection_page] https://www.myfonts.com/collections/quenova-font-kaidosan/
#285 200 0.327s [product_page] https://www.myfonts.com/products/thin-shansio-1117858
#286 200 0.343s [collection_page] https://www.myfonts.com/collections/shansio-font-graphicxell/
#287 200 1.026s [product_page] https://www.myfonts.com/products/bold-slant-anglica-1118728
#288 200 0.294s [collection_page] https://www.myfonts.com/collections/anglica-font-pista-mova/
#289 200 0.324s [product_page] https://www.myfonts.com/products/regular-anglica-1118700
#290 200 0.362s [collection_page] https://www.myfonts.com/collections/anglica-font-pista-mova/
#291 200 0.356s [product_page] https://www.myfonts.com/products/thin-jewerly-beyon-1118822
#292 200 0.570s [collection_page] https://www.myfonts.com/collections/jewerly-beyon-font-luhop-creative/
#293 200 1.067s [product_page] https://www.myfonts.com/products/bold-extended-flova-1118315
#294 200 0.437s [collection_page] https://www.myfonts.com/collections/flova-font-slex-studio/
#295 200 1.005s [product_page] https://www.myfonts.com/products/thin-flova-1118273
#296 200 0.436s [collection_page] https://www.myfonts.com/collections/flova-font-slex-studio/
#297 200 0.505s [product_page] https://www.myfonts.com/products/black-ultra-condensed-quenova-1117937
#298 200 0.469s [collection_page] https://www.myfonts.com/collections/quenova-font-kaidosan/
#299 200 0.651s [product_page] https://www.myfonts.com/products/bold-mizhon-flare-1118583
#300 200 0.349s [collection_page] https://www.myfonts.com/collections/mizhon-flare-font-skinny-type/
#301 200 1.281s [product_page] https://www.myfonts.com/products/semi-bold-ultra-expanded-quenova-1118068
#302 200 0.291s [collection_page] https://www.myfonts.com/collections/quenova-font-kaidosan/
#303 200 0.602s [product_page] https://www.myfonts.com/products/extra-condensed-anglica-1118703
#304 200 0.366s [collection_page] https://www.myfonts.com/collections/anglica-font-pista-mova/
#305 200 1.038s [product_page] https://www.myfonts.com/products/light-ultra-condensed-italic-quenova-1117928
#306 200 0.321s [collection_page] https://www.myfonts.com/collections/quenova-font-kaidosan/
#307 200 0.683s [product_page] https://www.myfonts.com/products/extra-bold-semi-condensed-jewerly-beyon-1118820
#308 200 0.342s [collection_page] https://www.myfonts.com/collections/jewerly-beyon-font-luhop-creative/
#309 200 1.099s [product_page] https://www.myfonts.com/products/bold-extra-expanded-quenova-1118054
#310 200 0.396s [collection_page] https://www.myfonts.com/collections/quenova-font-kaidosan/
#311 200 0.914s [product_page] https://www.myfonts.com/products/extra-light-expanded-italic-flova-1118297
#312 200 0.374s [collection_page] https://www.myfonts.com/collections/flova-font-slex-studio/
#313 200 0.361s [product_page] https://www.myfonts.com/products/ultra-expa-anglica-1118699
#314 200 0.391s [collection_page] https://www.myfonts.com/collections/anglica-font-pista-mova/
#315 200 1.156s [product_page] https://www.myfonts.com/products/semi-condensed-anglica-1118697
#316 200 0.391s [collection_page] https://www.myfonts.com/collections/anglica-font-pista-mova/
#317 200 0.736s [product_page] https://www.myfonts.com/products/slanted-mizhon-flare-1118580
#318 200 0.292s [collection_page] https://www.myfonts.com/collections/mizhon-flare-font-skinny-type/
#319 200 0.296s [product_page] https://www.myfonts.com/products/semi-bold-condensed-italic-flova-1118266
#320 200 0.682s [collection_page] https://www.myfonts.com/collections/flova-font-slex-studio/
#321 200 1.117s [product_page] https://www.myfonts.com/products/black-condensed-italic-flova-1118272
#322 200 0.395s [collection_page] https://www.myfonts.com/collections/flova-font-slex-studio/
#323 200 0.594s [product_page] https://www.myfonts.com/products/medium-shansio-1117866
#324 200 0.293s [collection_page] https://www.myfonts.com/collections/shansio-font-graphicxell/
#325 200 0.792s [product_page] https://www.myfonts.com/products/extended-italic-flova-1118306
#326 200 0.397s [collection_page] https://www.myfonts.com/collections/flova-font-slex-studio/
#327 200 0.812s [product_page] https://www.myfonts.com/products/thin-semi-condensed-jewerly-beyon-1118813
#328 200 0.594s [collection_page] https://www.myfonts.com/collections/jewerly-beyon-font-luhop-creative/
#329 200 0.969s [product_page] https://www.myfonts.com/products/thin-extra-expa-anglica-1118662
#330 200 0.406s [collection_page] https://www.myfonts.com/collections/anglica-font-pista-mova/
#331 200 0.344s [product_page] https://www.myfonts.com/products/ultra-expanded-the-musa-editorial-1118540
#332 200 0.628s [collection_page] https://www.myfonts.com/collections/the-musa-editorial-font-romie-creative/
#333 200 0.954s [product_page] https://www.myfonts.com/products/extra-light-compressed-flova-1118239
#334 200 0.511s [collection_page] https://www.myfonts.com/collections/flova-font-slex-studio/
#335 200 0.810s [product_page] https://www.myfonts.com/products/regular-mizhon-flare-1118579
#336 200 0.318s [collection_page] https://www.myfonts.com/collections/mizhon-flare-font-skinny-type/
#337 200 0.620s [product_page] https://www.myfonts.com/products/heavy-mizhon-serif-1118692
#338 200 0.376s [collection_page] https://www.myfonts.com/collections/mizhon-serif-font-skinny-type/
#339 200 0.379s [product_page] https://www.myfonts.com/products/variable-regular-bolera-1118429
#340 200 0.426s [collection_page] https://www.myfonts.com/collections/bolera-font-piscotype/
#341 200 1.112s [product_page] https://www.myfonts.com/products/extra-bold-semi-expanded-italic-quenova-1118021
#342 200 0.369s [collection_page] https://www.myfonts.com/collections/quenova-font-kaidosan/
#343 200 0.503s [product_page] https://www.myfonts.com/products/regular-meltaface-1118425
#344 200 0.465s [collection_page] https://www.myfonts.com/collections/meltaface-font-stacy-rodrigos/
#345 200 0.284s [product_page] https://www.myfonts.com/products/black-extra-condensed-quenova-1117953
#346 200 0.294s [collection_page] https://www.myfonts.com/collections/quenova-font-kaidosan/
#347 200 0.323s [product_page] https://www.myfonts.com/products/flaca-calavera-1118795
#348 200 0.373s [collection_page] https://www.myfonts.com/collections/calavera-font-cocijotype/
#349 200 0.559s [product_page] https://www.myfonts.com/products/regular-miroter-1117856
#350 200 0.293s [collection_page] https://www.myfonts.com/collections/miroter-font-bayuktx/
#351 200 0.380s [product_page] https://www.myfonts.com/products/fina-calavera-1118796
#352 200 0.303s [collection_page] https://www.myfonts.com/collections/calavera-font-cocijotype/
#353 200 0.955s [product_page] https://www.myfonts.com/products/extra-light-condensed-italic-flova-1118258
#354 200 0.386s [collection_page] https://www.myfonts.com/collections/flova-font-slex-studio/
#355 200 0.580s [product_page] https://www.myfonts.com/products/light-mizhon-serif-1118671
#356 200 0.400s [collection_page] https://www.myfonts.com/collections/mizhon-serif-font-skinny-type/
#357 200 0.969s [product_page] https://www.myfonts.com/products/light-extended-flova-1118299
#358 200 0.887s [collection_page] https://www.myfonts.com/collections/flova-font-slex-studio/
#359 200 0.691s [product_page] https://www.myfonts.com/products/extra-bold-semi-expanded-jewerly-beyon-1118838
#360 200 0.382s [collection_page] https://www.myfonts.com/collections/jewerly-beyon-font-luhop-creative/
#361 200 0.278s [product_page] https://www.myfonts.com/products/medium-ultra-condensed-anglica-1118647
#362 200 0.458s [collection_page] https://www.myfonts.com/collections/anglica-font-pista-mova/
#363 200 0.288s [product_page] https://www.myfonts.com/products/black-expanded-anglica-1118780
#364 200 0.326s [collection_page] https://www.myfonts.com/collections/anglica-font-pista-mova/
#365 200 0.979s [product_page] https://www.myfonts.com/products/semi-bold-semi-expanded-italic-quenova-1118017
#366 200 0.302s [collection_page] https://www.myfonts.com/collections/quenova-font-kaidosan/
#367 200 0.355s [product_page] https://www.myfonts.com/products/tbj-margin-condensed-extra-light-tbj-margin-condensed-1117895
#368 200 0.388s [collection_page] https://www.myfonts.com/collections/tbj-margin-condensed-font-taboja-studio/
#369 200 0.412s [product_page] https://www.myfonts.com/products/regular-lulane-1118505
#370 200 0.584s [collection_page] https://www.myfonts.com/collections/lulane-font-rasio-studio/
#371 200 0.354s [product_page] https://www.myfonts.com/products/regular-sahuraya-1117731
#372 200 0.488s [collection_page] https://www.myfonts.com/collections/sahuraya-font-letterhend/
#373 200 0.354s [product_page] https://www.myfonts.com/products/semi-condensed-slant-anglica-1118646
#374 200 0.409s [collection_page] https://www.myfonts.com/collections/anglica-font-pista-mova/
#375 200 0.680s [product_page] https://www.myfonts.com/products/light-slanted-mizhon-sans-1118562
#376 200 0.358s [collection_page] https://www.myfonts.com/collections/mizhon-sans-font-skinny-type/
#377 200 1.154s [product_page] https://www.myfonts.com/products/expanded-anglica-1118770
#378 200 0.317s [collection_page] https://www.myfonts.com/collections/anglica-font-pista-mova/
#379 200 0.937s [product_page] https://www.myfonts.com/products/semi-bold-compressed-flova-1118247
#380 200 0.399s [collection_page] https://www.myfonts.com/collections/flova-font-slex-studio/
#381 200 1.330s [product_page] https://www.myfonts.com/products/semi-bold-semi-condensed-oblique-readant-1118413
#382 200 0.415s [collection_page] https://www.myfonts.com/collections/readant-font-rastype-studio/
#383 200 0.588s [product_page] https://www.myfonts.com/products/bold-italic-foliant-serif-1118602
#384 200 0.533s [collection_page] https://www.myfonts.com/collections/foliant-serif-font-moritz-kleinsorge/
#385 200 2.155s [product_page] https://www.myfonts.com/products/thin-expanded-flova-1118292
#386 200 0.259s [collection_page] https://www.myfonts.com/collections/flova-font-slex-studio/
#387 200 0.812s [product_page] https://www.myfonts.com/products/outline-italic-regular-master-righinta-1118232
#388 200 4.035s [collection_page] https://www.myfonts.com/collections/master-righinta-font-tm-type/
#389 200 1.631s [product_page] https://www.myfonts.com/products/regular-shansio-1117864
#390 200 1.122s [collection_page] https://www.myfonts.com/collections/shansio-font-graphicxell/
#391 200 0.839s [product_page] https://www.myfonts.com/products/extra-light-semi-expa-anglica-1118666
#392 200 0.606s [collection_page] https://www.myfonts.com/collections/anglica-font-pista-mova/
#393 200 1.375s [product_page] https://www.myfonts.com/products/black-extended-italic-flova-1118325
#394 200 0.727s [collection_page] https://www.myfonts.com/collections/flova-font-slex-studio/
#395 200 0.674s [product_page] https://www.myfonts.com/products/regular-mafingo-1118504
#396 200 0.590s [collection_page] https://www.myfonts.com/collections/mafingo-font-evertive/
#397 200 1.184s [product_page] https://www.myfonts.com/products/extra-bold-expanded-anglica-1118778
#398 200 0.385s [collection_page] https://www.myfonts.com/collections/anglica-font-pista-mova/
#399 200 0.453s [product_page] https://www.myfonts.com/products/extrude-italic-regular-master-righinta-1118230
#400 200 0.379s [collection_page] https://www.myfonts.com/collections/master-righinta-font-tm-type/
#401 200 0.642s [product_page] https://www.myfonts.com/products/black-delice-pro-1118130
#402 200 0.389s [collection_page] https://www.myfonts.com/collections/delice-pro-font-typostudio-pro/
#403 200 1.089s [product_page] https://www.myfonts.com/products/extra-light-extra-condensed-slant-anglica-1118611
#404 200 1.125s [collection_page] https://www.myfonts.com/collections/anglica-font-pista-mova/
#405 200 0.362s [product_page] https://www.myfonts.com/products/black-ultra-expa-slant-anglica-1118763
#406 200 0.379s [collection_page] https://www.myfonts.com/collections/anglica-font-pista-mova/
#407 200 0.373s [product_page] https://www.myfonts.com/products/extra-light-italic-ariex-nue-1118207
#408 200 0.386s [collection_page] https://www.myfonts.com/collections/ariex-nue-font-webhance/
#409 200 0.363s [product_page] https://www.myfonts.com/products/extra-bold-jewerly-beyon-1118829
#410 200 0.390s [collection_page] https://www.myfonts.com/collections/jewerly-beyon-font-luhop-creative/
#411 200 0.609s [product_page] https://www.myfonts.com/products/light-italic-shansio-1117863
#412 200 0.408s [collection_page] https://www.myfonts.com/collections/shansio-font-graphicxell/
#413 200 0.423s [product_page] https://www.myfonts.com/products/thin-extra-condensed-anglica-1118661
#414 200 0.473s [collection_page] https://www.myfonts.com/collections/anglica-font-pista-mova/
#415 200 0.530s [product_page] https://www.myfonts.com/products/regular-maydeline-aleandra-1118557
#416 200 0.379s [collection_page] https://www.myfonts.com/collections/maydeline-aleandra-font-pineungtype-misinklab/
#417 200 1.047s [product_page] https://www.myfonts.com/products/bold-expanded-flova-1118316
#418 200 0.427s [collection_page] https://www.myfonts.com/collections/flova-font-slex-studio/
#419 200 1.361s [product_page] https://www.myfonts.com/products/thin-condensed-italic-flova-1118256
#420 200 0.356s [collection_page] https://www.myfonts.com/collections/flova-font-slex-studio/
#421 200 0.299s [product_page] https://www.myfonts.com/products/foermality-sans-thin-foermality-sans-variable-1118491
#422 200 0.629s [collection_page] https://www.myfonts.com/collections/foermality-sans-variable-font-laroyba-type/
#423 200 0.303s [product_page] https://www.myfonts.com/products/medium-slanted-mizhon-flare-1118582
#424 200 0.404s [collection_page] https://www.myfonts.com/collections/mizhon-flare-font-skinny-type/
#425 200 0.841s [product_page] https://www.myfonts.com/products/slanted-expanded-noverion-slab-1118183
#426 200 0.287s [collection_page] https://www.myfonts.com/collections/noverion-slab-font-typehill-studio/
#427 200 1.115s [product_page] https://www.myfonts.com/products/bold-semi-expa-anglica-1118723
#428 200 0.267s [collection_page] https://www.myfonts.com/collections/anglica-font-pista-mova/
#429 200 1.394s [product_page] https://www.myfonts.com/products/black-semi-expa-slant-anglica-1118745
#430 200 0.276s [collection_page] https://www.myfonts.com/collections/anglica-font-pista-mova/
#431 200 0.275s [product_page] https://www.myfonts.com/products/extra-bold-quenova-1118004
#432 200 0.336s [collection_page] https://www.myfonts.com/collections/quenova-font-kaidosan/
#433 200 0.894s [product_page] https://www.myfonts.com/products/thin-extended-flova-1118291
#434 200 0.383s [collection_page] https://www.myfonts.com/collections/flova-font-slex-studio/
#435 200 0.553s [product_page] https://www.myfonts.com/products/italic-felvice-1118136
#436 200 0.310s [collection_page] https://www.myfonts.com/collections/felvice-font-snapedsgn/
#437 200 1.192s [product_page] https://www.myfonts.com/products/extra-bold-ultra-condensed-slant-anglica-1118635
#438 200 0.282s [collection_page] https://www.myfonts.com/collections/anglica-font-pista-mova/
#439 200 0.323s [product_page] https://www.myfonts.com/products/italic-sefalio-1118118
#440 200 0.389s [collection_page] https://www.myfonts.com/collections/sefalio-font-snapedsgn/
#441 200 0.851s [product_page] https://www.myfonts.com/products/semi-bold-noverion-slab-1118168
#442 200 0.481s [collection_page] https://www.myfonts.com/collections/noverion-slab-font-typehill-studio/
#443 200 0.565s [product_page] https://www.myfonts.com/products/regular-ghoster-mionyto-1118556
#444 200 0.458s [collection_page] https://www.myfonts.com/collections/ghoster-mionyto-font-pineungtype-misinklab/
#445 200 0.527s [product_page] https://www.myfonts.com/products/extra-light-shansio-1117860
#446 200 0.303s [collection_page] https://www.myfonts.com/collections/shansio-font-graphicxell/
#447 200 0.767s [product_page] https://www.myfonts.com/products/thin-expanded-noverion-slab-1118176
#448 200 0.381s [collection_page] https://www.myfonts.com/collections/noverion-slab-font-typehill-studio/
#449 200 1.024s [product_page] https://www.myfonts.com/products/bold-italic-quenova-1118003
#450 200 0.426s [collection_page] https://www.myfonts.com/collections/quenova-font-kaidosan/
#451 200 0.638s [product_page] https://www.myfonts.com/products/medium-mizhon-flare-1118581
#452 200 0.396s [collection_page] https://www.myfonts.com/collections/mizhon-flare-font-skinny-type/
#453 200 1.030s [product_page] https://www.myfonts.com/products/semi-bold-semi-expa-slant-anglica-1118721
#454 200 0.327s [collection_page] https://www.myfonts.com/collections/anglica-font-pista-mova/
#455 200 0.536s [product_page] https://www.myfonts.com/products/regular-arconte-1118453
#456 200 0.460s [collection_page] https://www.myfonts.com/collections/arconte-font-bilberry-create/
#457 200 1.342s [product_page] https://www.myfonts.com/products/semi-bold-ultra-condensed-slant-anglica-1118626
#458 200 0.281s [collection_page] https://www.myfonts.com/collections/anglica-font-pista-mova/
#459 200 2.309s [product_page] https://www.myfonts.com/products/semi-bold-slant-anglica-1118720
#460 200 0.374s [collection_page] https://www.myfonts.com/collections/anglica-font-pista-mova/
#461 200 0.562s [product_page] https://www.myfonts.com/products/outline-italic-gumybops-1118114
#462 200 0.724s [collection_page] https://www.myfonts.com/collections/gumybops-font-snapedsgn/
#463 200 0.906s [product_page] https://www.myfonts.com/products/bold-compressed-flova-1118249
#464 200 0.375s [collection_page] https://www.myfonts.com/collections/flova-font-slex-studio/
#465 200 0.940s [product_page] https://www.myfonts.com/products/extra-bold-extended-flova-1118319
#466 200 0.546s [collection_page] https://www.myfonts.com/collections/flova-font-slex-studio/
#467 200 0.725s [product_page] https://www.myfonts.com/products/thin-noverion-slab-1118158
#468 200 0.395s [collection_page] https://www.myfonts.com/collections/noverion-slab-font-typehill-studio/
#469 200 0.810s [product_page] https://www.myfonts.com/products/black-rucent-1118096
#470 200 0.390s [collection_page] https://www.myfonts.com/collections/rucent-font-vermilione/
#471 200 0.368s [product_page] https://www.myfonts.com/products/thin-condensed-jewerly-beyon-1118804
#472 200 0.518s [collection_page] https://www.myfonts.com/collections/jewerly-beyon-font-luhop-creative/
#473 200 0.529s [product_page] https://www.myfonts.com/products/regular-charming-letters-1118440
#474 200 0.619s [collection_page] https://www.myfonts.com/collections/charming-letters-font-bilberry-create/
#475 200 0.558s [product_page] https://www.myfonts.com/products/extra-bold-slanted-mizhon-flare-1118586
#476 200 0.312s [collection_page] https://www.myfonts.com/collections/mizhon-flare-font-skinny-type/
#477 200 0.891s [product_page] https://www.myfonts.com/products/medium-italic-flova-1118282
#478 200 0.346s [collection_page] https://www.myfonts.com/collections/flova-font-slex-studio/
#479 200 0.805s [product_page] https://www.myfonts.com/products/medium-noverion-slab-1118166
#480 200 0.525s [collection_page] https://www.myfonts.com/collections/noverion-slab-font-typehill-studio/
#481 200 0.737s [product_page] https://www.myfonts.com/products/extra-expanded-slant-the-musa-editorial-1118539
#482 200 0.392s [collection_page] https://www.myfonts.com/collections/the-musa-editorial-font-romie-creative/
#483 200 1.026s [product_page] https://www.myfonts.com/products/medium-anglica-1118706
#484 200 0.288s [collection_page] https://www.myfonts.com/collections/anglica-font-pista-mova/
#485 200 0.635s [product_page] https://www.myfonts.com/products/bold-foliant-serif-1118601
#486 200 0.784s [collection_page] https://www.myfonts.com/collections/foliant-serif-font-moritz-kleinsorge/
#487 200 0.697s [product_page] https://www.myfonts.com/products/regular-viently-flustin-1118115
#488 200 0.469s [collection_page] https://www.myfonts.com/collections/viently-flustin-font-trabas-kriya/
#489 200 1.013s [product_page] https://www.myfonts.com/products/semi-bold-extra-condensed-anglica-1118714
#490 200 0.286s [collection_page] https://www.myfonts.com/collections/anglica-font-pista-mova/
#491 200 1.164s [product_page] https://www.myfonts.com/products/bold-semi-condensed-italic-quenova-1117986
#492 200 0.287s [collection_page] https://www.myfonts.com/collections/quenova-font-kaidosan/
#493 200 0.964s [product_page] https://www.myfonts.com/products/bold-expanded-italic-flova-1118318
#494 200 0.372s [collection_page] https://www.myfonts.com/collections/flova-font-slex-studio/
#495 200 0.899s [product_page] https://www.myfonts.com/products/extra-light-condensed-flova-1118257
#496 200 0.382s [collection_page] https://www.myfonts.com/collections/flova-font-slex-studio/
#497 200 0.617s [product_page] https://www.myfonts.com/products/light-mizhon-flare-1118577
#498 200 0.306s [collection_page] https://www.myfonts.com/collections/mizhon-flare-font-skinny-type/
#499 200 0.918s [product_page] https://www.myfonts.com/products/medium-oblique-bolera-1118439
#500 200 0.492s [collection_page] https://www.myfonts.com/collections/bolera-font-piscotype/
#501 200 1.797s [products_json] https://www.myfonts.com/products.json?limit=250&page=2
#502 200 0.913s [product_page] https://www.myfonts.com/products/light-compressed-italic-flova-1118242
#503 200 0.276s [collection_page] https://www.myfonts.com/collections/flova-font-slex-studio/
#504 200 1.022s [product_page] https://www.myfonts.com/products/bold-extra-expanded-italic-quenova-1118055
#505 200 0.350s [collection_page] https://www.myfonts.com/collections/quenova-font-kaidosan/
#506 200 0.506s [product_page] https://www.myfonts.com/products/italic-west-wasteland-1118489
#507 200 0.748s [collection_page] https://www.myfonts.com/collections/west-wasteland-font-vyantype-studio/
#508 200 0.575s [product_page] https://www.myfonts.com/products/italic-gumybops-1118112
#509 200 0.360s [collection_page] https://www.myfonts.com/collections/gumybops-font-snapedsgn/
#510 200 0.521s [product_page] https://www.myfonts.com/products/serif-rusty-court-1117952
#511 200 0.542s [collection_page] https://www.myfonts.com/collections/rusty-court-font-letterhend/
#512 200 0.631s [product_page] https://www.myfonts.com/products/heavy-slanted-mizhon-serif-1118693
#513 200 0.372s [collection_page] https://www.myfonts.com/collections/mizhon-serif-font-skinny-type/
#514 200 1.193s [product_page] https://www.myfonts.com/products/medium-expanded-slant-anglica-1118773
#515 200 0.327s [collection_page] https://www.myfonts.com/collections/anglica-font-pista-mova/
#516 200 0.879s [product_page] https://www.myfonts.com/products/light-extended-italic-flova-1118301
#517 200 0.426s [collection_page] https://www.myfonts.com/collections/flova-font-slex-studio/
#518 200 0.856s [product_page] https://www.myfonts.com/products/thin-slanted-noverion-slab-1118159
#519 200 0.380s [collection_page] https://www.myfonts.com/collections/noverion-slab-font-typehill-studio/
#520 200 0.631s [product_page] https://www.myfonts.com/products/medium-italic-foliant-serif-1118600
#521 200 0.313s [collection_page] https://www.myfonts.com/collections/foliant-serif-font-moritz-kleinsorge/
#522 200 0.543s [product_page] https://www.myfonts.com/products/italic-westkind-1118792
#523 200 0.415s [collection_page] https://www.myfonts.com/collections/westkind-font-timelesstype-studio/
#524 200 0.572s [product_page] https://www.myfonts.com/products/bold-slanted-mizhon-serif-1118685
#525 200 0.316s [collection_page] https://www.myfonts.com/collections/mizhon-serif-font-skinny-type/
#526 200 0.799s [product_page] https://www.myfonts.com/products/semi-bold-compressed-italic-flova-1118248
#527 200 0.268s [collection_page] https://www.myfonts.com/collections/flova-font-slex-studio/
#528 200 0.578s [product_page] https://www.myfonts.com/products/regular-lchika-1118109
#529 200 0.461s [collection_page] https://www.myfonts.com/collections/lchika-font-khoir/
#530 200 0.697s [product_page] https://www.myfonts.com/products/thin-bolera-1118430
#531 200 0.321s [collection_page] https://www.myfonts.com/collections/bolera-font-piscotype/
#532 200 1.066s [product_page] https://www.myfonts.com/products/extra-expanded-italic-quenova-1118048
#533 200 0.380s [collection_page] https://www.myfonts.com/collections/quenova-font-kaidosan/
#534 200 0.516s [product_page] https://www.myfonts.com/products/regular-west-wasteland-1118488
#535 200 0.322s [collection_page] https://www.myfonts.com/collections/west-wasteland-font-vyantype-studio/
#536 200 0.510s [product_page] https://www.myfonts.com/products/italic-aseno-modern-1117918
#537 200 0.353s [collection_page] https://www.myfonts.com/collections/aseno-modern-font-nirmana-visual/
#538 200 0.696s [product_page] https://www.myfonts.com/products/light-rucent-1118084
#539 200 0.378s [collection_page] https://www.myfonts.com/collections/rucent-font-vermilione/
#540 200 0.641s [product_page] https://www.myfonts.com/products/nailong-bold-nailong-lifemore-1118550
#541 200 0.300s [collection_page] https://www.myfonts.com/collections/nailong-lifemore-font-anaya-studio/
#542 200 0.590s [product_page] https://www.myfonts.com/products/medium-ariex-nue-1118212
#543 200 0.306s [collection_page] https://www.myfonts.com/collections/ariex-nue-font-webhance/
#544 200 0.586s [product_page] https://www.myfonts.com/products/medium-mizhon-serif-1118679
#545 200 0.353s [collection_page] https://www.myfonts.com/collections/mizhon-serif-font-skinny-type/
#546 200 0.632s [product_page] https://www.myfonts.com/products/semi-bold-scramble-1117886
#547 200 0.308s [collection_page] https://www.myfonts.com/collections/scramble-font-agny-hasya-studio/
#548 200 0.496s [product_page] https://www.myfonts.com/products/regular-cloud-nine-1118558
#549 200 0.592s [collection_page] https://www.myfonts.com/collections/cloud-nine-font-pyramind/
#550 200 2.331s [product_page] https://www.myfonts.com/products/thin-expanded-anglica-1118764
#551 200 0.289s [collection_page] https://www.myfonts.com/collections/anglica-font-pista-mova/
#552 200 0.666s [product_page] https://www.myfonts.com/products/medium-italic-ariex-nue-1118213
#553 200 0.322s [collection_page] https://www.myfonts.com/collections/ariex-nue-font-webhance/
#554 200 1.085s [product_page] https://www.myfonts.com/products/extra-light-semi-expa-slant-anglica-1118678
#555 200 0.281s [collection_page] https://www.myfonts.com/collections/anglica-font-pista-mova/
#556 200 0.517s [product_page] https://www.myfonts.com/products/thin-regular-rustvale-1118102
#557 200 0.305s [collection_page] https://www.myfonts.com/collections/rustvale-font-letterhend/
#558 200 0.525s [product_page] https://www.myfonts.com/products/condensed-the-musa-editorial-1118525
#559 200 0.330s [collection_page] https://www.myfonts.com/collections/the-musa-editorial-font-romie-creative/
#560 200 0.989s [product_page] https://www.myfonts.com/products/bold-condensed-italic-flova-1118268
#561 200 0.519s [collection_page] https://www.myfonts.com/collections/flova-font-slex-studio/
#562 200 0.698s [product_page] https://www.myfonts.com/products/thin-italic-ariex-nue-1118205
#563 200 0.350s [collection_page] https://www.myfonts.com/collections/ariex-nue-font-webhance/
#564 200 1.245s [product_page] https://www.myfonts.com/products/thin-ultra-expanded-italic-quenova-1118060
#565 200 0.280s [collection_page] https://www.myfonts.com/collections/quenova-font-kaidosan/
#566 200 2.194s [product_page] https://www.myfonts.com/products/black-expanded-italic-quenova-1118041
#567 200 0.321s [collection_page] https://www.myfonts.com/collections/quenova-font-kaidosan/
#568 200 1.096s [product_page] https://www.myfonts.com/products/bold-semi-condensed-slant-anglica-1118652
#569 200 0.267s [collection_page] https://www.myfonts.com/collections/anglica-font-pista-mova/
#570 200 0.629s [product_page] https://www.myfonts.com/products/italic-scarletis-1118495
#571 200 0.361s [collection_page] https://www.myfonts.com/collections/scarletis-font-stylishtype-studio/
#572 200 0.632s [product_page] https://www.myfonts.com/products/extra-condensed-the-musa-editorial-1118523
#573 200 0.285s [collection_page] https://www.myfonts.com/collections/the-musa-editorial-font-romie-creative/
#574 200 1.375s [product_page] https://www.myfonts.com/products/bold-extra-condensed-italic-quenova-1117949
#575 200 0.283s [collection_page] https://www.myfonts.com/collections/quenova-font-kaidosan/
#576 200 0.549s [product_page] https://www.myfonts.com/products/slant-blomby-1118470
#577 200 0.283s [collection_page] https://www.myfonts.com/collections/blomby-font-tegaki/
#578 200 0.514s [product_page] https://www.myfonts.com/products/regular-yeremia-1116912
#579 200 0.439s [collection_page] https://www.myfonts.com/collections/yeremia-font-denustudio/
#580 200 1.698s [product_page] https://www.myfonts.com/products/extra-light-sem-exp-obliq-readant-1118412
#581 200 0.377s [collection_page] https://www.myfonts.com/collections/readant-font-rastype-studio/
#582 200 0.847s [product_page] https://www.myfonts.com/products/expanded-noverion-slab-1118182
#583 200 0.381s [collection_page] https://www.myfonts.com/collections/noverion-slab-font-typehill-studio/
#584 200 0.997s [product_page] https://www.myfonts.com/products/black-extra-expa-anglica-1118739
#585 200 0.291s [collection_page] https://www.myfonts.com/collections/anglica-font-pista-mova/
#586 200 1.066s [product_page] https://www.myfonts.com/products/extra-light-slant-anglica-1118676
#587 200 0.269s [collection_page] https://www.myfonts.com/collections/anglica-font-pista-mova/
#588 200 0.541s [product_page] https://www.myfonts.com/products/condensed-semi-bold-gothig-round-1118380
#589 200 0.286s [collection_page] https://www.myfonts.com/collections/gothig-round-font-studio-jaso/
#590 200 0.503s [product_page] https://www.myfonts.com/products/regular-qebica-1118485
#591 200 0.458s [collection_page] https://www.myfonts.com/collections/qebica-font-maikohatta/
#592 200 0.905s [product_page] https://www.myfonts.com/products/black-compressed-italic-flova-1118254
#593 200 0.616s [collection_page] https://www.myfonts.com/collections/flova-font-slex-studio/
#594 200 0.636s [product_page] https://www.myfonts.com/products/italic-alesteny-pojharu-1118100
#595 200 0.446s [collection_page] https://www.myfonts.com/collections/alesteny-pojharu-font-stylishtype-studio/
#596 200 1.002s [product_page] https://www.myfonts.com/products/thin-compressed-italic-flova-1118238
#597 200 0.534s [collection_page] https://www.myfonts.com/collections/flova-font-slex-studio/
#598 200 1.133s [product_page] https://www.myfonts.com/products/light-extra-expanded-quenova-1118045
#599 200 0.321s [collection_page] https://www.myfonts.com/collections/quenova-font-kaidosan/
#600 200 1.189s [product_page] https://www.myfonts.com/products/extra-bold-condensed-slant-anglica-1118634
#601 200 0.318s [collection_page] https://www.myfonts.com/collections/anglica-font-pista-mova/
#602 200 2.264s [product_page] https://www.myfonts.com/products/light-semi-condensed-quenova-1117977
#603 200 0.308s [collection_page] https://www.myfonts.com/collections/quenova-font-kaidosan/
#604 200 0.731s [product_page] https://www.myfonts.com/products/black-expanded-noverion-slab-1118192
#605 200 0.322s [collection_page] https://www.myfonts.com/collections/noverion-slab-font-typehill-studio/
#606 200 0.907s [product_page] https://www.myfonts.com/products/extra-bold-compressed-flova-1118251
#607 200 0.322s [collection_page] https://www.myfonts.com/collections/flova-font-slex-studio/
#608 200 0.680s [product_page] https://www.myfonts.com/products/oblique-bolera-1118437
#609 200 0.348s [collection_page] https://www.myfonts.com/collections/bolera-font-piscotype/
#610 200 0.656s [product_page] https://www.myfonts.com/products/ultra-condensed-slant-the-musa-editorial-1118522
#611 200 0.377s [collection_page] https://www.myfonts.com/collections/the-musa-editorial-font-romie-creative/
#612 200 0.652s [product_page] https://www.myfonts.com/products/mix-wonder-hand-pencil-1118460
#613 200 0.337s [collection_page] https://www.myfonts.com/collections/wonder-hand-pencil-font-typographicdesign/
#614 200 1.095s [product_page] https://www.myfonts.com/products/extra-bold-italic-quenova-1118005
#615 200 0.367s [collection_page] https://www.myfonts.com/collections/quenova-font-kaidosan/
#616 200 0.939s [product_page] https://www.myfonts.com/products/bold-extra-condensed-quenova-1117948
#617 200 0.336s [collection_page] https://www.myfonts.com/collections/quenova-font-kaidosan/
#618 200 0.519s [product_page] https://www.myfonts.com/products/regular-pace-form-1118197
#619 200 0.316s [collection_page] https://www.myfonts.com/collections/pace-form-font-initiatype/
#620 200 0.802s [product_page] https://www.myfonts.com/products/extra-bold-slanted-noverion-slab-1118173
#621 200 0.387s [collection_page] https://www.myfonts.com/collections/noverion-slab-font-typehill-studio/
#622 200 0.541s [product_page] https://www.myfonts.com/products/regular-farqey-denours-1117885
#623 200 0.540s [collection_page] https://www.myfonts.com/collections/farqey-denours-font-heinzel-std/
#624 200 0.566s [product_page] https://www.myfonts.com/products/medium-italic-rucent-1118089
#625 200 0.368s [collection_page] https://www.myfonts.com/collections/rucent-font-vermilione/
#626 200 1.101s [product_page] https://www.myfonts.com/products/semi-bold-condensed-slant-anglica-1118627
#627 200 0.279s [collection_page] https://www.myfonts.com/collections/anglica-font-pista-mova/
#628 200 0.879s [product_page] https://www.myfonts.com/products/thin-extra-expanded-italic-quenova-1118043
#629 200 0.300s [collection_page] https://www.myfonts.com/collections/quenova-font-kaidosan/
#630 200 0.519s [product_page] https://www.myfonts.com/products/italic-crone-1118202
#631 200 0.272s [collection_page] https://www.myfonts.com/collections/crone-font-artiveko/
#632 200 0.564s [product_page] https://www.myfonts.com/products/display-regular-bolera-1118451
#633 200 0.316s [collection_page] https://www.myfonts.com/collections/bolera-font-piscotype/
#634 200 1.047s [product_page] https://www.myfonts.com/products/black-extra-condensed-slant-anglica-1118640
#635 200 0.291s [collection_page] https://www.myfonts.com/collections/anglica-font-pista-mova/
#636 200 1.061s [product_page] https://www.myfonts.com/products/extra-bold-semi-expa-anglica-1118730
#637 200 0.329s [collection_page] https://www.myfonts.com/collections/anglica-font-pista-mova/
#638 200 0.933s [product_page] https://www.myfonts.com/products/thin-compressed-flova-1118237
#639 200 0.308s [collection_page] https://www.myfonts.com/collections/flova-font-slex-studio/
#640 200 0.626s [product_page] https://www.myfonts.com/products/regular-bolera-1118436
#641 200 0.334s [collection_page] https://www.myfonts.com/collections/bolera-font-piscotype/
#642 200 0.727s [product_page] https://www.myfonts.com/products/medium-slanted-expanded-noverion-slab-1118185
#643 200 0.287s [collection_page] https://www.myfonts.com/collections/noverion-slab-font-typehill-studio/
#644 200 0.462s [product_page] https://www.myfonts.com/products/outline-gumybops-1118113
#645 200 0.371s [collection_page] https://www.myfonts.com/collections/gumybops-font-snapedsgn/
#646 200 1.144s [product_page] https://www.myfonts.com/products/condensed-quenova-1117962
#647 200 0.314s [collection_page] https://www.myfonts.com/collections/quenova-font-kaidosan/
#648 200 0.699s [product_page] https://www.myfonts.com/products/medium-condensed-noverion-slab-1118148
#649 200 0.366s [collection_page] https://www.myfonts.com/collections/noverion-slab-font-typehill-studio/
#650 200 1.110s [product_page] https://www.myfonts.com/products/medium-quenova-1117998
#651 200 0.256s [collection_page] https://www.myfonts.com/collections/quenova-font-kaidosan/
#652 200 1.030s [product_page] https://www.myfonts.com/products/bold-ultra-condensed-quenova-1117934
#653 200 0.253s [collection_page] https://www.myfonts.com/collections/quenova-font-kaidosan/
#654 200 0.763s [product_page] https://www.myfonts.com/products/light-expanded-noverion-slab-1118180
#655 200 0.280s [collection_page] https://www.myfonts.com/collections/noverion-slab-font-typehill-studio/
#656 200 1.255s [product_page] https://www.myfonts.com/products/bold-ultra-expanded-quenova-1118070
#657 200 0.387s [collection_page] https://www.myfonts.com/collections/quenova-font-kaidosan/
#658 200 1.053s [product_page] https://www.myfonts.com/products/extra-light-semi-expanded-quenova-1118009
#659 200 0.246s [collection_page] https://www.myfonts.com/collections/quenova-font-kaidosan/
#660 200 0.488s [product_page] https://www.myfonts.com/products/regular-crone-1118201
#661 200 0.550s [collection_page] https://www.myfonts.com/collections/crone-font-artiveko/
#662 200 1.256s [product_page] https://www.myfonts.com/products/slant-anglica-1118705
#663 200 1.139s [collection_page] https://www.myfonts.com/collections/anglica-font-pista-mova/
#664 200 1.801s [product_page] https://www.myfonts.com/products/extra-light-ultra-condensed-slant-anglica-1118609
#665 200 0.763s [collection_page] https://www.myfonts.com/collections/anglica-font-pista-mova/
#666 200 1.484s [product_page] https://www.myfonts.com/products/thin-ultra-condensed-italic-quenova-1117925
#667 200 0.616s [collection_page] https://www.myfonts.com/collections/quenova-font-kaidosan/
#668 200 0.910s [product_page] https://www.myfonts.com/products/light-italic-rucent-1118085
#669 200 0.410s [collection_page] https://www.myfonts.com/collections/rucent-font-vermilione/
#670 200 0.801s [product_page] https://www.myfonts.com/products/extra-light-slanted-expanded-noverion-slab-1118179
#671 200 0.577s [collection_page] https://www.myfonts.com/collections/noverion-slab-font-typehill-studio/
#672 200 0.905s [product_page] https://www.myfonts.com/products/black-condensed-noverion-slab-1118156
#673 200 0.468s [collection_page] https://www.myfonts.com/collections/noverion-slab-font-typehill-studio/
#674 200 1.218s [product_page] https://www.myfonts.com/products/ultra-condensed-slant-anglica-1118617
#675 200 0.338s [collection_page] https://www.myfonts.com/collections/anglica-font-pista-mova/
#676 200 0.784s [product_page] https://www.myfonts.com/products/extra-light-slanted-condensed-noverion-slab-1118143
#677 200 0.337s [collection_page] https://www.myfonts.com/collections/noverion-slab-font-typehill-studio/
#678 200 0.685s [product_page] https://www.myfonts.com/products/extra-light-italic-rucent-1118083
#679 200 0.458s [collection_page] https://www.myfonts.com/collections/rucent-font-vermilione/
#680 200 1.166s [product_page] https://www.myfonts.com/products/semi-bold-ultra-expanded-italic-quenova-1118069
#681 200 0.341s [collection_page] https://www.myfonts.com/collections/quenova-font-kaidosan/
#682 200 0.645s [product_page] https://www.myfonts.com/products/light-shansio-1117862
#683 200 0.359s [collection_page] https://www.myfonts.com/collections/shansio-font-graphicxell/
#684 200 0.967s [product_page] https://www.myfonts.com/products/thin-italic-quenova-1117991
#685 200 0.348s [collection_page] https://www.myfonts.com/collections/quenova-font-kaidosan/
#686 200 0.675s [product_page] https://www.myfonts.com/products/medium-mizhon-sans-1118565
#687 200 0.331s [collection_page] https://www.myfonts.com/collections/mizhon-sans-font-skinny-type/
#688 200 0.653s [product_page] https://www.myfonts.com/products/regular-skulk-stroke-1117910
#689 200 0.488s [collection_page] https://www.myfonts.com/collections/skulk-stroke-font-dm-studio/
#690 200 0.878s [product_page] https://www.myfonts.com/products/medium-slanted-condensed-noverion-slab-1118149
#691 200 0.284s [collection_page] https://www.myfonts.com/collections/noverion-slab-font-typehill-studio/
#692 200 0.809s [product_page] https://www.myfonts.com/products/light-noverion-slab-1118162
#693 200 0.404s [collection_page] https://www.myfonts.com/collections/noverion-slab-font-typehill-studio/
#694 200 1.088s [product_page] https://www.myfonts.com/products/regular-quenova-1117996
#695 200 0.359s [collection_page] https://www.myfonts.com/collections/quenova-font-kaidosan/
#696 200 0.731s [product_page] https://www.myfonts.com/products/extra-light-noverion-slab-1118160
#697 200 0.368s [collection_page] https://www.myfonts.com/collections/noverion-slab-font-typehill-studio/
#698 200 1.138s [product_page] https://www.myfonts.com/products/light-semi-expa-slant-anglica-1118694
#699 200 0.281s [collection_page] https://www.myfonts.com/collections/anglica-font-pista-mova/
#700 200 0.952s [product_page] https://www.myfonts.com/products/semi-bold-expanded-quenova-1118034
#701 200 0.273s [collection_page] https://www.myfonts.com/collections/quenova-font-kaidosan/
#702 200 1.005s [product_page] https://www.myfonts.com/products/extra-light-condensed-slant-anglica-1118610
#703 200 0.321s [collection_page] https://www.myfonts.com/collections/anglica-font-pista-mova/
#704 200 1.029s [product_page] https://www.myfonts.com/products/black-ultra-expanded-quenova-1118073
#705 200 0.296s [collection_page] https://www.myfonts.com/collections/quenova-font-kaidosan/
#706 200 0.286s [product_page] https://www.myfonts.com/products/regular-zamrani-1117919
#707 200 0.407s [collection_page] https://www.myfonts.com/collections/zamrani-font-vadova-std/
#708 200 0.538s [product_page] https://www.myfonts.com/products/extra-light-italic-shansio-1117861
#709 200 0.367s [collection_page] https://www.myfonts.com/collections/shansio-font-graphicxell/
#710 200 1.143s [product_page] https://www.myfonts.com/products/extra-light-ultra-expanded-quenova-1118061
#711 200 0.373s [collection_page] https://www.myfonts.com/collections/quenova-font-kaidosan/
#712 200 0.695s [product_page] https://www.myfonts.com/products/condensed-noverion-slab-1118146
#713 200 0.298s [collection_page] https://www.myfonts.com/collections/noverion-slab-font-typehill-studio/
#714 200 0.627s [product_page] https://www.myfonts.com/products/bold-italic-shansio-1117871
#715 200 0.387s [collection_page] https://www.myfonts.com/collections/shansio-font-graphicxell/
#716 200 0.505s [product_page] https://www.myfonts.com/products/regular-bold-eater-1118797
#717 200 0.428s [collection_page] https://www.myfonts.com/collections/bold-eater-font-pandeka-studio/
#718 200 1.045s [product_page] https://www.myfonts.com/products/light-quenova-1117994
#719 200 0.425s [collection_page] https://www.myfonts.com/collections/quenova-font-kaidosan/
#720 200 0.896s [product_page] https://www.myfonts.com/products/expanded-flova-1118303
#721 200 0.362s [collection_page] https://www.myfonts.com/collections/flova-font-slex-studio/
#722 200 1.106s [product_page] https://www.myfonts.com/products/extra-bold-semi-expanded-quenova-1118020
#723 200 0.335s [collection_page] https://www.myfonts.com/collections/quenova-font-kaidosan/
#724 200 0.585s [product_page] https://www.myfonts.com/products/slanted-mizhon-sans-1118564
#725 200 0.303s [collection_page] https://www.myfonts.com/collections/mizhon-sans-font-skinny-type/
#726 200 0.544s [product_page] https://www.myfonts.com/products/regular-harney-1118106
#727 200 0.362s [collection_page] https://www.myfonts.com/collections/harney-font-letterhend/
#728 200 0.617s [product_page] https://www.myfonts.com/products/thin-scramble-1117880
#729 200 0.269s [collection_page] https://www.myfonts.com/collections/scramble-font-agny-hasya-studio/
#730 200 1.190s [product_page] https://www.myfonts.com/products/extra-light-ultra-expa-anglica-1118668
#731 200 0.358s [collection_page] https://www.myfonts.com/collections/anglica-font-pista-mova/
#732 200 5.562s [product_page] https://www.myfonts.com/products/bold-semi-expanded-italic-quenova-1118019
#733 200 1.501s [collection_page] https://www.myfonts.com/collections/quenova-font-kaidosan/
#734 200 1.783s [product_page] https://www.myfonts.com/products/light-slanted-condensed-noverion-slab-1118145
#735 200 1.170s [collection_page] https://www.myfonts.com/collections/noverion-slab-font-typehill-studio/
#736 200 1.488s [product_page] https://www.myfonts.com/products/extra-light-extra-expanded-quenova-1118044
#737 200 0.650s [collection_page] https://www.myfonts.com/collections/quenova-font-kaidosan/
#738 200 1.336s [product_page] https://www.myfonts.com/products/medium-ultra-expanded-quenova-1118066
#739 200 0.500s [collection_page] https://www.myfonts.com/collections/quenova-font-kaidosan/
#740 200 0.964s [product_page] https://www.myfonts.com/products/extra-light-condensed-noverion-slab-1118142
#741 200 0.593s [collection_page] https://www.myfonts.com/collections/noverion-slab-font-typehill-studio/
#742 200 0.904s [product_page] https://www.myfonts.com/products/black-expanded-italic-flova-1118326
#743 200 0.622s [collection_page] https://www.myfonts.com/collections/flova-font-slex-studio/
#744 200 0.634s [product_page] https://www.myfonts.com/products/book-foliant-serif-1118595
#745 200 0.403s [collection_page] https://www.myfonts.com/collections/foliant-serif-font-moritz-kleinsorge/
#746 200 0.611s [product_page] https://www.myfonts.com/products/script-trup-and-tomp-1117892
#747 200 0.378s [collection_page] https://www.myfonts.com/collections/trup-and-tomp-font-angga-mahardika/
#748 200 0.562s [product_page] https://www.myfonts.com/products/regular-bencord-1117905
#749 200 0.404s [collection_page] https://www.myfonts.com/collections/bencord-font-graphicfresh/
#750 200 0.724s [product_page] https://www.myfonts.com/products/regular-brokewall-1117851
#751 200 0.598s [collection_page] https://www.myfonts.com/collections/brokewall-font-valorix-studio/
#752 200 0.534s [product_page] https://www.myfonts.com/products/regular-elongate-1117922
#753 200 0.565s [collection_page] https://www.myfonts.com/collections/elongate-font-vadova-std/
#754 200 1.229s [product_page] https://www.myfonts.com/products/semi-bold-semi-condensed-italic-quenova-1117984
#755 200 0.361s [collection_page] https://www.myfonts.com/collections/quenova-font-kaidosan/
#756 200 0.496s [product_page] https://www.myfonts.com/products/nailong-italic-regular-nailong-lifemore-1118545
#757 200 0.663s [collection_page] https://www.myfonts.com/collections/nailong-lifemore-font-anaya-studio/
#758 200 0.854s [product_page] https://www.myfonts.com/products/light-expanded-italic-flova-1118302
#759 200 0.383s [collection_page] https://www.myfonts.com/collections/flova-font-slex-studio/
#760 200 1.036s [product_page] https://www.myfonts.com/products/expanded-quenova-1118030
#761 200 0.266s [collection_page] https://www.myfonts.com/collections/quenova-font-kaidosan/
#762 200 1.078s [product_page] https://www.myfonts.com/products/extra-light-expanded-italic-quenova-1118027
#763 200 0.336s [collection_page] https://www.myfonts.com/collections/quenova-font-kaidosan/
#764 200 0.864s [product_page] https://www.myfonts.com/products/semi-bold-expanded-italic-flova-1118313
#765 200 0.277s [collection_page] https://www.myfonts.com/collections/flova-font-slex-studio/
#766 200 0.513s [product_page] https://www.myfonts.com/products/sans-trup-and-tomp-1117891
#767 200 0.344s [collection_page] https://www.myfonts.com/collections/trup-and-tomp-font-angga-mahardika/
#768 200 1.011s [product_page] https://www.myfonts.com/products/thin-ultra-condensed-anglica-1118658
#769 200 0.315s [collection_page] https://www.myfonts.com/collections/anglica-font-pista-mova/
#770 200 1.124s [product_page] https://www.myfonts.com/products/black-semi-expanded-italic-quenova-1118023
#771 200 0.343s [collection_page] https://www.myfonts.com/collections/quenova-font-kaidosan/
#772 200 0.624s [product_page] https://www.myfonts.com/products/semi-condensed-slant-the-musa-editorial-1118528
#773 200 0.385s [collection_page] https://www.myfonts.com/collections/the-musa-editorial-font-romie-creative/
#774 200 0.538s [product_page] https://www.myfonts.com/products/extra-bold-scramble-1117888
#775 200 0.304s [collection_page] https://www.myfonts.com/collections/scramble-font-agny-hasya-studio/
#776 200 0.517s [product_page] https://www.myfonts.com/products/nailong-regular-nailong-lifemore-1118543
#777 200 0.374s [collection_page] https://www.myfonts.com/collections/nailong-lifemore-font-anaya-studio/
#778 200 1.038s [product_page] https://www.myfonts.com/products/regular-flova-1118279
#779 200 0.313s [collection_page] https://www.myfonts.com/collections/flova-font-slex-studio/
#780 200 0.603s [product_page] https://www.myfonts.com/products/regular-al-ammara-1117921
#781 200 0.467s [collection_page] https://www.myfonts.com/collections/al-ammara-font-vadova-std/
#782 200 1.110s [product_page] https://www.myfonts.com/products/semi-bold-semi-expanded-quenova-1118016
#783 200 0.312s [collection_page] https://www.myfonts.com/collections/quenova-font-kaidosan/
#784 200 0.501s [product_page] https://www.myfonts.com/products/display-light-business-serif-1118517
#785 200 0.608s [collection_page] https://www.myfonts.com/collections/business-serif-font-pizzatypefaces/
#786 200 0.964s [product_page] https://www.myfonts.com/products/extra-bold-italic-flova-1118288
#787 200 0.333s [collection_page] https://www.myfonts.com/collections/flova-font-slex-studio/
#788 200 0.574s [product_page] https://www.myfonts.com/products/expanded-the-musa-editorial-1118536
#789 200 0.367s [collection_page] https://www.myfonts.com/collections/the-musa-editorial-font-romie-creative/
#790 200 0.910s [product_page] https://www.myfonts.com/products/light-flova-1118277
#791 200 0.324s [collection_page] https://www.myfonts.com/collections/flova-font-slex-studio/
#792 200 0.828s [product_page] https://www.myfonts.com/products/bold-semi-expanded-jewerly-beyon-1118837
#793 200 0.300s [collection_page] https://www.myfonts.com/collections/jewerly-beyon-font-luhop-creative/
#794 200 1.300s [product_page] https://www.myfonts.com/products/light-semi-expanded-quenova-1118010
#795 200 0.287s [collection_page] https://www.myfonts.com/collections/quenova-font-kaidosan/
#796 200 1.164s [product_page] https://www.myfonts.com/products/extra-bold-ultra-condensed-anglica-1118633
#797 200 0.367s [collection_page] https://www.myfonts.com/collections/anglica-font-pista-mova/
#798 200 0.578s [product_page] https://www.myfonts.com/products/regular-blime-blackletter-1118502
#799 200 0.339s [collection_page] https://www.myfonts.com/collections/blime-blackletter-font-nirmana-visual/
#800 200 1.098s [product_page] https://www.myfonts.com/products/condensed-italic-flova-1118262
#801 200 0.487s [collection_page] https://www.myfonts.com/collections/flova-font-slex-studio/
#802 200 0.794s [product_page] https://www.myfonts.com/products/black-jewerly-beyon-1118830
#803 200 0.412s [collection_page] https://www.myfonts.com/collections/jewerly-beyon-font-luhop-creative/
#804 200 0.567s [product_page] https://www.myfonts.com/products/rough-blime-blackletter-1118503
#805 200 0.328s [collection_page] https://www.myfonts.com/collections/blime-blackletter-font-nirmana-visual/
#806 200 0.967s [product_page] https://www.myfonts.com/products/black-compressed-flova-1118253
#807 200 0.470s [collection_page] https://www.myfonts.com/collections/flova-font-slex-studio/
#808 200 0.623s [product_page] https://www.myfonts.com/products/regular-velomi-juice-1118500
#809 200 0.444s [collection_page] https://www.myfonts.com/collections/velomi-juice-font-basnistudio/
#810 200 0.780s [product_page] https://www.myfonts.com/products/black-condensed-jewerly-beyon-1118812
#811 200 0.402s [collection_page] https://www.myfonts.com/collections/jewerly-beyon-font-luhop-creative/
#812 200 0.980s [product_page] https://www.myfonts.com/products/compressed-flova-1118243
#813 200 0.466s [collection_page] https://www.myfonts.com/collections/flova-font-slex-studio/
#814 200 1.058s [product_page] https://www.myfonts.com/products/extra-light-italic-quenova-1117993
#815 200 0.297s [collection_page] https://www.myfonts.com/collections/quenova-font-kaidosan/
#816 200 1.242s [product_page] https://www.myfonts.com/products/semi-bold-condensed-anglica-1118624
#817 200 0.306s [collection_page] https://www.myfonts.com/collections/anglica-font-pista-mova/
#818 200 0.541s [product_page] https://www.myfonts.com/products/shadow-nudity-pb-1118852
#819 200 0.303s [collection_page] https://www.myfonts.com/collections/nudity-pb-font-pink-broccoli/
#820 200 0.583s [product_page] https://www.myfonts.com/products/bold-oblique-bolera-1118444
#821 200 0.380s [collection_page] https://www.myfonts.com/collections/bolera-font-piscotype/
#822 200 1.122s [product_page] https://www.myfonts.com/products/black-expanded-slant-anglica-1118781
#823 200 0.371s [collection_page] https://www.myfonts.com/collections/anglica-font-pista-mova/
#824 200 0.710s [product_page] https://www.myfonts.com/products/regular-standard-khaos-1118477
#825 200 0.331s [collection_page] https://www.myfonts.com/collections/khaos-font-fontbilisi/
#826 200 1.112s [product_page] https://www.myfonts.com/products/extra-bold-compressed-italic-flova-1118252
#827 200 0.410s [collection_page] https://www.myfonts.com/collections/flova-font-slex-studio/
#828 200 0.553s [product_page] https://www.myfonts.com/products/extrude-regular-master-righinta-1118228
#829 200 0.308s [collection_page] https://www.myfonts.com/collections/master-righinta-font-tm-type/
#830 200 0.650s [product_page] https://www.myfonts.com/products/semi-bold-oblique-bolera-1118442
#831 200 0.308s [collection_page] https://www.myfonts.com/collections/bolera-font-piscotype/
#832 200 1.181s [product_page] https://www.myfonts.com/products/semi-bold-ultra-expa-slant-anglica-1118756
#833 200 0.302s [collection_page] https://www.myfonts.com/collections/anglica-font-pista-mova/
#834 200 0.627s [product_page] https://www.myfonts.com/products/jump-wonder-hand-pencil-1118459
#835 200 0.310s [collection_page] https://www.myfonts.com/collections/wonder-hand-pencil-font-typographicdesign/
#836 200 0.694s [product_page] https://www.myfonts.com/products/bold-slanted-mizhon-flare-1118584
#837 200 0.283s [collection_page] https://www.myfonts.com/collections/mizhon-flare-font-skinny-type/
#838 200 0.796s [product_page] https://www.myfonts.com/products/extra-bold-expanded-jewerly-beyon-1118847
#839 200 0.372s [collection_page] https://www.myfonts.com/collections/jewerly-beyon-font-luhop-creative/
#840 200 0.597s [product_page] https://www.myfonts.com/products/display-oblique-bolera-1118452
#841 200 0.970s [collection_page] https://www.myfonts.com/collections/bolera-font-piscotype/
#842 200 1.071s [product_page] https://www.myfonts.com/products/black-ultra-expa-anglica-1118738
#843 200 0.374s [collection_page] https://www.myfonts.com/collections/anglica-font-pista-mova/
#844 200 3.102s [product_page] https://www.myfonts.com/products/light-oblique-bolera-1118435
#845 200 1.737s [collection_page] https://www.myfonts.com/collections/bolera-font-piscotype/
#846 200 1.532s [product_page] https://www.myfonts.com/products/heavy-mizhon-sans-1118571
#847 200 0.932s [collection_page] https://www.myfonts.com/collections/mizhon-sans-font-skinny-type/
#848 200 1.549s [product_page] https://www.myfonts.com/products/extra-bold-ultra-expa-anglica-1118731
#849 200 0.489s [collection_page] https://www.myfonts.com/collections/anglica-font-pista-mova/
#850 200 0.780s [product_page] https://www.myfonts.com/products/light-bolera-1118434
#851 200 0.509s [collection_page] https://www.myfonts.com/collections/bolera-font-piscotype/
#852 200 1.215s [product_page] https://www.myfonts.com/products/medium-semi-condensed-italic-quenova-1117982
#853 200 0.457s [collection_page] https://www.myfonts.com/collections/quenova-font-kaidosan/
#854 200 1.006s [product_page] https://www.myfonts.com/products/extra-bold-noverion-slab-1118172
#855 200 0.441s [collection_page] https://www.myfonts.com/collections/noverion-slab-font-typehill-studio/
#856 200 0.846s [product_page] https://www.myfonts.com/products/black-semi-expanded-jewerly-beyon-1118839
#857 200 0.433s [collection_page] https://www.myfonts.com/collections/jewerly-beyon-font-luhop-creative/
#858 200 0.661s [product_page] https://www.myfonts.com/products/nailong-script-regular-nailong-lifemore-1118552
#859 200 0.431s [collection_page] https://www.myfonts.com/collections/nailong-lifemore-font-anaya-studio/
#860 200 1.164s [product_page] https://www.myfonts.com/products/thin-condensed-italic-quenova-1117957
#861 200 0.333s [collection_page] https://www.myfonts.com/collections/quenova-font-kaidosan/
#862 200 1.138s [product_page] https://www.myfonts.com/products/medium-semi-expa-slant-anglica-1118713
#863 200 0.368s [collection_page] https://www.myfonts.com/collections/anglica-font-pista-mova/
#864 200 0.744s [product_page] https://www.myfonts.com/products/semi-bold-expanded-jewerly-beyon-1118845
#865 200 0.371s [collection_page] https://www.myfonts.com/collections/jewerly-beyon-font-luhop-creative/
#866 200 1.258s [product_page] https://www.myfonts.com/products/light-semi-condensed-italic-quenova-1117978
#867 200 0.406s [collection_page] https://www.myfonts.com/collections/quenova-font-kaidosan/
#868 200 0.550s [product_page] https://www.myfonts.com/products/semi-condensed-the-musa-editorial-1118527
#869 200 0.386s [collection_page] https://www.myfonts.com/collections/the-musa-editorial-font-romie-creative/
#870 200 1.248s [product_page] https://www.myfonts.com/products/light-semi-expa-anglica-1118686
#871 200 0.365s [collection_page] https://www.myfonts.com/collections/anglica-font-pista-mova/
#872 200 0.892s [product_page] https://www.myfonts.com/products/bold-noverion-slab-1118170
#873 200 0.399s [collection_page] https://www.myfonts.com/collections/noverion-slab-font-typehill-studio/
#874 200 0.758s [product_page] https://www.myfonts.com/products/medium-jewerly-beyon-1118826
#875 200 0.346s [collection_page] https://www.myfonts.com/collections/jewerly-beyon-font-luhop-creative/
#876 200 1.070s [product_page] https://www.myfonts.com/products/extra-bold-ultra-condensed-quenova-1117936
#877 200 0.342s [collection_page] https://www.myfonts.com/collections/quenova-font-kaidosan/
#878 200 2.132s [product_page] https://www.myfonts.com/products/extra-light-anglica-1118667
#879 200 0.323s [collection_page] https://www.myfonts.com/collections/anglica-font-pista-mova/
#880 200 0.519s [product_page] https://www.myfonts.com/products/display-regular-business-serif-1118518
#881 200 0.717s [collection_page] https://www.myfonts.com/collections/business-serif-font-pizzatypefaces/
#882 200 1.045s [product_page] https://www.myfonts.com/products/ultra-condensed-quenova-1117929
#883 200 0.274s [collection_page] https://www.myfonts.com/collections/quenova-font-kaidosan/
#884 200 0.836s [product_page] https://www.myfonts.com/products/semi-bold-semi-condensed-jewerly-beyon-1118818
#885 200 0.353s [collection_page] https://www.myfonts.com/collections/jewerly-beyon-font-luhop-creative/
#886 200 1.031s [product_page] https://www.myfonts.com/products/light-condensed-italic-quenova-1117961
#887 200 0.360s [collection_page] https://www.myfonts.com/collections/quenova-font-kaidosan/
#888 200 1.013s [product_page] https://www.myfonts.com/products/thin-semi-expa-anglica-1118659
#889 200 0.404s [collection_page] https://www.myfonts.com/collections/anglica-font-pista-mova/
#890 200 0.684s [product_page] https://www.myfonts.com/products/heart-wonder-hand-pencil-1118458
#891 200 0.329s [collection_page] https://www.myfonts.com/collections/wonder-hand-pencil-font-typographicdesign/
#892 200 0.752s [product_page] https://www.myfonts.com/products/light-jewerly-beyon-1118824
#893 200 0.374s [collection_page] https://www.myfonts.com/collections/jewerly-beyon-font-luhop-creative/
#894 200 0.777s [product_page] https://www.myfonts.com/products/extra-bold-slanted-condensed-noverion-slab-1118155
#895 200 0.436s [collection_page] https://www.myfonts.com/collections/noverion-slab-font-typehill-studio/
#896 200 0.604s [product_page] https://www.myfonts.com/products/black-shansio-1117874
#897 200 0.330s [collection_page] https://www.myfonts.com/collections/shansio-font-graphicxell/
#898 200 0.733s [product_page] https://www.myfonts.com/products/extra-black-bolera-1118449
#899 200 0.350s [collection_page] https://www.myfonts.com/collections/bolera-font-piscotype/
#900 200 1.112s [product_page] https://www.myfonts.com/products/black-ultra-condensed-slant-anglica-1118641
#901 200 0.364s [collection_page] https://www.myfonts.com/collections/anglica-font-pista-mova/
#902 200 0.947s [product_page] https://www.myfonts.com/products/light-extra-condensed-quenova-1117941
#903 200 0.326s [collection_page] https://www.myfonts.com/collections/quenova-font-kaidosan/
#904 200 0.933s [product_page] https://www.myfonts.com/products/medium-extended-flova-1118308
#905 200 0.369s [collection_page] https://www.myfonts.com/collections/flova-font-slex-studio/
#906 200 0.963s [product_page] https://www.myfonts.com/products/extra-bold-condensed-jewerly-beyon-1118811
#907 200 0.323s [collection_page] https://www.myfonts.com/collections/jewerly-beyon-font-luhop-creative/
#908 200 2.717s [product_page] https://www.myfonts.com/products/extra-bold-semi-expanded-oblique-readant-1118415
#909 200 0.593s [collection_page] https://www.myfonts.com/collections/readant-font-rastype-studio/
#910 200 0.767s [product_page] https://www.myfonts.com/products/semi-bold-condensed-jewerly-beyon-1118809
#911 200 0.409s [collection_page] https://www.myfonts.com/collections/jewerly-beyon-font-luhop-creative/
#912 200 1.070s [product_page] https://www.myfonts.com/products/condensed-anglica-1118616
#913 200 0.357s [collection_page] https://www.myfonts.com/collections/anglica-font-pista-mova/
#914 200 0.882s [product_page] https://www.myfonts.com/products/black-italic-flova-1118290
#915 200 0.454s [collection_page] https://www.myfonts.com/collections/flova-font-slex-studio/
#916 200 0.607s [product_page] https://www.myfonts.com/products/script-hidden-route-1118125
#917 200 0.345s [collection_page] https://www.myfonts.com/collections/hidden-route-font-letterhend/
#918 200 0.600s [product_page] https://www.myfonts.com/products/condensed-bold-gothig-round-1118381
#919 200 0.401s [collection_page] https://www.myfonts.com/collections/gothig-round-font-studio-jaso/
#920 200 1.023s [product_page] https://www.myfonts.com/products/thin-ultra-condensed-quenova-1117924
#921 200 0.634s [collection_page] https://www.myfonts.com/collections/quenova-font-kaidosan/
#922 200 0.726s [product_page] https://www.myfonts.com/products/roman-expanded-jewerly-beyon-1118843
#923 200 0.368s [collection_page] https://www.myfonts.com/collections/jewerly-beyon-font-luhop-creative/
#924 200 1.043s [product_page] https://www.myfonts.com/products/medium-ultra-expa-slant-anglica-1118755
#925 200 0.285s [collection_page] https://www.myfonts.com/collections/anglica-font-pista-mova/
#926 200 0.642s [product_page] https://www.myfonts.com/products/outline-outline-fox-nibble-1118422
#927 200 0.506s [collection_page] https://www.myfonts.com/collections/fox-nibble-font-fox7/
#928 200 0.505s [product_page] https://www.myfonts.com/products/regular-veltoraz-1118225
#929 200 0.454s [collection_page] https://www.myfonts.com/collections/veltoraz-font-canden-meutuah/
#930 200 1.187s [product_page] https://www.myfonts.com/products/bold-expanded-anglica-1118776
#931 200 0.297s [collection_page] https://www.myfonts.com/collections/anglica-font-pista-mova/
#932 200 0.581s [product_page] https://www.myfonts.com/products/heavy-mizhon-flare-1118587
#933 200 0.267s [collection_page] https://www.myfonts.com/collections/mizhon-flare-font-skinny-type/
#934 200 0.485s [product_page] https://www.myfonts.com/products/outline-mojian-1118133
#935 200 0.681s [collection_page] https://www.myfonts.com/collections/mojian-font-wildan-carfont/
#936 200 0.568s [product_page] https://www.myfonts.com/products/bold-italic-rucent-1118093
#937 200 0.336s [collection_page] https://www.myfonts.com/collections/rucent-font-vermilione/
#938 200 0.473s [product_page] https://www.myfonts.com/products/shadow-shadow-fox-nibble-1118421
#939 200 0.325s [collection_page] https://www.myfonts.com/collections/fox-nibble-font-fox7/
#940 200 0.539s [product_page] https://www.myfonts.com/products/regular-fox-nibble-1118419
#941 200 0.398s [collection_page] https://www.myfonts.com/collections/fox-nibble-font-fox7/
#942 200 0.519s [product_page] https://www.myfonts.com/products/bold-shansio-1117870
#943 200 0.373s [collection_page] https://www.myfonts.com/collections/shansio-font-graphicxell/
#944 200 0.693s [product_page] https://www.myfonts.com/products/light-semi-condensed-jewerly-beyon-1118815
#945 200 0.367s [collection_page] https://www.myfonts.com/collections/jewerly-beyon-font-luhop-creative/
#946 200 0.603s [product_page] https://www.myfonts.com/products/regular-it-malstryne-1118077
#947 200 0.379s [collection_page] https://www.myfonts.com/collections/it-malstryne-font-creatifont-studio/
#948 200 0.919s [product_page] https://www.myfonts.com/products/semi-bold-flova-1118283
#949 200 0.353s [collection_page] https://www.myfonts.com/collections/flova-font-slex-studio/
#950 200 0.789s [product_page] https://www.myfonts.com/products/extra-light-expanded-jewerly-beyon-1118841
#951 200 0.311s [collection_page] https://www.myfonts.com/collections/jewerly-beyon-font-luhop-creative/
#952 200 0.553s [product_page] https://www.myfonts.com/products/bold-l-gl-parla-1118401
#953 200 0.367s [collection_page] https://www.myfonts.com/collections/gl-parla-font-fontbilisi/
#954 200 0.613s [product_page] https://www.myfonts.com/products/regular-rucent-1118086
#955 200 0.298s [collection_page] https://www.myfonts.com/collections/rucent-font-vermilione/
#956 200 0.528s [product_page] https://www.myfonts.com/products/heavy-slanted-mizhon-sans-1118572
#957 200 0.353s [collection_page] https://www.myfonts.com/collections/mizhon-sans-font-skinny-type/
#958 200 1.281s [product_page] https://www.myfonts.com/products/extra-expa-slant-anglica-1118753
#959 200 0.330s [collection_page] https://www.myfonts.com/collections/anglica-font-pista-mova/
#960 200 1.047s [product_page] https://www.myfonts.com/products/semi-bold-expanded-anglica-1118774
#961 200 0.261s [collection_page] https://www.myfonts.com/collections/anglica-font-pista-mova/
#962 200 0.384s [product_page] https://www.myfonts.com/products/three-calavera-1118791
#963 200 0.348s [collection_page] https://www.myfonts.com/collections/calavera-font-cocijotype/
#964 200 0.794s [product_page] https://www.myfonts.com/products/roman-condensed-jewerly-beyon-1118807
#965 200 0.382s [collection_page] https://www.myfonts.com/collections/jewerly-beyon-font-luhop-creative/
#966 200 0.717s [product_page] https://www.myfonts.com/products/regular-monobran-1118121
#967 200 0.374s [collection_page] https://www.myfonts.com/collections/monobran-font-snapedsgn/
#968 200 0.729s [product_page] https://www.myfonts.com/products/bold-expanded-jewerly-beyon-1118846
#969 200 0.387s [collection_page] https://www.myfonts.com/collections/jewerly-beyon-font-luhop-creative/
#970 200 2.006s [product_page] https://www.myfonts.com/products/black-extra-expanded-italic-quenova-1118058
#971 200 0.291s [collection_page] https://www.myfonts.com/collections/quenova-font-kaidosan/
#972 200 1.120s [product_page] https://www.myfonts.com/products/black-anglica-1118740
#973 200 0.319s [collection_page] https://www.myfonts.com/collections/anglica-font-pista-mova/
#974 200 0.951s [product_page] https://www.myfonts.com/products/semi-bold-condensed-flova-1118265
#975 200 0.373s [collection_page] https://www.myfonts.com/collections/flova-font-slex-studio/
#976 200 0.551s [product_page] https://www.myfonts.com/products/regular-centive-1118782
#977 200 0.492s [collection_page] https://www.myfonts.com/collections/centive-font-ronny-studio/
#978 200 1.146s [product_page] https://www.myfonts.com/products/extra-light-ultra-expa-slant-anglica-1118748
#979 200 0.322s [collection_page] https://www.myfonts.com/collections/anglica-font-pista-mova/
#980 200 1.241s [product_page] https://www.myfonts.com/products/extra-light-expanded-slant-anglica-1118767
#981 200 0.284s [collection_page] https://www.myfonts.com/collections/anglica-font-pista-mova/
#982 200 0.872s [product_page] https://www.myfonts.com/products/semi-bold-extended-flova-1118312
#983 200 0.373s [collection_page] https://www.myfonts.com/collections/flova-font-slex-studio/
#984 200 0.508s [product_page] https://www.myfonts.com/products/regular-mojian-1118132
#985 200 0.430s [collection_page] https://www.myfonts.com/collections/mojian-font-wildan-carfont/
#986 200 0.950s [product_page] https://www.myfonts.com/products/extra-light-compressed-italic-flova-1118240
#987 200 0.311s [collection_page] https://www.myfonts.com/collections/flova-font-slex-studio/
#988 200 1.232s [product_page] https://www.myfonts.com/products/bold-extra-condensed-anglica-1118727
#989 200 0.475s [collection_page] https://www.myfonts.com/collections/anglica-font-pista-mova/
#990 200 1.054s [product_page] https://www.myfonts.com/products/thin-expanded-quenova-1118024
#991 200 0.304s [collection_page] https://www.myfonts.com/collections/quenova-font-kaidosan/
#992 200 0.622s [product_page] https://www.myfonts.com/products/italic-rucent-1118087
#993 200 0.345s [collection_page] https://www.myfonts.com/collections/rucent-font-vermilione/
#994 200 1.057s [product_page] https://www.myfonts.com/products/bold-ultra-expa-slant-anglica-1118759
#995 200 0.359s [collection_page] https://www.myfonts.com/collections/anglica-font-pista-mova/
#996 200 0.903s [product_page] https://www.myfonts.com/products/extra-light-expanded-flova-1118295
#997 200 0.532s [collection_page] https://www.myfonts.com/collections/flova-font-slex-studio/
#998 200 1.141s [product_page] https://www.myfonts.com/products/extra-light-expanded-anglica-1118766
#999 200 0.281s [collection_page] https://www.myfonts.com/collections/anglica-font-pista-mova/
#1000 200 0.811s [product_page] https://www.myfonts.com/products/bold-condensed-jewerly-beyon-1118810
#1001 200 0.920s [collection_page] https://www.myfonts.com/collections/jewerly-beyon-font-luhop-creative/
candidate cap reached -> stop
=== Summary ===
elapsed_sec=779.14
total_requests=1001
candidates_checked=500
counts={'products_json': 2, 'product_page': 500, 'collection_page': 499, 'other': 0}
status_counts={200: 1001}
first_429=None
log_file=state/myfonts_429_diag_20260307_211027.log
