[2026-03-08T16:14:23Z] === MyFonts crawl start source=myfonts ===
[2026-03-08T16:14:23Z] config max_pages=80 page_size=100 start_date=None end_date=None api_delay=0.25s detail_delay=0.2s max_debut_checks=600 max_tech_specs_checks=40 reuse_success_profile=True always_enrich_packages=True browser_mode=True browser_headless=True browser_storage_state_path=state/myfonts_storage_state.json
[2026-03-08T16:14:24Z] browser_client=failed transport=requests reason=BrowserType.launch: Target page, context or browser has been closed
Browser logs:

<launching> /Users/pda/Library/Caches/ms-playwright/chromium_headless_shell-1208/chrome-headless-shell-mac-arm64/chrome-headless-shell --disable-field-trial-config --disable-background-networking --disable-background-timer-throttling --disable-backgrounding-occluded-windows --disable-back-forward-cache --disable-breakpad --disable-client-side-phishing-detection --disable-component-extensions-with-background-pages --disable-component-update --no-default-browser-check --disable-default-apps --disable-dev-shm-usage --disable-extensions --disable-features=AvoidUnnecessaryBeforeUnloadCheckSync,BoundaryEventDispatchTracksNodeRemoval,DestroyProfileOnBrowserClose,DialMediaRouteProvider,GlobalMediaControls,HttpsUpgrades,LensOverlay,MediaRouter,PaintHolding,ThirdPartyStoragePartitioning,Translate,AutoDeElevate,RenderDocument,OptimizationHints --enable-features=CDPScreenshotNewSurface --allow-pre-commit-input --disable-hang-monitor --disable-ipc-flooding-protection --disable-popup-blocking --disable-prompt-on-repost --disable-renderer-backgrounding --force-color-profile=srgb --metrics-recording-only --no-first-run --password-store=basic --use-mock-keychain --no-service-autorun --export-tagged-pdf --disable-search-engine-choice-screen --unsafely-disable-devtools-self-xss-warnings --edge-skip-compat-layer-relaunch --enable-automation --disable-infobars --disable-search-engine-choice-screen --disable-sync --enable-unsafe-swiftshader --headless --hide-scrollbars --mute-audio --blink-settings=primaryHoverType=2,availableHoverTypes=2,primaryPointerType=4,availablePointerTypes=4 --no-sandbox --user-data-dir=/var/folders/9b/x4zbyjgs73xg9w12jpq7b7xj5gmlxg/T/playwright_chromiumdev_profile-KJSH0H --remote-debugging-pipe --no-startup-window
<launched> pid=42543
[pid=42543][err] [0308/231423.958652:ERROR:base/power_monitor/thermal_state_observer_mac.mm:140] ThermalStateObserverMac unable to register to power notifications. Result: 9
[pid=42543][err] [0308/231423.970009:ERROR:net/dns/dns_config_service_posix.cc:138] DNS config watch failed to start.
[pid=42543][err] [0308/231423.972514:WARNING:net/dns/dns_config_service_posix.cc:197] Failed to read DnsConfig.
[pid=42543][err] [0308/231423.976029:FATAL:base/apple/mach_port_rendezvous_mac.cc:155] Check failed: kr == KERN_SUCCESS. bootstrap_check_in org.chromium.Chromium.MachPortRendezvousServer.42543: Permission denied (1100)
Call log:
  - <launching> /Users/pda/Library/Caches/ms-playwright/chromium_headless_shell-1208/chrome-headless-shell-mac-arm64/chrome-headless-shell --disable-field-trial-config --disable-background-networking --disable-background-timer-throttling --disable-backgrounding-occluded-windows --disable-back-forward-cache --disable-breakpad --disable-client-side-phishing-detection --disable-component-extensions-with-background-pages --disable-component-update --no-default-browser-check --disable-default-apps --disable-dev-shm-usage --disable-extensions --disable-features=AvoidUnnecessaryBeforeUnloadCheckSync,BoundaryEventDispatchTracksNodeRemoval,DestroyProfileOnBrowserClose,DialMediaRouteProvider,GlobalMediaControls,HttpsUpgrades,LensOverlay,MediaRouter,PaintHolding,ThirdPartyStoragePartitioning,Translate,AutoDeElevate,RenderDocument,OptimizationHints --enable-features=CDPScreenshotNewSurface --allow-pre-commit-input --disable-hang-monitor --disable-ipc-flooding-protection --disable-popup-blocking --disable-prompt-on-repost --disable-renderer-backgrounding --force-color-profile=srgb --metrics-recording-only --no-first-run --password-store=basic --use-mock-keychain --no-service-autorun --export-tagged-pdf --disable-search-engine-choice-screen --unsafely-disable-devtools-self-xss-warnings --edge-skip-compat-layer-relaunch --enable-automation --disable-infobars --disable-search-engine-choice-screen --disable-sync --enable-unsafe-swiftshader --headless --hide-scrollbars --mute-audio --blink-settings=primaryHoverType=2,availableHoverTypes=2,primaryPointerType=4,availablePointerTypes=4 --no-sandbox --user-data-dir=/var/folders/9b/x4zbyjgs73xg9w12jpq7b7xj5gmlxg/T/playwright_chromiumdev_profile-KJSH0H --remote-debugging-pipe --no-startup-window
  - <launched> pid=42543
  - [pid=42543][err] [0308/231423.958652:ERROR:base/power_monitor/thermal_state_observer_mac.mm:140] ThermalStateObserverMac unable to register to power notifications. Result: 9
  - [pid=42543][err] [0308/231423.970009:ERROR:net/dns/dns_config_service_posix.cc:138] DNS config watch failed to start.
  - [pid=42543][err] [0308/231423.972514:WARNING:net/dns/dns_config_service_posix.cc:197] Failed to read DnsConfig.
  - [pid=42543][err] [0308/231423.976029:FATAL:base/apple/mach_port_rendezvous_mac.cc:155] Check failed: kr == KERN_SUCCESS. bootstrap_check_in org.chromium.Chromium.MachPortRendezvousServer.42543: Permission denied (1100)
  - [pid=42543] <gracefully close start>
  - [pid=42543] <kill>
  - [pid=42543] <will force kill>
  - [pid=42543] exception while trying to kill process: Error: kill EPERM
  - [pid=42543] <process did exit: exitCode=null, signal=SIGTRAP>
  - [pid=42543] starting temporary directories cleanup
  - [pid=42543] finished temporary directories cleanup
  - [pid=42543] <gracefully close end>

