[2026-03-08T15:07:39Z] === MyFonts crawl start source=myfonts ===
[2026-03-08T15:07:39Z] config max_pages=6 page_size=250 start_date=None end_date=None api_delay=0.25s detail_delay=0.2s
[2026-03-08T15:07:42Z] #1 attempt=1/6 status=200 2.863s url=https://www.myfonts.com/products.json?limit=250&page=1
[2026-03-08T15:07:42Z] #2 attempt=1/6 status=200 0.295s url=https://www.myfonts.com/products/brush-italic-volga-1118899
[2026-03-08T15:07:43Z] #3 attempt=1/6 status=200 0.395s url=https://www.myfonts.com/collections/volga-font-alpercakici/
[2026-03-08T15:07:44Z] #4 attempt=1/6 status=200 0.269s url=https://www.myfonts.com/products/wildforest-complete-family-package-1118857
[2026-03-08T15:07:45Z] #5 attempt=1/6 status=200 0.818s url=https://www.myfonts.com/collections/wildforest-font-enfeeltype/
[2026-03-08T15:07:46Z] #6 attempt=1/6 status=200 0.339s url=https://www.myfonts.com/products/contraption-complete-family-package-1118855
[2026-03-08T15:07:47Z] #7 attempt=1/6 status=200 0.858s url=https://www.myfonts.com/collections/contraption-font-pink-broccoli/
[2026-03-08T15:07:48Z] #8 attempt=1/6 status=200 0.521s url=https://www.myfonts.com/products/meltaface-complete-family-package-1118853
[2026-03-08T15:07:49Z] #9 attempt=1/6 status=200 0.559s url=https://www.myfonts.com/collections/meltaface-font-stacy-rodrigos/
[2026-03-08T15:07:49Z] #10 attempt=1/6 status=200 0.525s url=https://www.myfonts.com/products/regular-giaza-1118878
[2026-03-08T15:07:50Z] #11 attempt=1/6 status=200 0.399s url=https://www.myfonts.com/collections/giaza-font-anthony-james/
[2026-03-08T15:07:51Z] #12 attempt=1/6 status=200 0.519s url=https://www.myfonts.com/products/italic-proscenium-1118334
[2026-03-08T15:07:53Z] #13 attempt=1/6 status=200 1.322s url=https://www.myfonts.com/collections/proscenium-font-wings-art-studio/
[2026-03-08T15:07:54Z] #14 attempt=1/6 status=200 0.658s url=https://www.myfonts.com/products/roman-variable-jewerly-beyon-1118803
[2026-03-08T15:07:55Z] #15 attempt=1/6 status=200 1.092s url=https://www.myfonts.com/collections/jewerly-beyon-font-luhop-creative/
[2026-03-08T15:07:56Z] #16 attempt=1/6 status=200 0.617s url=https://www.myfonts.com/products/mizhon-sans-complete-family-package-1118559
[2026-03-08T15:07:56Z] #17 attempt=1/6 status=429 0.121s url=https://www.myfonts.com/collections/mizhon-sans-font-skinny-type/
[2026-03-08T15:07:56Z] first_429 req=17 url=https://www.myfonts.com/collections/mizhon-sans-font-skinny-type/
[2026-03-08T15:07:59Z] #18 attempt=2/6 status=429 0.440s url=https://www.myfonts.com/collections/mizhon-sans-font-skinny-type/
[2026-03-08T15:08:05Z] #19 attempt=3/6 status=429 0.375s url=https://www.myfonts.com/collections/mizhon-sans-font-skinny-type/
[2026-03-08T15:08:13Z] #20 attempt=4/6 status=429 0.488s url=https://www.myfonts.com/collections/mizhon-sans-font-skinny-type/
[2026-03-08T15:08:25Z] #21 attempt=5/6 status=429 0.576s url=https://www.myfonts.com/collections/mizhon-sans-font-skinny-type/
[2026-03-08T15:08:40Z] #22 attempt=6/6 status=429 0.560s url=https://www.myfonts.com/collections/mizhon-sans-font-skinny-type/
[2026-03-08T15:08:57Z] max_retries_exhausted url=https://www.myfonts.com/collections/mizhon-sans-font-skinny-type/
[2026-03-08T15:08:58Z] #23 attempt=1/6 status=429 0.510s url=https://www.myfonts.com/products/the-musa-editorial-complete-family-package-1118520
[2026-03-08T15:09:00Z] #24 attempt=2/6 status=429 0.406s url=https://www.myfonts.com/products/the-musa-editorial-complete-family-package-1118520
[2026-03-08T15:09:06Z] #25 attempt=3/6 status=429 0.422s url=https://www.myfonts.com/products/the-musa-editorial-complete-family-package-1118520
[2026-03-08T15:09:15Z] #26 attempt=4/6 status=429 0.434s url=https://www.myfonts.com/products/the-musa-editorial-complete-family-package-1118520
[2026-03-08T15:09:26Z] #27 attempt=5/6 status=429 0.486s url=https://www.myfonts.com/products/the-musa-editorial-complete-family-package-1118520
[2026-03-08T15:09:41Z] #28 attempt=6/6 status=429 0.469s url=https://www.myfonts.com/products/the-musa-editorial-complete-family-package-1118520
[2026-03-08T15:09:58Z] max_retries_exhausted url=https://www.myfonts.com/products/the-musa-editorial-complete-family-package-1118520
[2026-03-08T15:09:59Z] #29 attempt=1/6 status=429 0.429s url=https://www.myfonts.com/products/quenova-complete-family-package-1117920
[2026-03-08T15:10:01Z] #30 attempt=2/6 status=429 0.598s url=https://www.myfonts.com/products/quenova-complete-family-package-1117920
[2026-03-08T15:10:07Z] #31 attempt=3/6 status=429 0.372s url=https://www.myfonts.com/products/quenova-complete-family-package-1117920
[2026-03-08T15:10:16Z] #32 attempt=4/6 status=429 0.545s url=https://www.myfonts.com/products/quenova-complete-family-package-1117920
[2026-03-08T15:10:27Z] #33 attempt=5/6 status=429 0.527s url=https://www.myfonts.com/products/quenova-complete-family-package-1117920
[2026-03-08T15:10:42Z] #34 attempt=6/6 status=429 0.624s url=https://www.myfonts.com/products/quenova-complete-family-package-1117920
[2026-03-08T15:10:59Z] max_retries_exhausted url=https://www.myfonts.com/products/quenova-complete-family-package-1117920
[2026-03-08T15:11:00Z] #35 attempt=1/6 status=429 0.446s url=https://www.myfonts.com/products/semi-expanded-package-1118408
[2026-03-08T15:11:03Z] #36 attempt=2/6 status=429 0.468s url=https://www.myfonts.com/products/semi-expanded-package-1118408
[2026-03-08T15:11:08Z] #37 attempt=3/6 status=429 0.392s url=https://www.myfonts.com/products/semi-expanded-package-1118408
[2026-03-08T15:11:17Z] #38 attempt=4/6 status=429 0.351s url=https://www.myfonts.com/products/semi-expanded-package-1118408
[2026-03-08T15:11:29Z] #39 attempt=5/6 status=429 0.546s url=https://www.myfonts.com/products/semi-expanded-package-1118408
[2026-03-08T15:11:43Z] #40 attempt=6/6 status=429 0.373s url=https://www.myfonts.com/products/semi-expanded-package-1118408
[2026-03-08T15:12:00Z] max_retries_exhausted url=https://www.myfonts.com/products/semi-expanded-package-1118408
[2026-03-08T15:12:01Z] #41 attempt=1/6 status=429 0.502s url=https://www.myfonts.com/products/master-righinta-complete-family-package-1118226
[2026-03-08T15:12:03Z] #42 attempt=2/6 status=429 0.355s url=https://www.myfonts.com/products/master-righinta-complete-family-package-1118226
[2026-03-08T15:12:09Z] #43 attempt=3/6 status=429 0.354s url=https://www.myfonts.com/products/master-righinta-complete-family-package-1118226
[2026-03-08T15:12:18Z] #44 attempt=4/6 status=429 0.435s url=https://www.myfonts.com/products/master-righinta-complete-family-package-1118226
[2026-03-08T15:12:30Z] #45 attempt=5/6 status=429 0.882s url=https://www.myfonts.com/products/master-righinta-complete-family-package-1118226
[2026-03-08T15:12:44Z] #46 attempt=6/6 status=429 0.368s url=https://www.myfonts.com/products/master-righinta-complete-family-package-1118226
[2026-03-08T15:13:01Z] max_retries_exhausted url=https://www.myfonts.com/products/master-righinta-complete-family-package-1118226
[2026-03-08T15:13:02Z] #47 attempt=1/6 status=429 0.943s url=https://www.myfonts.com/products/sefalio-complete-family-package-1118116
[2026-03-08T15:13:05Z] #48 attempt=2/6 status=429 0.481s url=https://www.myfonts.com/products/sefalio-complete-family-package-1118116
[2026-03-08T15:13:11Z] #49 attempt=3/6 status=429 0.418s url=https://www.myfonts.com/products/sefalio-complete-family-package-1118116
[2026-03-08T15:13:19Z] #50 attempt=4/6 status=429 0.370s url=https://www.myfonts.com/products/sefalio-complete-family-package-1118116
[2026-03-08T15:13:31Z] #51 attempt=5/6 status=429 0.642s url=https://www.myfonts.com/products/sefalio-complete-family-package-1118116
[2026-03-08T15:13:46Z] #52 attempt=6/6 status=429 0.505s url=https://www.myfonts.com/products/sefalio-complete-family-package-1118116
[2026-03-08T15:14:03Z] max_retries_exhausted url=https://www.myfonts.com/products/sefalio-complete-family-package-1118116
[2026-03-08T15:14:03Z] #53 attempt=1/6 status=429 0.323s url=https://www.myfonts.com/products/alesteny-pojharu-complete-family-package-1118098
[2026-03-08T15:14:06Z] #54 attempt=2/6 status=429 0.314s url=https://www.myfonts.com/products/alesteny-pojharu-complete-family-package-1118098
[2026-03-08T15:14:12Z] #55 attempt=3/6 status=429 0.432s url=https://www.myfonts.com/products/alesteny-pojharu-complete-family-package-1118098
[2026-03-08T15:14:20Z] #56 attempt=4/6 status=429 0.451s url=https://www.myfonts.com/products/alesteny-pojharu-complete-family-package-1118098
[2026-03-08T15:14:32Z] #57 attempt=5/6 status=429 0.517s url=https://www.myfonts.com/products/alesteny-pojharu-complete-family-package-1118098
[2026-03-08T15:14:47Z] #58 attempt=6/6 status=429 0.456s url=https://www.myfonts.com/products/alesteny-pojharu-complete-family-package-1118098
[2026-03-08T15:15:04Z] max_retries_exhausted url=https://www.myfonts.com/products/alesteny-pojharu-complete-family-package-1118098
[2026-03-08T15:15:04Z] #59 attempt=1/6 status=429 0.622s url=https://www.myfonts.com/products/upright-package-1118589
[2026-03-08T15:15:07Z] #60 attempt=2/6 status=429 0.412s url=https://www.myfonts.com/products/upright-package-1118589
[2026-03-08T15:15:13Z] #61 attempt=3/6 status=429 0.393s url=https://www.myfonts.com/products/upright-package-1118589
[2026-03-08T15:15:21Z] #62 attempt=4/6 status=429 0.495s url=https://www.myfonts.com/products/upright-package-1118589
[2026-03-08T15:15:33Z] #63 attempt=5/6 status=429 0.420s url=https://www.myfonts.com/products/upright-package-1118589
[2026-03-08T15:15:48Z] #64 attempt=6/6 status=429 0.741s url=https://www.myfonts.com/products/upright-package-1118589
[2026-03-08T15:16:05Z] max_retries_exhausted url=https://www.myfonts.com/products/upright-package-1118589
[2026-03-08T15:16:06Z] #65 attempt=1/6 status=429 0.617s url=https://www.myfonts.com/products/foliant-serif-complete-family-package-1118592
[2026-03-08T15:16:09Z] #66 attempt=2/6 status=429 0.553s url=https://www.myfonts.com/products/foliant-serif-complete-family-package-1118592
[2026-03-08T15:16:14Z] #67 attempt=3/6 status=429 0.510s url=https://www.myfonts.com/products/foliant-serif-complete-family-package-1118592
[2026-03-08T15:16:23Z] #68 attempt=4/6 status=429 0.439s url=https://www.myfonts.com/products/foliant-serif-complete-family-package-1118592
[2026-03-08T15:16:35Z] #69 attempt=5/6 status=429 0.521s url=https://www.myfonts.com/products/foliant-serif-complete-family-package-1118592
[2026-03-08T15:16:49Z] #70 attempt=6/6 status=429 0.352s url=https://www.myfonts.com/products/foliant-serif-complete-family-package-1118592
[2026-03-08T15:17:06Z] max_retries_exhausted url=https://www.myfonts.com/products/foliant-serif-complete-family-package-1118592
[2026-03-08T15:17:07Z] #71 attempt=1/6 status=429 0.492s url=https://www.myfonts.com/products/crone-complete-family-package-1118200
[2026-03-08T15:17:10Z] #72 attempt=2/6 status=429 0.417s url=https://www.myfonts.com/products/crone-complete-family-package-1118200
[2026-03-08T15:17:15Z] #73 attempt=3/6 status=429 0.385s url=https://www.myfonts.com/products/crone-complete-family-package-1118200
[2026-03-08T15:17:24Z] #74 attempt=4/6 status=429 0.376s url=https://www.myfonts.com/products/crone-complete-family-package-1118200
[2026-03-08T15:17:35Z] #75 attempt=5/6 status=429 0.525s url=https://www.myfonts.com/products/crone-complete-family-package-1118200
[2026-03-08T15:17:50Z] #76 attempt=6/6 status=429 0.354s url=https://www.myfonts.com/products/crone-complete-family-package-1118200
[2026-03-08T15:18:07Z] max_retries_exhausted url=https://www.myfonts.com/products/crone-complete-family-package-1118200
[2026-03-08T15:18:08Z] #77 attempt=1/6 status=200 0.809s url=https://www.myfonts.com/products/bolera-complete-family-package-1118428
[2026-03-08T15:18:09Z] #78 attempt=1/6 status=200 0.729s url=https://www.myfonts.com/collections/bolera-font-piscotype/
[2026-03-08T15:18:10Z] #79 attempt=1/6 status=200 0.473s url=https://www.myfonts.com/products/west-wasteland-complete-family-package-1118487
[2026-03-08T15:18:10Z] #80 attempt=1/6 status=200 0.257s url=https://www.myfonts.com/collections/west-wasteland-font-vyantype-studio/
[2026-03-08T15:18:11Z] #81 attempt=1/6 status=200 0.321s url=https://www.myfonts.com/products/wonder-hand-pencil-icons-package-package-1118465
[2026-03-08T15:18:12Z] #82 attempt=1/6 status=200 0.814s url=https://www.myfonts.com/collections/wonder-hand-pencil-font-typographicdesign/
[2026-03-08T15:18:13Z] #83 attempt=1/6 status=200 0.310s url=https://www.myfonts.com/products/space-town-complete-family-package-1117876
[2026-03-08T15:18:13Z] #84 attempt=1/6 status=200 0.331s url=https://www.myfonts.com/collections/space-town-font-bale-type/
[2026-03-08T15:18:14Z] #85 attempt=1/6 status=200 0.545s url=https://www.myfonts.com/products/monobran-complete-family-package-1118120
[2026-03-08T15:18:15Z] #86 attempt=1/6 status=200 0.237s url=https://www.myfonts.com/collections/monobran-font-snapedsgn/
[2026-03-08T15:18:16Z] #87 attempt=1/6 status=200 0.658s url=https://www.myfonts.com/products/khaos-complete-family-package-1118472
[2026-03-08T15:18:17Z] #88 attempt=1/6 status=200 0.891s url=https://www.myfonts.com/collections/khaos-font-fontbilisi/
[2026-03-08T15:18:18Z] #89 attempt=1/6 status=200 0.221s url=https://www.myfonts.com/products/delice-pro-complete-family-package-1118126
[2026-03-08T15:18:18Z] #90 attempt=1/6 status=200 0.568s url=https://www.myfonts.com/collections/delice-pro-font-typostudio-pro/
[2026-03-08T15:18:19Z] #91 attempt=1/6 status=200 0.223s url=https://www.myfonts.com/products/westkind-complete-family-package-1118788
[2026-03-08T15:18:20Z] #92 attempt=1/6 status=200 0.421s url=https://www.myfonts.com/collections/westkind-font-timelesstype-studio/
[2026-03-08T15:18:20Z] #93 attempt=1/6 status=200 0.230s url=https://www.myfonts.com/products/tbj-margin-condensed-complete-family-package-1117893
[2026-03-08T15:18:21Z] #94 attempt=1/6 status=200 0.252s url=https://www.myfonts.com/collections/tbj-margin-condensed-font-taboja-studio/
[2026-03-08T15:18:21Z] #95 attempt=1/6 status=200 0.260s url=https://www.myfonts.com/products/ariex-nue-complete-family-package-1118203
[2026-03-08T15:18:22Z] #96 attempt=1/6 status=200 0.233s url=https://www.myfonts.com/collections/ariex-nue-font-webhance/
[2026-03-08T15:18:23Z] #97 attempt=1/6 status=200 0.401s url=https://www.myfonts.com/products/evahgelina-complete-family-package-1118497
[2026-03-08T15:18:23Z] #98 attempt=1/6 status=200 0.467s url=https://www.myfonts.com/collections/evahgelina-font-made-deduk/
[2026-03-08T15:18:24Z] #99 attempt=1/6 status=200 0.578s url=https://www.myfonts.com/products/trup-and-tomp-complete-family-package-1117890
[2026-03-08T15:18:25Z] #100 attempt=1/6 status=200 0.624s url=https://www.myfonts.com/collections/trup-and-tomp-font-angga-mahardika/
[2026-03-08T15:18:26Z] #101 attempt=1/6 status=200 0.427s url=https://www.myfonts.com/products/mc-segalecy-complete-family-package-1118506
[2026-03-08T15:18:27Z] #102 attempt=1/6 status=200 0.215s url=https://www.myfonts.com/collections/mc-segalecy-font-maulana-creative/
[2026-03-08T15:18:27Z] #103 attempt=1/6 status=200 0.247s url=https://www.myfonts.com/products/extended-package-1118331
[2026-03-08T15:18:28Z] #104 attempt=1/6 status=200 0.276s url=https://www.myfonts.com/collections/flova-font-slex-studio/
[2026-03-08T15:18:29Z] #105 attempt=1/6 status=200 0.440s url=https://www.myfonts.com/products/blomby-reg-pack-package-1118471
[2026-03-08T15:18:30Z] #106 attempt=1/6 status=200 0.525s url=https://www.myfonts.com/collections/blomby-font-tegaki/
[2026-03-08T15:18:31Z] #107 attempt=1/6 status=200 0.536s url=https://www.myfonts.com/products/gumybops-complete-family-package-1118110
[2026-03-08T15:18:31Z] #108 attempt=1/6 status=200 0.459s url=https://www.myfonts.com/collections/gumybops-font-snapedsgn/
[2026-03-08T15:18:32Z] #109 attempt=1/6 status=200 0.426s url=https://www.myfonts.com/products/rustvale-complete-family-package-1118101
[2026-03-08T15:18:33Z] #110 attempt=1/6 status=200 0.278s url=https://www.myfonts.com/collections/rustvale-font-letterhend/
[2026-03-08T15:18:34Z] #111 attempt=1/6 status=200 0.622s url=https://www.myfonts.com/products/aseno-modern-complete-family-package-1117916
[2026-03-08T15:18:34Z] #112 attempt=1/6 status=200 0.431s url=https://www.myfonts.com/collections/aseno-modern-font-nirmana-visual/
[2026-03-08T15:18:35Z] #113 attempt=1/6 status=200 0.539s url=https://www.myfonts.com/products/mojian-complete-family-package-1118131
[2026-03-08T15:18:36Z] #114 attempt=1/6 status=200 0.302s url=https://www.myfonts.com/collections/mojian-font-wildan-carfont/
[2026-03-08T15:18:37Z] #115 attempt=1/6 status=200 0.461s url=https://www.myfonts.com/products/reyda-complete-family-package-1117907
[2026-03-08T15:18:37Z] #116 attempt=1/6 status=200 0.508s url=https://www.myfonts.com/collections/reyda-font-ragamkata/
[2026-03-08T15:18:38Z] #117 attempt=1/6 status=200 0.525s url=https://www.myfonts.com/products/rucent-complete-family-package-1118079
[2026-03-08T15:18:39Z] #118 attempt=1/6 status=429 0.122s url=https://www.myfonts.com/collections/rucent-font-vermilione/
[2026-03-08T15:18:41Z] #119 attempt=2/6 status=429 0.426s url=https://www.myfonts.com/collections/rucent-font-vermilione/
[2026-03-08T15:18:47Z] #120 attempt=3/6 status=429 0.486s url=https://www.myfonts.com/collections/rucent-font-vermilione/
[2026-03-08T15:18:55Z] #121 attempt=4/6 status=429 0.374s url=https://www.myfonts.com/collections/rucent-font-vermilione/
[2026-03-08T15:19:07Z] #122 attempt=5/6 status=429 0.320s url=https://www.myfonts.com/collections/rucent-font-vermilione/
[2026-03-08T15:19:22Z] #123 attempt=6/6 status=429 0.451s url=https://www.myfonts.com/collections/rucent-font-vermilione/
[2026-03-08T15:19:39Z] max_retries_exhausted url=https://www.myfonts.com/collections/rucent-font-vermilione/
[2026-03-08T15:19:39Z] #124 attempt=1/6 status=429 0.432s url=https://www.myfonts.com/products/brokewall-complete-family-package-1117850
[2026-03-08T15:19:42Z] #125 attempt=2/6 status=429 0.634s url=https://www.myfonts.com/products/brokewall-complete-family-package-1117850
[2026-03-08T15:19:48Z] #126 attempt=3/6 status=429 0.472s url=https://www.myfonts.com/products/brokewall-complete-family-package-1117850
[2026-03-08T15:19:57Z] #127 attempt=4/6 status=429 0.612s url=https://www.myfonts.com/products/brokewall-complete-family-package-1117850
[2026-03-08T15:20:08Z] #128 attempt=5/6 status=429 0.421s url=https://www.myfonts.com/products/brokewall-complete-family-package-1117850
[2026-03-08T15:20:23Z] #129 attempt=6/6 status=429 0.423s url=https://www.myfonts.com/products/brokewall-complete-family-package-1117850
[2026-03-08T15:20:40Z] max_retries_exhausted url=https://www.myfonts.com/products/brokewall-complete-family-package-1117850
[2026-03-08T15:20:41Z] #130 attempt=1/6 status=429 0.360s url=https://www.myfonts.com/products/fox-nibble-complete-family-package-1118418
[2026-03-08T15:20:43Z] #131 attempt=2/6 status=429 0.495s url=https://www.myfonts.com/products/fox-nibble-complete-family-package-1118418
[2026-03-08T15:20:49Z] #132 attempt=3/6 status=429 0.465s url=https://www.myfonts.com/products/fox-nibble-complete-family-package-1118418
[2026-03-08T15:20:58Z] #133 attempt=4/6 status=429 0.459s url=https://www.myfonts.com/products/fox-nibble-complete-family-package-1118418
[2026-03-08T15:21:09Z] #134 attempt=5/6 status=429 0.458s url=https://www.myfonts.com/products/fox-nibble-complete-family-package-1118418
[2026-03-08T15:21:24Z] #135 attempt=6/6 status=429 0.485s url=https://www.myfonts.com/products/fox-nibble-complete-family-package-1118418
[2026-03-08T15:21:41Z] max_retries_exhausted url=https://www.myfonts.com/products/fox-nibble-complete-family-package-1118418
[2026-03-08T15:21:42Z] #136 attempt=1/6 status=429 0.445s url=https://www.myfonts.com/products/upright-package-1118696
[2026-03-08T15:21:44Z] #137 attempt=2/6 status=429 0.372s url=https://www.myfonts.com/products/upright-package-1118696
[2026-03-08T15:21:50Z] #138 attempt=3/6 status=429 0.377s url=https://www.myfonts.com/products/upright-package-1118696
[2026-03-08T15:21:58Z] #139 attempt=4/6 status=429 0.410s url=https://www.myfonts.com/products/upright-package-1118696
[2026-03-08T15:22:10Z] #140 attempt=5/6 status=429 0.604s url=https://www.myfonts.com/products/upright-package-1118696
[2026-03-08T15:22:25Z] #141 attempt=6/6 status=429 0.456s url=https://www.myfonts.com/products/upright-package-1118696
[2026-03-08T15:22:42Z] max_retries_exhausted url=https://www.myfonts.com/products/upright-package-1118696
[2026-03-08T15:22:43Z] #142 attempt=1/6 status=429 0.454s url=https://www.myfonts.com/products/harney-complete-family-package-1118105
[2026-03-08T15:22:45Z] #143 attempt=2/6 status=429 0.562s url=https://www.myfonts.com/products/harney-complete-family-package-1118105
[2026-03-08T15:22:51Z] #144 attempt=3/6 status=429 0.359s url=https://www.myfonts.com/products/harney-complete-family-package-1118105
[2026-03-08T15:22:59Z] #145 attempt=4/6 status=429 0.386s url=https://www.myfonts.com/products/harney-complete-family-package-1118105
[2026-03-08T15:23:11Z] #146 attempt=5/6 status=429 0.418s url=https://www.myfonts.com/products/harney-complete-family-package-1118105
[2026-03-08T15:23:26Z] #147 attempt=6/6 status=429 0.567s url=https://www.myfonts.com/products/harney-complete-family-package-1118105
[2026-03-08T15:23:43Z] max_retries_exhausted url=https://www.myfonts.com/products/harney-complete-family-package-1118105
[2026-03-08T15:23:43Z] #148 attempt=1/6 status=429 0.320s url=https://www.myfonts.com/products/hard-package-1118416
[2026-03-08T15:23:46Z] #149 attempt=2/6 status=429 0.351s url=https://www.myfonts.com/products/hard-package-1118416
[2026-03-08T15:23:52Z] #150 attempt=3/6 status=429 0.724s url=https://www.myfonts.com/products/hard-package-1118416
[2026-03-08T15:24:01Z] #151 attempt=4/6 status=429 0.448s url=https://www.myfonts.com/products/hard-package-1118416
[2026-03-08T15:24:12Z] #152 attempt=5/6 status=429 0.378s url=https://www.myfonts.com/products/hard-package-1118416
[2026-03-08T15:24:27Z] #153 attempt=6/6 status=429 0.678s url=https://www.myfonts.com/products/hard-package-1118416
[2026-03-08T15:24:44Z] max_retries_exhausted url=https://www.myfonts.com/products/hard-package-1118416
[2026-03-08T15:24:45Z] #154 attempt=1/6 status=429 0.622s url=https://www.myfonts.com/products/blime-blackletter-complete-family-package-1118501
[2026-03-08T15:24:48Z] #155 attempt=2/6 status=429 0.490s url=https://www.myfonts.com/products/blime-blackletter-complete-family-package-1118501
[2026-03-08T15:24:54Z] #156 attempt=3/6 status=429 1.581s url=https://www.myfonts.com/products/blime-blackletter-complete-family-package-1118501
[2026-03-08T15:25:04Z] #157 attempt=4/6 status=429 0.984s url=https://www.myfonts.com/products/blime-blackletter-complete-family-package-1118501
[2026-03-08T15:25:15Z] #158 attempt=5/6 status=429 0.390s url=https://www.myfonts.com/products/blime-blackletter-complete-family-package-1118501
[2026-03-08T15:25:30Z] #159 attempt=6/6 status=429 1.004s url=https://www.myfonts.com/products/blime-blackletter-complete-family-package-1118501
[2026-03-08T15:25:47Z] max_retries_exhausted url=https://www.myfonts.com/products/blime-blackletter-complete-family-package-1118501
[2026-03-08T15:25:48Z] #160 attempt=1/6 status=429 0.496s url=https://www.myfonts.com/products/freedom-paradise-complete-family-package-1118234
[2026-03-08T15:25:53Z] #161 attempt=2/6 status=429 2.432s url=https://www.myfonts.com/products/freedom-paradise-complete-family-package-1118234
[2026-03-08T15:26:00Z] #162 attempt=3/6 status=429 1.658s url=https://www.myfonts.com/products/freedom-paradise-complete-family-package-1118234
[2026-03-08T15:26:08Z] #163 attempt=4/6 status=429 0.343s url=https://www.myfonts.com/products/freedom-paradise-complete-family-package-1118234
[2026-03-08T15:26:20Z] #164 attempt=5/6 status=429 0.794s url=https://www.myfonts.com/products/freedom-paradise-complete-family-package-1118234
[2026-03-08T15:26:35Z] #165 attempt=6/6 status=429 0.625s url=https://www.myfonts.com/products/freedom-paradise-complete-family-package-1118234
[2026-03-08T15:26:52Z] max_retries_exhausted url=https://www.myfonts.com/products/freedom-paradise-complete-family-package-1118234
[2026-03-08T15:26:53Z] #166 attempt=1/6 status=429 0.449s url=https://www.myfonts.com/products/rusty-court-complete-family-package-1117950
[2026-03-08T15:26:55Z] #167 attempt=2/6 status=429 0.578s url=https://www.myfonts.com/products/rusty-court-complete-family-package-1117950
[2026-03-08T15:27:01Z] #168 attempt=3/6 status=429 0.451s url=https://www.myfonts.com/products/rusty-court-complete-family-package-1117950
[2026-03-08T15:27:10Z] #169 attempt=4/6 status=429 0.420s url=https://www.myfonts.com/products/rusty-court-complete-family-package-1117950
[2026-03-08T15:27:21Z] #170 attempt=5/6 status=429 0.435s url=https://www.myfonts.com/products/rusty-court-complete-family-package-1117950
[2026-03-08T15:27:36Z] #171 attempt=6/6 status=429 0.482s url=https://www.myfonts.com/products/rusty-court-complete-family-package-1117950
[2026-03-08T15:27:53Z] max_retries_exhausted url=https://www.myfonts.com/products/rusty-court-complete-family-package-1117950
[2026-03-08T15:27:54Z] #172 attempt=1/6 status=429 0.660s url=https://www.myfonts.com/products/nailong-lifemore-complete-family-package-1118542
[2026-03-08T15:27:57Z] #173 attempt=2/6 status=429 0.500s url=https://www.myfonts.com/products/nailong-lifemore-complete-family-package-1118542
[2026-03-08T15:28:02Z] #174 attempt=3/6 status=429 0.374s url=https://www.myfonts.com/products/nailong-lifemore-complete-family-package-1118542
[2026-03-08T15:28:11Z] #175 attempt=4/6 status=429 0.471s url=https://www.myfonts.com/products/nailong-lifemore-complete-family-package-1118542
[2026-03-08T15:28:22Z] #176 attempt=5/6 status=429 0.335s url=https://www.myfonts.com/products/nailong-lifemore-complete-family-package-1118542
[2026-03-08T15:28:37Z] #177 attempt=6/6 status=429 0.478s url=https://www.myfonts.com/products/nailong-lifemore-complete-family-package-1118542
[2026-03-08T15:28:54Z] max_retries_exhausted url=https://www.myfonts.com/products/nailong-lifemore-complete-family-package-1118542
[2026-03-08T15:28:55Z] #178 attempt=1/6 status=200 0.721s url=https://www.myfonts.com/products/monarch-heritage-complete-family-package-1118222
[2026-03-08T15:28:56Z] #179 attempt=1/6 status=200 0.280s url=https://www.myfonts.com/collections/monarch-heritage-font-typoraith-co/
[2026-03-08T15:28:57Z] #180 attempt=1/6 status=200 0.818s url=https://www.myfonts.com/products/shansio-complete-family-package-1117857
[2026-03-08T15:28:58Z] #181 attempt=1/6 status=200 0.772s url=https://www.myfonts.com/collections/shansio-font-graphicxell/
[2026-03-08T15:28:59Z] #182 attempt=1/6 status=200 0.558s url=https://www.myfonts.com/products/restless-dynasty-complete-family-package-1117853
[2026-03-08T15:29:00Z] #183 attempt=1/6 status=200 0.584s url=https://www.myfonts.com/collections/restless-dynasty-font-naufal-paramata/
[2026-03-08T15:29:00Z] #184 attempt=1/6 status=200 0.469s url=https://www.myfonts.com/products/it-malstryne-complete-family-package-1118076
[2026-03-08T15:29:01Z] #185 attempt=1/6 status=200 0.665s url=https://www.myfonts.com/collections/it-malstryne-font-creatifont-studio/
[2026-03-08T15:29:02Z] #186 attempt=1/6 status=200 0.658s url=https://www.myfonts.com/products/felvice-complete-family-package-1118134
[2026-03-08T15:29:03Z] #187 attempt=1/6 status=200 0.538s url=https://www.myfonts.com/collections/felvice-font-snapedsgn/
[2026-03-08T15:29:04Z] #188 attempt=1/6 status=200 0.244s url=https://www.myfonts.com/products/gl-parla-complete-family-package-1118398
[2026-03-08T15:29:04Z] #189 attempt=1/6 status=200 0.263s url=https://www.myfonts.com/collections/gl-parla-font-fontbilisi/
[2026-03-08T15:29:05Z] #190 attempt=1/6 status=200 0.406s url=https://www.myfonts.com/products/scramble-complete-family-package-1117879
[2026-03-08T15:29:05Z] #191 attempt=1/6 status=200 0.234s url=https://www.myfonts.com/collections/scramble-font-agny-hasya-studio/
[2026-03-08T15:29:06Z] #192 attempt=1/6 status=200 0.331s url=https://www.myfonts.com/products/starter-pack-package-1118383
[2026-03-08T15:29:07Z] #193 attempt=1/6 status=200 0.824s url=https://www.myfonts.com/collections/gothig-round-font-studio-jaso/
[2026-03-08T15:29:09Z] #194 attempt=1/6 status=200 0.948s url=https://www.myfonts.com/products/noverion-slab-complete-family-package-1118137
[2026-03-08T15:29:10Z] #195 attempt=1/6 status=200 1.014s url=https://www.myfonts.com/collections/noverion-slab-font-typehill-studio/
[2026-03-08T15:29:11Z] #196 attempt=1/6 status=200 0.254s url=https://www.myfonts.com/products/foermality-sans-variable-complete-family-package-1118490
[2026-03-08T15:29:12Z] #197 attempt=1/6 status=200 0.637s url=https://www.myfonts.com/collections/foermality-sans-variable-font-laroyba-type/
[2026-03-08T15:29:12Z] #198 attempt=1/6 status=200 0.281s url=https://www.myfonts.com/products/bozeek-istory-complete-family-package-1117913
[2026-03-08T15:29:13Z] #199 attempt=1/6 status=200 0.534s url=https://www.myfonts.com/collections/bozeek-istory-font-stylishtype-studio/
[2026-03-08T15:29:14Z] #200 attempt=1/6 status=200 0.408s url=https://www.myfonts.com/products/calavera-complete-family-package-1118786
[2026-03-08T15:29:14Z] #201 attempt=1/6 status=200 0.339s url=https://www.myfonts.com/products/pace-form-complete-family-package-1118194
[2026-03-08T15:29:15Z] #202 attempt=1/6 status=200 0.541s url=https://www.myfonts.com/collections/pace-form-font-initiatype/
[2026-03-08T15:29:16Z] #203 attempt=1/6 status=200 0.363s url=https://www.myfonts.com/products/stone-capital-complete-family-package-1118553
[2026-03-08T15:29:17Z] #204 attempt=1/6 status=200 1.006s url=https://www.myfonts.com/collections/stone-capital-font-lemonthe/
[2026-03-08T15:29:18Z] #205 attempt=1/6 status=200 0.356s url=https://www.myfonts.com/products/hidden-route-complete-family-package-1118123
[2026-03-08T15:29:19Z] #206 attempt=1/6 status=200 0.454s url=https://www.myfonts.com/collections/hidden-route-font-letterhend/
[2026-03-08T15:29:19Z] #207 attempt=1/6 status=200 0.472s url=https://www.myfonts.com/products/nudity-pb-complete-family-package-1118850
[2026-03-08T15:29:20Z] #208 attempt=1/6 status=200 0.663s url=https://www.myfonts.com/collections/nudity-pb-font-pink-broccoli/
[2026-03-08T15:29:21Z] #209 attempt=1/6 status=200 0.296s url=https://www.myfonts.com/products/meat-glone-complete-family-package-1118798
[2026-03-08T15:29:21Z] #210 attempt=1/6 status=200 0.248s url=https://www.myfonts.com/collections/meat-glone-font-pandeka-studio/
[2026-03-08T15:29:23Z] #211 attempt=1/6 status=200 1.545s url=https://www.myfonts.com/products/anglica-complete-family-package-1118591
[2026-03-08T15:29:26Z] #212 attempt=1/6 status=200 1.956s url=https://www.myfonts.com/collections/anglica-font-pista-mova/
[2026-03-08T15:29:27Z] #213 attempt=1/6 status=200 0.385s url=https://www.myfonts.com/products/bencord-complete-family-package-1117904
[2026-03-08T15:29:28Z] #214 attempt=1/6 status=200 0.526s url=https://www.myfonts.com/collections/bencord-font-graphicfresh/
[2026-03-08T15:29:29Z] #215 attempt=1/6 status=200 0.602s url=https://www.myfonts.com/products/business-serif-complete-family-package-1118509
[2026-03-08T15:29:29Z] #216 attempt=1/6 status=200 0.433s url=https://www.myfonts.com/collections/business-serif-font-pizzatypefaces/
[2026-03-08T15:29:30Z] #217 attempt=1/6 status=200 0.433s url=https://www.myfonts.com/products/autheka-complete-family-package-1118529
[2026-03-08T15:29:31Z] #218 attempt=1/6 status=200 0.286s url=https://www.myfonts.com/collections/autheka-font-shapespired-design/
[2026-03-08T15:29:32Z] #219 attempt=1/6 status=200 0.495s url=https://www.myfonts.com/products/scarletis-complete-family-package-1118493
[2026-03-08T15:29:32Z] #220 attempt=1/6 status=200 0.523s url=https://www.myfonts.com/collections/scarletis-font-stylishtype-studio/
[2026-03-08T15:29:33Z] #221 attempt=1/6 status=200 0.237s url=https://www.myfonts.com/products/coulder-complete-family-package-1118783
[2026-03-08T15:29:34Z] #222 attempt=1/6 status=200 0.285s url=https://www.myfonts.com/collections/coulder-font-artiveko/
[2026-03-08T15:29:34Z] #223 attempt=1/6 status=200 0.312s url=https://www.myfonts.com/products/regular-hardshock-1118049
[2026-03-08T15:29:35Z] #224 attempt=1/6 status=200 0.504s url=https://www.myfonts.com/collections/hardshock-font-subectype/
[2026-03-08T15:29:36Z] #225 attempt=1/6 status=200 0.280s url=https://www.myfonts.com/products/regular-miroter-1117856
[2026-03-08T15:29:36Z] #226 attempt=1/6 status=200 0.483s url=https://www.myfonts.com/collections/miroter-font-bayuktx/
[2026-03-08T15:29:37Z] #227 attempt=1/6 status=200 0.518s url=https://www.myfonts.com/products/regular-lulane-1118505
[2026-03-08T15:29:38Z] #228 attempt=1/6 status=200 0.557s url=https://www.myfonts.com/collections/lulane-font-rasio-studio/
[2026-03-08T15:29:39Z] #229 attempt=1/6 status=200 0.524s url=https://www.myfonts.com/products/regular-sahuraya-1117731
[2026-03-08T15:29:40Z] #230 attempt=1/6 status=200 0.393s url=https://www.myfonts.com/collections/sahuraya-font-letterhend/
[2026-03-08T15:29:41Z] #231 attempt=1/6 status=200 0.605s url=https://www.myfonts.com/products/regular-mafingo-1118504
[2026-03-08T15:29:41Z] #232 attempt=1/6 status=200 0.538s url=https://www.myfonts.com/collections/mafingo-font-evertive/
[2026-03-08T15:29:42Z] #233 attempt=1/6 status=200 0.740s url=https://www.myfonts.com/products.json?limit=250&page=2
[2026-03-08T15:29:43Z] #234 attempt=1/6 status=200 0.613s url=https://www.myfonts.com/products/regular-maydeline-aleandra-1118557
[2026-03-08T15:29:44Z] #235 attempt=1/6 status=200 0.626s url=https://www.myfonts.com/collections/maydeline-aleandra-font-pineungtype-misinklab/
[2026-03-08T15:29:45Z] #236 attempt=1/6 status=200 0.644s url=https://www.myfonts.com/products/regular-ghoster-mionyto-1118556
[2026-03-08T15:29:46Z] #237 attempt=1/6 status=200 0.368s url=https://www.myfonts.com/collections/ghoster-mionyto-font-pineungtype-misinklab/
[2026-03-08T15:29:47Z] #238 attempt=1/6 status=200 0.414s url=https://www.myfonts.com/products/regular-arconte-1118453
[2026-03-08T15:29:47Z] #239 attempt=1/6 status=200 0.597s url=https://www.myfonts.com/collections/arconte-font-bilberry-create/
[2026-03-08T15:29:48Z] #240 attempt=1/6 status=200 0.586s url=https://www.myfonts.com/products/regular-charming-letters-1118440
[2026-03-08T15:29:49Z] #241 attempt=1/6 status=200 0.504s url=https://www.myfonts.com/collections/charming-letters-font-bilberry-create/
[2026-03-08T15:29:50Z] #242 attempt=1/6 status=200 0.566s url=https://www.myfonts.com/products/regular-viently-flustin-1118115
[2026-03-08T15:29:51Z] #243 attempt=1/6 status=200 0.488s url=https://www.myfonts.com/collections/viently-flustin-font-trabas-kriya/
[2026-03-08T15:29:52Z] #244 attempt=1/6 status=200 0.403s url=https://www.myfonts.com/products/regular-lchika-1118109
[2026-03-08T15:29:52Z] #245 attempt=1/6 status=200 0.490s url=https://www.myfonts.com/collections/lchika-font-khoir/
[2026-03-08T15:29:53Z] #246 attempt=1/6 status=200 0.309s url=https://www.myfonts.com/products/regular-cloud-nine-1118558
[2026-03-08T15:29:53Z] #247 attempt=1/6 status=200 0.330s url=https://www.myfonts.com/collections/cloud-nine-font-pyramind/
[2026-03-08T15:29:54Z] #248 attempt=1/6 status=200 0.350s url=https://www.myfonts.com/products/regular-yeremia-1116912
[2026-03-08T15:29:55Z] #249 attempt=1/6 status=200 0.452s url=https://www.myfonts.com/collections/yeremia-font-denustudio/
[2026-03-08T15:29:56Z] #250 attempt=1/6 status=200 0.539s url=https://www.myfonts.com/products/regular-qebica-1118485
[2026-03-08T15:29:56Z] #251 attempt=1/6 status=200 0.443s url=https://www.myfonts.com/collections/qebica-font-maikohatta/
[2026-03-08T15:29:57Z] #252 attempt=1/6 status=200 0.313s url=https://www.myfonts.com/products/regular-farqey-denours-1117885
[2026-03-08T15:29:58Z] #253 attempt=1/6 status=200 0.449s url=https://www.myfonts.com/collections/farqey-denours-font-heinzel-std/
[2026-03-08T15:29:59Z] #254 attempt=1/6 status=200 0.614s url=https://www.myfonts.com/products/regular-skulk-stroke-1117910
[2026-03-08T15:30:00Z] #255 attempt=1/6 status=200 0.424s url=https://www.myfonts.com/collections/skulk-stroke-font-dm-studio/
[2026-03-08T15:30:01Z] #256 attempt=1/6 status=200 0.616s url=https://www.myfonts.com/products/regular-zamrani-1117919
[2026-03-08T15:30:01Z] #257 attempt=1/6 status=200 0.400s url=https://www.myfonts.com/collections/zamrani-font-vadova-std/
[2026-03-08T15:30:02Z] #258 attempt=1/6 status=200 0.590s url=https://www.myfonts.com/products/regular-bold-eater-1118797
[2026-03-08T15:30:03Z] #259 attempt=1/6 status=200 0.484s url=https://www.myfonts.com/collections/bold-eater-font-pandeka-studio/
[2026-03-08T15:30:04Z] #260 attempt=1/6 status=200 0.575s url=https://www.myfonts.com/products/regular-elongate-1117922
[2026-03-08T15:30:05Z] #261 attempt=1/6 status=200 0.689s url=https://www.myfonts.com/collections/elongate-font-vadova-std/
[2026-03-08T15:30:06Z] #262 attempt=1/6 status=200 0.603s url=https://www.myfonts.com/products/regular-al-ammara-1117921
[2026-03-08T15:30:07Z] #263 attempt=1/6 status=200 0.638s url=https://www.myfonts.com/collections/al-ammara-font-vadova-std/
[2026-03-08T15:30:08Z] #264 attempt=1/6 status=200 0.619s url=https://www.myfonts.com/products/regular-velomi-juice-1118500
[2026-03-08T15:30:09Z] #265 attempt=1/6 status=200 0.663s url=https://www.myfonts.com/collections/velomi-juice-font-basnistudio/
[2026-03-08T15:30:11Z] #266 attempt=1/6 status=200 2.242s url=https://www.myfonts.com/products.json?limit=250&page=3
[2026-03-08T15:30:12Z] #267 attempt=1/6 status=200 0.539s url=https://www.myfonts.com/products/regular-veltoraz-1118225
[2026-03-08T15:30:13Z] #268 attempt=1/6 status=200 0.457s url=https://www.myfonts.com/collections/veltoraz-font-canden-meutuah/
[2026-03-08T15:30:14Z] #269 attempt=1/6 status=200 0.542s url=https://www.myfonts.com/products/regular-centive-1118782
[2026-03-08T15:30:14Z] #270 attempt=1/6 status=200 0.510s url=https://www.myfonts.com/collections/centive-font-ronny-studio/
[2026-03-08T15:30:15Z] #271 attempt=1/6 status=200 0.533s url=https://www.myfonts.com/products/regular-jeff-zorvyk-1116911
[2026-03-08T15:30:16Z] #272 attempt=1/6 status=200 0.288s url=https://www.myfonts.com/collections/jeff-zorvyk-font-denustudio/
[2026-03-08T15:30:17Z] #273 attempt=1/6 status=200 0.583s url=https://www.myfonts.com/products/regular-rough-scribble-1118140
[2026-03-08T15:30:17Z] #274 attempt=1/6 status=200 0.467s url=https://www.myfonts.com/collections/rough-scribble-font-ef-studio/
[2026-03-08T15:30:18Z] #275 attempt=1/6 status=200 0.458s url=https://www.myfonts.com/products/regular-fledora-dirtyn-1117911
[2026-03-08T15:30:19Z] #276 attempt=1/6 status=200 0.438s url=https://www.myfonts.com/collections/fledora-dirtyn-font-maikohatta/
[2026-03-08T15:30:20Z] #277 attempt=1/6 status=200 0.314s url=https://www.myfonts.com/products/regular-birvase-1118426
[2026-03-08T15:30:20Z] #278 attempt=1/6 status=200 0.315s url=https://www.myfonts.com/collections/birvase-font-zealab-fonts-division/
[2026-03-08T15:30:21Z] #279 attempt=1/6 status=200 0.377s url=https://www.myfonts.com/products/regular-brigold-1118496
[2026-03-08T15:30:22Z] #280 attempt=1/6 status=200 0.543s url=https://www.myfonts.com/collections/brigold-font-suhadidesign/
[2026-03-08T15:30:24Z] #281 attempt=1/6 status=200 1.951s url=https://www.myfonts.com/products.json?limit=250&page=4
[2026-03-08T15:30:25Z] #282 attempt=1/6 status=200 0.526s url=https://www.myfonts.com/products/regular-cloudy-bumpy-1117897
[2026-03-08T15:30:26Z] #283 attempt=1/6 status=200 0.437s url=https://www.myfonts.com/collections/cloudy-bumpy-font-ardyanatypes/
[2026-03-08T15:30:27Z] #284 attempt=1/6 status=200 0.568s url=https://www.myfonts.com/products/regular-pinstripe-1116813
[2026-03-08T15:30:27Z] #285 attempt=1/6 status=200 0.352s url=https://www.myfonts.com/collections/pinstripe-font-font-and-co/
[2026-03-08T15:30:28Z] #286 attempt=1/6 status=200 0.503s url=https://www.myfonts.com/products/regular-bloomingdale-1118423
[2026-03-08T15:30:29Z] #287 attempt=1/6 status=200 0.458s url=https://www.myfonts.com/collections/bloomingdale-font-jamalodin/
[2026-03-08T15:30:30Z] #288 attempt=1/6 status=200 0.470s url=https://www.myfonts.com/products/the-handled-regular-the-handled-1117912
[2026-03-08T15:30:31Z] #289 attempt=1/6 status=200 0.438s url=https://www.myfonts.com/collections/the-handled-font-gatype/
[2026-03-08T15:30:31Z] #290 attempt=1/6 status=200 0.381s url=https://www.myfonts.com/products/regular-montreo-display-1118486
[2026-03-08T15:30:32Z] #291 attempt=1/6 status=200 0.309s url=https://www.myfonts.com/collections/montreo-display-font-foxtype/
[2026-03-08T15:30:33Z] #292 attempt=1/6 status=200 0.288s url=https://www.myfonts.com/products/regular-raithon-realm-1118108
[2026-03-08T15:30:33Z] #293 attempt=1/6 status=200 0.445s url=https://www.myfonts.com/collections/raithon-realm-font-twinletter/
[2026-03-08T15:30:34Z] #294 attempt=1/6 status=200 0.507s url=https://www.myfonts.com/products/sugar-bunch-regular-sugar-bunch-1118427
[2026-03-08T15:30:35Z] #295 attempt=1/6 status=200 0.495s url=https://www.myfonts.com/collections/sugar-bunch-font-sloulyfe-studio/
[2026-03-08T15:30:36Z] #296 attempt=1/6 status=200 0.369s url=https://www.myfonts.com/products/regular-gilmere-1118075
[2026-03-08T15:30:36Z] #297 attempt=1/6 status=200 0.490s url=https://www.myfonts.com/collections/gilmere-font-vadova-std/
[2026-03-08T15:30:38Z] #298 attempt=1/6 status=200 0.732s url=https://www.myfonts.com/products/semi-bold-aurelise-1116902
[2026-03-08T15:30:38Z] #299 attempt=1/6 status=200 0.519s url=https://www.myfonts.com/collections/aurelise-font-grezline-studio/
[2026-03-08T15:30:39Z] #300 attempt=1/6 status=200 0.576s url=https://www.myfonts.com/products/mercato-semibold-mercato-vf-1116887
[2026-03-08T15:30:40Z] #301 attempt=1/6 status=200 0.306s url=https://www.myfonts.com/collections/mercato-vf-font-borutta/
[2026-03-08T15:30:41Z] #302 attempt=1/6 status=200 0.344s url=https://www.myfonts.com/products/rounded-rimmed-italic-aerean-1116853
[2026-03-08T15:30:42Z] #303 attempt=1/6 status=200 1.130s url=https://www.myfonts.com/collections/aerean-font-alpercakici/
[2026-03-08T15:30:43Z] #304 attempt=1/6 status=200 0.781s url=https://www.myfonts.com/products/circular-outline-division-1116802
[2026-03-08T15:30:45Z] #305 attempt=1/6 status=200 1.031s url=https://www.myfonts.com/collections/division-font-alpercakici/
[2026-03-08T15:30:46Z] #306 attempt=1/6 status=200 0.296s url=https://www.myfonts.com/products.json?limit=250&page=5
[2026-03-08T15:30:46Z] #307 attempt=1/6 status=200 0.285s url=https://www.myfonts.com/products/black-sevontic-variable-1116890
[2026-03-08T15:30:47Z] #308 attempt=1/6 status=200 0.346s url=https://www.myfonts.com/collections/sevontic-variable-font-mantype-studio/
[2026-03-08T15:30:48Z] #309 attempt=1/6 status=200 0.558s url=https://www.myfonts.com/products/italic-rogria-1116816
[2026-03-08T15:30:49Z] #310 attempt=1/6 status=200 0.553s url=https://www.myfonts.com/collections/rogria-font-jafar07/
[2026-03-08T15:30:51Z] #311 attempt=1/6 status=200 1.200s url=https://www.myfonts.com/products/family-time-bundle-package-993097
[2026-03-08T15:30:52Z] #312 attempt=1/6 status=200 1.136s url=https://www.myfonts.com/products/amfibia-complete-family-package-1117506
[2026-03-08T15:30:54Z] #313 attempt=1/6 status=200 1.681s url=https://www.myfonts.com/collections/amfibia-font-rohh/
[2026-03-08T15:30:56Z] #314 attempt=1/6 status=200 0.540s url=https://www.myfonts.com/products/monevilcy-complete-family-package-1117702
[2026-03-08T15:30:56Z] #315 attempt=1/6 status=200 0.485s url=https://www.myfonts.com/collections/monevilcy-font-typeclassheroes/
[2026-03-08T15:30:57Z] #316 attempt=1/6 status=200 0.727s url=https://www.myfonts.com/products/tradesman-complete-family-package-1117836
[2026-03-08T15:30:59Z] #317 attempt=1/6 status=200 1.594s url=https://www.myfonts.com/collections/tradesman-font-grype/
[2026-03-08T15:31:00Z] #318 attempt=1/6 status=200 0.262s url=https://www.myfonts.com/products/tt-supermolot-neue-non-variable-package-1116689
[2026-03-08T15:31:02Z] #319 attempt=1/6 status=200 1.928s url=https://www.myfonts.com/collections/tt-supermolot-neue-font-typetype/
[2026-03-08T15:31:04Z] #320 attempt=1/6 status=200 0.534s url=https://www.myfonts.com/products/hekgest-complete-family-package-1117036
[2026-03-08T15:31:04Z] #321 attempt=1/6 status=200 0.255s url=https://www.myfonts.com/collections/hekgest-font-timelesstype-studio/
[2026-03-08T15:31:05Z] #322 attempt=1/6 status=200 0.427s url=https://www.myfonts.com/products/glemy-botra-complete-family-package-1117033
[2026-03-08T15:31:06Z] #323 attempt=1/6 status=200 0.457s url=https://www.myfonts.com/collections/glemy-botra-font-pandeka-studio/
[2026-03-08T15:31:07Z] #324 attempt=1/6 status=200 0.881s url=https://www.myfonts.com/products/offroad-family-package-1117831
[2026-03-08T15:31:07Z] #325 attempt=1/6 status=200 0.311s url=https://www.myfonts.com/collections/offroad-font-grype/
[2026-03-08T15:31:09Z] #326 attempt=1/6 status=200 1.442s url=https://www.myfonts.com/products/bumi-complete-family-package-1117002
[2026-03-08T15:31:10Z] #327 attempt=1/6 status=200 0.510s url=https://www.myfonts.com/collections/bumi-font-bondangail/
[2026-03-08T15:31:11Z] #328 attempt=1/6 status=200 0.250s url=https://www.myfonts.com/products/novel-sans-xcondensed-complete-family-package-1117780
[2026-03-08T15:31:12Z] #329 attempt=1/6 status=200 0.573s url=https://www.myfonts.com/collections/novel-sans-xcondensed-font-atlasfontfoundry/
[2026-03-08T15:31:13Z] #330 attempt=1/6 status=200 0.350s url=https://www.myfonts.com/products/dh-caloins-complete-family-package-1116961
[2026-03-08T15:31:13Z] #331 attempt=1/6 status=200 0.286s url=https://www.myfonts.com/collections/dh-caloins-font-ahmad-jamaludin/
[2026-03-08T15:31:14Z] #332 attempt=1/6 status=200 0.239s url=https://www.myfonts.com/products/novel-sans-condensed-pro-complete-family-package-1117750
[2026-03-08T15:31:14Z] #333 attempt=1/6 status=200 0.362s url=https://www.myfonts.com/collections/novel-sans-condensed-pro-font-atlasfontfoundry/
[2026-03-08T15:31:17Z] #334 attempt=1/6 status=200 2.664s url=https://www.myfonts.com/products/the-kayla-editorial-complete-family-package-1117713
[2026-03-08T15:31:19Z] #335 attempt=1/6 status=200 1.503s url=https://www.myfonts.com/collections/the-kayla-editorial-font-positive-type/
[2026-03-08T15:31:21Z] #336 attempt=1/6 status=200 1.162s url=https://www.myfonts.com/products/anavel-elegance-complete-family-package-1116952
[2026-03-08T15:31:22Z] #337 attempt=1/6 status=200 0.948s url=https://www.myfonts.com/collections/anavel-elegance-font-burntilldead/
[2026-03-08T15:31:23Z] #338 attempt=1/6 status=200 0.868s url=https://www.myfonts.com/products/affiora-serif-complete-family-package-1117497
[2026-03-08T15:31:24Z] #339 attempt=1/6 status=200 0.815s url=https://www.myfonts.com/collections/affiora-serif-font-ghozai-studio/
[2026-03-08T15:31:25Z] #340 attempt=1/6 status=200 0.587s url=https://www.myfonts.com/products/novel-sans-xxxcondensed-complete-family-package-1117765
[2026-03-08T15:31:26Z] #341 attempt=1/6 status=200 0.787s url=https://www.myfonts.com/collections/novel-sans-xxxcondensed-font-atlasfontfoundry/
[2026-03-08T15:31:27Z] #342 attempt=1/6 status=200 0.407s url=https://www.myfonts.com/products/sizek-pro-complete-family-package-1117221
[2026-03-08T15:31:30Z] #343 attempt=1/6 status=200 2.844s url=https://www.myfonts.com/collections/sizek-pro-font-blaze-type/
[2026-03-08T15:31:32Z] #344 attempt=1/6 status=200 0.623s url=https://www.myfonts.com/products/lsplafon-complete-family-package-1117432
[2026-03-08T15:31:33Z] #345 attempt=1/6 status=200 0.556s url=https://www.myfonts.com/collections/lsplafon-font-letternesia-studio/
[2026-03-08T15:31:34Z] #346 attempt=1/6 status=200 0.751s url=https://www.myfonts.com/products/mentoz-complete-family-package-1117459
[2026-03-08T15:31:35Z] #347 attempt=1/6 status=200 0.862s url=https://www.myfonts.com/collections/mentoz-font-graphicxell/
[2026-03-08T15:31:36Z] #348 attempt=1/6 status=200 0.754s url=https://www.myfonts.com/products/sackem-pb-complete-bundle-static-and-variable-package-1117729
[2026-03-08T15:31:37Z] #349 attempt=1/6 status=200 0.667s url=https://www.myfonts.com/products/vergils-archive-complete-family-package-1117627
[2026-03-08T15:31:38Z] #350 attempt=1/6 status=200 0.927s url=https://www.myfonts.com/collections/second-circle-font-foundry/
[2026-03-08T15:31:40Z] #351 attempt=1/6 status=200 0.832s url=https://www.myfonts.com/collections/second-circle-font-foundry/
[2026-03-08T15:31:40Z] #352 attempt=1/6 status=200 0.565s url=https://www.myfonts.com/products/quano-complete-family-package-1117021
[2026-03-08T15:31:41Z] #353 attempt=1/6 status=200 0.619s url=https://www.myfonts.com/collections/quano-font-pandeka-studio/
[2026-03-08T15:31:42Z] #354 attempt=1/6 status=200 0.675s url=https://www.myfonts.com/products/the-basilica-awesome-complete-family-package-1117671
[2026-03-08T15:31:43Z] #355 attempt=1/6 status=200 0.627s url=https://www.myfonts.com/collections/the-basilica-awesome-font-positive-type/
[2026-03-08T15:31:44Z] #356 attempt=1/6 status=200 0.494s url=https://www.myfonts.com/products/yessiou-saphire-complete-family-package-1117620
[2026-03-08T15:31:45Z] #357 attempt=1/6 status=200 0.634s url=https://www.myfonts.com/collections/yessiou-saphire-font-stylishtype-studio/
[2026-03-08T15:31:46Z] #358 attempt=1/6 status=200 0.663s url=https://www.myfonts.com/products/essentials-package-1115867
[2026-03-08T15:31:47Z] #359 attempt=1/6 status=200 0.792s url=https://www.myfonts.com/collections/sable-font-jonathanball/
[2026-03-08T15:31:48Z] #360 attempt=1/6 status=200 0.712s url=https://www.myfonts.com/products/palmila-complete-family-package-1116949
[2026-03-08T15:31:49Z] #361 attempt=1/6 status=200 0.528s url=https://www.myfonts.com/collections/palmila-font-artisan-themes/
[2026-03-08T15:31:50Z] #362 attempt=1/6 status=200 0.513s url=https://www.myfonts.com/products/corpoa-complete-family-package-1117027
[2026-03-08T15:31:51Z] #363 attempt=1/6 status=200 0.649s url=https://www.myfonts.com/collections/corpoa-font-pandeka-studio/
[2026-03-08T15:31:52Z] #364 attempt=1/6 status=200 0.649s url=https://www.myfonts.com/products/cruncho-complete-family-package-1117486
[2026-03-08T15:31:52Z] #365 attempt=1/6 status=200 0.316s url=https://www.myfonts.com/collections/cruncho-font-jinan-studio/
[2026-03-08T15:31:53Z] #366 attempt=1/6 status=200 0.268s url=https://www.myfonts.com/products/gegola-complete-family-package-1117030
[2026-03-08T15:31:54Z] #367 attempt=1/6 status=200 0.539s url=https://www.myfonts.com/collections/gegola-font-pandeka-studio/
[2026-03-08T15:31:55Z] #368 attempt=1/6 status=200 0.524s url=https://www.myfonts.com/products/remazer-complete-family-package-1117494
[2026-03-08T15:31:55Z] #369 attempt=1/6 status=200 0.527s url=https://www.myfonts.com/collections/remazer-font-brown-cupple-typeface/
[2026-03-08T15:31:56Z] #370 attempt=1/6 status=200 0.261s url=https://www.myfonts.com/products/brameson-spencer-complete-family-package-1117841
[2026-03-08T15:31:57Z] #371 attempt=1/6 status=200 0.690s url=https://www.myfonts.com/collections/brameson-spencer-font-grezline-studio/
[2026-03-08T15:31:58Z] #372 attempt=1/6 status=200 0.481s url=https://www.myfonts.com/products/fake-greek-complete-family-package-1117610
[2026-03-08T15:31:58Z] #373 attempt=1/6 status=200 0.512s url=https://www.myfonts.com/collections/fake-greek-font-pitts-hand/
[2026-03-08T15:31:59Z] #374 attempt=1/6 status=200 0.656s url=https://www.myfonts.com/products/rushy-complete-family-package-1117624
[2026-03-08T15:32:01Z] #375 attempt=1/6 status=200 1.091s url=https://www.myfonts.com/collections/rushy-font-saemoon-creative/
[2026-03-08T15:32:02Z] #376 attempt=1/6 status=200 0.792s url=https://www.myfonts.com/products/the-edition-nineties-complete-family-package-1117686
[2026-03-08T15:32:03Z] #377 attempt=1/6 status=200 0.513s url=https://www.myfonts.com/collections/the-edition-nineties-font-logic-type/
[2026-03-08T15:32:04Z] #378 attempt=1/6 status=200 0.660s url=https://www.myfonts.com/products/giner-modern-complete-family-package-1117007
[2026-03-08T15:32:05Z] #379 attempt=1/6 status=200 0.749s url=https://www.myfonts.com/collections/giner-modern-font-nirmana-visual/
[2026-03-08T15:32:06Z] #380 attempt=1/6 status=200 0.645s url=https://www.myfonts.com/products/viscous-complete-family-package-1117478
[2026-03-08T15:32:07Z] #381 attempt=1/6 status=200 0.509s url=https://www.myfonts.com/collections/viscous-font-made-deduk/
[2026-03-08T15:32:07Z] #382 attempt=1/6 status=200 0.380s url=https://www.myfonts.com/products/saro-food-complete-family-package-1117481
[2026-03-08T15:32:08Z] #383 attempt=1/6 status=200 0.646s url=https://www.myfonts.com/collections/saro-food-font-illushvara/
[2026-03-08T15:32:09Z] #384 attempt=1/6 status=200 0.591s url=https://www.myfonts.com/products/monexsa-complete-family-package-1117838
[2026-03-08T15:32:10Z] #385 attempt=1/6 status=200 0.391s url=https://www.myfonts.com/collections/monexsa-font-rafis-type/
[2026-03-08T15:32:11Z] #386 attempt=1/6 status=200 0.612s url=https://www.myfonts.com/products/lustra-text-complete-family-package-1117827
[2026-03-08T15:32:12Z] #387 attempt=1/6 status=200 0.600s url=https://www.myfonts.com/collections/lustra-text-font-grype/
[2026-03-08T15:32:13Z] #388 attempt=1/6 status=200 0.452s url=https://www.myfonts.com/products/malvolio-antique-complete-family-package-1117683
[2026-03-08T15:32:13Z] #389 attempt=1/6 status=200 0.527s url=https://www.myfonts.com/collections/malvolio-antique-font-the-ampersand-forest/
[2026-03-08T15:32:14Z] #390 attempt=1/6 status=200 0.452s url=https://www.myfonts.com/products/lustra-complete-family-package-1117826
[2026-03-08T15:32:15Z] #391 attempt=1/6 status=200 0.321s url=https://www.myfonts.com/collections/lustra-font-grype/
[2026-03-08T15:32:16Z] #392 attempt=1/6 status=200 0.643s url=https://www.myfonts.com/products/tod-krob-complete-family-package-1117639
[2026-03-08T15:32:17Z] #393 attempt=1/6 status=200 0.740s url=https://www.myfonts.com/collections/tod-krob-font-jipatype/
[2026-03-08T15:32:18Z] #394 attempt=1/6 status=200 0.696s url=https://www.myfonts.com/products/volkga-complete-family-package-1117018
[2026-03-08T15:32:19Z] #395 attempt=1/6 status=200 0.540s url=https://www.myfonts.com/collections/volkga-font-pandeka-studio/
[2026-03-08T15:32:20Z] #396 attempt=1/6 status=200 0.573s url=https://www.myfonts.com/products/the-stripes-editorial-complete-family-package-1117707
[2026-03-08T15:32:20Z] #397 attempt=1/6 status=200 0.618s url=https://www.myfonts.com/collections/the-stripes-editorial-font-stripes-studio/
[2026-03-08T15:32:22Z] #398 attempt=1/6 status=200 0.642s url=https://www.myfonts.com/products/preton-complete-family-package-1116926
[2026-03-08T15:32:23Z] #399 attempt=1/6 status=200 0.777s url=https://www.myfonts.com/collections/preton-font-artisan-themes/
[2026-03-08T15:32:24Z] #400 attempt=1/6 status=200 0.630s url=https://www.myfonts.com/products/qugan-complete-family-package-1117662
[2026-03-08T15:32:25Z] #401 attempt=1/6 status=200 0.692s url=https://www.myfonts.com/collections/qugan-font-typebae/
[2026-03-08T15:32:26Z] #402 attempt=1/6 status=200 0.578s url=https://www.myfonts.com/products/benford-complete-family-package-1117607
[2026-03-08T15:32:26Z] #403 attempt=1/6 status=200 0.500s url=https://www.myfonts.com/collections/benford-font-angin-studio/
[2026-03-08T15:32:27Z] #404 attempt=1/6 status=200 0.650s url=https://www.myfonts.com/products/amsefik-broky-complete-family-package-1117615
[2026-03-08T15:32:28Z] #405 attempt=1/6 status=200 0.560s url=https://www.myfonts.com/collections/amsefik-broky-font-stylishtype-studio/
[2026-03-08T15:32:29Z] #406 attempt=1/6 status=200 0.569s url=https://www.myfonts.com/products/baiok-complete-family-package-1117024
[2026-03-08T15:32:30Z] #407 attempt=1/6 status=200 0.769s url=https://www.myfonts.com/collections/baiok-font-pandeka-studio/
[2026-03-08T15:32:31Z] #408 attempt=1/6 status=200 0.567s url=https://www.myfonts.com/products/novel-sans-pro-complete-family-package-1117796
[2026-03-08T15:32:32Z] #409 attempt=1/6 status=200 0.850s url=https://www.myfonts.com/collections/novel-sans-pro-font-atlasfontfoundry/
[2026-03-08T15:32:33Z] #410 attempt=1/6 status=200 0.561s url=https://www.myfonts.com/products/frayed-marker-complete-family-package-1117489
[2026-03-08T15:32:34Z] #411 attempt=1/6 status=200 0.618s url=https://www.myfonts.com/collections/frayed-marker-font-pitts-hand/
[2026-03-08T15:32:35Z] #412 attempt=1/6 status=200 0.333s url=https://www.myfonts.com/products/sunblock-pro-complete-family-package-1117837
[2026-03-08T15:32:36Z] #413 attempt=1/6 status=200 1.125s url=https://www.myfonts.com/collections/sunblock-pro-font-grype/
[2026-03-08T15:32:37Z] #414 attempt=1/6 status=200 0.508s url=https://www.myfonts.com/products/jukebox-hero-complete-family-package-1117828
[2026-03-08T15:32:38Z] #415 attempt=1/6 status=200 0.524s url=https://www.myfonts.com/collections/jukebox-hero-font-grype/
[2026-03-08T15:32:39Z] #416 attempt=1/6 status=200 0.472s url=https://www.myfonts.com/products/novel-sans-xxcondensed-complete-family-package-1117811
[2026-03-08T15:32:39Z] #417 attempt=1/6 status=200 0.609s url=https://www.myfonts.com/collections/novel-sans-xxcondensed-font-atlasfontfoundry/
[2026-03-08T15:32:40Z] #418 attempt=1/6 status=200 0.608s url=https://www.myfonts.com/products/gimora-complete-family-package-1117444
[2026-03-08T15:32:41Z] #419 attempt=1/6 status=200 0.329s url=https://www.myfonts.com/collections/gimora-font-vermilione/
[2026-03-08T15:32:42Z] #420 attempt=1/6 status=200 0.653s url=https://www.myfonts.com/products/crosmellow-complete-family-package-1116925
[2026-03-08T15:32:43Z] #421 attempt=1/6 status=200 0.779s url=https://www.myfonts.com/collections/crosmellow-font-owl-king-project/
[2026-03-08T15:32:44Z] #422 attempt=1/6 status=200 0.269s url=https://www.myfonts.com/products/boltincy-lincolle-complete-family-package-1117438
[2026-03-08T15:32:45Z] #423 attempt=1/6 status=200 0.531s url=https://www.myfonts.com/collections/boltincy-lincolle-font-stylishtype-studio/
[2026-03-08T15:32:45Z] #424 attempt=1/6 status=200 0.317s url=https://www.myfonts.com/products.json?limit=250&page=6
[2026-03-08T15:32:46Z] #425 attempt=1/6 status=200 0.513s url=https://www.myfonts.com/products/regular-havin-star-1117618
[2026-03-08T15:32:47Z] #426 attempt=1/6 status=200 0.510s url=https://www.myfonts.com/collections/havin-star-font-rhd-creative/
[2026-03-08T15:32:48Z] #427 attempt=1/6 status=200 0.472s url=https://www.myfonts.com/products/regular-liquid-galaxy-1117732
[2026-03-08T15:32:48Z] #428 attempt=1/6 status=200 0.394s url=https://www.myfonts.com/collections/liquid-galaxy-font-alit-design/
[2026-03-08T15:32:49Z] #429 attempt=1/6 status=200 0.500s url=https://www.myfonts.com/products/regular-lonika-1117001
[2026-03-08T15:32:50Z] #430 attempt=1/6 status=200 0.569s url=https://www.myfonts.com/collections/lonika-font-vadova-std/
[2026-03-08T15:32:51Z] #431 attempt=1/6 status=200 0.460s url=https://www.myfonts.com/products/regular-browen-1116959
[2026-03-08T15:32:52Z] #432 attempt=1/6 status=200 0.501s url=https://www.myfonts.com/collections/browen-font-sixtype-foundry/
[2026-03-08T15:32:53Z] #433 attempt=1/6 status=200 0.517s url=https://www.myfonts.com/products/regular-stupre-1117652
[2026-03-08T15:32:53Z] #434 attempt=1/6 status=200 0.577s url=https://www.myfonts.com/collections/just-font-you-foundry/
[2026-03-08T15:32:55Z] #435 attempt=1/6 status=200 0.870s url=https://www.myfonts.com/collections/just-font-you-foundry/
[2026-03-08T15:32:55Z] #436 attempt=1/6 status=200 0.281s url=https://www.myfonts.com/products/regular-lingkar-timor-1117437
[2026-03-08T15:32:56Z] #437 attempt=1/6 status=200 0.282s url=https://www.myfonts.com/collections/lingkar-timor-font-hanzel-space/
[2026-03-08T15:32:57Z] #438 attempt=1/6 status=200 0.376s url=https://www.myfonts.com/products/regular-morvila-1117485
[2026-03-08T15:32:57Z] #439 attempt=1/6 status=200 0.351s url=https://www.myfonts.com/collections/morvila-font-ergibi-studio/
[2026-03-08T15:32:58Z] #440 attempt=1/6 status=200 0.468s url=https://www.myfonts.com/products/regular-wild-jungle-1117484
[2026-03-08T15:32:59Z] #441 attempt=1/6 status=200 0.413s url=https://www.myfonts.com/collections/wild-jungle-font-hanzel-space/
[2026-03-08T15:33:00Z] #442 attempt=1/6 status=200 0.532s url=https://www.myfonts.com/products/regular-kyanite-1117443
[2026-03-08T15:33:00Z] #443 attempt=1/6 status=200 0.448s url=https://www.myfonts.com/collections/kyanite-font-sensatype-studio/
[2026-03-08T15:33:01Z] #444 attempt=1/6 status=200 0.641s url=https://www.myfonts.com/products/regular-orgistar-1117441
[2026-03-08T15:33:02Z] #445 attempt=1/6 status=200 0.357s url=https://www.myfonts.com/collections/orgistar-font-hanzel-space/
[2026-03-08T15:33:03Z] #446 attempt=1/6 status=200 0.637s url=https://www.myfonts.com/products/regular-morning-bloom-1117039
[2026-03-08T15:33:04Z] #447 attempt=1/6 status=200 0.594s url=https://www.myfonts.com/collections/morning-bloom-font-qiubare-studio/
[2026-03-08T15:33:05Z] #448 attempt=1/6 status=200 0.414s url=https://www.myfonts.com/products/regular-respiration-1117435
[2026-03-08T15:33:06Z] #449 attempt=1/6 status=200 0.456s url=https://www.myfonts.com/collections/respiration-font-gatype/
[2026-03-08T15:33:06Z] #450 attempt=1/6 status=200 0.568s url=https://www.myfonts.com/products/regular-zorin-1116970
[2026-03-08T15:33:07Z] #451 attempt=1/6 status=200 0.444s url=https://www.myfonts.com/collections/zorin-font-rasio-studio/
[2026-03-08T15:33:08Z] #452 attempt=1/6 status=200 0.640s url=https://www.myfonts.com/products/regular-enter-darknester-1117040
[2026-03-08T15:33:09Z] #453 attempt=1/6 status=200 0.531s url=https://www.myfonts.com/collections/enter-darknester-font-pineungtype-misinklab/
[2026-03-08T15:33:10Z] #454 attempt=1/6 status=200 0.383s url=https://www.myfonts.com/products/regular-boundex-1116960
[2026-03-08T15:33:10Z] #455 attempt=1/6 status=200 0.319s url=https://www.myfonts.com/collections/boundex-font-sixtype-foundry/
[2026-03-08T15:33:11Z] #456 attempt=1/6 status=200 0.538s url=https://www.myfonts.com/products/regular-derag-1116957
[2026-03-08T15:33:12Z] #457 attempt=1/6 status=200 0.449s url=https://www.myfonts.com/collections/derag-font-sixtype-foundry/
[2026-03-08T15:33:13Z] #458 attempt=1/6 status=200 0.476s url=https://www.myfonts.com/products/regular-edgy-bomba-1117016
[2026-03-08T15:33:13Z] #459 attempt=1/6 status=200 0.313s url=https://www.myfonts.com/collections/edgy-bomba-font-sensatype-studio/
[2026-03-08T15:33:13Z] summary releases=1500 first_429=(17, 'https://www.myfonts.com/collections/mizhon-sans-font-skinny-type/', 0.12076902389526367) log_file=state/myfonts_run_20260308_150739.log
[2026-03-08T15:33:13Z] === MyFonts crawl end ===
