[2026-03-29T07:16:07Z] checkpoint fresh next_page=1 path=state/myfonts_crawl_checkpoint.json
[2026-03-29T07:16:07Z] === MyFonts crawl start source=myfonts ===
[2026-03-29T07:16:07Z] config max_pages=25 page_size=100 start_date=2026-03-28 end_date=2026-03-29 api_delay=0.5s detail_delay=0.2s max_debut_checks=400 max_tech_specs_checks=200 reuse_success_profile=False always_enrich_packages=True language_script_signal_mode=strong force_fresh_run=False start_page=1 browser_mode=False browser_headless=True browser_storage_state_path=state/myfonts_storage_state.json
[2026-03-29T07:16:09Z] #1 attempt=1/6 status=200 1.913s url=https://www.myfonts.com/products.json?limit=100&page=1
[2026-03-29T07:16:11Z] #2 attempt=1/6 status=200 1.924s url=https://www.myfonts.com/products/extended-bold-dean-soft-slab-1127170
[2026-03-29T07:16:13Z] #3 attempt=1/6 status=200 1.547s url=https://www.myfonts.com/collections/dean-soft-slab-font-blaze-type/
[2026-03-29T07:16:14Z] #4 attempt=1/6 status=503 0.072s url=https://www.myfonts.com/collections/dean-soft-slab-font-blaze-type/?tab=techSpecs
[2026-03-29T07:16:15Z] #5 attempt=1/6 status=200 0.786s url=https://www.myfonts.com/products.json?limit=100&page=2
[2026-03-29T07:16:18Z] #6 attempt=1/6 status=200 2.092s url=https://www.myfonts.com/products/expanded-subfamily-package-1127257
[2026-03-29T07:16:20Z] #7 attempt=1/6 status=200 2.347s url=https://www.myfonts.com/collections/galdertin-charetam-font-logic-type/
[2026-03-29T07:16:24Z] #8 attempt=1/6 status=200 3.653s url=https://www.myfonts.com/collections/galdertin-charetam-font-logic-type/?tab=techSpecs
[2026-03-29T07:16:26Z] #9 attempt=1/6 status=200 0.361s url=https://www.myfonts.com/products/pantra-complete-family-package-1126811
[2026-03-29T07:16:26Z] #10 attempt=1/6 status=503 0.075s url=https://www.myfonts.com/collections/pantra-font-nicolas-desle/
[2026-03-29T07:16:29Z] #11 attempt=1/6 status=200 1.927s url=https://www.myfonts.com/collections/pantra-font-nicolas-desle
[2026-03-29T07:16:29Z] #12 attempt=1/6 status=200 0.523s url=https://www.myfonts.com/collections/pantra-font-nicolas-desle?tab=techSpecs
[2026-03-29T07:16:31Z] #13 attempt=1/6 status=200 0.769s url=https://www.myfonts.com/products/riada-complete-family-package-1127024
[2026-03-29T07:16:32Z] #14 attempt=1/6 status=200 0.903s url=https://www.myfonts.com/collections/riada-font-ottertype/
[2026-03-29T07:16:34Z] #15 attempt=1/6 status=200 1.601s url=https://www.myfonts.com/collections/riada-font-ottertype/?tab=techSpecs
[2026-03-29T07:16:36Z] #16 attempt=1/6 status=200 0.484s url=https://www.myfonts.com/products/tatype-neue-vf-complete-family-package-1127207
[2026-03-29T07:16:36Z] #17 attempt=1/6 status=200 0.304s url=https://www.myfonts.com/collections/tatype-neue-vf-font-tural-alisoy/
[2026-03-29T07:16:37Z] #18 attempt=1/6 status=200 0.142s url=https://www.myfonts.com/collections/tatype-neue-vf-font-tural-alisoy/?tab=techSpecs
[2026-03-29T07:16:38Z] #19 attempt=1/6 status=503 0.095s url=https://www.myfonts.com/products/expanded-package-1126842
[2026-03-29T07:16:38Z] #20 attempt=1/6 status=404 0.212s url=https://www.myfonts.com/collections/expanded-font-paavola-type-studio
[2026-03-29T07:16:40Z] #21 attempt=1/6 status=200 1.254s url=https://www.myfonts.com/products/neuland-complete-family-package-1127210
[2026-03-29T07:16:41Z] #22 attempt=1/6 status=200 0.637s url=https://www.myfonts.com/collections/neuland-font-linotype/
[2026-03-29T07:16:41Z] #23 attempt=1/6 status=200 0.157s url=https://www.myfonts.com/collections/neuland-font-linotype/?tab=techSpecs
[2026-03-29T07:16:43Z] #24 attempt=1/6 status=200 0.798s url=https://www.myfonts.com/products/zp-sugar-rush-complete-family-package-1126953
[2026-03-29T07:16:44Z] #25 attempt=1/6 status=200 0.967s url=https://www.myfonts.com/collections/zp-sugar-rush-font-lettering-delights/
[2026-03-29T07:16:45Z] #26 attempt=1/6 status=200 0.968s url=https://www.myfonts.com/collections/zp-sugar-rush-font-lettering-delights/?tab=techSpecs
[2026-03-29T07:16:48Z] #27 attempt=1/6 status=200 1.410s url=https://www.myfonts.com/products/tt-norms-pro-compact-package-package-1126952
[2026-03-29T07:16:50Z] #28 attempt=1/6 status=200 1.914s url=https://www.myfonts.com/collections/tt-norms-font-typetype/
[2026-03-29T07:16:53Z] #29 attempt=1/6 status=200 1.975s url=https://www.myfonts.com/collections/tt-norms-font-typetype/?tab=techSpecs
[2026-03-29T07:16:54Z] #30 attempt=1/6 status=503 0.069s url=https://www.myfonts.com/products/proscenium-serif-complete-family-package-1124943
[2026-03-29T07:16:55Z] #31 attempt=1/6 status=200 0.479s url=https://www.myfonts.com/collections/proscenium-serif-font-wings-art-studio
[2026-03-29T07:16:57Z] #32 attempt=1/6 status=200 1.663s url=https://www.myfonts.com/collections/proscenium-serif-font-wings-art-studio?tab=techSpecs
[2026-03-29T07:16:58Z] #33 attempt=1/6 status=503 0.074s url=https://www.myfonts.com/products/argero-complete-family-package-1126965
[2026-03-29T07:17:00Z] #34 attempt=1/6 status=200 2.505s url=https://www.myfonts.com/collections/argero-font-alpercakici
[2026-03-29T07:17:01Z] #35 attempt=1/6 status=200 0.152s url=https://www.myfonts.com/collections/argero-font-alpercakici?tab=techSpecs
[2026-03-29T07:17:03Z] #36 attempt=1/6 status=200 1.443s url=https://www.myfonts.com/products/mundale-complete-family-package-1127196
[2026-03-29T07:17:05Z] #37 attempt=1/6 status=200 1.238s url=https://www.myfonts.com/collections/mundale-font-rastype-studio/
[2026-03-29T07:17:07Z] #38 attempt=1/6 status=200 1.874s url=https://www.myfonts.com/collections/mundale-font-rastype-studio/?tab=techSpecs
[2026-03-29T07:17:09Z] #39 attempt=1/6 status=200 0.871s url=https://www.myfonts.com/products.json?limit=100&page=3
[2026-03-29T07:17:11Z] #40 attempt=1/6 status=200 1.459s url=https://www.myfonts.com/products.json?limit=100&page=4
[2026-03-29T07:17:14Z] #41 attempt=1/6 status=200 1.845s url=https://www.myfonts.com/products/golden-hundred-package-947235
[2026-03-29T07:17:15Z] #42 attempt=1/6 status=404 1.312s url=https://www.myfonts.com/collections/golden-hundred-font-etewut
[2026-03-29T07:17:17Z] #43 attempt=1/6 status=200 1.739s url=https://www.myfonts.com/products/hand-drawn-font-collection-package-775327
[2026-03-29T07:17:18Z] #44 attempt=1/6 status=404 1.057s url=https://www.myfonts.com/collections/hand-drawn-font-collection-font-larin-type-co
[2026-03-29T07:17:21Z] #45 attempt=1/6 status=200 2.612s url=https://www.myfonts.com/products/elegant-serif-bundle-package-729464
[2026-03-29T07:17:21Z] #46 attempt=1/6 status=503 0.067s url=https://www.myfonts.com/collections/elegant-serif-bundle-font-larin-type-co
[2026-03-29T07:17:24Z] #47 attempt=1/6 status=200 1.883s url=https://www.myfonts.com/products/vintage-font-collection-package-726082
[2026-03-29T07:17:25Z] #48 attempt=1/6 status=404 1.457s url=https://www.myfonts.com/collections/vintage-font-collection-font-larin-type-co
[2026-03-29T07:17:29Z] #49 attempt=1/6 status=200 2.913s url=https://www.myfonts.com/products.json?limit=100&page=5
[2026-03-29T07:17:31Z] #50 attempt=1/6 status=200 1.661s url=https://www.myfonts.com/products/the-best-collection-font-bundle-package-915711
[2026-03-29T07:17:31Z] #51 attempt=1/6 status=503 0.070s url=https://www.myfonts.com/collections/the-best-collection-font-bundle-font-bosstypestudio
[2026-03-29T07:17:31Z] #52 attempt=1/6 status=503 0.072s url=https://www.myfonts.com/products/limit-micro-condensed-package-1126786
[2026-03-29T07:17:31Z] #53 attempt=1/6 status=503 0.071s url=https://www.myfonts.com/collections/limit-micro-condensed-font-bold-guys
[2026-03-29T07:17:33Z] #54 attempt=1/6 status=200 0.864s url=https://www.myfonts.com/products/mallestian-script-complete-family-package-1126571
[2026-03-29T07:17:33Z] #55 attempt=1/6 status=503 0.071s url=https://www.myfonts.com/collections/mallestian-script-font-logic-type/
[2026-03-29T07:17:33Z] #56 attempt=1/6 status=503 0.071s url=https://www.myfonts.com/collections/mallestian-script-font-im-studio
[2026-03-29T07:17:34Z] #57 attempt=1/6 status=200 0.496s url=https://www.myfonts.com/products/basthor-complete-family-package-1126609
[2026-03-29T07:17:34Z] #58 attempt=1/6 status=503 0.070s url=https://www.myfonts.com/collections/basthor-font-burntilldead/
[2026-03-29T07:17:35Z] #59 attempt=1/6 status=200 0.701s url=https://www.myfonts.com/products/baronial-complete-family-package-1126606
[2026-03-29T07:17:36Z] #60 attempt=1/6 status=200 1.198s url=https://www.myfonts.com/collections/baronial-font-burntilldead/
[2026-03-29T07:17:37Z] #61 attempt=1/6 status=200 0.172s url=https://www.myfonts.com/collections/baronial-font-burntilldead/?tab=techSpecs
[2026-03-29T07:17:39Z] #62 attempt=1/6 status=200 1.249s url=https://www.myfonts.com/products/alrays-bloom-complete-family-package-1126589
[2026-03-29T07:17:40Z] #63 attempt=1/6 status=200 0.909s url=https://www.myfonts.com/collections/alrays-bloom-font-nirmana-visual/
[2026-03-29T07:17:41Z] #64 attempt=1/6 status=200 0.417s url=https://www.myfonts.com/collections/alrays-bloom-font-nirmana-visual/?tab=techSpecs
[2026-03-29T07:17:42Z] #65 attempt=1/6 status=503 0.070s url=https://www.myfonts.com/products/soft-package-1126810
[2026-03-29T07:17:43Z] #66 attempt=1/6 status=404 0.403s url=https://www.myfonts.com/collections/soft-font-stripes-studio
[2026-03-29T07:17:43Z] #67 attempt=1/6 status=503 0.067s url=https://www.myfonts.com/products/guhit-pluma-complete-family-package-1126583
[2026-03-29T07:17:45Z] #68 attempt=1/6 status=200 1.410s url=https://www.myfonts.com/collections/guhit-pluma-font-lurinzu-studios
[2026-03-29T07:17:45Z] #69 attempt=1/6 status=503 0.069s url=https://www.myfonts.com/collections/guhit-pluma-font-lurinzu-studios?tab=techSpecs
[2026-03-29T07:17:45Z] #70 attempt=1/6 status=503 0.078s url=https://www.myfonts.com/products/positano-vintage-complete-family-package-1126616
[2026-03-29T07:17:46Z] #71 attempt=1/6 status=503 0.075s url=https://www.myfonts.com/collections/positano-vintage-font-amorfa-type
[2026-03-29T07:17:46Z] #72 attempt=1/6 status=503 0.075s url=https://www.myfonts.com/products/norvas-complete-family-package-1126620
[2026-03-29T07:17:47Z] #73 attempt=1/6 status=404 0.682s url=https://www.myfonts.com/collections/norvas-font-say-studio
[2026-03-29T07:17:48Z] #74 attempt=1/6 status=200 0.778s url=https://www.myfonts.com/products/regular-roviane-1126339
[2026-03-29T07:17:49Z] #75 attempt=1/6 status=200 1.007s url=https://www.myfonts.com/collections/roviane-font-rasio-studio/
[2026-03-29T07:17:50Z] #76 attempt=1/6 status=200 0.336s url=https://www.myfonts.com/collections/roviane-font-rasio-studio/?tab=techSpecs
[2026-03-29T07:17:51Z] #77 attempt=1/6 status=200 0.849s url=https://www.myfonts.com/products/regular-it-krazio-1126456
[2026-03-29T07:17:51Z] #78 attempt=1/6 status=503 0.067s url=https://www.myfonts.com/collections/it-krazio-font-creatifont-studio/
[2026-03-29T07:17:52Z] #79 attempt=1/6 status=503 0.072s url=https://www.myfonts.com/collections/regular-it-krazio-1126456-font-indotype
[2026-03-29T07:17:53Z] #80 attempt=1/6 status=200 0.755s url=https://www.myfonts.com/products/regular-agrix-1126337
[2026-03-29T07:17:54Z] #81 attempt=1/6 status=200 1.178s url=https://www.myfonts.com/collections/agrix-font-vadova-std/
[2026-03-29T07:17:55Z] #82 attempt=1/6 status=200 0.286s url=https://www.myfonts.com/collections/agrix-font-vadova-std/?tab=techSpecs
[2026-03-29T07:17:56Z] #83 attempt=1/6 status=200 1.434s url=https://www.myfonts.com/products/regular-piccola-1126514
[2026-03-29T07:17:57Z] #84 attempt=1/6 status=200 0.411s url=https://www.myfonts.com/collections/piccola-font-resistenza/
[2026-03-29T07:17:58Z] #85 attempt=1/6 status=200 0.140s url=https://www.myfonts.com/collections/piccola-font-resistenza/?tab=techSpecs
[2026-03-29T07:17:59Z] #86 attempt=1/6 status=200 0.607s url=https://www.myfonts.com/products/regular-gavielle-1126341
[2026-03-29T07:17:59Z] #87 attempt=1/6 status=200 0.393s url=https://www.myfonts.com/collections/gavielle-font-rasio-studio/
[2026-03-29T07:18:00Z] #88 attempt=1/6 status=200 0.556s url=https://www.myfonts.com/collections/gavielle-font-rasio-studio/?tab=techSpecs
[2026-03-29T07:18:01Z] #89 attempt=1/6 status=200 0.629s url=https://www.myfonts.com/products/regular-gravix-1126340
[2026-03-29T07:18:02Z] #90 attempt=1/6 status=200 0.361s url=https://www.myfonts.com/collections/gravix-font-rasio-studio/
[2026-03-29T07:18:04Z] #91 attempt=1/6 status=200 1.318s url=https://www.myfonts.com/collections/gravix-font-rasio-studio/?tab=techSpecs
[2026-03-29T07:18:05Z] #92 attempt=1/6 status=200 0.941s url=https://www.myfonts.com/products/regular-bodro-1126338
[2026-03-29T07:18:06Z] #93 attempt=1/6 status=200 1.033s url=https://www.myfonts.com/collections/bodro-font-vadova-std/
[2026-03-29T07:18:07Z] #94 attempt=1/6 status=200 0.417s url=https://www.myfonts.com/collections/bodro-font-vadova-std/?tab=techSpecs
[2026-03-29T07:18:08Z] #95 attempt=1/6 status=503 0.086s url=https://www.myfonts.com/products/regular-comic-black-metal-1126619
[2026-03-29T07:18:08Z] #96 attempt=1/6 status=503 0.069s url=https://www.myfonts.com/collections/regular-comic-black-metal-1126619-font-mvmet
[2026-03-29T07:18:12Z] #97 attempt=1/6 status=200 3.461s url=https://www.myfonts.com/products/extra-expanded-package-1126005
[2026-03-29T07:18:16Z] #98 attempt=1/6 status=200 4.579s url=https://www.myfonts.com/collections/anglica-serif-font-pista-mova/
[2026-03-29T07:18:18Z] #99 attempt=1/6 status=200 0.499s url=https://www.myfonts.com/collections/anglica-serif-font-pista-mova/?tab=techSpecs
[2026-03-29T07:18:19Z] #100 attempt=1/6 status=503 0.072s url=https://www.myfonts.com/products/horizon-drift-complete-family-package-1126101
[2026-03-29T07:18:20Z] #101 attempt=1/6 status=200 1.169s url=https://www.myfonts.com/collections/horizon-drift-font-hipfonts
[2026-03-29T07:18:21Z] #102 attempt=1/6 status=503 0.090s url=https://www.myfonts.com/collections/horizon-drift-font-hipfonts?tab=techSpecs
[2026-03-29T07:18:22Z] #103 attempt=1/6 status=200 1.383s url=https://www.myfonts.com/products/dean-soft-complete-family-package-1125666
[2026-03-29T07:18:23Z] #104 attempt=1/6 status=503 0.088s url=https://www.myfonts.com/collections/dean-soft-font-blaze-type/
[2026-03-29T07:18:23Z] #105 attempt=1/6 status=503 0.071s url=https://www.myfonts.com/products/sugitta-complete-family-package-1125768
[2026-03-29T07:18:23Z] #106 attempt=1/6 status=503 0.070s url=https://www.myfonts.com/collections/sugitta-font-esem-type
[2026-03-29T07:18:23Z] #107 attempt=1/6 status=503 0.073s url=https://www.myfonts.com/products/vervex-complete-family-package-1126223
[2026-03-29T07:18:24Z] #108 attempt=1/6 status=503 0.067s url=https://www.myfonts.com/collections/vervex-font-alpercakici
[2026-03-29T07:18:25Z] #109 attempt=1/6 status=200 0.802s url=https://www.myfonts.com/products/news-heritages-complete-family-package-1126158
[2026-03-29T07:18:25Z] #110 attempt=1/6 status=503 0.073s url=https://www.myfonts.com/collections/news-heritages-font-zaki-creative/
[2026-03-29T07:18:26Z] #111 attempt=1/6 status=200 0.412s url=https://www.myfonts.com/products/badgeils-complete-family-package-1126155
[2026-03-29T07:18:26Z] #112 attempt=1/6 status=503 0.072s url=https://www.myfonts.com/collections/badgeils-font-timelesstype-studio/
[2026-03-29T07:18:27Z] #113 attempt=1/6 status=200 0.616s url=https://www.myfonts.com/products/hg-gothic-m-complete-family-package-1125164
[2026-03-29T07:18:28Z] #114 attempt=1/6 status=200 0.726s url=https://www.myfonts.com/collections/hg-gothic-m-font-ricoh
[2026-03-29T07:18:28Z] #115 attempt=1/6 status=503 0.073s url=https://www.myfonts.com/collections/hg-gothic-m-font-ricoh?tab=techSpecs
[2026-03-29T07:18:29Z] #116 attempt=1/6 status=200 0.353s url=https://www.myfonts.com/collections/hg-gothic-m-font-ricoh
[2026-03-29T07:18:29Z] #117 attempt=1/6 status=200 0.314s url=https://www.myfonts.com/products/hg-heisei-kakugothictai-w3-complete-family-package-1125264
[2026-03-29T07:18:30Z] #118 attempt=1/6 status=200 0.452s url=https://www.myfonts.com/collections/hg-heisei-kakugothictai-w3-font-ricoh/
[2026-03-29T07:18:31Z] #119 attempt=1/6 status=200 0.589s url=https://www.myfonts.com/collections/hg-heisei-kakugothictai-w3-font-ricoh/?tab=techSpecs
[2026-03-29T07:18:33Z] #120 attempt=1/6 status=503 0.074s url=https://www.myfonts.com/collections/hg-heisei-kakugothictai-w3-font-ricoh/
[2026-03-29T07:18:34Z] #121 attempt=1/6 status=200 0.898s url=https://www.myfonts.com/products/devonika-variable-complete-family-package-1126380
[2026-03-29T07:18:36Z] #122 attempt=1/6 status=200 1.886s url=https://www.myfonts.com/collections/devonika-variable-font-matra-creative/
[2026-03-29T07:18:38Z] #123 attempt=1/6 status=200 1.825s url=https://www.myfonts.com/collections/devonika-variable-font-matra-creative/?tab=techSpecs
[2026-03-29T07:18:40Z] #124 attempt=1/6 status=200 0.458s url=https://www.myfonts.com/products/ballpark-beauty-complete-family-package-1126105
[2026-03-29T07:18:40Z] #125 attempt=1/6 status=200 0.521s url=https://www.myfonts.com/collections/ballpark-beauty-font-hipfonts/
[2026-03-29T07:18:42Z] #126 attempt=1/6 status=200 0.933s url=https://www.myfonts.com/collections/ballpark-beauty-font-hipfonts/?tab=techSpecs
[2026-03-29T07:18:43Z] #127 attempt=1/6 status=200 0.861s url=https://www.myfonts.com/products/axilon-complete-family-package-1126219
[2026-03-29T07:18:44Z] #128 attempt=1/6 status=200 0.354s url=https://www.myfonts.com/collections/axilon-font-kaidosan/
[2026-03-29T07:18:45Z] #129 attempt=1/6 status=200 0.889s url=https://www.myfonts.com/collections/axilon-font-kaidosan/?tab=techSpecs
[2026-03-29T07:18:46Z] #130 attempt=1/6 status=503 0.068s url=https://www.myfonts.com/products/bakerman-slab-complete-family-package-1125563
[2026-03-29T07:18:47Z] #131 attempt=1/6 status=200 0.664s url=https://www.myfonts.com/collections/bakerman-slab-font-zasepa-studio
[2026-03-29T07:18:48Z] #132 attempt=1/6 status=200 0.970s url=https://www.myfonts.com/collections/bakerman-slab-font-zasepa-studio?tab=techSpecs
[2026-03-29T07:18:49Z] #133 attempt=1/6 status=503 0.070s url=https://www.myfonts.com/products/cluster-edge-tight-pack-package-1125562
[2026-03-29T07:18:50Z] #134 attempt=1/6 status=404 0.237s url=https://www.myfonts.com/collections/cluster-edge-tight-pack-font-kobuzan
[2026-03-29T07:18:52Z] #135 attempt=1/6 status=200 1.544s url=https://www.myfonts.com/products/basic-package-package-1125656
[2026-03-29T07:18:52Z] #136 attempt=1/6 status=503 0.073s url=https://www.myfonts.com/collections/unytour-pro-font-nicolass-fonts/
[2026-03-29T07:18:53Z] #137 attempt=1/6 status=404 1.342s url=https://www.myfonts.com/collections/basic-package-font-nicolassfonts
[2026-03-29T07:18:56Z] #138 attempt=1/6 status=200 2.069s url=https://www.myfonts.com/products/gaming-complete-family-package-1125421
[2026-03-29T07:18:57Z] #139 attempt=1/6 status=200 0.687s url=https://www.myfonts.com/collections/gaming-font-alpercakici/
[2026-03-29T07:18:59Z] #140 attempt=1/6 status=200 1.607s url=https://www.myfonts.com/collections/gaming-font-alpercakici/?tab=techSpecs
[2026-03-29T07:19:00Z] #141 attempt=1/6 status=200 0.793s url=https://www.myfonts.com/products/cluster-complete-family-package-1125481
[2026-03-29T07:19:02Z] #142 attempt=1/6 status=200 1.153s url=https://www.myfonts.com/collections/cluster-font-kobuzan/
[2026-03-29T07:19:02Z] #143 attempt=1/6 status=200 0.268s url=https://www.myfonts.com/collections/cluster-font-kobuzan/?tab=techSpecs
[2026-03-29T07:19:03Z] #144 attempt=1/6 status=503 0.067s url=https://www.myfonts.com/products/hg-dot-new-gothic-b-complete-family-package-1125247
[2026-03-29T07:19:04Z] #145 attempt=1/6 status=200 0.356s url=https://www.myfonts.com/collections/hg-dot-new-gothic-b-font-ricoh
[2026-03-29T07:19:04Z] #146 attempt=1/6 status=200 0.122s url=https://www.myfonts.com/collections/hg-dot-new-gothic-b-font-ricoh?tab=techSpecs
[2026-03-29T07:19:07Z] #147 attempt=1/6 status=200 0.971s url=https://www.myfonts.com/collections/hg-dot-new-gothic-b-font-ricoh
[2026-03-29T07:19:08Z] #148 attempt=1/6 status=200 0.879s url=https://www.myfonts.com/products/molla-divina-complete-family-package-1125822
[2026-03-29T07:19:10Z] #149 attempt=1/6 status=200 1.296s url=https://www.myfonts.com/collections/molla-divina-font-canden-meutuah/
[2026-03-29T07:19:11Z] #150 attempt=1/6 status=200 1.151s url=https://www.myfonts.com/collections/molla-divina-font-canden-meutuah/?tab=techSpecs
[2026-03-29T07:19:13Z] #151 attempt=1/6 status=200 0.860s url=https://www.myfonts.com/products/intevia-complete-family-package-1125400
[2026-03-29T07:19:14Z] #152 attempt=1/6 status=200 0.933s url=https://www.myfonts.com/collections/intevia-font-hanken-design-co/
[2026-03-29T07:19:18Z] #153 attempt=1/6 status=200 2.834s url=https://www.myfonts.com/collections/intevia-font-hanken-design-co/?tab=techSpecs
[2026-03-29T07:19:19Z] #154 attempt=1/6 status=200 0.466s url=https://www.myfonts.com/products/hg-soei-cyubuto-penjitai-complete-family-package-1125236
[2026-03-29T07:19:19Z] #155 attempt=1/6 status=200 0.290s url=https://www.myfonts.com/collections/hg-soei-cyubuto-penjitai-font-ricoh/
[2026-03-29T07:19:20Z] #156 attempt=1/6 status=200 0.150s url=https://www.myfonts.com/collections/hg-soei-cyubuto-penjitai-font-ricoh/?tab=techSpecs
[2026-03-29T07:19:22Z] #157 attempt=1/6 status=200 0.219s url=https://www.myfonts.com/collections/hg-soei-cyubuto-penjitai-font-ricoh/
[2026-03-29T07:19:23Z] #158 attempt=1/6 status=200 0.365s url=https://www.myfonts.com/products/hg-marugothic-complete-family-package-1125184
[2026-03-29T07:19:24Z] #159 attempt=1/6 status=200 0.811s url=https://www.myfonts.com/collections/hg-marugothic-font-ricoh/
[2026-03-29T07:19:24Z] #160 attempt=1/6 status=200 0.174s url=https://www.myfonts.com/collections/hg-marugothic-font-ricoh/?tab=techSpecs
[2026-03-29T07:19:28Z] #161 attempt=1/6 status=200 0.975s url=https://www.myfonts.com/products.json?limit=100&page=6
[2026-03-29T07:19:29Z] #162 attempt=1/6 status=200 1.562s url=https://www.myfonts.com/products/roana-complete-family-package-1125287
[2026-03-29T07:19:31Z] #163 attempt=1/6 status=200 1.680s url=https://www.myfonts.com/collections/roana-font-alpercakici/
[2026-03-29T07:19:32Z] #164 attempt=1/6 status=200 0.290s url=https://www.myfonts.com/collections/roana-font-alpercakici/?tab=techSpecs
[2026-03-29T07:19:34Z] #165 attempt=1/6 status=200 0.634s url=https://www.myfonts.com/products/valkiria-complete-family-package-1126416
[2026-03-29T07:19:34Z] #166 attempt=1/6 status=503 0.073s url=https://www.myfonts.com/collections/valkiria-font-john-vargas-beltran/
[2026-03-29T07:19:35Z] #167 attempt=1/6 status=404 1.004s url=https://www.myfonts.com/collections/valkiria-font-jvb-fonts
[2026-03-29T07:19:36Z] #168 attempt=1/6 status=200 0.309s url=https://www.myfonts.com/products/hg-soei-presence-complete-family-package-1125167
[2026-03-29T07:19:37Z] #169 attempt=1/6 status=200 0.739s url=https://www.myfonts.com/collections/hg-soei-presence-font-ricoh/
[2026-03-29T07:19:38Z] #170 attempt=1/6 status=200 1.004s url=https://www.myfonts.com/collections/hg-soei-presence-font-ricoh/?tab=techSpecs
[2026-03-29T07:19:41Z] #171 attempt=1/6 status=503 0.068s url=https://www.myfonts.com/products/herald-news-complete-family-package-1125474
[2026-03-29T07:19:41Z] #172 attempt=1/6 status=200 0.658s url=https://www.myfonts.com/collections/herald-news-font-kevin-foley-fonts
[2026-03-29T07:19:43Z] #173 attempt=1/6 status=200 1.350s url=https://www.myfonts.com/collections/herald-news-font-kevin-foley-fonts?tab=techSpecs
[2026-03-29T07:19:45Z] #174 attempt=1/6 status=200 0.627s url=https://www.myfonts.com/products/hg-reithic-complete-family-package-1125065
[2026-03-29T07:19:45Z] #175 attempt=1/6 status=200 0.506s url=https://www.myfonts.com/collections/hg-reithic-font-ricoh/
[2026-03-29T07:19:46Z] #176 attempt=1/6 status=503 0.069s url=https://www.myfonts.com/collections/hg-reithic-font-ricoh/?tab=techSpecs
[2026-03-29T07:19:46Z] #177 attempt=1/6 status=503 0.068s url=https://www.myfonts.com/products/hg-soei-kakupoptai-complete-family-package-1125222
[2026-03-29T07:19:46Z] #178 attempt=1/6 status=503 0.076s url=https://www.myfonts.com/collections/hg-soei-kakupoptai-font-ricoh
[2026-03-29T07:19:46Z] #179 attempt=1/6 status=503 0.069s url=https://www.myfonts.com/products/hg-gothic-complete-family-package-1125118
[2026-03-29T07:19:47Z] #180 attempt=1/6 status=200 0.594s url=https://www.myfonts.com/collections/hg-gothic-font-ricoh
[2026-03-29T07:19:48Z] #181 attempt=1/6 status=200 0.395s url=https://www.myfonts.com/collections/hg-gothic-font-ricoh?tab=techSpecs
[2026-03-29T07:19:51Z] #182 attempt=1/6 status=503 0.088s url=https://www.myfonts.com/products/hg-new-gothic-m-complete-family-package-1125104
[2026-03-29T07:19:52Z] #183 attempt=1/6 status=200 0.594s url=https://www.myfonts.com/collections/hg-new-gothic-m-font-ricoh
[2026-03-29T07:19:52Z] #184 attempt=1/6 status=200 0.297s url=https://www.myfonts.com/collections/hg-new-gothic-m-font-ricoh?tab=techSpecs
[2026-03-29T07:19:55Z] #185 attempt=1/6 status=200 1.061s url=https://www.myfonts.com/collections/hg-new-gothic-m-font-ricoh
[2026-03-29T07:19:56Z] #186 attempt=1/6 status=200 0.380s url=https://www.myfonts.com/products/hg-mincho-l-complete-family-package-1125130
[2026-03-29T07:19:56Z] #187 attempt=1/6 status=200 0.297s url=https://www.myfonts.com/collections/hgp-mincho-l-font-ricoh/
[2026-03-29T07:19:57Z] #188 attempt=1/6 status=200 0.299s url=https://www.myfonts.com/collections/hgp-mincho-l-font-ricoh/?tab=techSpecs
[2026-03-29T07:20:01Z] #189 attempt=1/6 status=503 0.075s url=https://www.myfonts.com/collections/hgp-mincho-l-font-ricoh/
[2026-03-29T07:20:01Z] #190 attempt=1/6 status=200 0.312s url=https://www.myfonts.com/collections/hg-mincho-l-font-ricoh
[2026-03-29T07:20:01Z] #191 attempt=1/6 status=503 0.072s url=https://www.myfonts.com/collections/hg-mincho-l-font-ricoh?tab=techSpecs
[2026-03-29T07:20:02Z] #192 attempt=1/6 status=200 0.257s url=https://www.myfonts.com/collections/hg-mincho-l-font-ricoh
[2026-03-29T07:20:02Z] #193 attempt=1/6 status=503 0.073s url=https://www.myfonts.com/products/calvion-sans-complete-family-package-1126001
[2026-03-29T07:20:05Z] #194 attempt=1/6 status=200 2.377s url=https://www.myfonts.com/collections/calvion-sans-font-typehill-studio
[2026-03-29T07:20:07Z] #195 attempt=1/6 status=200 1.202s url=https://www.myfonts.com/collections/calvion-sans-font-typehill-studio?tab=techSpecs
[2026-03-29T07:20:08Z] #196 attempt=1/6 status=200 0.414s url=https://www.myfonts.com/products/hg-soei-futo-penjitai-complete-family-package-1125087
[2026-03-29T07:20:09Z] #197 attempt=1/6 status=200 0.425s url=https://www.myfonts.com/collections/hg-soei-futo-penjitai-font-ricoh/
[2026-03-29T07:20:10Z] #198 attempt=1/6 status=200 0.856s url=https://www.myfonts.com/collections/hg-soei-futo-penjitai-font-ricoh/?tab=techSpecs
[2026-03-29T07:20:12Z] #199 attempt=1/6 status=200 0.138s url=https://www.myfonts.com/collections/hg-soei-futo-penjitai-font-ricoh/
[2026-03-29T07:20:13Z] #200 attempt=1/6 status=200 0.810s url=https://www.myfonts.com/products/anisera-complete-family-package-1126092
[2026-03-29T07:20:13Z] #201 attempt=1/6 status=200 0.461s url=https://www.myfonts.com/collections/anisera-font-ragamkata/
[2026-03-29T07:20:14Z] #202 attempt=1/6 status=200 0.546s url=https://www.myfonts.com/collections/anisera-font-ragamkata/?tab=techSpecs
[2026-03-29T07:20:16Z] #203 attempt=1/6 status=200 1.066s url=https://www.myfonts.com/products/prodicos-complete-family-package-1125576
[2026-03-29T07:20:18Z] #204 attempt=1/6 status=200 1.669s url=https://www.myfonts.com/collections/prodicos-font-alpercakici/
[2026-03-29T07:20:20Z] #205 attempt=1/6 status=200 1.456s url=https://www.myfonts.com/collections/prodicos-font-alpercakici/?tab=techSpecs
[2026-03-29T07:20:22Z] #206 attempt=1/6 status=200 0.552s url=https://www.myfonts.com/products/hg-heisei-marugothictai-w4-complete-family-package-1125272
[2026-03-29T07:20:22Z] #207 attempt=1/6 status=200 0.616s url=https://www.myfonts.com/collections/hg-heisei-marugothictai-w4-font-ricoh/
[2026-03-29T07:20:23Z] #208 attempt=1/6 status=200 0.274s url=https://www.myfonts.com/collections/hg-heisei-marugothictai-w4-font-ricoh/?tab=techSpecs
[2026-03-29T07:20:27Z] #209 attempt=1/6 status=200 0.504s url=https://www.myfonts.com/collections/hg-heisei-marugothictai-w4-font-ricoh/
[2026-03-29T07:20:27Z] #210 attempt=1/6 status=200 0.327s url=https://www.myfonts.com/products/masign-complete-family-package-1126463
[2026-03-29T07:20:29Z] #211 attempt=1/6 status=200 1.253s url=https://www.myfonts.com/collections/masign-font-tini-fitriani/
[2026-03-29T07:20:30Z] #212 attempt=1/6 status=200 0.434s url=https://www.myfonts.com/collections/masign-font-tini-fitriani/?tab=techSpecs
[2026-03-29T07:20:31Z] #213 attempt=1/6 status=200 0.444s url=https://www.myfonts.com/products/nasalization-complete-family-package-1125807
[2026-03-29T07:20:31Z] #214 attempt=1/6 status=503 0.074s url=https://www.myfonts.com/collections/nasalization-font-typodermic/
[2026-03-29T07:20:32Z] #215 attempt=1/6 status=200 0.995s url=https://www.myfonts.com/products/iwagumi-sans-complete-family-package-1126133
[2026-03-29T07:20:33Z] #216 attempt=1/6 status=200 0.829s url=https://www.myfonts.com/collections/iwagumi-sans-font-mabutype/
[2026-03-29T07:20:34Z] #217 attempt=1/6 status=503 0.069s url=https://www.myfonts.com/collections/iwagumi-sans-font-mabutype/?tab=techSpecs
[2026-03-29T07:20:34Z] #218 attempt=1/6 status=200 0.288s url=https://www.myfonts.com/products/pasta-monday-complete-family-package-1126215
[2026-03-29T07:20:35Z] #219 attempt=1/6 status=503 0.069s url=https://www.myfonts.com/collections/pasta-monday-font-the-native-saint-club/
[2026-03-29T07:20:35Z] #220 attempt=1/6 status=503 0.068s url=https://www.myfonts.com/products/bakerman-blur-complete-family-package-1126125
[2026-03-29T07:20:35Z] #221 attempt=1/6 status=503 0.070s url=https://www.myfonts.com/collections/bakerman-blur-font-zasepa-studio
[2026-03-29T07:20:36Z] #222 attempt=1/6 status=200 0.843s url=https://www.myfonts.com/products/april-pearl-complete-family-package-1126460
[2026-03-29T07:20:36Z] #223 attempt=1/6 status=503 0.080s url=https://www.myfonts.com/collections/april-pearl-font-stylishtype-studio/
[2026-03-29T07:20:37Z] #224 attempt=1/6 status=503 0.071s url=https://www.myfonts.com/products/hg-heisei-minchotai-w3-complete-family-package-1125268
[2026-03-29T07:20:37Z] #225 attempt=1/6 status=404 0.181s url=https://www.myfonts.com/collections/hg-heisei-minchotai-w3-font-ricoh
[2026-03-29T07:20:38Z] #226 attempt=1/6 status=200 0.324s url=https://www.myfonts.com/products/hg-dot-maru-gothic-m-complete-family-package-1125159
[2026-03-29T07:20:38Z] #227 attempt=1/6 status=200 0.544s url=https://www.myfonts.com/collections/hg-dot-maru-gothic-m-font-ricoh/
[2026-03-29T07:20:39Z] #228 attempt=1/6 status=200 0.137s url=https://www.myfonts.com/collections/hg-dot-maru-gothic-m-font-ricoh/?tab=techSpecs
[2026-03-29T07:20:41Z] #229 attempt=1/6 status=200 0.182s url=https://www.myfonts.com/collections/hg-dot-maru-gothic-m-font-ricoh/
[2026-03-29T07:20:42Z] #230 attempt=1/6 status=200 0.495s url=https://www.myfonts.com/products/hg-dot-gothic-m-complete-family-package-1125171
[2026-03-29T07:20:43Z] #231 attempt=1/6 status=200 1.091s url=https://www.myfonts.com/collections/hg-dot-gothic-m-font-ricoh/
[2026-03-29T07:20:44Z] #232 attempt=1/6 status=200 0.159s url=https://www.myfonts.com/collections/hg-dot-gothic-m-font-ricoh/?tab=techSpecs
[2026-03-29T07:20:46Z] #233 attempt=1/6 status=200 0.631s url=https://www.myfonts.com/collections/hg-dot-gothic-m-font-ricoh/
[2026-03-29T07:20:47Z] #234 attempt=1/6 status=200 1.149s url=https://www.myfonts.com/products/hg-heisei-kakugothictai-w7-complete-family-package-1125217
[2026-03-29T07:20:48Z] #235 attempt=1/6 status=503 0.078s url=https://www.myfonts.com/collections/hg-heisei-kakugothictai-w7-font-ricoh/
[2026-03-29T07:20:48Z] #236 attempt=1/6 status=200 0.359s url=https://www.myfonts.com/products/hg-dot-mincho-b-complete-family-package-1125109
[2026-03-29T07:20:49Z] #237 attempt=1/6 status=200 0.428s url=https://www.myfonts.com/collections/hg-dot-mincho-b-font-ricoh/
[2026-03-29T07:20:49Z] #238 attempt=1/6 status=200 0.156s url=https://www.myfonts.com/collections/hg-dot-mincho-b-font-ricoh/?tab=techSpecs
[2026-03-29T07:20:51Z] #239 attempt=1/6 status=200 0.190s url=https://www.myfonts.com/collections/hg-dot-mincho-b-font-ricoh/
[2026-03-29T07:20:52Z] #240 attempt=1/6 status=200 0.926s url=https://www.myfonts.com/products/hg-mincho-complete-family-package-1125074
[2026-03-29T07:20:53Z] #241 attempt=1/6 status=200 0.358s url=https://www.myfonts.com/collections/hg-mincho-font-ricoh/
[2026-03-29T07:20:55Z] #242 attempt=1/6 status=200 2.080s url=https://www.myfonts.com/collections/hg-mincho-font-ricoh/?tab=techSpecs
[2026-03-29T07:20:59Z] #243 attempt=1/6 status=200 0.960s url=https://www.myfonts.com/products/hg-kyokashotai-complete-family-package-1125069
[2026-03-29T07:20:59Z] #244 attempt=1/6 status=503 0.079s url=https://www.myfonts.com/collections/hg-kyokashotai-font-ricoh/
[2026-03-29T07:21:00Z] #245 attempt=1/6 status=200 0.383s url=https://www.myfonts.com/products/hg-dot-new-gothic-m-complete-family-package-1125258
[2026-03-29T07:21:00Z] #246 attempt=1/6 status=503 0.070s url=https://www.myfonts.com/collections/hg-dot-new-gothic-m-font-ricoh/
[2026-03-29T07:21:01Z] #247 attempt=1/6 status=503 0.067s url=https://www.myfonts.com/products/always-think-twice-complete-family-package-1126457
[2026-03-29T07:21:03Z] #248 attempt=1/6 status=200 1.874s url=https://www.myfonts.com/collections/always-think-twice-font-pizzadudedk
[2026-03-29T07:21:03Z] #249 attempt=1/6 status=200 0.227s url=https://www.myfonts.com/collections/always-think-twice-font-pizzadudedk?tab=techSpecs
[2026-03-29T07:21:05Z] #250 attempt=1/6 status=200 0.418s url=https://www.myfonts.com/products/hg-dot-maru-gothic-b-complete-family-package-1125241
[2026-03-29T07:21:06Z] #251 attempt=1/6 status=200 0.847s url=https://www.myfonts.com/collections/hg-dot-maru-gothic-b-font-ricoh/
[2026-03-29T07:21:06Z] #252 attempt=1/6 status=200 0.276s url=https://www.myfonts.com/collections/hg-dot-maru-gothic-b-font-ricoh/?tab=techSpecs
[2026-03-29T07:21:09Z] #253 attempt=1/6 status=200 0.398s url=https://www.myfonts.com/collections/hg-dot-maru-gothic-b-font-ricoh/
[2026-03-29T07:21:09Z] #254 attempt=1/6 status=200 0.449s url=https://www.myfonts.com/products/hg-gyoshotai-complete-family-package-1125208
[2026-03-29T07:21:11Z] #255 attempt=1/6 status=200 1.289s url=https://www.myfonts.com/collections/hg-gyoshotai-font-ricoh/
[2026-03-29T07:21:11Z] #256 attempt=1/6 status=503 0.085s url=https://www.myfonts.com/collections/hg-gyoshotai-font-ricoh/?tab=techSpecs
[2026-03-29T07:21:12Z] #257 attempt=1/6 status=503 0.068s url=https://www.myfonts.com/products/selfion-complete-family-package-1125039
[2026-03-29T07:21:12Z] #258 attempt=1/6 status=503 0.072s url=https://www.myfonts.com/collections/selfion-font-gusetype
[2026-03-29T07:21:12Z] #259 attempt=1/6 status=200 0.380s url=https://www.myfonts.com/products/hg-hagoromo-complete-family-package-1125227
[2026-03-29T07:21:13Z] #260 attempt=1/6 status=200 0.540s url=https://www.myfonts.com/collections/hg-hagoromo-font-ricoh/
[2026-03-29T07:21:15Z] #261 attempt=1/6 status=200 1.162s url=https://www.myfonts.com/collections/hg-hagoromo-font-ricoh/?tab=techSpecs
[2026-03-29T07:21:18Z] #262 attempt=1/6 status=200 1.437s url=https://www.myfonts.com/products/duh-encok-complete-family-package-1126343
[2026-03-29T07:21:20Z] #263 attempt=1/6 status=200 1.552s url=https://www.myfonts.com/collections/duh-encok-font-mystical-type/
[2026-03-29T07:21:21Z] #264 attempt=1/6 status=200 1.290s url=https://www.myfonts.com/collections/duh-encok-font-mystical-type/?tab=techSpecs
[2026-03-29T07:21:23Z] #265 attempt=1/6 status=200 0.369s url=https://www.myfonts.com/products/001-sans-serif-family-complete-family-package-1125058
[2026-03-29T07:21:24Z] #266 attempt=1/6 status=200 0.658s url=https://www.myfonts.com/collections/001-sans-serif-family-font-pedro-teixeira/
[2026-03-29T07:21:24Z] #267 attempt=1/6 status=200 0.138s url=https://www.myfonts.com/collections/001-sans-serif-family-font-pedro-teixeira/?tab=techSpecs
[2026-03-29T07:21:25Z] #268 attempt=1/6 status=200 0.274s url=https://www.myfonts.com/products/hg-heisei-kakugothictai-w9-complete-family-package-1125126
[2026-03-29T07:21:26Z] #269 attempt=1/6 status=503 0.077s url=https://www.myfonts.com/collections/hg-heisei-kakugothictai-w9-font-ricoh/
[2026-03-29T07:21:27Z] #270 attempt=1/6 status=200 0.881s url=https://www.myfonts.com/products/hg-new-gothic-rt-complete-family-package-1125141
[2026-03-29T07:21:28Z] #271 attempt=1/6 status=200 0.883s url=https://www.myfonts.com/collections/hg-new-gothic-rt-font-ricoh/
[2026-03-29T07:21:29Z] #272 attempt=1/6 status=200 0.416s url=https://www.myfonts.com/collections/hg-new-gothic-rt-font-ricoh/?tab=techSpecs
[2026-03-29T07:21:31Z] #273 attempt=1/6 status=503 0.072s url=https://www.myfonts.com/collections/hg-new-gothic-rt-font-ricoh/
[2026-03-29T07:21:31Z] #274 attempt=1/6 status=503 0.071s url=https://www.myfonts.com/products/themora-complete-family-package-1126095
[2026-03-29T07:21:32Z] #275 attempt=1/6 status=404 0.312s url=https://www.myfonts.com/collections/themora-font-say-studio
[2026-03-29T07:21:32Z] #276 attempt=1/6 status=503 0.067s url=https://www.myfonts.com/products/hg-dot-mincho-m-complete-family-package-1125195
[2026-03-29T07:21:34Z] #277 attempt=1/6 status=200 1.418s url=https://www.myfonts.com/collections/hg-dot-mincho-m-font-ricoh
[2026-03-29T07:21:35Z] #278 attempt=1/6 status=200 0.659s url=https://www.myfonts.com/collections/hg-dot-mincho-m-font-ricoh?tab=techSpecs
[2026-03-29T07:21:37Z] #279 attempt=1/6 status=200 0.135s url=https://www.myfonts.com/collections/hg-dot-mincho-m-font-ricoh
[2026-03-29T07:21:37Z] #280 attempt=1/6 status=503 0.088s url=https://www.myfonts.com/products/vicido-litterata-1-complete-family-package-1125002
[2026-03-29T07:21:37Z] #281 attempt=1/6 status=503 0.075s url=https://www.myfonts.com/collections/vicido-litterata-1-font-vicido
[2026-03-29T07:21:38Z] #282 attempt=1/6 status=200 0.600s url=https://www.myfonts.com/products/hg-dot-gothic-b-complete-family-package-1125091
[2026-03-29T07:21:39Z] #283 attempt=1/6 status=200 0.869s url=https://www.myfonts.com/collections/hg-dot-gothic-b-font-ricoh/
[2026-03-29T07:21:40Z] #284 attempt=1/6 status=200 0.141s url=https://www.myfonts.com/collections/hg-dot-gothic-b-font-ricoh/?tab=techSpecs
[2026-03-29T07:21:42Z] #285 attempt=1/6 status=200 0.687s url=https://www.myfonts.com/collections/hg-dot-gothic-b-font-ricoh/
[2026-03-29T07:21:43Z] #286 attempt=1/6 status=200 0.468s url=https://www.myfonts.com/products/hg-heisei-minchotai-w9-complete-family-package-1125212
[2026-03-29T07:21:44Z] #287 attempt=1/6 status=200 0.614s url=https://www.myfonts.com/collections/hg-heisei-minchotai-w9-font-ricoh/
[2026-03-29T07:21:45Z] #288 attempt=1/6 status=200 0.839s url=https://www.myfonts.com/collections/hg-heisei-minchotai-w9-font-ricoh/?tab=techSpecs
[2026-03-29T07:21:47Z] #289 attempt=1/6 status=200 0.169s url=https://www.myfonts.com/collections/hg-heisei-minchotai-w9-font-ricoh/
[2026-03-29T07:21:48Z] #290 attempt=1/6 status=200 0.754s url=https://www.myfonts.com/products/hg-heisei-marugothictai-complete-family-package-1125138
[2026-03-29T07:21:49Z] #291 attempt=1/6 status=200 0.677s url=https://www.myfonts.com/collections/hg-heisei-marugothictai-font-ricoh/
[2026-03-29T07:21:49Z] #292 attempt=1/6 status=200 0.239s url=https://www.myfonts.com/collections/hg-heisei-marugothictai-font-ricoh/?tab=techSpecs
[2026-03-29T07:21:53Z] #293 attempt=1/6 status=200 0.195s url=https://www.myfonts.com/collections/hg-heisei-marugothictai-font-ricoh/
[2026-03-29T07:21:54Z] #294 attempt=1/6 status=200 1.629s url=https://www.myfonts.com/products/biarritz-complete-family-package-1124941
[2026-03-29T07:21:56Z] #295 attempt=1/6 status=200 0.997s url=https://www.myfonts.com/collections/biarritz-font-genilson-santos/
[2026-03-29T07:21:56Z] #296 attempt=1/6 status=503 0.069s url=https://www.myfonts.com/collections/biarritz-font-genilson-santos/?tab=techSpecs
[2026-03-29T07:21:56Z] #297 attempt=1/6 status=503 0.072s url=https://www.myfonts.com/products/hg-heisei-marugothictai-w8-complete-family-package-1125081
[2026-03-29T07:21:58Z] #298 attempt=1/6 status=200 1.520s url=https://www.myfonts.com/collections/hg-heisei-marugothictai-w8-font-ricoh
[2026-03-29T07:21:59Z] #299 attempt=1/6 status=200 0.343s url=https://www.myfonts.com/collections/hg-heisei-marugothictai-w8-font-ricoh?tab=techSpecs
[2026-03-29T07:22:02Z] #300 attempt=1/6 status=200 0.285s url=https://www.myfonts.com/collections/hg-heisei-marugothictai-w8-font-ricoh
[2026-03-29T07:22:02Z] #301 attempt=1/6 status=200 0.231s url=https://www.myfonts.com/products/hg-heisei-kakugothictai-w5-complete-family-package-1125134
[2026-03-29T07:22:03Z] #302 attempt=1/6 status=200 0.467s url=https://www.myfonts.com/collections/hg-heisei-kakugothictai-w5-font-ricoh/
[2026-03-29T07:22:04Z] #303 attempt=1/6 status=503 0.136s url=https://www.myfonts.com/collections/hg-heisei-kakugothictai-w5-font-ricoh/?tab=techSpecs
[2026-03-29T07:22:04Z] #304 attempt=1/6 status=200 0.679s url=https://www.myfonts.com/collections/hg-heisei-kakugothictai-w5-font-ricoh/
[2026-03-29T07:22:07Z] #305 attempt=1/6 status=200 1.874s url=https://www.myfonts.com/products/brusnika-complete-family-package-1124950
[2026-03-29T07:22:07Z] #306 attempt=1/6 status=503 0.071s url=https://www.myfonts.com/collections/brusnika-font-alpercakici/
[2026-03-29T07:22:07Z] #307 attempt=1/6 status=503 0.073s url=https://www.myfonts.com/products.json?limit=100&page=7
