[2026-03-08T15:36:04Z] === MyFonts crawl start source=myfonts ===
[2026-03-08T15:36:04Z] config max_pages=80 page_size=100 start_date=2026-02-16 end_date=2026-02-22 api_delay=2.0s detail_delay=3.0s max_debut_checks=35 max_tech_specs_checks=0 reuse_success_profile=False browser_mode=True browser_headless=True browser_storage_state_path=state/myfonts_storage_state.json
[2026-03-08T15:36:05Z] browser_client=ready transport=playwright
[2026-03-08T15:36:08Z] #1 attempt=1/6 status=200 0.735s url=https://www.myfonts.com/products.json?limit=100&page=1
[2026-03-08T15:36:10Z] #2 attempt=1/6 status=200 0.559s url=https://www.myfonts.com/products.json?limit=100&page=2
[2026-03-08T15:36:13Z] #3 attempt=1/6 status=200 0.465s url=https://www.myfonts.com/products.json?limit=100&page=3
[2026-03-08T15:36:16Z] #4 attempt=1/6 status=200 1.155s url=https://www.myfonts.com/products.json?limit=100&page=4
[2026-03-08T15:36:19Z] #5 attempt=1/6 status=200 0.899s url=https://www.myfonts.com/products.json?limit=100&page=5
[2026-03-08T15:36:22Z] #6 attempt=1/6 status=200 0.875s url=https://www.myfonts.com/products.json?limit=100&page=6
[2026-03-08T15:36:25Z] #7 attempt=1/6 status=200 0.984s url=https://www.myfonts.com/products.json?limit=100&page=7
[2026-03-08T15:36:28Z] #8 attempt=1/6 status=200 0.981s url=https://www.myfonts.com/products.json?limit=100&page=8
[2026-03-08T15:36:31Z] #9 attempt=1/6 status=200 0.897s url=https://www.myfonts.com/products.json?limit=100&page=9
[2026-03-08T15:36:34Z] #10 attempt=1/6 status=200 1.080s url=https://www.myfonts.com/products.json?limit=100&page=10
[2026-03-08T15:36:37Z] #11 attempt=1/6 status=200 1.193s url=https://www.myfonts.com/products.json?limit=100&page=11
[2026-03-08T15:36:40Z] #12 attempt=1/6 status=200 1.230s url=https://www.myfonts.com/products.json?limit=100&page=12
[2026-03-08T15:36:43Z] #13 attempt=1/6 status=200 0.818s url=https://www.myfonts.com/products.json?limit=100&page=13
[2026-03-08T15:36:46Z] #14 attempt=1/6 status=200 0.978s url=https://www.myfonts.com/products.json?limit=100&page=14
[2026-03-08T15:36:49Z] #15 attempt=1/6 status=200 0.824s url=https://www.myfonts.com/products.json?limit=100&page=15
[2026-03-08T15:36:52Z] #16 attempt=1/6 status=200 1.082s url=https://www.myfonts.com/products.json?limit=100&page=16
[2026-03-08T15:36:55Z] #17 attempt=1/6 status=200 1.178s url=https://www.myfonts.com/products.json?limit=100&page=17
[2026-03-08T15:36:58Z] #18 attempt=1/6 status=200 1.021s url=https://www.myfonts.com/products.json?limit=100&page=18
[2026-03-08T15:37:01Z] #19 attempt=1/6 status=200 1.179s url=https://www.myfonts.com/products.json?limit=100&page=19
[2026-03-08T15:37:04Z] #20 attempt=1/6 status=200 0.930s url=https://www.myfonts.com/products.json?limit=100&page=20
[2026-03-08T15:37:07Z] #21 attempt=1/6 status=200 1.163s url=https://www.myfonts.com/products.json?limit=100&page=21
[2026-03-08T15:37:11Z] #22 attempt=1/6 status=200 1.312s url=https://www.myfonts.com/products.json?limit=100&page=22
[2026-03-08T15:37:14Z] #23 attempt=1/6 status=200 1.117s url=https://www.myfonts.com/products.json?limit=100&page=23
[2026-03-08T15:37:17Z] #24 attempt=1/6 status=200 1.060s url=https://www.myfonts.com/products.json?limit=100&page=24
[2026-03-08T15:37:20Z] #25 attempt=1/6 status=200 1.077s url=https://www.myfonts.com/products.json?limit=100&page=25
[2026-03-08T15:37:24Z] #26 attempt=1/6 status=200 1.938s url=https://www.myfonts.com/products.json?limit=100&page=26
[2026-03-08T15:37:27Z] #27 attempt=1/6 status=200 1.397s url=https://www.myfonts.com/products.json?limit=100&page=27
[2026-03-08T15:37:31Z] #28 attempt=1/6 status=200 1.084s url=https://www.myfonts.com/products.json?limit=100&page=28
[2026-03-08T15:37:34Z] #29 attempt=1/6 status=200 1.029s url=https://www.myfonts.com/products.json?limit=100&page=29
[2026-03-08T15:37:37Z] #30 attempt=1/6 status=200 1.164s url=https://www.myfonts.com/products.json?limit=100&page=30
[2026-03-08T15:37:40Z] #31 attempt=1/6 status=200 0.984s url=https://www.myfonts.com/products.json?limit=100&page=31
[2026-03-08T15:37:43Z] #32 attempt=1/6 status=200 1.009s url=https://www.myfonts.com/products.json?limit=100&page=32
[2026-03-08T15:37:46Z] #33 attempt=1/6 status=200 1.136s url=https://www.myfonts.com/products.json?limit=100&page=33
[2026-03-08T15:37:49Z] #34 attempt=1/6 status=200 1.080s url=https://www.myfonts.com/products.json?limit=100&page=34
[2026-03-08T15:37:52Z] #35 attempt=1/6 status=200 1.172s url=https://www.myfonts.com/products.json?limit=100&page=35
[2026-03-08T15:37:56Z] #36 attempt=1/6 status=200 1.166s url=https://www.myfonts.com/products.json?limit=100&page=36
[2026-03-08T15:37:59Z] #37 attempt=1/6 status=200 0.996s url=https://www.myfonts.com/products.json?limit=100&page=37
[2026-03-08T15:38:02Z] #38 attempt=1/6 status=200 1.050s url=https://www.myfonts.com/products.json?limit=100&page=38
[2026-03-08T15:38:05Z] #39 attempt=1/6 status=200 1.116s url=https://www.myfonts.com/products.json?limit=100&page=39
[2026-03-08T15:38:08Z] #40 attempt=1/6 status=200 1.064s url=https://www.myfonts.com/products.json?limit=100&page=40
[2026-03-08T15:38:11Z] #41 attempt=1/6 status=200 1.129s url=https://www.myfonts.com/products.json?limit=100&page=41
[2026-03-08T15:38:14Z] #42 attempt=1/6 status=200 1.191s url=https://www.myfonts.com/products.json?limit=100&page=42
[2026-03-08T15:38:17Z] #43 attempt=1/6 status=200 0.971s url=https://www.myfonts.com/products.json?limit=100&page=43
[2026-03-08T15:38:20Z] #44 attempt=1/6 status=200 1.093s url=https://www.myfonts.com/products.json?limit=100&page=44
[2026-03-08T15:38:23Z] #45 attempt=1/6 status=200 0.951s url=https://www.myfonts.com/products.json?limit=100&page=45
[2026-03-08T15:38:28Z] #46 attempt=1/6 status=200 2.404s url=https://www.myfonts.com/products.json?limit=100&page=46
[2026-03-08T15:38:31Z] #47 attempt=1/6 status=200 1.344s url=https://www.myfonts.com/products.json?limit=100&page=47
[2026-03-08T15:38:35Z] #48 attempt=1/6 status=200 1.463s url=https://www.myfonts.com/products.json?limit=100&page=48
[2026-03-08T15:38:38Z] #49 attempt=1/6 status=200 1.248s url=https://www.myfonts.com/products.json?limit=100&page=49
[2026-03-08T15:38:41Z] #50 attempt=1/6 status=200 1.079s url=https://www.myfonts.com/products.json?limit=100&page=50
[2026-03-08T15:38:44Z] #51 attempt=1/6 status=200 1.287s url=https://www.myfonts.com/products.json?limit=100&page=51
[2026-03-08T15:38:48Z] #52 attempt=1/6 status=200 1.329s url=https://www.myfonts.com/products.json?limit=100&page=52
[2026-03-08T15:38:51Z] #53 attempt=1/6 status=200 1.132s url=https://www.myfonts.com/products.json?limit=100&page=53
[2026-03-08T15:38:54Z] #54 attempt=1/6 status=200 1.285s url=https://www.myfonts.com/products.json?limit=100&page=54
[2026-03-08T15:38:57Z] #55 attempt=1/6 status=200 1.187s url=https://www.myfonts.com/products.json?limit=100&page=55
[2026-03-08T15:39:00Z] #56 attempt=1/6 status=200 1.229s url=https://www.myfonts.com/products.json?limit=100&page=56
[2026-03-08T15:39:06Z] #57 attempt=1/6 status=200 2.570s url=https://www.myfonts.com/products/slinkster-slinkster-126254
[2026-03-08T15:39:10Z] #58 attempt=1/6 status=200 1.250s url=https://www.myfonts.com/collections/slinkster-font-will-ryan/
[2026-03-08T15:39:15Z] #59 attempt=1/6 status=200 1.798s url=https://www.myfonts.com/products/trustha-handwritten-font-bundle-package-677606
[2026-03-08T15:39:19Z] #60 attempt=1/6 status=200 0.944s url=https://www.myfonts.com/products/comucan-complete-family-package-1105747
[2026-03-08T15:39:23Z] #61 attempt=1/6 status=200 0.925s url=https://www.myfonts.com/collections/comucan-font-mans-greback/
[2026-03-08T15:39:27Z] #62 attempt=1/6 status=200 0.930s url=https://www.myfonts.com/products/valore-text-pro-complete-family-package-1112832
[2026-03-08T15:39:32Z] #63 attempt=1/6 status=200 1.069s url=https://www.myfonts.com/collections/valore-text-pro-font-nollev/
[2026-03-08T15:39:36Z] #64 attempt=1/6 status=200 0.751s url=https://www.myfonts.com/products/pixobay-complete-family-package-1112810
[2026-03-08T15:39:39Z] #65 attempt=1/6 status=200 0.864s url=https://www.myfonts.com/collections/pixobay-font-alpercakici/
[2026-03-08T15:39:44Z] #66 attempt=1/6 status=200 0.964s url=https://www.myfonts.com/products/squeaky-complete-family-package-1102817
[2026-03-08T15:39:48Z] #67 attempt=1/6 status=200 0.924s url=https://www.myfonts.com/collections/squeaky-font-mans-greback/
[2026-03-08T15:39:51Z] #68 attempt=1/6 status=200 0.677s url=https://www.myfonts.com/products/hakter-complete-family-package-1112823
[2026-03-08T15:39:55Z] #69 attempt=1/6 status=200 0.702s url=https://www.myfonts.com/collections/hakter-font-smz-design/
[2026-03-08T15:39:59Z] #70 attempt=1/6 status=200 0.835s url=https://www.myfonts.com/products/childbook-complete-family-package-1112586
[2026-03-08T15:40:03Z] #71 attempt=1/6 status=200 0.843s url=https://www.myfonts.com/collections/childbook-font-alpercakici/
[2026-03-08T15:40:07Z] #72 attempt=1/6 status=200 0.797s url=https://www.myfonts.com/products/anabae-complete-family-package-1112569
[2026-03-08T15:40:11Z] #73 attempt=1/6 status=200 0.960s url=https://www.myfonts.com/collections/anabae-font-differentialtype/
[2026-03-08T15:40:18Z] #74 attempt=1/6 status=200 3.842s url=https://www.myfonts.com/products/serif-package-1112585
[2026-03-08T15:40:26Z] #75 attempt=1/6 status=200 4.636s url=https://www.myfonts.com/collections/juligraf-font-nia-typework/
[2026-03-08T15:40:31Z] #76 attempt=1/6 status=200 0.965s url=https://www.myfonts.com/products/chalk-mutton-1112510
[2026-03-08T15:40:35Z] #77 attempt=1/6 status=200 0.907s url=https://www.myfonts.com/collections/mutton-font-alpercakici/
[2026-03-08T15:40:38Z] #78 attempt=1/6 status=200 1.332s url=https://www.myfonts.com/products.json?limit=100&page=57
[2026-03-08T15:40:43Z] #79 attempt=1/6 status=200 1.404s url=https://www.myfonts.com/products/essential-starter-bundle-package-1040197
[2026-03-08T15:40:47Z] #80 attempt=1/6 status=200 1.139s url=https://www.myfonts.com/products/editorial-and-publishing-bundle-package-1037430
[2026-03-08T15:40:51Z] #81 attempt=1/6 status=200 1.146s url=https://www.myfonts.com/products/all-purpose-sans-pack-package-1054028
[2026-03-08T15:40:55Z] #82 attempt=1/6 status=200 1.132s url=https://www.myfonts.com/products/modern-sans-serif-font-bundle-package-1041587
[2026-03-08T15:41:00Z] #83 attempt=1/6 status=200 1.420s url=https://www.myfonts.com/products/mega-winner-280-package-1112584
[2026-03-08T15:41:04Z] #84 attempt=1/6 status=200 0.841s url=https://www.myfonts.com/products/pujarelah-complete-family-package-1112550
[2026-03-08T15:41:08Z] #85 attempt=1/6 status=200 1.206s url=https://www.myfonts.com/collections/pujarelah-font-differentialtype/
[2026-03-08T15:41:12Z] #86 attempt=1/6 status=200 0.780s url=https://www.myfonts.com/products/esatis-smoothen-complete-family-package-1112531
[2026-03-08T15:41:16Z] #87 attempt=1/6 status=200 1.223s url=https://www.myfonts.com/collections/esatis-smoothen-font-differentialtype/
[2026-03-08T15:41:20Z] #88 attempt=1/6 status=200 0.655s url=https://www.myfonts.com/products/slopdogz-complete-family-package-1104612
[2026-03-08T15:41:24Z] #89 attempt=1/6 status=200 0.691s url=https://www.myfonts.com/collections/slopdogz-font-mans-greback/
[2026-03-08T15:41:28Z] #90 attempt=1/6 status=200 0.815s url=https://www.myfonts.com/products/fx-njungkel-complete-family-package-1112512
[2026-03-08T15:41:32Z] #91 attempt=1/6 status=200 1.091s url=https://www.myfonts.com/collections/fx-njungkel-font-differentialtype/
[2026-03-08T15:41:37Z] #92 attempt=1/6 status=200 1.553s url=https://www.myfonts.com/products/the-complete-135-font-collection-package-1112511
[2026-03-08T15:41:41Z] #93 attempt=1/6 status=200 1.061s url=https://www.myfonts.com/products/circular-noise-italic-quixa-1112403
[2026-03-08T15:41:47Z] #94 attempt=1/6 status=200 2.431s url=https://www.myfonts.com/collections/quixa-font-alpercakici/
[2026-03-08T15:41:51Z] #95 attempt=1/6 status=200 1.023s url=https://www.myfonts.com/products/rounded-8-bit-1112461
[2026-03-08T15:41:56Z] #96 attempt=1/6 status=200 1.428s url=https://www.myfonts.com/collections/8-bit-font-alpercakici/
[2026-03-08T15:41:59Z] #97 attempt=1/6 status=200 1.172s url=https://www.myfonts.com/products.json?limit=100&page=58
[2026-03-08T15:42:03Z] #98 attempt=1/6 status=200 1.004s url=https://www.myfonts.com/products/forzon-complete-family-package-1111080
[2026-03-08T15:42:07Z] #99 attempt=1/6 status=200 1.377s url=https://www.myfonts.com/collections/forzon-font-vermilione/
[2026-03-08T15:42:11Z] #100 attempt=1/6 status=200 0.757s url=https://www.myfonts.com/products/ladoga-complete-family-package-1110905
[2026-03-08T15:42:15Z] #101 attempt=1/6 status=200 1.059s url=https://www.myfonts.com/collections/ladoga-font-paratype/
[2026-03-08T15:42:19Z] #102 attempt=1/6 status=200 0.804s url=https://www.myfonts.com/products/regular-rilestia-1111844
[2026-03-08T15:42:23Z] #103 attempt=1/6 status=200 0.654s url=https://www.myfonts.com/collections/rilestia-font-rasio-studio/
[2026-03-08T15:42:28Z] #104 attempt=1/6 status=200 1.530s url=https://www.myfonts.com/products/extra-light-expanded-aristone-slab-1111453
[2026-03-08T15:42:35Z] #105 attempt=1/6 status=200 3.726s url=https://www.myfonts.com/collections/aristone-slab-font-artisan-studio/
[2026-03-08T15:42:40Z] #106 attempt=1/6 status=200 0.929s url=https://www.myfonts.com/products/regular-stary-bring-1112332
[2026-03-08T15:42:43Z] #107 attempt=1/6 status=200 0.729s url=https://www.myfonts.com/collections/stary-bring-font-pandeka-studio/
