[2026-03-17T08:09:03Z] checkpoint fresh next_page=1 path=state/myfonts_crawl_checkpoint.json
[2026-03-17T08:09:03Z] === MyFonts crawl start source=myfonts ===
[2026-03-17T08:09:03Z] config max_pages=25 page_size=100 start_date=2026-03-13 end_date=2026-03-17 api_delay=0.5s detail_delay=0.2s max_debut_checks=80 max_tech_specs_checks=40 reuse_success_profile=False always_enrich_packages=True language_script_signal_mode=strong force_fresh_run=False start_page=1 browser_mode=False browser_headless=True browser_storage_state_path=state/myfonts_storage_state.json
[2026-03-17T08:09:04Z] #1 attempt=1/6 status=200 0.881s url=https://www.myfonts.com/products.json?limit=100&page=1
[2026-03-17T08:09:05Z] #2 attempt=1/6 status=200 0.153s url=https://www.myfonts.com/products/secondline-semi-condensed-package-1122360
[2026-03-17T08:09:05Z] #3 attempt=1/6 status=200 0.165s url=https://www.myfonts.com/collections/secondline-font-zet-design/
[2026-03-17T08:09:06Z] #4 attempt=1/6 status=200 0.195s url=https://www.myfonts.com/collections/secondline-font-zet-design/?tab=techSpecs
[2026-03-17T08:09:07Z] #5 attempt=1/6 status=200 0.152s url=https://www.myfonts.com/products/khaos-complete-family-package-1121927
[2026-03-17T08:09:07Z] #6 attempt=1/6 status=200 0.163s url=https://www.myfonts.com/collections/khaos-font-fontbilisi/
[2026-03-17T08:09:08Z] #7 attempt=1/6 status=200 0.175s url=https://www.myfonts.com/collections/khaos-font-fontbilisi/?tab=techSpecs
[2026-03-17T08:09:09Z] #8 attempt=1/6 status=200 0.150s url=https://www.myfonts.com/products/hard-package-1122387
[2026-03-17T08:09:09Z] #9 attempt=1/6 status=200 0.244s url=https://www.myfonts.com/collections/kastien-font-nia-typework/
[2026-03-17T08:09:10Z] #10 attempt=1/6 status=200 0.221s url=https://www.myfonts.com/collections/kastien-font-nia-typework/?tab=techSpecs
[2026-03-17T08:09:11Z] #11 attempt=1/6 status=200 0.190s url=https://www.myfonts.com/products/brado-quena-complete-family-package-1122389
[2026-03-17T08:09:12Z] #12 attempt=1/6 status=200 0.156s url=https://www.myfonts.com/collections/brado-quena-font-sign-studio/
[2026-03-17T08:09:12Z] #13 attempt=1/6 status=200 0.158s url=https://www.myfonts.com/collections/brado-quena-font-sign-studio/?tab=techSpecs
[2026-03-17T08:09:13Z] #14 attempt=1/6 status=200 0.159s url=https://www.myfonts.com/products/bone-each-complete-family-package-1122382
[2026-03-17T08:09:14Z] #15 attempt=1/6 status=200 0.167s url=https://www.myfonts.com/collections/bone-each-font-illusletra/
[2026-03-17T08:09:14Z] #16 attempt=1/6 status=200 0.161s url=https://www.myfonts.com/collections/bone-each-font-illusletra/?tab=techSpecs
[2026-03-17T08:09:15Z] #17 attempt=1/6 status=200 0.145s url=https://www.myfonts.com/products/regular-tattletale-pw-311690
[2026-03-17T08:09:16Z] #18 attempt=1/6 status=200 0.163s url=https://www.myfonts.com/collections/tattletale-pw-font-patty-whack-fonts/
[2026-03-17T08:09:16Z] #19 attempt=1/6 status=200 0.169s url=https://www.myfonts.com/collections/tattletale-pw-font-patty-whack-fonts/?tab=techSpecs
[2026-03-17T08:09:17Z] #20 attempt=1/6 status=200 0.144s url=https://www.myfonts.com/collections/tattletale-pw-font-patty-whack-fonts/
[2026-03-17T08:09:17Z] #21 attempt=1/6 status=200 0.143s url=https://www.myfonts.com/products/regular-cutesy-wootsy-311117
[2026-03-17T08:09:18Z] #22 attempt=1/6 status=200 0.181s url=https://www.myfonts.com/collections/cutesy-wootsy-font-patty-whack-fonts/
[2026-03-17T08:09:18Z] #23 attempt=1/6 status=200 0.150s url=https://www.myfonts.com/collections/cutesy-wootsy-font-patty-whack-fonts/?tab=techSpecs
[2026-03-17T08:09:19Z] #24 attempt=1/6 status=200 0.148s url=https://www.myfonts.com/collections/cutesy-wootsy-font-patty-whack-fonts/
[2026-03-17T08:09:19Z] #25 attempt=1/6 status=200 0.140s url=https://www.myfonts.com/products/regular-poodle-tails-pw-313605
[2026-03-17T08:09:20Z] #26 attempt=1/6 status=200 0.151s url=https://www.myfonts.com/collections/poodle-tails-pw-font-patty-whack-fonts/
[2026-03-17T08:09:20Z] #27 attempt=1/6 status=200 0.161s url=https://www.myfonts.com/collections/poodle-tails-pw-font-patty-whack-fonts/?tab=techSpecs
[2026-03-17T08:09:21Z] #28 attempt=1/6 status=200 0.141s url=https://www.myfonts.com/collections/poodle-tails-pw-font-patty-whack-fonts/
[2026-03-17T08:09:21Z] #29 attempt=1/6 status=200 0.151s url=https://www.myfonts.com/products/regular-mademoiselle-magnifique-pw-312525
[2026-03-17T08:09:22Z] #30 attempt=1/6 status=200 0.151s url=https://www.myfonts.com/collections/mademoiselle-magnifique-pw-font-patty-whack-fonts/
[2026-03-17T08:09:22Z] #31 attempt=1/6 status=200 0.174s url=https://www.myfonts.com/collections/mademoiselle-magnifique-pw-font-patty-whack-fonts/?tab=techSpecs
[2026-03-17T08:09:23Z] #32 attempt=1/6 status=200 0.155s url=https://www.myfonts.com/collections/mademoiselle-magnifique-pw-font-patty-whack-fonts/
[2026-03-17T08:09:23Z] #33 attempt=1/6 status=200 0.165s url=https://www.myfonts.com/products/regular-fatty-fatty-boombalatty-pw-313249
[2026-03-17T08:09:24Z] #34 attempt=1/6 status=200 0.179s url=https://www.myfonts.com/collections/fatty-fatty-boombalatty-pw-font-patty-whack-fonts/
[2026-03-17T08:09:24Z] #35 attempt=1/6 status=200 0.173s url=https://www.myfonts.com/collections/fatty-fatty-boombalatty-pw-font-patty-whack-fonts/?tab=techSpecs
[2026-03-17T08:09:25Z] #36 attempt=1/6 status=200 0.178s url=https://www.myfonts.com/collections/fatty-fatty-boombalatty-pw-font-patty-whack-fonts/
[2026-03-17T08:09:25Z] #37 attempt=1/6 status=200 0.145s url=https://www.myfonts.com/products/regular-sweet-tea-pw-319534
[2026-03-17T08:09:26Z] #38 attempt=1/6 status=200 0.181s url=https://www.myfonts.com/collections/sweet-tea-pw-font-patty-whack-fonts/
[2026-03-17T08:09:26Z] #39 attempt=1/6 status=200 0.151s url=https://www.myfonts.com/collections/sweet-tea-pw-font-patty-whack-fonts/?tab=techSpecs
[2026-03-17T08:09:27Z] #40 attempt=1/6 status=200 0.141s url=https://www.myfonts.com/products/regular-funky-fat-jiggly-pw-311128
[2026-03-17T08:09:27Z] #41 attempt=1/6 status=200 0.147s url=https://www.myfonts.com/collections/funky-fat-jiggly-pw-font-patty-whack-fonts/
[2026-03-17T08:09:28Z] #42 attempt=1/6 status=200 0.153s url=https://www.myfonts.com/collections/funky-fat-jiggly-pw-font-patty-whack-fonts/?tab=techSpecs
[2026-03-17T08:09:29Z] #43 attempt=1/6 status=200 0.160s url=https://www.myfonts.com/collections/funky-fat-jiggly-pw-font-patty-whack-fonts/
[2026-03-17T08:09:29Z] #44 attempt=1/6 status=200 0.148s url=https://www.myfonts.com/products/regular-tangled-pw-319361
[2026-03-17T08:09:29Z] #45 attempt=1/6 status=200 0.162s url=https://www.myfonts.com/collections/tangled-pw-font-patty-whack-fonts/
[2026-03-17T08:09:30Z] #46 attempt=1/6 status=200 0.167s url=https://www.myfonts.com/collections/tangled-pw-font-patty-whack-fonts/?tab=techSpecs
[2026-03-17T08:09:31Z] #47 attempt=1/6 status=200 0.161s url=https://www.myfonts.com/products/regular-les-bonbon-boutique-pw-312528
[2026-03-17T08:09:31Z] #48 attempt=1/6 status=200 0.150s url=https://www.myfonts.com/collections/les-bonbon-boutique-pw-font-patty-whack-fonts/
[2026-03-17T08:09:31Z] #49 attempt=1/6 status=200 0.149s url=https://www.myfonts.com/collections/les-bonbon-boutique-pw-font-patty-whack-fonts/?tab=techSpecs
[2026-03-17T08:09:32Z] #50 attempt=1/6 status=200 0.161s url=https://www.myfonts.com/collections/les-bonbon-boutique-pw-font-patty-whack-fonts/
[2026-03-17T08:09:33Z] #51 attempt=1/6 status=200 0.154s url=https://www.myfonts.com/products/regular-farmers-market-pw-313254
[2026-03-17T08:09:33Z] #52 attempt=1/6 status=200 0.158s url=https://www.myfonts.com/collections/farmers-market-pw-font-patty-whack-fonts/
[2026-03-17T08:09:33Z] #53 attempt=1/6 status=200 0.147s url=https://www.myfonts.com/collections/farmers-market-pw-font-patty-whack-fonts/?tab=techSpecs
[2026-03-17T08:09:34Z] #54 attempt=1/6 status=200 0.163s url=https://www.myfonts.com/collections/farmers-market-pw-font-patty-whack-fonts/
[2026-03-17T08:09:35Z] #55 attempt=1/6 status=200 0.132s url=https://www.myfonts.com/products/regular-abracadabra-pw-311238
[2026-03-17T08:09:35Z] #56 attempt=1/6 status=200 0.155s url=https://www.myfonts.com/collections/abracadabra-pw-font-patty-whack-fonts/
[2026-03-17T08:09:35Z] #57 attempt=1/6 status=200 0.155s url=https://www.myfonts.com/collections/abracadabra-pw-font-patty-whack-fonts/?tab=techSpecs
[2026-03-17T08:09:36Z] #58 attempt=1/6 status=200 0.143s url=https://www.myfonts.com/collections/abracadabra-pw-font-patty-whack-fonts/
[2026-03-17T08:09:36Z] #59 attempt=1/6 status=200 0.147s url=https://www.myfonts.com/products/font-awesome-bundles-package-1050086
[2026-03-17T08:09:37Z] #60 attempt=1/6 status=404 0.168s url=https://www.myfonts.com/collections/font-awesome-bundles-font-ranojit-chakraborty
[2026-03-17T08:09:37Z] #61 attempt=1/6 status=200 0.165s url=https://www.myfonts.com/products/mio-fiore-lite-package-1122328
[2026-03-17T08:09:38Z] #62 attempt=1/6 status=200 0.179s url=https://www.myfonts.com/collections/mio-fiore-font-sans-and-sons/
[2026-03-17T08:09:38Z] #63 attempt=1/6 status=200 0.155s url=https://www.myfonts.com/collections/mio-fiore-font-sans-and-sons/?tab=techSpecs
[2026-03-17T08:09:39Z] #64 attempt=1/6 status=200 0.143s url=https://www.myfonts.com/products/small-family-package-1117748
[2026-03-17T08:09:40Z] #65 attempt=1/6 status=200 0.155s url=https://www.myfonts.com/collections/tellur-sans-font-monovo/
[2026-03-17T08:09:40Z] #66 attempt=1/6 status=200 0.157s url=https://www.myfonts.com/collections/tellur-sans-font-monovo/?tab=techSpecs
[2026-03-17T08:09:41Z] #67 attempt=1/6 status=200 0.161s url=https://www.myfonts.com/products/hello-paris-serif-pro-package-1122329
[2026-03-17T08:09:42Z] #68 attempt=1/6 status=200 0.164s url=https://www.myfonts.com/collections/hello-paris-font-sans-and-sons/
[2026-03-17T08:09:42Z] #69 attempt=1/6 status=200 0.164s url=https://www.myfonts.com/collections/hello-paris-font-sans-and-sons/?tab=techSpecs
[2026-03-17T08:09:43Z] #70 attempt=1/6 status=200 0.143s url=https://www.myfonts.com/products/the-sisters-bundle-package-1070166
[2026-03-17T08:09:44Z] #71 attempt=1/6 status=404 0.178s url=https://www.myfonts.com/collections/the-sisters-bundle-font-context
[2026-03-17T08:09:44Z] #72 attempt=1/6 status=200 0.160s url=https://www.myfonts.com/products/futura-pt-complete-family-package-1116273
[2026-03-17T08:09:45Z] #73 attempt=1/6 status=200 0.184s url=https://www.myfonts.com/collections/futura-book-font-paratype/
[2026-03-17T08:09:45Z] #74 attempt=1/6 status=200 0.163s url=https://www.myfonts.com/collections/futura-book-font-paratype/?tab=techSpecs
[2026-03-17T08:09:46Z] #75 attempt=1/6 status=200 0.160s url=https://www.myfonts.com/products/mailuna-pro-aoe-complete-family-package-1122251
[2026-03-17T08:09:47Z] #76 attempt=1/6 status=200 0.173s url=https://www.myfonts.com/collections/mailuna-pro-aoe-font-astigmatic/
[2026-03-17T08:09:47Z] #77 attempt=1/6 status=200 0.171s url=https://www.myfonts.com/collections/mailuna-pro-aoe-font-astigmatic/?tab=techSpecs
[2026-03-17T08:09:48Z] #78 attempt=1/6 status=200 0.150s url=https://www.myfonts.com/products/kentish-aoe-pro-complete-family-package-1122248
[2026-03-17T08:09:49Z] #79 attempt=1/6 status=200 0.153s url=https://www.myfonts.com/collections/kentish-aoe-pro-font-astigmatic/
[2026-03-17T08:09:49Z] #80 attempt=1/6 status=200 0.167s url=https://www.myfonts.com/collections/kentish-aoe-pro-font-astigmatic/?tab=techSpecs
[2026-03-17T08:09:50Z] #81 attempt=1/6 status=200 0.154s url=https://www.myfonts.com/products/horseplay-aoe-complete-family-package-1122259
[2026-03-17T08:09:51Z] #82 attempt=1/6 status=200 0.146s url=https://www.myfonts.com/collections/horseplay-aoe-font-astigmatic/
[2026-03-17T08:09:51Z] #83 attempt=1/6 status=200 0.151s url=https://www.myfonts.com/collections/horseplay-aoe-font-astigmatic/?tab=techSpecs
[2026-03-17T08:09:52Z] #84 attempt=1/6 status=200 0.139s url=https://www.myfonts.com/products/blackheath-pro-aoe-complete-family-package-1122256
[2026-03-17T08:09:53Z] #85 attempt=1/6 status=200 0.194s url=https://www.myfonts.com/collections/blackheath-pro-aoe-font-astigmatic/
[2026-03-17T08:09:53Z] #86 attempt=1/6 status=200 0.158s url=https://www.myfonts.com/collections/blackheath-pro-aoe-font-astigmatic/?tab=techSpecs
[2026-03-17T08:09:54Z] #87 attempt=1/6 status=200 0.155s url=https://www.myfonts.com/products/light-rue-display-320412
[2026-03-17T08:09:55Z] #88 attempt=1/6 status=200 0.144s url=https://www.myfonts.com/collections/rue-display-font-winnie-tan/
[2026-03-17T08:09:55Z] #89 attempt=1/6 status=200 0.150s url=https://www.myfonts.com/collections/rue-display-font-winnie-tan/?tab=techSpecs
[2026-03-17T08:09:56Z] #90 attempt=1/6 status=200 0.146s url=https://www.myfonts.com/products/adolescence-adolescence-346190
[2026-03-17T08:09:57Z] #91 attempt=1/6 status=200 0.156s url=https://www.myfonts.com/collections/adolescence-font-monotype-imaging/
[2026-03-17T08:09:57Z] #92 attempt=1/6 status=200 0.152s url=https://www.myfonts.com/collections/adolescence-font-monotype-imaging/?tab=techSpecs
[2026-03-17T08:09:58Z] #93 attempt=1/6 status=200 0.151s url=https://www.myfonts.com/products/light-italic-rue-display-320407
[2026-03-17T08:09:58Z] #94 attempt=1/6 status=200 0.161s url=https://www.myfonts.com/collections/rue-display-font-winnie-tan/
[2026-03-17T08:09:59Z] #95 attempt=1/6 status=200 0.171s url=https://www.myfonts.com/collections/rue-display-font-winnie-tan/?tab=techSpecs
[2026-03-17T08:10:00Z] #96 attempt=1/6 status=200 0.144s url=https://www.myfonts.com/products/italic-rue-display-320395
[2026-03-17T08:10:00Z] #97 attempt=1/6 status=200 0.170s url=https://www.myfonts.com/collections/rue-display-font-winnie-tan/
[2026-03-17T08:10:01Z] #98 attempt=1/6 status=200 0.161s url=https://www.myfonts.com/collections/rue-display-font-winnie-tan/?tab=techSpecs
[2026-03-17T08:10:02Z] #99 attempt=1/6 status=200 0.170s url=https://www.myfonts.com/products/bold-italic-rue-display-320401
[2026-03-17T08:10:02Z] #100 attempt=1/6 status=200 0.156s url=https://www.myfonts.com/collections/rue-display-font-winnie-tan/
[2026-03-17T08:10:03Z] #101 attempt=1/6 status=200 0.150s url=https://www.myfonts.com/collections/rue-display-font-winnie-tan/?tab=techSpecs
[2026-03-17T08:10:04Z] #102 attempt=1/6 status=200 0.145s url=https://www.myfonts.com/products/thin-light-italic-rue-display-320385
[2026-03-17T08:10:04Z] #103 attempt=1/6 status=200 0.154s url=https://www.myfonts.com/collections/rue-display-font-winnie-tan/
[2026-03-17T08:10:05Z] #104 attempt=1/6 status=200 0.158s url=https://www.myfonts.com/collections/rue-display-font-winnie-tan/?tab=techSpecs
[2026-03-17T08:10:06Z] #105 attempt=1/6 status=200 0.156s url=https://www.myfonts.com/products/semi-bold-italic-rue-display-320376
[2026-03-17T08:10:06Z] #106 attempt=1/6 status=200 0.154s url=https://www.myfonts.com/collections/rue-display-font-winnie-tan/
[2026-03-17T08:10:07Z] #107 attempt=1/6 status=200 0.172s url=https://www.myfonts.com/collections/rue-display-font-winnie-tan/?tab=techSpecs
[2026-03-17T08:10:08Z] #108 attempt=1/6 status=200 0.151s url=https://www.myfonts.com/products/bold-rue-display-320400
[2026-03-17T08:10:08Z] #109 attempt=1/6 status=200 0.150s url=https://www.myfonts.com/collections/rue-display-font-winnie-tan/
[2026-03-17T08:10:09Z] #110 attempt=1/6 status=200 0.149s url=https://www.myfonts.com/collections/rue-display-font-winnie-tan/?tab=techSpecs
[2026-03-17T08:10:10Z] #111 attempt=1/6 status=200 0.161s url=https://www.myfonts.com/products/thin-light-rue-display-320367
[2026-03-17T08:10:10Z] #112 attempt=1/6 status=200 0.144s url=https://www.myfonts.com/collections/rue-display-font-winnie-tan/
[2026-03-17T08:10:11Z] #113 attempt=1/6 status=200 0.164s url=https://www.myfonts.com/collections/rue-display-font-winnie-tan/?tab=techSpecs
[2026-03-17T08:10:12Z] #114 attempt=1/6 status=200 0.151s url=https://www.myfonts.com/products/semi-bold-rue-display-320381
[2026-03-17T08:10:12Z] #115 attempt=1/6 status=200 0.189s url=https://www.myfonts.com/collections/rue-display-font-winnie-tan/
[2026-03-17T08:10:13Z] #116 attempt=1/6 status=200 0.161s url=https://www.myfonts.com/collections/rue-display-font-winnie-tan/?tab=techSpecs
[2026-03-17T08:10:14Z] #117 attempt=1/6 status=200 0.156s url=https://www.myfonts.com/products/regular-rue-display-320372
[2026-03-17T08:10:14Z] #118 attempt=1/6 status=200 0.168s url=https://www.myfonts.com/collections/rue-display-font-winnie-tan/
[2026-03-17T08:10:15Z] #119 attempt=1/6 status=200 0.151s url=https://www.myfonts.com/collections/rue-display-font-winnie-tan/?tab=techSpecs
[2026-03-17T08:10:16Z] #120 attempt=1/6 status=200 0.141s url=https://www.myfonts.com/products/regular-bagile-1121607
[2026-03-17T08:10:16Z] #121 attempt=1/6 status=200 0.157s url=https://www.myfonts.com/collections/bagile-font-pandeka-studio/
[2026-03-17T08:10:17Z] #122 attempt=1/6 status=200 0.144s url=https://www.myfonts.com/collections/bagile-font-pandeka-studio/?tab=techSpecs
[2026-03-17T08:10:18Z] #123 attempt=1/6 status=200 0.143s url=https://www.myfonts.com/products/regular-margline-1121617
[2026-03-17T08:10:18Z] #124 attempt=1/6 status=200 0.160s url=https://www.myfonts.com/collections/margline-font-brandearth/
[2026-03-17T08:10:18Z] #125 attempt=1/6 status=200 0.150s url=https://www.myfonts.com/collections/margline-font-brandearth/?tab=techSpecs
[2026-03-17T08:10:19Z] #126 attempt=1/6 status=200 0.159s url=https://www.myfonts.com/products/regular-guaro-1121606
[2026-03-17T08:10:19Z] #127 attempt=1/6 status=200 0.150s url=https://www.myfonts.com/collections/guaro-font-pandeka-studio/
[2026-03-17T08:10:20Z] #128 attempt=1/6 status=200 0.135s url=https://www.myfonts.com/collections/guaro-font-pandeka-studio/?tab=techSpecs
[2026-03-17T08:10:21Z] #129 attempt=1/6 status=200 0.160s url=https://www.myfonts.com/products/regular-maxgrit-1121622
[2026-03-17T08:10:21Z] #130 attempt=1/6 status=200 0.175s url=https://www.myfonts.com/collections/maxgrit-font-brandearth/
[2026-03-17T08:10:21Z] #131 attempt=1/6 status=200 0.142s url=https://www.myfonts.com/products/regular-nokua-1121612
[2026-03-17T08:10:22Z] #132 attempt=1/6 status=200 0.158s url=https://www.myfonts.com/collections/nokua-font-brandearth/
[2026-03-17T08:10:22Z] #133 attempt=1/6 status=200 0.157s url=https://www.myfonts.com/products/regular-brush-quine-1121611
[2026-03-17T08:10:23Z] #134 attempt=1/6 status=200 0.176s url=https://www.myfonts.com/collections/brush-quine-font-brandearth/
[2026-03-17T08:10:23Z] #135 attempt=1/6 status=200 0.161s url=https://www.myfonts.com/products/regular-aurekia-1121616
[2026-03-17T08:10:23Z] #136 attempt=1/6 status=200 0.170s url=https://www.myfonts.com/collections/aurekia-font-brandearth/
[2026-03-17T08:10:24Z] #137 attempt=1/6 status=200 0.184s url=https://www.myfonts.com/products/for-scribes-only-package-1122262
[2026-03-17T08:10:24Z] #138 attempt=1/6 status=200 0.156s url=https://www.myfonts.com/products/prahaha-package-320474
[2026-03-17T08:10:25Z] #139 attempt=1/6 status=200 0.153s url=https://www.myfonts.com/collections/prahaha-font-winnie-tan/
[2026-03-17T08:10:25Z] #140 attempt=1/6 status=200 0.198s url=https://www.myfonts.com/products/simple-simple-316581
[2026-03-17T08:10:26Z] #141 attempt=1/6 status=200 0.160s url=https://www.myfonts.com/collections/simple-font-winnie-tan/
[2026-03-17T08:10:26Z] #142 attempt=1/6 status=200 0.152s url=https://www.myfonts.com/products/quandary-quandary-315945
[2026-03-17T08:10:26Z] #143 attempt=1/6 status=200 0.148s url=https://www.myfonts.com/collections/quandary-font-winnie-tan/
[2026-03-17T08:10:27Z] #144 attempt=1/6 status=200 0.234s url=https://www.myfonts.com/products/book-zarish-1020712
[2026-03-17T08:10:27Z] #145 attempt=1/6 status=200 0.153s url=https://www.myfonts.com/collections/zarish-font-tanur-graphics/
[2026-03-17T08:10:28Z] #146 attempt=1/6 status=200 0.152s url=https://www.myfonts.com/products/fun-baking-complete-family-package-296668
[2026-03-17T08:10:28Z] #147 attempt=1/6 status=200 0.160s url=https://www.myfonts.com/collections/fun-baking-font-vozzy/
[2026-03-17T08:10:29Z] #148 attempt=1/6 status=200 0.151s url=https://www.myfonts.com/products/merlo-neue-family-package-72512
[2026-03-17T08:10:29Z] #149 attempt=1/6 status=200 0.155s url=https://www.myfonts.com/collections/merlo-neue-font-blazej-ostoja-iniski/
[2026-03-17T08:10:29Z] #150 attempt=1/6 status=200 0.146s url=https://www.myfonts.com/products/all-mediums-package-285330
[2026-03-17T08:10:30Z] #151 attempt=1/6 status=200 0.154s url=https://www.myfonts.com/collections/burt-font-renegade-fonts/
[2026-03-17T08:10:31Z] #152 attempt=1/6 status=200 0.824s url=https://www.myfonts.com/products.json?limit=100&page=2
[2026-03-17T08:10:32Z] #153 attempt=1/6 status=200 0.179s url=https://www.myfonts.com/products/redtowns-complete-family-package-285984
[2026-03-17T08:10:32Z] #154 attempt=1/6 status=200 0.157s url=https://www.myfonts.com/collections/redtowns-font-lettersiro/
[2026-03-17T08:10:32Z] #155 attempt=1/6 status=200 0.151s url=https://www.myfonts.com/products/lytiga-pro-complete-package-126170
[2026-03-17T08:10:33Z] #156 attempt=1/6 status=200 0.208s url=https://www.myfonts.com/collections/lytiga-pro-font-mint-type/
[2026-03-17T08:10:34Z] #157 attempt=1/6 status=200 0.167s url=https://www.myfonts.com/products/alter-ego-bb-package-161233
[2026-03-17T08:10:34Z] #158 attempt=1/6 status=200 0.155s url=https://www.myfonts.com/collections/alter-ego-bb-font-blambot/
[2026-03-17T08:10:34Z] #159 attempt=1/6 status=200 0.166s url=https://www.myfonts.com/products/omiwa-complete-family-package-294584
[2026-03-17T08:10:35Z] #160 attempt=1/6 status=200 0.154s url=https://www.myfonts.com/collections/omiwa-font-orenari/
[2026-03-17T08:10:35Z] #161 attempt=1/6 status=200 0.155s url=https://www.myfonts.com/products/bb-nonamev%D1%9E-pro-basic-family-package-291962
[2026-03-17T08:10:36Z] #162 attempt=1/6 status=200 0.180s url=https://www.myfonts.com/collections/noname-pro-font-bold-studio/
[2026-03-17T08:10:36Z] #163 attempt=1/6 status=200 0.134s url=https://www.myfonts.com/products/leto-text-sans-family-package-322800
[2026-03-17T08:10:37Z] #164 attempt=1/6 status=200 0.151s url=https://www.myfonts.com/collections/leto-text-sans-font-glen-jan/
[2026-03-17T08:10:37Z] #165 attempt=1/6 status=200 0.158s url=https://www.myfonts.com/products/mfc-laroux-initials-package-324083
[2026-03-17T08:10:38Z] #166 attempt=1/6 status=200 0.188s url=https://www.myfonts.com/collections/mfc-laroux-initials-font-monogram/
[2026-03-17T08:10:38Z] #167 attempt=1/6 status=200 0.142s url=https://www.myfonts.com/products/deco-experiment-7-complete-family-package-90463
[2026-03-17T08:10:38Z] #168 attempt=1/6 status=200 0.153s url=https://www.myfonts.com/collections/deco-experiment-7-font-intellecta-design/
[2026-03-17T08:10:39Z] #169 attempt=1/6 status=200 0.180s url=https://www.myfonts.com/collections/deco-experiment-7-font-intellecta-design/
[2026-03-17T08:10:39Z] #170 attempt=1/6 status=200 0.157s url=https://www.myfonts.com/products/phet-family-package-65064
[2026-03-17T08:10:40Z] #171 attempt=1/6 status=200 0.149s url=https://www.myfonts.com/collections/phet-font-urw/
[2026-03-17T08:10:40Z] #172 attempt=1/6 status=200 0.138s url=https://www.myfonts.com/products/montecatini-largo-pack-package-285093
[2026-03-17T08:10:40Z] #173 attempt=1/6 status=200 0.174s url=https://www.myfonts.com/collections/montecatini-pro-font-louise-fili/
[2026-03-17T08:10:41Z] #174 attempt=1/6 status=200 0.163s url=https://www.myfonts.com/products/fountaine-family-package-285075
[2026-03-17T08:10:41Z] #175 attempt=1/6 status=200 0.168s url=https://www.myfonts.com/collections/fountaine-font-unicode-studio/
[2026-03-17T08:10:42Z] #176 attempt=1/6 status=200 0.144s url=https://www.myfonts.com/products/avergent-complete-family-package-295559
[2026-03-17T08:10:42Z] #177 attempt=1/6 status=200 0.153s url=https://www.myfonts.com/collections/avergent-font-variatype/
[2026-03-17T08:10:43Z] #178 attempt=1/6 status=200 0.147s url=https://www.myfonts.com/products/ringtown-complete-family-package-11318
[2026-03-17T08:10:43Z] #179 attempt=1/6 status=200 0.155s url=https://www.myfonts.com/collections/ringtown-font-fargun-studio/
[2026-03-17T08:10:43Z] #180 attempt=1/6 status=200 0.146s url=https://www.myfonts.com/products/arendahl-regular-family-package-87531
[2026-03-17T08:10:44Z] #181 attempt=1/6 status=200 0.185s url=https://www.myfonts.com/collections/arendahl-font-insigne/
[2026-03-17T08:10:44Z] #182 attempt=1/6 status=200 0.161s url=https://www.myfonts.com/products/ashemore-softened-condensed-package-package-126630
[2026-03-17T08:10:45Z] #183 attempt=1/6 status=200 0.183s url=https://www.myfonts.com/collections/ashemore-softened-font-insigne/
[2026-03-17T08:10:45Z] #184 attempt=1/6 status=200 0.137s url=https://www.myfonts.com/products/ca-normal-left-family-package-98075
[2026-03-17T08:10:46Z] #185 attempt=1/6 status=200 0.157s url=https://www.myfonts.com/collections/ca-normal-font-cape-arcona/
[2026-03-17T08:10:46Z] #186 attempt=1/6 status=200 0.140s url=https://www.myfonts.com/products/cambridge-cond-basic-set-package-107934
[2026-03-17T08:10:47Z] #187 attempt=1/6 status=200 0.171s url=https://www.myfonts.com/collections/cambridge-font-avp/
[2026-03-17T08:10:47Z] #188 attempt=1/6 status=200 0.136s url=https://www.myfonts.com/products/genera-complete-family-package-12510
[2026-03-17T08:10:47Z] #189 attempt=1/6 status=200 0.165s url=https://www.myfonts.com/collections/genera-font-wahyu-sani-co/
[2026-03-17T08:10:48Z] #190 attempt=1/6 status=200 0.129s url=https://www.myfonts.com/products/cripto-font-complete-family-package-114572
[2026-03-17T08:10:48Z] #191 attempt=1/6 status=200 0.194s url=https://www.myfonts.com/collections/cripto-font-font-intellecta-design/
[2026-03-17T08:10:49Z] #192 attempt=1/6 status=200 0.159s url=https://www.myfonts.com/collections/cripto-font-font-intellecta-design/
[2026-03-17T08:10:49Z] #193 attempt=1/6 status=200 0.143s url=https://www.myfonts.com/products/madison-street-regular-and-swash-package-282440
[2026-03-17T08:10:50Z] #194 attempt=1/6 status=200 0.170s url=https://www.myfonts.com/collections/madison-street-font-studioways/
[2026-03-17T08:10:50Z] #195 attempt=1/6 status=200 0.193s url=https://www.myfonts.com/products/morice-family-package-111089
[2026-03-17T08:10:51Z] #196 attempt=1/6 status=200 0.142s url=https://www.myfonts.com/collections/morice-round-font-letterbox/
[2026-03-17T08:10:51Z] #197 attempt=1/6 status=200 0.149s url=https://www.myfonts.com/products/secca-saloon-std-complete-family-package-531929
[2026-03-17T08:10:51Z] #198 attempt=1/6 status=200 0.147s url=https://www.myfonts.com/collections/secca-saloon-std-font-astype/
[2026-03-17T08:10:52Z] #199 attempt=1/6 status=200 0.148s url=https://www.myfonts.com/products/kurstiva-family-package-282189
[2026-03-17T08:10:52Z] #200 attempt=1/6 status=200 0.186s url=https://www.myfonts.com/collections/kurstiva-font-typogama/
[2026-03-17T08:10:53Z] #201 attempt=1/6 status=200 0.151s url=https://www.myfonts.com/products/hutsulyandiya-2d-family-package-109312
[2026-03-17T08:10:53Z] #202 attempt=1/6 status=200 0.200s url=https://www.myfonts.com/collections/hutsulyandiya-2-d-beast-font-2d-typo/
[2026-03-17T08:10:54Z] #203 attempt=1/6 status=200 0.148s url=https://www.myfonts.com/products/stellar-complete-family-pack-package-432634
[2026-03-17T08:10:54Z] #204 attempt=1/6 status=200 0.239s url=https://www.myfonts.com/collections/stellar-font-monotype-imaging/
[2026-03-17T08:10:55Z] #205 attempt=1/6 status=200 0.146s url=https://www.myfonts.com/products/bilderberg-complete-family-package-290823
[2026-03-17T08:10:55Z] #206 attempt=1/6 status=200 0.330s url=https://www.myfonts.com/collections/bilderberg-font-almeera-studio/
[2026-03-17T08:10:56Z] #207 attempt=1/6 status=200 0.144s url=https://www.myfonts.com/products/cheek-pt-regular-package-85043
[2026-03-17T08:10:56Z] #208 attempt=1/6 status=200 0.176s url=https://www.myfonts.com/collections/cheek-font-puckertype/
[2026-03-17T08:10:56Z] #209 attempt=1/6 status=200 0.178s url=https://www.myfonts.com/collections/cheek-font-puckertype/
[2026-03-17T08:10:57Z] #210 attempt=1/6 status=200 0.137s url=https://www.myfonts.com/products/cheek-pt-light-package-87156
[2026-03-17T08:10:57Z] #211 attempt=1/6 status=200 0.183s url=https://www.myfonts.com/collections/cheek-font-puckertype/
[2026-03-17T08:10:58Z] #212 attempt=1/6 status=200 0.171s url=https://www.myfonts.com/collections/cheek-font-puckertype/
[2026-03-17T08:10:58Z] #213 attempt=1/6 status=200 0.155s url=https://www.myfonts.com/products/ample-only-package-17888
[2026-03-17T08:10:59Z] #214 attempt=1/6 status=200 0.177s url=https://www.myfonts.com/collections/bookseller-cp-font-cyanotype/
[2026-03-17T08:10:59Z] #215 attempt=1/6 status=200 0.154s url=https://www.myfonts.com/products/stendo-advanced-pkg-package-322946
[2026-03-17T08:10:59Z] #216 attempt=1/6 status=200 0.159s url=https://www.myfonts.com/collections/stendo-font-stypeface/
[2026-03-17T08:11:00Z] #217 attempt=1/6 status=200 0.143s url=https://www.myfonts.com/products/abigail-family-package-91799
[2026-03-17T08:11:00Z] #218 attempt=1/6 status=200 0.151s url=https://www.myfonts.com/collections/abigail-font-fonthead-design/
[2026-03-17T08:11:01Z] #219 attempt=1/6 status=200 0.143s url=https://www.myfonts.com/collections/abigail-font-fonthead-design/
[2026-03-17T08:11:01Z] #220 attempt=1/6 status=200 0.178s url=https://www.myfonts.com/products/gallardo-complete-family-package-292053
[2026-03-17T08:11:02Z] #221 attempt=1/6 status=200 0.151s url=https://www.myfonts.com/collections/gallardo-font-motokiwo/
[2026-03-17T08:11:02Z] #222 attempt=1/6 status=200 0.167s url=https://www.myfonts.com/products/rouge-gorge-variable-only-package-64583
[2026-03-17T08:11:02Z] #223 attempt=1/6 status=200 0.185s url=https://www.myfonts.com/collections/rouge-gorge-font-par-dfaut/
[2026-03-17T08:11:03Z] #224 attempt=1/6 status=200 0.151s url=https://www.myfonts.com/products/corporate-a-complete-family-pack-package-331971
[2026-03-17T08:11:03Z] #225 attempt=1/6 status=200 0.189s url=https://www.myfonts.com/collections/corporate-a-font-urw/
[2026-03-17T08:11:04Z] #226 attempt=1/6 status=200 0.177s url=https://www.myfonts.com/products/handheld-family-package-95297
[2026-03-17T08:11:04Z] #227 attempt=1/6 status=200 0.182s url=https://www.myfonts.com/collections/handheld-font-fonthead-design/
[2026-03-17T08:11:05Z] #228 attempt=1/6 status=200 0.173s url=https://www.myfonts.com/collections/handheld-font-fonthead-design/
[2026-03-17T08:11:05Z] #229 attempt=1/6 status=200 0.153s url=https://www.myfonts.com/products/merchanto-complete-family-package-36146
[2026-03-17T08:11:06Z] #230 attempt=1/6 status=200 0.160s url=https://www.myfonts.com/collections/merchanto-font-type-juice/
[2026-03-17T08:11:06Z] #231 attempt=1/6 status=200 0.170s url=https://www.myfonts.com/products/krasty-complete-family-package-291638
[2026-03-17T08:11:07Z] #232 attempt=1/6 status=200 0.179s url=https://www.myfonts.com/collections/krasty-font-ergibi-studio/
[2026-03-17T08:11:07Z] #233 attempt=1/6 status=200 0.144s url=https://www.myfonts.com/products/urw-heldustry-volume-package-329122
[2026-03-17T08:11:07Z] #234 attempt=1/6 status=200 0.166s url=https://www.myfonts.com/collections/heldustry-font-urw/
[2026-03-17T08:11:08Z] #235 attempt=1/6 status=200 0.148s url=https://www.myfonts.com/products/black-finger-complete-family-package-285812
[2026-03-17T08:11:08Z] #236 attempt=1/6 status=200 0.149s url=https://www.myfonts.com/collections/black-finger-font-rochart/
[2026-03-17T08:11:09Z] #237 attempt=1/6 status=200 0.153s url=https://www.myfonts.com/products/futuramano-complete-package-84380
[2026-03-17T08:11:09Z] #238 attempt=1/6 status=200 0.159s url=https://www.myfonts.com/collections/futuramano-font-wiescher-design/
[2026-03-17T08:11:10Z] #239 attempt=1/6 status=200 0.154s url=https://www.myfonts.com/products/videotech-complete-family-package-98228
[2026-03-17T08:11:10Z] #240 attempt=1/6 status=200 0.222s url=https://www.myfonts.com/collections/video-tech-font-the-northern-block/
[2026-03-17T08:11:10Z] #241 attempt=1/6 status=200 0.141s url=https://www.myfonts.com/products/melloner-complete-family-package-285817
[2026-03-17T08:11:11Z] #242 attempt=1/6 status=200 0.169s url=https://www.myfonts.com/collections/melloner-font-alit-design/
[2026-03-17T08:11:11Z] #243 attempt=1/6 status=200 0.149s url=https://www.myfonts.com/products/sans-serif-bundle-by-cuchi-package-1121926
[2026-03-17T08:11:12Z] #244 attempt=1/6 status=404 0.298s url=https://www.myfonts.com/collections/sans-serif-bundle-by-cuchi-font-cuchi-qu%C3%A9-tipo
[2026-03-17T08:11:16Z] #245 attempt=1/6 status=200 1.493s url=https://www.myfonts.com/products.json?limit=100&page=3
[2026-03-17T08:11:23Z] #246 attempt=1/6 status=200 1.422s url=https://www.myfonts.com/products.json?limit=100&page=4
[2026-03-17T08:11:29Z] #247 attempt=1/6 status=200 1.221s url=https://www.myfonts.com/products.json?limit=100&page=5
[2026-03-17T08:11:35Z] #248 attempt=1/6 status=200 1.075s url=https://www.myfonts.com/products.json?limit=100&page=6
[2026-03-17T08:11:37Z] #249 attempt=1/6 status=200 1.210s url=https://www.myfonts.com/products/mega-bundle-handwriting-fonts-letterhanna-package-1068963
[2026-03-17T08:11:37Z] #250 attempt=1/6 status=404 0.175s url=https://www.myfonts.com/collections/mega-bundle-handwriting-fonts-letterhanna-font-letterhanna-studio
[2026-03-17T08:11:38Z] #251 attempt=1/6 status=200 0.674s url=https://www.myfonts.com/products/povlar-complete-family-package-1121835
[2026-03-17T08:11:38Z] #252 attempt=1/6 status=200 0.326s url=https://www.myfonts.com/collections/povlar-font-glyphminds-studios/
[2026-03-17T08:11:39Z] #253 attempt=1/6 status=200 0.391s url=https://www.myfonts.com/products/gravenreach-complete-family-package-1121618
[2026-03-17T08:11:40Z] #254 attempt=1/6 status=200 0.314s url=https://www.myfonts.com/collections/gravenreach-font-snapedsgn/
[2026-03-17T08:11:40Z] #255 attempt=1/6 status=200 0.421s url=https://www.myfonts.com/products/papeterie-dupont-complete-family-package-1121690
[2026-03-17T08:11:41Z] #256 attempt=1/6 status=200 0.491s url=https://www.myfonts.com/collections/papeterie-dupont-font-elvina-studio/
[2026-03-17T08:11:42Z] #257 attempt=1/6 status=200 0.411s url=https://www.myfonts.com/products/bogiestone-complete-family-package-1121819
[2026-03-17T08:11:42Z] #258 attempt=1/6 status=200 0.387s url=https://www.myfonts.com/collections/bogiestone-font-linecreative/
[2026-03-17T08:11:43Z] #259 attempt=1/6 status=200 0.524s url=https://www.myfonts.com/products/morvella-complete-family-package-1121814
[2026-03-17T08:11:44Z] #260 attempt=1/6 status=200 0.350s url=https://www.myfonts.com/collections/morvella-font-letterhend/
[2026-03-17T08:11:44Z] #261 attempt=1/6 status=200 0.418s url=https://www.myfonts.com/products/tiki-tides-complete-family-package-1121634
[2026-03-17T08:11:45Z] #262 attempt=1/6 status=200 0.325s url=https://www.myfonts.com/collections/tiki-tides-font-vozzy
[2026-03-17T08:11:46Z] #263 attempt=1/6 status=200 0.307s url=https://www.myfonts.com/products/gatius-rodeo-complete-family-package-1121831
[2026-03-17T08:11:46Z] #264 attempt=1/6 status=200 0.351s url=https://www.myfonts.com/collections/gatius-rodeo-font-timelesstype-studio/
[2026-03-17T08:11:47Z] #265 attempt=1/6 status=200 0.401s url=https://www.myfonts.com/products/ih-serrucho-complete-family-package-1121592
[2026-03-17T08:11:47Z] #266 attempt=1/6 status=200 0.337s url=https://www.myfonts.com/collections/ih-serrucho-font-in-house-international/
[2026-03-17T08:11:48Z] #267 attempt=1/6 status=200 0.379s url=https://www.myfonts.com/products/winning-deal-complete-family-package-1121740
[2026-03-17T08:11:49Z] #268 attempt=1/6 status=200 0.466s url=https://www.myfonts.com/collections/winning-deal-font-kitchen-table-type-foundry/
[2026-03-17T08:11:50Z] #269 attempt=1/6 status=200 0.556s url=https://www.myfonts.com/products/carat-nova-complete-family-package-1121747
[2026-03-17T08:11:50Z] #270 attempt=1/6 status=200 0.473s url=https://www.myfonts.com/collections/carat-nova-font-hoftype/
[2026-03-17T08:11:51Z] #271 attempt=1/6 status=200 0.601s url=https://www.myfonts.com/products/foliant-sans-complete-family-package-1121645
[2026-03-17T08:11:52Z] #272 attempt=1/6 status=200 0.910s url=https://www.myfonts.com/collections/foliant-sans-font-moritz-kleinsorge/
[2026-03-17T08:11:53Z] #273 attempt=1/6 status=200 0.339s url=https://www.myfonts.com/products/gc-trench-vogue-complete-family-package-1121687
[2026-03-17T08:11:54Z] #274 attempt=1/6 status=200 0.338s url=https://www.myfonts.com/collections/gc-trench-vogue-font-onyx-studio/
[2026-03-17T08:11:54Z] #275 attempt=1/6 status=200 0.341s url=https://www.myfonts.com/products/kartaliaw-mimohasa-complete-family-package-1121613
[2026-03-17T08:11:55Z] #276 attempt=1/6 status=200 0.315s url=https://www.myfonts.com/collections/kartaliaw-mimohasa-font-tini-fitriani
[2026-03-17T08:11:56Z] #277 attempt=1/6 status=200 0.384s url=https://www.myfonts.com/products/biotrip-serif-caps-complete-family-package-1121806
[2026-03-17T08:11:56Z] #278 attempt=1/6 status=200 0.420s url=https://www.myfonts.com/collections/biotrip-serif-caps-font-defharo/
[2026-03-17T08:11:57Z] #279 attempt=1/6 status=200 0.386s url=https://www.myfonts.com/products/dirty-stroke-complete-family-package-1089829
[2026-03-17T08:11:58Z] #280 attempt=1/6 status=200 0.397s url=https://www.myfonts.com/collections/dirty-stroke-font-sarid-ezra/
[2026-03-17T08:11:58Z] #281 attempt=1/6 status=200 0.401s url=https://www.myfonts.com/products/enjoy-story-complete-family-package-1121608
[2026-03-17T08:11:59Z] #282 attempt=1/6 status=200 0.328s url=https://www.myfonts.com/collections/enjoy-story-font-sensatype-studio
[2026-03-17T08:12:00Z] #283 attempt=1/6 status=200 0.528s url=https://www.myfonts.com/products/valeron-otter-complete-family-package-1121551
[2026-03-17T08:12:01Z] #284 attempt=1/6 status=200 0.781s url=https://www.myfonts.com/collections/valeron-otter-font-ottertype/
[2026-03-17T08:12:01Z] #285 attempt=1/6 status=200 0.374s url=https://www.myfonts.com/products/hoopsy-complete-family-package-1121825
[2026-03-17T08:12:02Z] #286 attempt=1/6 status=200 0.492s url=https://www.myfonts.com/collections/hoopsy-font-artisan-themes/
[2026-03-17T08:12:03Z] #287 attempt=1/6 status=200 0.668s url=https://www.myfonts.com/products/normal-package-1121737
[2026-03-17T08:12:04Z] #288 attempt=1/6 status=200 1.029s url=https://www.myfonts.com/collections/graceo-font-enfeeltype/
[2026-03-17T08:12:05Z] #289 attempt=1/6 status=200 0.327s url=https://www.myfonts.com/products/ornely-complete-family-package-1121779
[2026-03-17T08:12:06Z] #290 attempt=1/6 status=200 0.336s url=https://www.myfonts.com/collections/ornely-font-ragamkata/
[2026-03-17T08:12:06Z] #291 attempt=1/6 status=200 0.338s url=https://www.myfonts.com/products/maristores-complete-family-package-1121599
[2026-03-17T08:12:07Z] #292 attempt=1/6 status=200 0.300s url=https://www.myfonts.com/collections/maristores-font-timelesstype-studio
[2026-03-17T08:12:08Z] #293 attempt=1/6 status=200 0.809s url=https://www.myfonts.com/products/aeroscope-complete-family-package-1121492
[2026-03-17T08:12:09Z] #294 attempt=1/6 status=200 1.062s url=https://www.myfonts.com/collections/aeroscope-font-alpercakici/
[2026-03-17T08:12:10Z] #295 attempt=1/6 status=200 0.340s url=https://www.myfonts.com/products/contra-complete-family-package-1121643
[2026-03-17T08:12:11Z] #296 attempt=1/6 status=200 0.399s url=https://www.myfonts.com/collections/contra-font-mazur-type/
[2026-03-17T08:12:11Z] #297 attempt=1/6 status=200 0.391s url=https://www.myfonts.com/products/marquise-royale-complete-family-package-1121695
[2026-03-17T08:12:12Z] #298 attempt=1/6 status=200 0.352s url=https://www.myfonts.com/collections/marquise-royale-font-zafira-type/
[2026-03-17T08:12:13Z] #299 attempt=1/6 status=200 0.285s url=https://www.myfonts.com/products/chillkoft-complete-family-package-1121602
[2026-03-17T08:12:13Z] #300 attempt=1/6 status=200 0.314s url=https://www.myfonts.com/collections/chillkoft-font-erifqizefont
[2026-03-17T08:12:14Z] #301 attempt=1/6 status=200 0.334s url=https://www.myfonts.com/products/gatilca-complete-family-package-1121770
[2026-03-17T08:12:14Z] #302 attempt=1/6 status=200 0.296s url=https://www.myfonts.com/collections/gatilca-font-ragamkata/
[2026-03-17T08:12:15Z] #303 attempt=1/6 status=200 0.323s url=https://www.myfonts.com/products/street-bit-complete-family-package-1121767
[2026-03-17T08:12:15Z] #304 attempt=1/6 status=200 0.343s url=https://www.myfonts.com/collections/street-bit-font-dm-studio/
[2026-03-17T08:12:16Z] #305 attempt=1/6 status=200 0.310s url=https://www.myfonts.com/products/space-bounce-complete-family-package-1121626
[2026-03-17T08:12:17Z] #306 attempt=1/6 status=200 0.297s url=https://www.myfonts.com/collections/space-bounce-font-vozzy
[2026-03-17T08:12:17Z] #307 attempt=1/6 status=200 0.349s url=https://www.myfonts.com/products/bevola-complete-family-package-1121775
[2026-03-17T08:12:18Z] #308 attempt=1/6 status=200 0.361s url=https://www.myfonts.com/collections/bevola-font-ragamkata/
[2026-03-17T08:12:18Z] #309 attempt=1/6 status=200 0.316s url=https://www.myfonts.com/products/bagvan-anstic-complete-family-package-1121822
[2026-03-17T08:12:19Z] #310 attempt=1/6 status=200 0.305s url=https://www.myfonts.com/collections/bagvan-anstic-font-timelesstype-studio/
[2026-03-17T08:12:19Z] #311 attempt=1/6 status=200 0.320s url=https://www.myfonts.com/products/trackline-complete-family-package-1121639
[2026-03-17T08:12:20Z] #312 attempt=1/6 status=200 0.349s url=https://www.myfonts.com/collections/trackline-font-vozzy
[2026-03-17T08:12:21Z] #313 attempt=1/6 status=200 0.296s url=https://www.myfonts.com/products/superhot-complete-family-package-1121630
[2026-03-17T08:12:21Z] #314 attempt=1/6 status=200 0.325s url=https://www.myfonts.com/collections/superhot-font-vozzy
[2026-03-17T08:12:22Z] #315 attempt=1/6 status=200 0.402s url=https://www.myfonts.com/products/gc-polaire-complete-family-package-1121596
[2026-03-17T08:12:22Z] #316 attempt=1/6 status=200 0.329s url=https://www.myfonts.com/collections/gc-polaire-font-onyx-studio/
[2026-03-17T08:12:23Z] #317 attempt=1/6 status=200 0.293s url=https://www.myfonts.com/products/smorrebrod-complete-family-package-1121623
[2026-03-17T08:12:24Z] #318 attempt=1/6 status=200 0.326s url=https://www.myfonts.com/collections/smorrebrod-font-vozzy
[2026-03-17T08:12:25Z] #319 attempt=1/6 status=200 0.745s url=https://www.myfonts.com/products.json?limit=100&page=7
[2026-03-17T08:12:27Z] #320 attempt=1/6 status=200 0.769s url=https://www.myfonts.com/products.json?limit=100&page=8
[2026-03-17T08:12:28Z] #321 attempt=1/6 status=200 0.847s url=https://www.myfonts.com/products.json?limit=100&page=9
[2026-03-17T08:12:29Z] #322 attempt=1/6 status=200 0.929s url=https://www.myfonts.com/products/iwmtype-font-bundle-package-947233
[2026-03-17T08:12:30Z] #323 attempt=1/6 status=404 0.213s url=https://www.myfonts.com/collections/iwmtype-font-bundle-font-iwm-design
[2026-03-17T08:12:30Z] #324 attempt=1/6 status=200 0.381s url=https://www.myfonts.com/products/murisa-rae-complete-family-package-1121369
[2026-03-17T08:12:31Z] #325 attempt=1/6 status=200 0.337s url=https://www.myfonts.com/collections/murisa-rae-font-murisa-studio/
[2026-03-17T08:12:31Z] #326 attempt=1/6 status=200 0.358s url=https://www.myfonts.com/products/blueskey-sans-complete-family-package-1121373
[2026-03-17T08:12:32Z] #327 attempt=1/6 status=200 0.322s url=https://www.myfonts.com/collections/blueskey-sans-font-authentype/
[2026-03-17T08:12:33Z] #328 attempt=1/6 status=200 0.460s url=https://www.myfonts.com/products/rcl-prime-serif-complete-family-package-1120982
[2026-03-17T08:12:33Z] #329 attempt=1/6 status=200 0.428s url=https://www.myfonts.com/collections/rcl-prime-serif-font-jafar07/
[2026-03-17T08:12:34Z] #330 attempt=1/6 status=200 0.359s url=https://www.myfonts.com/products/dupreh-forge-complete-family-package-1121358
[2026-03-17T08:12:35Z] #331 attempt=1/6 status=200 0.314s url=https://www.myfonts.com/collections/dupreh-forge-font-tini-fitriani/
[2026-03-17T08:12:36Z] #332 attempt=1/6 status=200 0.653s url=https://www.myfonts.com/products/dragonstone-complete-family-package-1120930
[2026-03-17T08:12:37Z] #333 attempt=1/6 status=200 0.882s url=https://www.myfonts.com/collections/dragonstone-font-ottertype/
[2026-03-17T08:12:38Z] #334 attempt=1/6 status=200 0.614s url=https://www.myfonts.com/products/mirebalais-complete-family-package-1120993
[2026-03-17T08:12:38Z] #335 attempt=1/6 status=200 0.520s url=https://www.myfonts.com/collections/mirebalais-font-marvadesign/
[2026-03-17T08:12:40Z] #336 attempt=1/6 status=200 0.884s url=https://www.myfonts.com/products/yowza-complete-family-package-1121388
[2026-03-17T08:12:41Z] #337 attempt=1/6 status=200 1.131s url=https://www.myfonts.com/collections/yowza-font-blaze-type/
[2026-03-17T08:12:42Z] #338 attempt=1/6 status=200 0.391s url=https://www.myfonts.com/products/deadline-panic-complete-family-package-1120777
[2026-03-17T08:12:43Z] #339 attempt=1/6 status=200 0.423s url=https://www.myfonts.com/collections/deadline-panic-font-hanoded/
[2026-03-17T08:12:43Z] #340 attempt=1/6 status=200 0.524s url=https://www.myfonts.com/products/cutter-child-complete-family-package-1121012
[2026-03-17T08:12:44Z] #341 attempt=1/6 status=200 0.569s url=https://www.myfonts.com/collections/cutter-child-font-tipo-pepel/
[2026-03-17T08:12:45Z] #342 attempt=1/6 status=200 0.592s url=https://www.myfonts.com/products/normatica-family-package-1120975
[2026-03-17T08:12:46Z] #343 attempt=1/6 status=200 0.671s url=https://www.myfonts.com/collections/normatica-font-carnoky-type/
[2026-03-17T08:12:47Z] #344 attempt=1/6 status=200 0.430s url=https://www.myfonts.com/products/bongkah-complete-family-package-1121349
[2026-03-17T08:12:48Z] #345 attempt=1/6 status=200 0.547s url=https://www.myfonts.com/collections/bongkah-font-get-studio/
[2026-03-17T08:12:49Z] #346 attempt=1/6 status=200 0.662s url=https://www.myfonts.com/products/trava-otter-complete-family-package-1120841
[2026-03-17T08:12:50Z] #347 attempt=1/6 status=200 0.703s url=https://www.myfonts.com/collections/trava-otter-font-ottertype/
[2026-03-17T08:12:50Z] #348 attempt=1/6 status=200 0.519s url=https://www.myfonts.com/products/bt-lucent-complete-family-package-1121481
[2026-03-17T08:12:51Z] #349 attempt=1/6 status=200 0.543s url=https://www.myfonts.com/collections/bt-lucent-font-beautype/
[2026-03-17T08:12:52Z] #350 attempt=1/6 status=200 0.524s url=https://www.myfonts.com/products/giggle-otter-complete-family-package-1120882
[2026-03-17T08:12:53Z] #351 attempt=1/6 status=200 0.907s url=https://www.myfonts.com/collections/giggle-otter-font-ottertype/
[2026-03-17T08:12:54Z] #352 attempt=1/6 status=200 0.317s url=https://www.myfonts.com/products/manlight-sectarin-complete-family-package-1121376
[2026-03-17T08:12:56Z] #353 attempt=1/6 status=200 1.422s url=https://www.myfonts.com/collections/manlight-sectarin-font-letterena-studios/
[2026-03-17T08:12:56Z] #354 attempt=1/6 status=200 0.420s url=https://www.myfonts.com/products/ermago-display-complete-family-package-1121379
[2026-03-17T08:12:57Z] #355 attempt=1/6 status=200 0.304s url=https://www.myfonts.com/collections/ermago-display-font-nirmana-visual/
[2026-03-17T08:12:57Z] #356 attempt=1/6 status=200 0.339s url=https://www.myfonts.com/products/akmelyn-beridge-complete-family-package-1121346
[2026-03-17T08:12:58Z] #357 attempt=1/6 status=200 0.408s url=https://www.myfonts.com/collections/akmelyn-beridge-font-letterena-studios/
[2026-03-17T08:12:59Z] #358 attempt=1/6 status=200 0.409s url=https://www.myfonts.com/products/olivia-jenisen-complete-family-package-1121365
[2026-03-17T08:12:59Z] #359 attempt=1/6 status=200 0.326s url=https://www.myfonts.com/collections/olivia-jenisen-font-arterfak-project/
[2026-03-17T08:13:00Z] #360 attempt=1/6 status=200 0.406s url=https://www.myfonts.com/products/foliant-serif-complete-family-package-1120771
[2026-03-17T08:13:01Z] #361 attempt=1/6 status=200 0.515s url=https://www.myfonts.com/collections/foliant-serif-font-moritz-kleinsorge/
[2026-03-17T08:13:02Z] #362 attempt=1/6 status=200 0.461s url=https://www.myfonts.com/products/kaholy-complete-family-package-1120923
[2026-03-17T08:13:02Z] #363 attempt=1/6 status=200 0.409s url=https://www.myfonts.com/collections/kaholy-font-illusletra/
[2026-03-17T08:13:04Z] #364 attempt=1/6 status=200 1.652s url=https://www.myfonts.com/products/elvarion-complete-family-package-1121023
[2026-03-17T08:13:06Z] #365 attempt=1/6 status=200 1.697s url=https://www.myfonts.com/collections/elvarion-font-mantype-studio/
[2026-03-17T08:13:08Z] #366 attempt=1/6 status=200 0.845s url=https://www.myfonts.com/products/bolshevik-complete-family-package-1120782
[2026-03-17T08:13:09Z] #367 attempt=1/6 status=200 0.788s url=https://www.myfonts.com/collections/bolshevik-font-alpercakici/
[2026-03-17T08:13:10Z] #368 attempt=1/6 status=200 0.423s url=https://www.myfonts.com/products/mit-exileon-complete-family-package-1120926
[2026-03-17T08:13:10Z] #369 attempt=1/6 status=200 0.341s url=https://www.myfonts.com/collections/the-exileon-font-maculinc/
[2026-03-17T08:13:11Z] #370 attempt=1/6 status=200 0.434s url=https://www.myfonts.com/products/bowling-sans-complete-family-package-1121478
[2026-03-17T08:13:12Z] #371 attempt=1/6 status=200 0.407s url=https://www.myfonts.com/collections/bowling-sans-font-4rf-font/
[2026-03-17T08:13:12Z] #372 attempt=1/6 status=200 0.373s url=https://www.myfonts.com/products/movie-credit-complete-family-package-1121362
[2026-03-17T08:13:13Z] #373 attempt=1/6 status=200 0.346s url=https://www.myfonts.com/collections/movie-credit-font-sensatype-studio/
[2026-03-17T08:13:14Z] #374 attempt=1/6 status=200 0.482s url=https://www.myfonts.com/products/lyst-complete-family-package-1120742
[2026-03-17T08:13:15Z] #375 attempt=1/6 status=200 0.627s url=https://www.myfonts.com/collections/lyst-font-blaze-type/
[2026-03-17T08:13:16Z] #376 attempt=1/6 status=200 0.773s url=https://www.myfonts.com/products.json?limit=100&page=10
[2026-03-17T08:13:17Z] #377 attempt=1/6 status=200 0.887s url=https://www.myfonts.com/products.json?limit=100&page=11
[2026-03-17T08:13:19Z] #378 attempt=1/6 status=200 0.789s url=https://www.myfonts.com/products.json?limit=100&page=12
[2026-03-17T08:13:20Z] #379 attempt=1/6 status=200 0.780s url=https://www.myfonts.com/products.json?limit=100&page=13
[2026-03-17T08:13:21Z] #380 attempt=1/6 status=200 0.796s url=https://www.myfonts.com/products.json?limit=100&page=14
[2026-03-17T08:13:23Z] #381 attempt=1/6 status=200 0.792s url=https://www.myfonts.com/products.json?limit=100&page=15
[2026-03-17T08:13:24Z] #382 attempt=1/6 status=200 0.957s url=https://www.myfonts.com/products.json?limit=100&page=16
[2026-03-17T08:13:26Z] #383 attempt=1/6 status=200 0.947s url=https://www.myfonts.com/products.json?limit=100&page=17
[2026-03-17T08:13:27Z] #384 attempt=1/6 status=200 0.922s url=https://www.myfonts.com/products.json?limit=100&page=18
[2026-03-17T08:13:28Z] #385 attempt=1/6 status=200 0.902s url=https://www.myfonts.com/products.json?limit=100&page=19
[2026-03-17T08:13:29Z] #386 attempt=1/6 status=200 0.771s url=https://www.myfonts.com/products/alternates-package-1120563
[2026-03-17T08:13:31Z] #387 attempt=1/6 status=200 1.179s url=https://www.myfonts.com/collections/reicha-font-akbartype/
[2026-03-17T08:13:32Z] #388 attempt=1/6 status=200 0.421s url=https://www.myfonts.com/products/novel-sans-cyrillic-xxcondensed-complete-family-package-1119986
[2026-03-17T08:13:33Z] #389 attempt=1/6 status=200 0.465s url=https://www.myfonts.com/collections/novel-sans-cyrillic-xxcondensed-font-atlasfontfoundry/
[2026-03-17T08:13:33Z] #390 attempt=1/6 status=200 0.310s url=https://www.myfonts.com/products/bravellion-complete-family-package-1120512
[2026-03-17T08:13:34Z] #391 attempt=1/6 status=404 0.233s url=https://www.myfonts.com/collections/bravellion-font-groen-studio
[2026-03-17T08:13:34Z] #392 attempt=1/6 status=200 0.286s url=https://www.myfonts.com/products/it-aurlionex-complete-family-package-1120486
[2026-03-17T08:13:35Z] #393 attempt=1/6 status=404 0.188s url=https://www.myfonts.com/collections/it-aurlionex-font-indotype
[2026-03-17T08:13:35Z] #394 attempt=1/6 status=200 0.492s url=https://www.myfonts.com/products/glavia-complete-family-package-1120335
[2026-03-17T08:13:36Z] #395 attempt=1/6 status=200 0.390s url=https://www.myfonts.com/collections/glavia-font-vermilione/
[2026-03-17T08:13:37Z] #396 attempt=1/6 status=200 0.776s url=https://www.myfonts.com/products/pandora-otter-complete-family-package-1119900
[2026-03-17T08:13:38Z] #397 attempt=1/6 status=200 1.001s url=https://www.myfonts.com/collections/pandora-otter-font-ottertype/
[2026-03-17T08:13:39Z] #398 attempt=1/6 status=200 0.460s url=https://www.myfonts.com/products/nanami-complete-family-package-1106261
[2026-03-17T08:13:40Z] #399 attempt=1/6 status=200 0.880s url=https://www.myfonts.com/collections/nanami-font-thinkdust/
[2026-03-17T08:13:43Z] #400 attempt=1/6 status=200 2.072s url=https://www.myfonts.com/products.json?limit=100&page=20
[2026-03-17T08:13:44Z] #401 attempt=1/6 status=200 0.327s url=https://www.myfonts.com/products/eritza-complete-family-package-1120391
[2026-03-17T08:13:45Z] #402 attempt=1/6 status=200 1.394s url=https://www.myfonts.com/collections/eritza-font-matra-creative
[2026-03-17T08:13:46Z] #403 attempt=1/6 status=200 0.408s url=https://www.myfonts.com/products/pn-ladylike-complete-family-package-1120343
[2026-03-17T08:13:47Z] #404 attempt=1/6 status=200 0.459s url=https://www.myfonts.com/collections/pn-ladylike-font-lettering-delights/
[2026-03-17T08:13:47Z] #405 attempt=1/6 status=200 0.300s url=https://www.myfonts.com/products/it-monetic-complete-family-package-1120497
[2026-03-17T08:13:48Z] #406 attempt=1/6 status=404 0.188s url=https://www.myfonts.com/collections/it-monetic-font-indotype
[2026-03-17T08:13:48Z] #407 attempt=1/6 status=200 0.335s url=https://www.myfonts.com/products/aimflash-complete-family-package-1120308
[2026-03-17T08:13:49Z] #408 attempt=1/6 status=200 0.336s url=https://www.myfonts.com/collections/aimflash-font-rvandtype/
[2026-03-17T08:13:50Z] #409 attempt=1/6 status=200 0.356s url=https://www.myfonts.com/products/nicka-complete-family-package-1120261
[2026-03-17T08:13:50Z] #410 attempt=1/6 status=200 0.474s url=https://www.myfonts.com/collections/nicka-font-the-native-saint-club/
[2026-03-17T08:13:51Z] #411 attempt=1/6 status=200 0.423s url=https://www.myfonts.com/products/pn-buche-de-noel-complete-family-package-1120318
[2026-03-17T08:13:52Z] #412 attempt=1/6 status=200 0.512s url=https://www.myfonts.com/collections/pn-buche-de-noel-font-lettering-delights/
[2026-03-17T08:13:52Z] #413 attempt=1/6 status=200 0.432s url=https://www.myfonts.com/products/forge-caffeine-complete-family-package-1120705
[2026-03-17T08:13:53Z] #414 attempt=1/6 status=200 0.548s url=https://www.myfonts.com/collections/forge-caffeine-font-illusletra/
[2026-03-17T08:13:54Z] #415 attempt=1/6 status=200 0.451s url=https://www.myfonts.com/products/organic-grain-complete-family-package-1120738
[2026-03-17T08:13:55Z] #416 attempt=1/6 status=200 0.336s url=https://www.myfonts.com/collections/organic-grain-font-bale-type/
[2026-03-17T08:13:55Z] #417 attempt=1/6 status=200 0.366s url=https://www.myfonts.com/products/zp-moonflower-complete-family-package-1120381
[2026-03-17T08:13:56Z] #418 attempt=1/6 status=404 0.201s url=https://www.myfonts.com/collections/zp-moonflower-font-illustration-ink
[2026-03-17T08:13:56Z] #419 attempt=1/6 status=200 0.508s url=https://www.myfonts.com/products/cavento-complete-family-package-1120725
[2026-03-17T08:13:57Z] #420 attempt=1/6 status=200 0.313s url=https://www.myfonts.com/collections/cavento-font-kaidosan/
[2026-03-17T08:13:58Z] #421 attempt=1/6 status=200 0.409s url=https://www.myfonts.com/products/seromut-display-complete-family-package-1120264
[2026-03-17T08:13:58Z] #422 attempt=1/6 status=200 0.338s url=https://www.myfonts.com/collections/seromut-display-font-tegaki/
[2026-03-17T08:13:59Z] #423 attempt=1/6 status=200 0.377s url=https://www.myfonts.com/products/pn-mamboing-complete-family-package-1120361
[2026-03-17T08:13:59Z] #424 attempt=1/6 status=200 0.406s url=https://www.myfonts.com/collections/pn-mamboing-font-lettering-delights/
[2026-03-17T08:14:00Z] #425 attempt=1/6 status=200 0.385s url=https://www.myfonts.com/products/zp-mauve-complete-family-package-1120371
[2026-03-17T08:14:01Z] #426 attempt=1/6 status=200 0.394s url=https://www.myfonts.com/collections/zp-mauve-font-lettering-delights/
[2026-03-17T08:14:02Z] #427 attempt=1/6 status=200 0.482s url=https://www.myfonts.com/products/slab-western-package-1120713
[2026-03-17T08:14:02Z] #428 attempt=1/6 status=200 0.596s url=https://www.myfonts.com/collections/evereast-font-illusletra/
[2026-03-17T08:14:03Z] #429 attempt=1/6 status=200 0.485s url=https://www.myfonts.com/products/zp-blarney-stone-complete-family-package-1120311
[2026-03-17T08:14:04Z] #430 attempt=1/6 status=200 0.437s url=https://www.myfonts.com/collections/zp-blarney-stone-font-lettering-delights/
[2026-03-17T08:14:05Z] #431 attempt=1/6 status=200 0.341s url=https://www.myfonts.com/products/sesillion-complete-family-package-1120728
[2026-03-17T08:14:05Z] #432 attempt=1/6 status=200 0.375s url=https://www.myfonts.com/collections/sesillion-font-tini-fitriani/
[2026-03-17T08:14:06Z] #433 attempt=1/6 status=200 0.367s url=https://www.myfonts.com/products/hypflaze-complete-family-package-1120305
[2026-03-17T08:14:06Z] #434 attempt=1/6 status=200 0.345s url=https://www.myfonts.com/collections/hypflaze-font-rvandtype/
[2026-03-17T08:14:07Z] #435 attempt=1/6 status=200 0.695s url=https://www.myfonts.com/products/aquarium-complete-family-package-1120133
[2026-03-17T08:14:08Z] #436 attempt=1/6 status=200 0.513s url=https://www.myfonts.com/collections/aquarium-font-ottertype/
[2026-03-17T08:14:09Z] #437 attempt=1/6 status=200 0.336s url=https://www.myfonts.com/products/bonfade-display-complete-family-package-1120483
[2026-03-17T08:14:09Z] #438 attempt=1/6 status=200 0.322s url=https://www.myfonts.com/collections/bonfade-display-font-timelesstype-studio
[2026-03-17T08:14:10Z] #439 attempt=1/6 status=200 0.327s url=https://www.myfonts.com/products/sport-ligema-complete-family-package-1120340
[2026-03-17T08:14:11Z] #440 attempt=1/6 status=200 0.319s url=https://www.myfonts.com/collections/sport-ligema-font-ragamkata/
[2026-03-17T08:14:12Z] #441 attempt=1/6 status=200 0.636s url=https://www.myfonts.com/products/vampire-otter-complete-family-package-1120218
[2026-03-17T08:14:13Z] #442 attempt=1/6 status=200 0.974s url=https://www.myfonts.com/collections/vampire-otter-font-ottertype/
[2026-03-17T08:14:14Z] #443 attempt=1/6 status=200 0.366s url=https://www.myfonts.com/products/mowi-complete-family-package-1120330
[2026-03-17T08:14:14Z] #444 attempt=1/6 status=200 0.357s url=https://www.myfonts.com/collections/mowi-font-jinan-studio/
[2026-03-17T08:14:15Z] #445 attempt=1/6 status=200 0.406s url=https://www.myfonts.com/products/zp-kiss-me-im-irish-complete-family-package-1120297
[2026-03-17T08:14:15Z] #446 attempt=1/6 status=200 0.429s url=https://www.myfonts.com/collections/zp-kiss-me-im-irish-font-lettering-delights/
[2026-03-17T08:14:16Z] #447 attempt=1/6 status=200 0.437s url=https://www.myfonts.com/products/pn-mc-blarney-complete-family-package-1120290
[2026-03-17T08:14:17Z] #448 attempt=1/6 status=200 0.365s url=https://www.myfonts.com/collections/pn-mc-blarney-font-lettering-delights/
[2026-03-17T08:14:19Z] #449 attempt=1/6 status=200 1.789s url=https://www.myfonts.com/products/hazard-otter-complete-family-package-1120174
[2026-03-17T08:14:20Z] #450 attempt=1/6 status=200 0.648s url=https://www.myfonts.com/collections/hazard-otter-font-ottertype/
[2026-03-17T08:14:21Z] #451 attempt=1/6 status=200 0.372s url=https://www.myfonts.com/products/pn-froogalou-complete-family-package-1120351
[2026-03-17T08:14:21Z] #452 attempt=1/6 status=200 0.480s url=https://www.myfonts.com/collections/pn-froogalou-font-lettering-delights/
[2026-03-17T08:14:22Z] #453 attempt=1/6 status=200 0.432s url=https://www.myfonts.com/products/afigre-complete-family-package-1120283
[2026-03-17T08:14:23Z] #454 attempt=1/6 status=200 0.307s url=https://www.myfonts.com/collections/afigre-font-rvandtype/
[2026-03-17T08:14:23Z] #455 attempt=1/6 status=200 0.342s url=https://www.myfonts.com/products/exodiah-complete-family-package-1120731
[2026-03-17T08:14:24Z] #456 attempt=1/6 status=200 0.341s url=https://www.myfonts.com/collections/exodiah-font-tini-fitriani/
[2026-03-17T08:14:24Z] #457 attempt=1/6 status=200 0.363s url=https://www.myfonts.com/products/novel-sans-cyrillic-xxxcondensed-complete-family-package-1120001
[2026-03-17T08:14:25Z] #458 attempt=1/6 status=200 0.382s url=https://www.myfonts.com/collections/novel-sans-cyrillic-xxxcondensed-font-atlasfontfoundry/
[2026-03-17T08:14:26Z] #459 attempt=1/6 status=200 0.705s url=https://www.myfonts.com/products.json?limit=100&page=21
[2026-03-17T08:14:28Z] #460 attempt=1/6 status=200 0.847s url=https://www.myfonts.com/products.json?limit=100&page=22
[2026-03-17T08:14:28Z] #461 attempt=1/6 status=200 0.438s url=https://www.myfonts.com/products/markstyle-complete-family-package-1119878
[2026-03-17T08:14:29Z] #462 attempt=1/6 status=200 0.326s url=https://www.myfonts.com/collections/markstyle-font-letterhend/
[2026-03-17T08:14:30Z] #463 attempt=1/6 status=200 0.358s url=https://www.myfonts.com/products/atp-fantase-complete-family-package-1119284
[2026-03-17T08:14:30Z] #464 attempt=1/6 status=200 0.361s url=https://www.myfonts.com/collections/atp-fantase-font-typeparties/
[2026-03-17T08:14:31Z] #465 attempt=1/6 status=200 0.471s url=https://www.myfonts.com/products/kitcut-s-package-1119241
[2026-03-17T08:14:32Z] #466 attempt=1/6 status=200 0.548s url=https://www.myfonts.com/collections/kitcut-font-vlad-b/
[2026-03-17T08:14:33Z] #467 attempt=1/6 status=200 0.754s url=https://www.myfonts.com/products/fluffy-otter-complete-family-package-1118960
[2026-03-17T08:14:34Z] #468 attempt=1/6 status=200 1.014s url=https://www.myfonts.com/collections/fluffy-otter-font-ottertype/
[2026-03-17T08:14:35Z] #469 attempt=1/6 status=200 0.439s url=https://www.myfonts.com/products/arame-complete-family-package-1119897
[2026-03-17T08:14:36Z] #470 attempt=1/6 status=200 0.490s url=https://www.myfonts.com/collections/0arame-font-dmtrorg/
[2026-03-17T08:14:37Z] #471 attempt=1/6 status=200 0.655s url=https://www.myfonts.com/products/friendly-note-complete-family-package-1119808
[2026-03-17T08:14:38Z] #472 attempt=1/6 status=200 0.714s url=https://www.myfonts.com/collections/friendly-note-font-ottertype/
[2026-03-17T08:14:38Z] #473 attempt=1/6 status=200 0.352s url=https://www.myfonts.com/products/cranio-complete-family-package-1119224
[2026-03-17T08:14:39Z] #474 attempt=1/6 status=200 0.384s url=https://www.myfonts.com/collections/cranio-font-afkari-studio/
[2026-03-17T08:14:40Z] #475 attempt=1/6 status=200 0.911s url=https://www.myfonts.com/products/gustian-complete-family-package-1119304
[2026-03-17T08:14:42Z] #476 attempt=1/6 status=200 1.168s url=https://www.myfonts.com/collections/gustian-font-mordex-studio/
[2026-03-17T08:14:43Z] #477 attempt=1/6 status=200 1.217s url=https://www.myfonts.com/products/expanded-subfamily-package-1119691
[2026-03-17T08:14:45Z] #478 attempt=1/6 status=200 1.445s url=https://www.myfonts.com/collections/galdertin-charetam-font-logic-type/
[2026-03-17T08:14:47Z] #479 attempt=1/6 status=200 1.113s url=https://www.myfonts.com/products/condensed-package-1119795
[2026-03-17T08:14:49Z] #480 attempt=1/6 status=200 1.312s url=https://www.myfonts.com/collections/valdrisse-font-jorsetype/
[2026-03-17T08:14:50Z] #481 attempt=1/6 status=200 0.348s url=https://www.myfonts.com/products/murisa-celine-complete-family-package-1119123
[2026-03-17T08:14:50Z] #482 attempt=1/6 status=200 0.428s url=https://www.myfonts.com/collections/murisa-celine-font-murisa-studio/
[2026-03-17T08:14:51Z] #483 attempt=1/6 status=200 0.345s url=https://www.myfonts.com/products/morica-complete-family-package-1119549
[2026-03-17T08:14:51Z] #484 attempt=1/6 status=200 0.291s url=https://www.myfonts.com/collections/morica-font-genetype/
[2026-03-17T08:14:52Z] #485 attempt=1/6 status=200 0.301s url=https://www.myfonts.com/products/harlios-complete-family-package-1119746
[2026-03-17T08:14:53Z] #486 attempt=1/6 status=200 0.376s url=https://www.myfonts.com/collections/harlios-font-syafbe/
[2026-03-17T08:14:54Z] #487 attempt=1/6 status=200 0.703s url=https://www.myfonts.com/products.json?limit=100&page=23
[2026-03-17T08:14:54Z] #488 attempt=1/6 status=200 0.403s url=https://www.myfonts.com/products/amaterla-farmosa-complete-family-package-1119227
[2026-03-17T08:14:55Z] #489 attempt=1/6 status=200 0.368s url=https://www.myfonts.com/collections/amaterla-farmosa-font-denustudio/
[2026-03-17T08:14:56Z] #490 attempt=1/6 status=200 0.309s url=https://www.myfonts.com/products/marua-complete-family-package-1119804
[2026-03-17T08:14:56Z] #491 attempt=1/6 status=200 0.377s url=https://www.myfonts.com/collections/marua-font-afkari-studio/
[2026-03-17T08:14:57Z] #492 attempt=1/6 status=200 0.656s url=https://www.myfonts.com/products/ripple-otter-complete-family-package-1118919
[2026-03-17T08:14:58Z] #493 attempt=1/6 status=200 0.749s url=https://www.myfonts.com/collections/ripple-otter-font-ottertype/
[2026-03-17T08:14:59Z] #494 attempt=1/6 status=200 0.279s url=https://www.myfonts.com/products/munch-platter-complete-family-package-1119071
[2026-03-17T08:14:59Z] #495 attempt=1/6 status=200 0.349s url=https://www.myfonts.com/collections/munch-platter-font-letterena-studios
[2026-03-17T08:15:00Z] #496 attempt=1/6 status=200 0.595s url=https://www.myfonts.com/products/sans-package-1119299
[2026-03-17T08:15:01Z] #497 attempt=1/6 status=200 0.759s url=https://www.myfonts.com/collections/mizhon-font-skinny-type/
[2026-03-17T08:15:02Z] #498 attempt=1/6 status=200 0.320s url=https://www.myfonts.com/products/mucks-complete-family-package-1119696
[2026-03-17T08:15:03Z] #499 attempt=1/6 status=200 0.334s url=https://www.myfonts.com/collections/mucks-font-zaain-type/
[2026-03-17T08:15:03Z] #500 attempt=1/6 status=200 0.390s url=https://www.myfonts.com/products/perfect-roman-complete-family-package-1119055
[2026-03-17T08:15:04Z] #501 attempt=1/6 status=200 0.442s url=https://www.myfonts.com/collections/perfect-roman-font-flanker/
[2026-03-17T08:15:05Z] #502 attempt=1/6 status=200 0.370s url=https://www.myfonts.com/products/solvane-complete-family-package-1119077
[2026-03-17T08:15:05Z] #503 attempt=1/6 status=200 0.332s url=https://www.myfonts.com/collections/solvane-font-pictranoosa/
[2026-03-17T08:15:06Z] #504 attempt=1/6 status=200 0.376s url=https://www.myfonts.com/products/kiteform-complete-family-package-1119112
[2026-03-17T08:15:07Z] #505 attempt=1/6 status=200 0.460s url=https://www.myfonts.com/collections/kiteform-font-dhanstudio/
[2026-03-17T08:15:07Z] #506 attempt=1/6 status=200 0.421s url=https://www.myfonts.com/products/arint-complete-family-package-1119244
[2026-03-17T08:15:08Z] #507 attempt=1/6 status=200 0.297s url=https://www.myfonts.com/collections/arint-font-nexaline-type/
[2026-03-17T08:15:09Z] #508 attempt=1/6 status=200 0.335s url=https://www.myfonts.com/products/todays-island-complete-family-package-1119068
[2026-03-17T08:15:09Z] #509 attempt=1/6 status=200 0.322s url=https://www.myfonts.com/collections/todays-island-font-letterena-studios
[2026-03-17T08:15:10Z] #510 attempt=1/6 status=200 0.742s url=https://www.myfonts.com/products/averta-standard-pe-complete-family-package-1119899
[2026-03-17T08:15:11Z] #511 attempt=1/6 status=200 0.876s url=https://www.myfonts.com/collections/averta-standard-font-foundry-5-limited/
[2026-03-17T08:15:12Z] #512 attempt=1/6 status=200 0.361s url=https://www.myfonts.com/products/ayeshy-clanita-complete-family-package-1119894
[2026-03-17T08:15:13Z] #513 attempt=1/6 status=200 0.318s url=https://www.myfonts.com/collections/ayeshy-clanita-font-stylishtype-studio/
[2026-03-17T08:15:13Z] #514 attempt=1/6 status=200 0.459s url=https://www.myfonts.com/products/tortoise-complete-family-package-1119850
[2026-03-17T08:15:14Z] #515 attempt=1/6 status=200 0.602s url=https://www.myfonts.com/collections/tortoise-font-ottertype/
[2026-03-17T08:15:15Z] #516 attempt=1/6 status=200 0.306s url=https://www.myfonts.com/products/rochello-complete-family-package-1119098
[2026-03-17T08:15:15Z] #517 attempt=1/6 status=200 0.327s url=https://www.myfonts.com/collections/rochello-font-luhop-creative/
[2026-03-17T08:15:16Z] #518 attempt=1/6 status=200 0.372s url=https://www.myfonts.com/products/arton-complete-family-package-1119540
[2026-03-17T08:15:17Z] #519 attempt=1/6 status=200 0.291s url=https://www.myfonts.com/collections/arton-font-genetype/
[2026-03-17T08:15:17Z] #520 attempt=1/6 status=200 0.306s url=https://www.myfonts.com/products/mate-night-complete-family-package-1119875
[2026-03-17T08:15:18Z] #521 attempt=1/6 status=200 0.343s url=https://www.myfonts.com/collections/mate-night-font-letterhend/
[2026-03-17T08:15:18Z] #522 attempt=1/6 status=200 0.309s url=https://www.myfonts.com/products/easter-fabulous-italic-complete-family-package-1119080
[2026-03-17T08:15:19Z] #523 attempt=1/6 status=200 0.326s url=https://www.myfonts.com/collections/easter-fabulous-italic-font-yoga-letter/
[2026-03-17T08:15:20Z] #524 attempt=1/6 status=200 0.370s url=https://www.myfonts.com/products/estalion-linier-complete-family-package-1119891
[2026-03-17T08:15:20Z] #525 attempt=1/6 status=200 0.322s url=https://www.myfonts.com/collections/estalion-linier-font-tini-fitriani/
[2026-03-17T08:15:21Z] #526 attempt=1/6 status=200 0.376s url=https://www.myfonts.com/products/glitch-keylink-complete-family-package-1119128
[2026-03-17T08:15:21Z] #527 attempt=1/6 status=200 0.339s url=https://www.myfonts.com/collections/glitch-keylink-font-risma-type/
[2026-03-17T08:15:22Z] #528 attempt=1/6 status=200 0.410s url=https://www.myfonts.com/products/magic-paw-complete-family-package-1119091
[2026-03-17T08:15:23Z] #529 attempt=1/6 status=200 0.462s url=https://www.myfonts.com/collections/magic-paw-font-sloulyfe-studio/
[2026-03-17T08:15:23Z] #530 attempt=1/6 status=200 0.350s url=https://www.myfonts.com/products/gradneght-complete-family-package-1119871
[2026-03-17T08:15:24Z] #531 attempt=1/6 status=200 0.335s url=https://www.myfonts.com/collections/gradneght-font-timelesstype-studio/
[2026-03-17T08:15:25Z] #532 attempt=1/6 status=200 0.315s url=https://www.myfonts.com/products/holiday-feast-complete-family-package-1119881
[2026-03-17T08:15:25Z] #533 attempt=1/6 status=200 0.294s url=https://www.myfonts.com/collections/holiday-feast-font-letterhend/
[2026-03-17T08:15:26Z] #534 attempt=1/6 status=200 0.327s url=https://www.myfonts.com/products/bagke-mere-complete-family-package-1119120
[2026-03-17T08:15:26Z] #535 attempt=1/6 status=200 0.314s url=https://www.myfonts.com/collections/bagke-mere-font-rvandtype/
[2026-03-17T08:15:27Z] #536 attempt=1/6 status=200 0.339s url=https://www.myfonts.com/products/solaflare-complete-family-package-1119104
[2026-03-17T08:15:28Z] #537 attempt=1/6 status=200 0.399s url=https://www.myfonts.com/collections/solaflare-font-swell-type/
[2026-03-17T08:15:28Z] #538 attempt=1/6 status=200 0.282s url=https://www.myfonts.com/products/jasding-blowned-complete-family-package-1119074
[2026-03-17T08:15:29Z] #539 attempt=1/6 status=200 0.318s url=https://www.myfonts.com/collections/jasding-blowned-font-letterena-studios
[2026-03-17T08:15:29Z] #540 attempt=1/6 status=200 0.354s url=https://www.myfonts.com/products/happytale-complete-family-package-1119301
[2026-03-17T08:15:30Z] #541 attempt=1/6 status=200 0.385s url=https://www.myfonts.com/collections/happytale-font-unicode-studio/
[2026-03-17T08:15:31Z] #542 attempt=1/6 status=200 0.402s url=https://www.myfonts.com/products/textworthy-serif-complete-family-package-1119043
[2026-03-17T08:15:31Z] #543 attempt=1/6 status=200 0.370s url=https://www.myfonts.com/collections/textworthy-serif-font-caron-twice/
[2026-03-17T08:15:32Z] #544 attempt=1/6 status=200 0.311s url=https://www.myfonts.com/products/merge-doomsday-complete-family-package-1119898
[2026-03-17T08:15:32Z] #545 attempt=1/6 status=200 0.148s url=https://www.myfonts.com/collections/merge-doomsday-font-layarbahtera/
[2026-03-17T08:15:33Z] #546 attempt=1/6 status=200 0.379s url=https://www.myfonts.com/products/bakerman-sans-complete-family-package-1119248
[2026-03-17T08:15:34Z] #547 attempt=1/6 status=200 0.430s url=https://www.myfonts.com/collections/bakerman-sans-font-zasepa-studio/
[2026-03-17T08:15:34Z] #548 attempt=1/6 status=200 0.350s url=https://www.myfonts.com/products/renso-complete-family-package-1119543
[2026-03-17T08:15:35Z] #549 attempt=1/6 status=200 0.316s url=https://www.myfonts.com/collections/renso-font-marvadesign/
[2026-03-17T08:15:35Z] #550 attempt=1/6 status=200 0.328s url=https://www.myfonts.com/products/avelmor-complete-family-package-1119087
[2026-03-17T08:15:36Z] #551 attempt=1/6 status=200 0.317s url=https://www.myfonts.com/collections/avelmor-font-muksal-creatives/
[2026-03-17T08:15:37Z] #552 attempt=1/6 status=200 0.334s url=https://www.myfonts.com/products/barland-complete-family-package-1119885
[2026-03-17T08:15:37Z] #553 attempt=1/6 status=200 0.356s url=https://www.myfonts.com/collections/barland-font-letterhend/
[2026-03-17T08:15:39Z] #554 attempt=1/6 status=200 1.481s url=https://www.myfonts.com/products/fintalux-complete-family-package-1119397
[2026-03-17T08:15:41Z] #555 attempt=1/6 status=200 1.495s url=https://www.myfonts.com/collections/fintalux-font-pista-mova/
[2026-03-17T08:15:42Z] #556 attempt=1/6 status=200 0.690s url=https://www.myfonts.com/products.json?limit=100&page=24
[2026-03-17T08:15:44Z] #557 attempt=1/6 status=200 0.741s url=https://www.myfonts.com/products.json?limit=100&page=25
[2026-03-17T08:15:44Z] summary releases=393 first_429=None log_file=state/myfonts_run_20260317_080903.log
[2026-03-17T08:15:44Z] saved_success_profile path=state/myfonts_success_profile.json
[2026-03-17T08:15:44Z] === MyFonts crawl end ===
