[2026-03-07T15:06:37Z] === MyFonts crawl start source=myfonts ===
[2026-03-07T15:06:37Z] config max_pages=40 page_size=250 start_date=2026-03-06 end_date=2026-03-06 api_delay=0.25s detail_delay=0.2s
[2026-03-07T15:06:40Z] #1 attempt=1/6 status=200 2.225s url=https://www.myfonts.com/products.json?limit=250&page=1
[2026-03-07T15:06:40Z] #2 attempt=1/6 status=200 0.399s url=https://www.myfonts.com/products/italic-proscenium-1118334
[2026-03-07T15:06:41Z] #3 attempt=1/6 status=200 0.517s url=https://www.myfonts.com/collections/proscenium-font-wings-art-studio/
[2026-03-07T15:06:42Z] #4 attempt=1/6 status=200 0.724s url=https://www.myfonts.com/products/roman-variable-jewerly-beyon-1118803
[2026-03-07T15:06:44Z] #5 attempt=1/6 status=200 1.198s url=https://www.myfonts.com/collections/jewerly-beyon-font-luhop-creative/
[2026-03-07T15:06:45Z] #6 attempt=1/6 status=200 0.704s url=https://www.myfonts.com/products/regular-proscenium-1118333
[2026-03-07T15:06:45Z] #7 attempt=1/6 status=200 0.551s url=https://www.myfonts.com/collections/proscenium-font-wings-art-studio/
[2026-03-07T15:06:46Z] #8 attempt=1/6 status=200 0.535s url=https://www.myfonts.com/products/jewerly-beyon-complete-family-package-1118801
[2026-03-07T15:06:47Z] #9 attempt=1/6 status=200 0.254s url=https://www.myfonts.com/collections/jewerly-beyon-font-luhop-creative/
[2026-03-07T15:06:48Z] #10 attempt=1/6 status=200 0.634s url=https://www.myfonts.com/products/mizhon-sans-complete-family-package-1118559
[2026-03-07T15:06:49Z] #11 attempt=1/6 status=200 0.816s url=https://www.myfonts.com/collections/mizhon-sans-font-skinny-type/
[2026-03-07T15:06:50Z] #12 attempt=1/6 status=200 0.572s url=https://www.myfonts.com/products/the-musa-editorial-complete-family-package-1118520
[2026-03-07T15:06:51Z] #13 attempt=1/6 status=200 0.698s url=https://www.myfonts.com/collections/the-musa-editorial-font-romie-creative/
[2026-03-07T15:06:51Z] #14 attempt=1/6 status=200 0.265s url=https://www.myfonts.com/products/quenova-complete-family-package-1117920
[2026-03-07T15:06:52Z] #15 attempt=1/6 status=200 0.437s url=https://www.myfonts.com/collections/quenova-font-kaidosan/
[2026-03-07T15:06:53Z] #16 attempt=1/6 status=200 1.024s url=https://www.myfonts.com/products/semi-expanded-package-1118408
[2026-03-07T15:06:55Z] #17 attempt=1/6 status=200 1.779s url=https://www.myfonts.com/collections/bonarchi-font-rastype-studio/
[2026-03-07T15:06:56Z] #18 attempt=1/6 status=200 0.489s url=https://www.myfonts.com/products/master-righinta-complete-family-package-1118226
[2026-03-07T15:06:57Z] #19 attempt=1/6 status=200 0.536s url=https://www.myfonts.com/collections/master-righinta-font-tm-type/
[2026-03-07T15:06:58Z] #20 attempt=1/6 status=200 0.479s url=https://www.myfonts.com/products/sefalio-complete-family-package-1118116
[2026-03-07T15:06:58Z] #21 attempt=1/6 status=200 0.474s url=https://www.myfonts.com/collections/sefalio-font-snapedsgn/
[2026-03-07T15:06:59Z] #22 attempt=1/6 status=200 0.610s url=https://www.myfonts.com/products/alesteny-pojharu-complete-family-package-1118098
[2026-03-07T15:07:00Z] #23 attempt=1/6 status=200 0.498s url=https://www.myfonts.com/collections/alesteny-pojharu-font-stylishtype-studio/
[2026-03-07T15:07:01Z] #24 attempt=1/6 status=200 1.138s url=https://www.myfonts.com/products/normal-package-1118407
[2026-03-07T15:07:02Z] #25 attempt=1/6 status=200 0.307s url=https://www.myfonts.com/collections/bonarchi-font-rastype-studio/
[2026-03-07T15:07:03Z] #26 attempt=1/6 status=200 0.680s url=https://www.myfonts.com/products/upright-package-1118589
[2026-03-07T15:07:04Z] #27 attempt=1/6 status=200 0.844s url=https://www.myfonts.com/collections/mizhon-flare-font-skinny-type/
[2026-03-07T15:07:05Z] #28 attempt=1/6 status=200 0.515s url=https://www.myfonts.com/products/foliant-serif-complete-family-package-1118592
[2026-03-07T15:07:06Z] #29 attempt=1/6 status=200 0.573s url=https://www.myfonts.com/collections/foliant-serif-font-moritz-kleinsorge/
[2026-03-07T15:07:06Z] #30 attempt=1/6 status=200 0.361s url=https://www.myfonts.com/products/crone-complete-family-package-1118200
[2026-03-07T15:07:07Z] #31 attempt=1/6 status=200 0.625s url=https://www.myfonts.com/collections/crone-font-artiveko/
[2026-03-07T15:07:08Z] #32 attempt=1/6 status=200 0.582s url=https://www.myfonts.com/products/bolera-complete-family-package-1118428
[2026-03-07T15:07:09Z] #33 attempt=1/6 status=200 0.578s url=https://www.myfonts.com/collections/bolera-font-piscotype/
[2026-03-07T15:07:09Z] #34 attempt=1/6 status=200 0.473s url=https://www.myfonts.com/products/west-wasteland-complete-family-package-1118487
[2026-03-07T15:07:10Z] #35 attempt=1/6 status=200 0.540s url=https://www.myfonts.com/collections/west-wasteland-font-vyantype-studio/
[2026-03-07T15:07:11Z] #36 attempt=1/6 status=200 0.573s url=https://www.myfonts.com/products/upright-package-1118573
[2026-03-07T15:07:12Z] #37 attempt=1/6 status=200 0.708s url=https://www.myfonts.com/collections/mizhon-sans-font-skinny-type/
[2026-03-07T15:07:13Z] #38 attempt=1/6 status=200 0.585s url=https://www.myfonts.com/products/wonder-hand-pencil-icons-package-package-1118465
[2026-03-07T15:07:14Z] #39 attempt=1/6 status=200 0.833s url=https://www.myfonts.com/collections/wonder-hand-pencil-font-typographicdesign/
[2026-03-07T15:07:15Z] #40 attempt=1/6 status=200 0.383s url=https://www.myfonts.com/products/space-town-complete-family-package-1117876
[2026-03-07T15:07:15Z] #41 attempt=1/6 status=200 0.406s url=https://www.myfonts.com/collections/space-town-font-bale-type/
[2026-03-07T15:07:16Z] #42 attempt=1/6 status=200 0.537s url=https://www.myfonts.com/products/slanted-package-1118574
[2026-03-07T15:07:17Z] #43 attempt=1/6 status=200 0.315s url=https://www.myfonts.com/collections/mizhon-sans-font-skinny-type/
[2026-03-07T15:07:17Z] #44 attempt=1/6 status=200 0.445s url=https://www.myfonts.com/products/monobran-complete-family-package-1118120
[2026-03-07T15:07:18Z] #45 attempt=1/6 status=200 0.477s url=https://www.myfonts.com/collections/monobran-font-snapedsgn/
[2026-03-07T15:07:19Z] #46 attempt=1/6 status=200 0.539s url=https://www.myfonts.com/products/khaos-complete-family-package-1118472
[2026-03-07T15:07:20Z] #47 attempt=1/6 status=200 0.900s url=https://www.myfonts.com/collections/khaos-font-fontbilisi/
[2026-03-07T15:07:21Z] #48 attempt=1/6 status=200 0.583s url=https://www.myfonts.com/products/delice-pro-complete-family-package-1118126
[2026-03-07T15:07:21Z] #49 attempt=1/6 status=200 0.463s url=https://www.myfonts.com/collections/delice-pro-font-typostudio-pro/
[2026-03-07T15:07:22Z] #50 attempt=1/6 status=200 0.836s url=https://www.myfonts.com/products/expanded-package-1118409
[2026-03-07T15:07:25Z] #51 attempt=1/6 status=200 1.852s url=https://www.myfonts.com/collections/bonarchi-font-rastype-studio/
[2026-03-07T15:07:25Z] #52 attempt=1/6 status=200 0.505s url=https://www.myfonts.com/products/westkind-complete-family-package-1118788
[2026-03-07T15:07:26Z] #53 attempt=1/6 status=200 0.468s url=https://www.myfonts.com/collections/westkind-font-timelesstype-studio/
[2026-03-07T15:07:27Z] #54 attempt=1/6 status=200 0.585s url=https://www.myfonts.com/products/tbj-margin-condensed-complete-family-package-1117893
[2026-03-07T15:07:28Z] #55 attempt=1/6 status=200 0.546s url=https://www.myfonts.com/collections/tbj-margin-condensed-font-taboja-studio/
[2026-03-07T15:07:29Z] #56 attempt=1/6 status=200 0.677s url=https://www.myfonts.com/products/ariex-nue-complete-family-package-1118203
[2026-03-07T15:07:30Z] #57 attempt=1/6 status=200 0.709s url=https://www.myfonts.com/collections/ariex-nue-font-webhance/
[2026-03-07T15:07:30Z] #58 attempt=1/6 status=200 0.534s url=https://www.myfonts.com/products/evahgelina-complete-family-package-1118497
[2026-03-07T15:07:31Z] #59 attempt=1/6 status=200 0.550s url=https://www.myfonts.com/collections/evahgelina-font-made-deduk/
[2026-03-07T15:07:32Z] #60 attempt=1/6 status=200 0.657s url=https://www.myfonts.com/products/special-package-1118849
[2026-03-07T15:07:34Z] #61 attempt=1/6 status=200 1.505s url=https://www.myfonts.com/collections/jewerly-beyon-font-luhop-creative/
[2026-03-07T15:07:35Z] #62 attempt=1/6 status=200 0.471s url=https://www.myfonts.com/products/trup-and-tomp-complete-family-package-1117890
[2026-03-07T15:07:35Z] #63 attempt=1/6 status=200 0.566s url=https://www.myfonts.com/collections/trup-and-tomp-font-angga-mahardika/
[2026-03-07T15:07:36Z] #64 attempt=1/6 status=200 0.482s url=https://www.myfonts.com/products/mc-segalecy-complete-family-package-1118506
[2026-03-07T15:07:37Z] #65 attempt=1/6 status=200 0.689s url=https://www.myfonts.com/collections/mc-segalecy-font-maulana-creative/
[2026-03-07T15:07:38Z] #66 attempt=1/6 status=200 0.991s url=https://www.myfonts.com/products/extended-package-1118331
[2026-03-07T15:07:40Z] #67 attempt=1/6 status=200 1.842s url=https://www.myfonts.com/collections/flova-font-slex-studio/
[2026-03-07T15:07:41Z] #68 attempt=1/6 status=200 0.483s url=https://www.myfonts.com/products/blomby-reg-pack-package-1118471
[2026-03-07T15:07:42Z] #69 attempt=1/6 status=200 0.779s url=https://www.myfonts.com/collections/blomby-font-tegaki/
[2026-03-07T15:07:43Z] #70 attempt=1/6 status=200 0.461s url=https://www.myfonts.com/products/gumybops-complete-family-package-1118110
[2026-03-07T15:07:44Z] #71 attempt=1/6 status=200 0.601s url=https://www.myfonts.com/collections/gumybops-font-snapedsgn/
[2026-03-07T15:07:44Z] #72 attempt=1/6 status=200 0.453s url=https://www.myfonts.com/products/rustvale-complete-family-package-1118101
[2026-03-07T15:07:45Z] #73 attempt=1/6 status=200 0.509s url=https://www.myfonts.com/collections/rustvale-font-letterhend/
[2026-03-07T15:07:46Z] #74 attempt=1/6 status=200 0.465s url=https://www.myfonts.com/products/aseno-modern-complete-family-package-1117916
[2026-03-07T15:07:47Z] #75 attempt=1/6 status=200 0.647s url=https://www.myfonts.com/collections/aseno-modern-font-nirmana-visual/
[2026-03-07T15:07:48Z] #76 attempt=1/6 status=200 0.530s url=https://www.myfonts.com/products/mojian-complete-family-package-1118131
[2026-03-07T15:07:48Z] #77 attempt=1/6 status=200 0.424s url=https://www.myfonts.com/collections/mojian-font-wildan-carfont/
[2026-03-07T15:07:49Z] #78 attempt=1/6 status=200 0.427s url=https://www.myfonts.com/products/reyda-complete-family-package-1117907
[2026-03-07T15:07:50Z] #79 attempt=1/6 status=200 0.477s url=https://www.myfonts.com/collections/reyda-font-ragamkata/
[2026-03-07T15:07:51Z] #80 attempt=1/6 status=200 0.778s url=https://www.myfonts.com/products/rucent-complete-family-package-1118079
[2026-03-07T15:07:52Z] #81 attempt=1/6 status=200 0.822s url=https://www.myfonts.com/collections/rucent-font-vermilione/
[2026-03-07T15:07:52Z] #82 attempt=1/6 status=200 0.338s url=https://www.myfonts.com/products/brokewall-complete-family-package-1117850
[2026-03-07T15:07:53Z] #83 attempt=1/6 status=200 0.459s url=https://www.myfonts.com/collections/brokewall-font-valorix-studio/
[2026-03-07T15:07:54Z] #84 attempt=1/6 status=200 1.088s url=https://www.myfonts.com/products/flova-complete-family-package-1118233
[2026-03-07T15:07:55Z] #85 attempt=1/6 status=200 0.326s url=https://www.myfonts.com/collections/flova-font-slex-studio/
[2026-03-07T15:07:56Z] #86 attempt=1/6 status=200 0.586s url=https://www.myfonts.com/products/fox-nibble-complete-family-package-1118418
[2026-03-07T15:07:57Z] #87 attempt=1/6 status=200 0.555s url=https://www.myfonts.com/collections/fox-nibble-font-fox7/
[2026-03-07T15:07:57Z] #88 attempt=1/6 status=200 0.540s url=https://www.myfonts.com/products/upright-package-1118696
[2026-03-07T15:07:58Z] #89 attempt=1/6 status=200 0.837s url=https://www.myfonts.com/collections/mizhon-serif-font-skinny-type/
[2026-03-07T15:07:59Z] #90 attempt=1/6 status=200 0.340s url=https://www.myfonts.com/products/harney-complete-family-package-1118105
[2026-03-07T15:08:00Z] #91 attempt=1/6 status=200 0.513s url=https://www.myfonts.com/collections/harney-font-letterhend/
[2026-03-07T15:08:02Z] #92 attempt=1/6 status=200 1.553s url=https://www.myfonts.com/products/hard-package-1118416
[2026-03-07T15:08:04Z] #93 attempt=1/6 status=200 2.585s url=https://www.myfonts.com/collections/readant-font-rastype-studio/
[2026-03-07T15:08:06Z] #94 attempt=1/6 status=200 0.527s url=https://www.myfonts.com/products/blime-blackletter-complete-family-package-1118501
[2026-03-07T15:08:06Z] #95 attempt=1/6 status=200 0.572s url=https://www.myfonts.com/collections/blime-blackletter-font-nirmana-visual/
[2026-03-07T15:08:07Z] #96 attempt=1/6 status=200 0.468s url=https://www.myfonts.com/products/freedom-paradise-complete-family-package-1118234
[2026-03-07T15:08:08Z] #97 attempt=1/6 status=200 0.705s url=https://www.myfonts.com/collections/freedom-paradise-font-stylishtype-studio/
[2026-03-07T15:08:09Z] #98 attempt=1/6 status=200 0.547s url=https://www.myfonts.com/products/designer-edition-package-1117903
[2026-03-07T15:08:10Z] #99 attempt=1/6 status=200 0.671s url=https://www.myfonts.com/collections/tbj-margin-condensed-font-taboja-studio/
[2026-03-07T15:08:11Z] #100 attempt=1/6 status=200 0.566s url=https://www.myfonts.com/products/mizhon-serif-complete-family-package-1118660
[2026-03-07T15:08:12Z] #101 attempt=1/6 status=200 0.915s url=https://www.myfonts.com/collections/mizhon-serif-font-skinny-type/
