[2026-03-28T07:08:45Z] checkpoint fresh next_page=1 path=state/myfonts_crawl_checkpoint.json
[2026-03-28T07:08:45Z] === MyFonts crawl start source=myfonts ===
[2026-03-28T07:08:45Z] config max_pages=25 page_size=100 start_date=2026-03-27 end_date=2026-03-28 api_delay=0.5s detail_delay=0.2s max_debut_checks=400 max_tech_specs_checks=200 reuse_success_profile=False always_enrich_packages=True language_script_signal_mode=strong force_fresh_run=False start_page=1 browser_mode=False browser_headless=True browser_storage_state_path=state/myfonts_storage_state.json
[2026-03-28T07:08:46Z] #1 attempt=1/6 status=200 0.857s url=https://www.myfonts.com/products.json?limit=100&page=1
[2026-03-28T07:08:48Z] #2 attempt=1/6 status=200 1.025s url=https://www.myfonts.com/products/golden-hundred-package-947235
[2026-03-28T07:08:48Z] #3 attempt=1/6 status=404 0.164s url=https://www.myfonts.com/collections/golden-hundred-font-etewut
[2026-03-28T07:08:49Z] #4 attempt=1/6 status=200 1.221s url=https://www.myfonts.com/products/hand-drawn-font-collection-package-775327
[2026-03-28T07:08:50Z] #5 attempt=1/6 status=404 0.154s url=https://www.myfonts.com/collections/hand-drawn-font-collection-font-larin-type-co
[2026-03-28T07:08:51Z] #6 attempt=1/6 status=200 1.178s url=https://www.myfonts.com/products/elegant-serif-bundle-package-729464
[2026-03-28T07:08:52Z] #7 attempt=1/6 status=404 0.159s url=https://www.myfonts.com/collections/elegant-serif-bundle-font-larin-type-co
[2026-03-28T07:08:53Z] #8 attempt=1/6 status=200 1.088s url=https://www.myfonts.com/products/vintage-font-collection-package-726082
[2026-03-28T07:08:53Z] #9 attempt=1/6 status=404 0.184s url=https://www.myfonts.com/collections/vintage-font-collection-font-larin-type-co
[2026-03-28T07:08:54Z] #10 attempt=1/6 status=200 0.413s url=https://www.myfonts.com/products/tulips-zp-sugar-rush-1126957
[2026-03-28T07:08:55Z] #11 attempt=1/6 status=200 0.463s url=https://www.myfonts.com/collections/zp-sugar-rush-font-lettering-delights/
[2026-03-28T07:08:55Z] #12 attempt=1/6 status=200 0.142s url=https://www.myfonts.com/collections/zp-sugar-rush-font-lettering-delights/?tab=techSpecs
[2026-03-28T07:08:57Z] #13 attempt=1/6 status=200 0.472s url=https://www.myfonts.com/products/semi-bold-expanded-pts-pharma-1126835
[2026-03-28T07:08:57Z] #14 attempt=1/6 status=200 0.476s url=https://www.myfonts.com/collections/pts-pharma-font-paavola-type-studio/
[2026-03-28T07:08:58Z] #15 attempt=1/6 status=200 0.160s url=https://www.myfonts.com/collections/pts-pharma-font-paavola-type-studio/?tab=techSpecs
[2026-03-28T07:09:01Z] #16 attempt=1/6 status=200 2.439s url=https://www.myfonts.com/products/the-best-collection-font-bundle-package-915711
[2026-03-28T07:09:02Z] #17 attempt=1/6 status=404 0.200s url=https://www.myfonts.com/collections/the-best-collection-font-bundle-font-bosstypestudio
[2026-03-28T07:09:03Z] #18 attempt=1/6 status=200 0.482s url=https://www.myfonts.com/products/limit-micro-condensed-package-1126786
[2026-03-28T07:09:03Z] #19 attempt=1/6 status=200 0.440s url=https://www.myfonts.com/collections/limit-micro-font-bold-guystm/
[2026-03-28T07:09:04Z] #20 attempt=1/6 status=200 0.180s url=https://www.myfonts.com/collections/limit-micro-font-bold-guystm/?tab=techSpecs
[2026-03-28T07:09:05Z] #21 attempt=1/6 status=200 0.450s url=https://www.myfonts.com/products/mallestian-script-complete-family-package-1126571
[2026-03-28T07:09:06Z] #22 attempt=1/6 status=200 0.491s url=https://www.myfonts.com/collections/mallestian-script-font-logic-type/
[2026-03-28T07:09:07Z] #23 attempt=1/6 status=200 0.138s url=https://www.myfonts.com/collections/mallestian-script-font-logic-type/?tab=techSpecs
[2026-03-28T07:09:08Z] #24 attempt=1/6 status=200 0.402s url=https://www.myfonts.com/products/basthor-complete-family-package-1126609
[2026-03-28T07:09:08Z] #25 attempt=1/6 status=200 0.333s url=https://www.myfonts.com/collections/basthor-font-burntilldead/
[2026-03-28T07:09:09Z] #26 attempt=1/6 status=200 0.137s url=https://www.myfonts.com/collections/basthor-font-burntilldead/?tab=techSpecs
[2026-03-28T07:09:10Z] #27 attempt=1/6 status=200 0.299s url=https://www.myfonts.com/products/baronial-complete-family-package-1126606
[2026-03-28T07:09:11Z] #28 attempt=1/6 status=200 0.301s url=https://www.myfonts.com/collections/baronial-font-burntilldead/
[2026-03-28T07:09:11Z] #29 attempt=1/6 status=200 0.134s url=https://www.myfonts.com/collections/baronial-font-burntilldead/?tab=techSpecs
[2026-03-28T07:09:13Z] #30 attempt=1/6 status=200 0.418s url=https://www.myfonts.com/products/alrays-bloom-complete-family-package-1126589
[2026-03-28T07:09:14Z] #31 attempt=1/6 status=200 0.402s url=https://www.myfonts.com/collections/alrays-bloom-font-nirmana-visual/
[2026-03-28T07:09:14Z] #32 attempt=1/6 status=200 0.164s url=https://www.myfonts.com/collections/alrays-bloom-font-nirmana-visual/?tab=techSpecs
[2026-03-28T07:09:16Z] #33 attempt=1/6 status=200 1.138s url=https://www.myfonts.com/products/soft-package-1126810
[2026-03-28T07:09:19Z] #34 attempt=1/6 status=200 2.420s url=https://www.myfonts.com/collections/rustand-font-stripes-studio/
[2026-03-28T07:09:20Z] #35 attempt=1/6 status=200 0.198s url=https://www.myfonts.com/collections/rustand-font-stripes-studio/?tab=techSpecs
[2026-03-28T07:09:22Z] #36 attempt=1/6 status=200 0.410s url=https://www.myfonts.com/products/guhit-pluma-complete-family-package-1126583
[2026-03-28T07:09:22Z] #37 attempt=1/6 status=200 0.436s url=https://www.myfonts.com/collections/guhit-pluma-font-lurinzu-studios/
[2026-03-28T07:09:23Z] #38 attempt=1/6 status=200 0.137s url=https://www.myfonts.com/collections/guhit-pluma-font-lurinzu-studios/?tab=techSpecs
[2026-03-28T07:09:24Z] #39 attempt=1/6 status=200 0.354s url=https://www.myfonts.com/products/positano-vintage-complete-family-package-1126616
[2026-03-28T07:09:25Z] #40 attempt=1/6 status=200 0.316s url=https://www.myfonts.com/collections/positano-vintage-font-amorfa-type/
[2026-03-28T07:09:25Z] #41 attempt=1/6 status=200 0.126s url=https://www.myfonts.com/collections/positano-vintage-font-amorfa-type/?tab=techSpecs
[2026-03-28T07:09:27Z] #42 attempt=1/6 status=200 0.367s url=https://www.myfonts.com/products/norvas-complete-family-package-1126620
[2026-03-28T07:09:27Z] #43 attempt=1/6 status=200 0.316s url=https://www.myfonts.com/collections/norvas-font-vermilione/
[2026-03-28T07:09:28Z] #44 attempt=1/6 status=200 0.136s url=https://www.myfonts.com/collections/norvas-font-vermilione/?tab=techSpecs
[2026-03-28T07:09:29Z] #45 attempt=1/6 status=200 0.379s url=https://www.myfonts.com/products/regular-roviane-1126339
[2026-03-28T07:09:29Z] #46 attempt=1/6 status=200 0.293s url=https://www.myfonts.com/collections/roviane-font-rasio-studio/
[2026-03-28T07:09:30Z] #47 attempt=1/6 status=200 0.183s url=https://www.myfonts.com/collections/roviane-font-rasio-studio/?tab=techSpecs
[2026-03-28T07:09:31Z] #48 attempt=1/6 status=200 0.398s url=https://www.myfonts.com/products/regular-it-krazio-1126456
[2026-03-28T07:09:31Z] #49 attempt=1/6 status=200 0.335s url=https://www.myfonts.com/collections/it-krazio-font-creatifont-studio/
[2026-03-28T07:09:32Z] #50 attempt=1/6 status=200 0.173s url=https://www.myfonts.com/collections/it-krazio-font-creatifont-studio/?tab=techSpecs
[2026-03-28T07:09:33Z] #51 attempt=1/6 status=200 0.318s url=https://www.myfonts.com/products/regular-agrix-1126337
[2026-03-28T07:09:33Z] #52 attempt=1/6 status=200 0.291s url=https://www.myfonts.com/collections/agrix-font-vadova-std/
[2026-03-28T07:09:34Z] #53 attempt=1/6 status=200 0.141s url=https://www.myfonts.com/collections/agrix-font-vadova-std/?tab=techSpecs
[2026-03-28T07:09:35Z] #54 attempt=1/6 status=200 0.377s url=https://www.myfonts.com/products/regular-piccola-1126514
[2026-03-28T07:09:35Z] #55 attempt=1/6 status=200 0.367s url=https://www.myfonts.com/collections/piccola-font-resistenza/
[2026-03-28T07:09:36Z] #56 attempt=1/6 status=200 0.167s url=https://www.myfonts.com/collections/piccola-font-resistenza/?tab=techSpecs
[2026-03-28T07:09:37Z] #57 attempt=1/6 status=200 0.268s url=https://www.myfonts.com/products/regular-gavielle-1126341
[2026-03-28T07:09:37Z] #58 attempt=1/6 status=200 0.254s url=https://www.myfonts.com/collections/gavielle-font-rasio-studio/
[2026-03-28T07:09:38Z] #59 attempt=1/6 status=200 0.160s url=https://www.myfonts.com/collections/gavielle-font-rasio-studio/?tab=techSpecs
[2026-03-28T07:09:38Z] #60 attempt=1/6 status=200 0.282s url=https://www.myfonts.com/products/regular-gravix-1126340
[2026-03-28T07:09:39Z] #61 attempt=1/6 status=200 0.238s url=https://www.myfonts.com/collections/gravix-font-rasio-studio/
[2026-03-28T07:09:39Z] #62 attempt=1/6 status=200 0.133s url=https://www.myfonts.com/collections/gravix-font-rasio-studio/?tab=techSpecs
[2026-03-28T07:09:40Z] #63 attempt=1/6 status=200 0.253s url=https://www.myfonts.com/products/regular-bodro-1126338
[2026-03-28T07:09:41Z] #64 attempt=1/6 status=200 0.394s url=https://www.myfonts.com/collections/bodro-font-vadova-std/
[2026-03-28T07:09:41Z] #65 attempt=1/6 status=200 0.153s url=https://www.myfonts.com/collections/bodro-font-vadova-std/?tab=techSpecs
[2026-03-28T07:09:42Z] #66 attempt=1/6 status=200 0.374s url=https://www.myfonts.com/products/regular-comic-black-metal-1126619
[2026-03-28T07:09:43Z] #67 attempt=1/6 status=200 0.311s url=https://www.myfonts.com/collections/comic-black-metal-font-mvmet/
[2026-03-28T07:09:43Z] #68 attempt=1/6 status=200 0.145s url=https://www.myfonts.com/collections/comic-black-metal-font-mvmet/?tab=techSpecs
[2026-03-28T07:09:45Z] #69 attempt=1/6 status=200 1.101s url=https://www.myfonts.com/products/extra-expanded-package-1126005
[2026-03-28T07:09:47Z] #70 attempt=1/6 status=200 2.258s url=https://www.myfonts.com/collections/anglica-serif-font-pista-mova/
[2026-03-28T07:09:49Z] #71 attempt=1/6 status=200 0.203s url=https://www.myfonts.com/collections/anglica-serif-font-pista-mova/?tab=techSpecs
[2026-03-28T07:09:50Z] #72 attempt=1/6 status=200 0.358s url=https://www.myfonts.com/products/horizon-drift-complete-family-package-1126101
[2026-03-28T07:09:51Z] #73 attempt=1/6 status=200 0.316s url=https://www.myfonts.com/collections/horizon-drift-font-hipfonts/
[2026-03-28T07:09:51Z] #74 attempt=1/6 status=200 0.152s url=https://www.myfonts.com/collections/horizon-drift-font-hipfonts/?tab=techSpecs
[2026-03-28T07:09:53Z] #75 attempt=1/6 status=200 0.760s url=https://www.myfonts.com/products/dean-soft-complete-family-package-1125666
[2026-03-28T07:09:55Z] #76 attempt=1/6 status=200 1.376s url=https://www.myfonts.com/collections/dean-soft-font-blaze-type/
[2026-03-28T07:09:55Z] #77 attempt=1/6 status=200 0.180s url=https://www.myfonts.com/collections/dean-soft-font-blaze-type/?tab=techSpecs
[2026-03-28T07:09:57Z] #78 attempt=1/6 status=200 0.406s url=https://www.myfonts.com/products/sugitta-complete-family-package-1125768
[2026-03-28T07:09:58Z] #79 attempt=1/6 status=200 0.421s url=https://www.myfonts.com/collections/sugitta-font-smz-design/
[2026-03-28T07:09:58Z] #80 attempt=1/6 status=200 0.143s url=https://www.myfonts.com/collections/sugitta-font-smz-design/?tab=techSpecs
[2026-03-28T07:10:00Z] #81 attempt=1/6 status=200 1.000s url=https://www.myfonts.com/products/vervex-complete-family-package-1126223
[2026-03-28T07:10:01Z] #82 attempt=1/6 status=200 0.944s url=https://www.myfonts.com/collections/vervex-font-alpercakici/
[2026-03-28T07:10:02Z] #83 attempt=1/6 status=200 0.173s url=https://www.myfonts.com/collections/vervex-font-alpercakici/?tab=techSpecs
[2026-03-28T07:10:04Z] #84 attempt=1/6 status=200 0.593s url=https://www.myfonts.com/products.json?limit=100&page=2
[2026-03-28T07:10:05Z] #85 attempt=1/6 status=200 0.613s url=https://www.myfonts.com/products/news-heritages-complete-family-package-1126158
[2026-03-28T07:10:06Z] #86 attempt=1/6 status=200 0.795s url=https://www.myfonts.com/collections/news-heritages-font-zaki-creative/
[2026-03-28T07:10:07Z] #87 attempt=1/6 status=200 0.148s url=https://www.myfonts.com/collections/news-heritages-font-zaki-creative/?tab=techSpecs
[2026-03-28T07:10:08Z] #88 attempt=1/6 status=200 0.343s url=https://www.myfonts.com/products/badgeils-complete-family-package-1126155
[2026-03-28T07:10:09Z] #89 attempt=1/6 status=200 0.300s url=https://www.myfonts.com/collections/badgeils-font-timelesstype-studio/
[2026-03-28T07:10:09Z] #90 attempt=1/6 status=200 0.145s url=https://www.myfonts.com/collections/badgeils-font-timelesstype-studio/?tab=techSpecs
[2026-03-28T07:10:11Z] #91 attempt=1/6 status=200 0.301s url=https://www.myfonts.com/products/hg-gothic-m-complete-family-package-1125164
[2026-03-28T07:10:11Z] #92 attempt=1/6 status=200 0.240s url=https://www.myfonts.com/collections/hg-gothic-m-font-ricoh
[2026-03-28T07:10:12Z] #93 attempt=1/6 status=200 0.122s url=https://www.myfonts.com/collections/hg-gothic-m-font-ricoh?tab=techSpecs
[2026-03-28T07:10:12Z] #94 attempt=1/6 status=200 0.130s url=https://www.myfonts.com/collections/hg-gothic-m-font-ricoh
[2026-03-28T07:10:13Z] #95 attempt=1/6 status=200 0.319s url=https://www.myfonts.com/products/hg-heisei-kakugothictai-w3-complete-family-package-1125264
[2026-03-28T07:10:13Z] #96 attempt=1/6 status=200 0.305s url=https://www.myfonts.com/collections/hg-heisei-kakugothictai-w3-font-ricoh/
[2026-03-28T07:10:14Z] #97 attempt=1/6 status=200 0.143s url=https://www.myfonts.com/collections/hg-heisei-kakugothictai-w3-font-ricoh/?tab=techSpecs
[2026-03-28T07:10:16Z] #98 attempt=1/6 status=200 0.133s url=https://www.myfonts.com/collections/hg-heisei-kakugothictai-w3-font-ricoh/
[2026-03-28T07:10:17Z] #99 attempt=1/6 status=200 0.571s url=https://www.myfonts.com/products/devonika-variable-complete-family-package-1126380
[2026-03-28T07:10:18Z] #100 attempt=1/6 status=200 0.870s url=https://www.myfonts.com/collections/devonika-variable-font-matra-creative/
[2026-03-28T07:10:18Z] #101 attempt=1/6 status=200 0.149s url=https://www.myfonts.com/collections/devonika-variable-font-matra-creative/?tab=techSpecs
[2026-03-28T07:10:20Z] #102 attempt=1/6 status=200 0.450s url=https://www.myfonts.com/products/ballpark-beauty-complete-family-package-1126105
[2026-03-28T07:10:20Z] #103 attempt=1/6 status=200 0.323s url=https://www.myfonts.com/collections/ballpark-beauty-font-hipfonts/
[2026-03-28T07:10:21Z] #104 attempt=1/6 status=200 0.140s url=https://www.myfonts.com/collections/ballpark-beauty-font-hipfonts/?tab=techSpecs
[2026-03-28T07:10:22Z] #105 attempt=1/6 status=200 0.412s url=https://www.myfonts.com/products/axilon-complete-family-package-1126219
[2026-03-28T07:10:23Z] #106 attempt=1/6 status=200 0.333s url=https://www.myfonts.com/collections/axilon-font-kaidosan/
[2026-03-28T07:10:23Z] #107 attempt=1/6 status=200 0.175s url=https://www.myfonts.com/collections/axilon-font-kaidosan/?tab=techSpecs
[2026-03-28T07:10:25Z] #108 attempt=1/6 status=200 0.461s url=https://www.myfonts.com/products/bakerman-slab-complete-family-package-1125563
[2026-03-28T07:10:25Z] #109 attempt=1/6 status=200 0.441s url=https://www.myfonts.com/collections/bakerman-slab-font-zasepa-studio/
[2026-03-28T07:10:26Z] #110 attempt=1/6 status=200 0.152s url=https://www.myfonts.com/collections/bakerman-slab-font-zasepa-studio/?tab=techSpecs
[2026-03-28T07:10:27Z] #111 attempt=1/6 status=200 0.499s url=https://www.myfonts.com/products/cluster-edge-tight-pack-package-1125562
[2026-03-28T07:10:28Z] #112 attempt=1/6 status=200 0.788s url=https://www.myfonts.com/collections/cluster-edge-font-kobuzan/
[2026-03-28T07:10:29Z] #113 attempt=1/6 status=200 0.142s url=https://www.myfonts.com/collections/cluster-edge-font-kobuzan/?tab=techSpecs
[2026-03-28T07:10:31Z] #114 attempt=1/6 status=200 0.823s url=https://www.myfonts.com/products/basic-package-package-1125656
[2026-03-28T07:10:33Z] #115 attempt=1/6 status=200 1.611s url=https://www.myfonts.com/collections/unytour-pro-font-nicolass-fonts/
[2026-03-28T07:10:33Z] #116 attempt=1/6 status=200 0.175s url=https://www.myfonts.com/collections/unytour-pro-font-nicolass-fonts/?tab=techSpecs
[2026-03-28T07:10:36Z] #117 attempt=1/6 status=200 0.621s url=https://www.myfonts.com/products/gaming-complete-family-package-1125421
[2026-03-28T07:10:37Z] #118 attempt=1/6 status=200 0.963s url=https://www.myfonts.com/collections/gaming-font-alpercakici/
[2026-03-28T07:10:37Z] #119 attempt=1/6 status=200 0.142s url=https://www.myfonts.com/collections/gaming-font-alpercakici/?tab=techSpecs
[2026-03-28T07:10:39Z] #120 attempt=1/6 status=200 0.466s url=https://www.myfonts.com/products/cluster-complete-family-package-1125481
[2026-03-28T07:10:40Z] #121 attempt=1/6 status=200 0.809s url=https://www.myfonts.com/collections/cluster-font-kobuzan/
[2026-03-28T07:10:41Z] #122 attempt=1/6 status=200 0.162s url=https://www.myfonts.com/collections/cluster-font-kobuzan/?tab=techSpecs
[2026-03-28T07:10:42Z] #123 attempt=1/6 status=200 0.373s url=https://www.myfonts.com/products/hg-dot-new-gothic-b-complete-family-package-1125247
[2026-03-28T07:10:43Z] #124 attempt=1/6 status=200 0.335s url=https://www.myfonts.com/collections/hg-dot-new-gothic-b-font-ricoh/
[2026-03-28T07:10:43Z] #125 attempt=1/6 status=200 0.185s url=https://www.myfonts.com/collections/hg-dot-new-gothic-b-font-ricoh/?tab=techSpecs
[2026-03-28T07:10:46Z] #126 attempt=1/6 status=200 0.140s url=https://www.myfonts.com/collections/hg-dot-new-gothic-b-font-ricoh/
[2026-03-28T07:10:46Z] #127 attempt=1/6 status=200 0.318s url=https://www.myfonts.com/products/molla-divina-complete-family-package-1125822
[2026-03-28T07:10:47Z] #128 attempt=1/6 status=200 0.615s url=https://www.myfonts.com/collections/molla-divina-font-canden-meutuah/
[2026-03-28T07:10:47Z] #129 attempt=1/6 status=200 0.177s url=https://www.myfonts.com/collections/molla-divina-font-canden-meutuah/?tab=techSpecs
[2026-03-28T07:10:49Z] #130 attempt=1/6 status=200 0.575s url=https://www.myfonts.com/products/intevia-complete-family-package-1125400
[2026-03-28T07:10:50Z] #131 attempt=1/6 status=200 0.616s url=https://www.myfonts.com/collections/intevia-font-hanken-design-co/
[2026-03-28T07:10:50Z] #132 attempt=1/6 status=200 0.149s url=https://www.myfonts.com/collections/intevia-font-hanken-design-co/?tab=techSpecs
[2026-03-28T07:10:52Z] #133 attempt=1/6 status=200 0.313s url=https://www.myfonts.com/products/hg-soei-cyubuto-penjitai-complete-family-package-1125236
[2026-03-28T07:10:53Z] #134 attempt=1/6 status=200 0.280s url=https://www.myfonts.com/collections/hg-soei-cyubuto-penjitai-font-ricoh/
[2026-03-28T07:10:53Z] #135 attempt=1/6 status=200 0.141s url=https://www.myfonts.com/collections/hg-soei-cyubuto-penjitai-font-ricoh/?tab=techSpecs
[2026-03-28T07:10:56Z] #136 attempt=1/6 status=200 0.126s url=https://www.myfonts.com/collections/hg-soei-cyubuto-penjitai-font-ricoh/
[2026-03-28T07:10:56Z] #137 attempt=1/6 status=200 0.320s url=https://www.myfonts.com/products/hg-marugothic-complete-family-package-1125184
[2026-03-28T07:10:57Z] #138 attempt=1/6 status=200 0.345s url=https://www.myfonts.com/collections/hg-marugothic-font-ricoh/
[2026-03-28T07:10:57Z] #139 attempt=1/6 status=200 0.138s url=https://www.myfonts.com/collections/hg-marugothic-font-ricoh/?tab=techSpecs
[2026-03-28T07:11:01Z] #140 attempt=1/6 status=200 0.898s url=https://www.myfonts.com/products/roana-complete-family-package-1125287
[2026-03-28T07:11:02Z] #141 attempt=1/6 status=200 1.027s url=https://www.myfonts.com/collections/roana-font-alpercakici/
[2026-03-28T07:11:03Z] #142 attempt=1/6 status=200 0.197s url=https://www.myfonts.com/collections/roana-font-alpercakici/?tab=techSpecs
[2026-03-28T07:11:04Z] #143 attempt=1/6 status=200 0.358s url=https://www.myfonts.com/products/valkiria-complete-family-package-1126416
[2026-03-28T07:11:05Z] #144 attempt=1/6 status=200 0.726s url=https://www.myfonts.com/collections/valkiria-font-john-vargas-beltran/
[2026-03-28T07:11:06Z] #145 attempt=1/6 status=200 0.149s url=https://www.myfonts.com/collections/valkiria-font-john-vargas-beltran/?tab=techSpecs
[2026-03-28T07:11:07Z] #146 attempt=1/6 status=200 0.355s url=https://www.myfonts.com/products/hg-soei-presence-complete-family-package-1125167
[2026-03-28T07:11:08Z] #147 attempt=1/6 status=200 0.347s url=https://www.myfonts.com/collections/hg-soei-presence-font-ricoh/
[2026-03-28T07:11:08Z] #148 attempt=1/6 status=200 0.136s url=https://www.myfonts.com/collections/hg-soei-presence-font-ricoh/?tab=techSpecs
[2026-03-28T07:11:11Z] #149 attempt=1/6 status=200 0.445s url=https://www.myfonts.com/products/herald-news-complete-family-package-1125474
[2026-03-28T07:11:12Z] #150 attempt=1/6 status=200 0.342s url=https://www.myfonts.com/collections/herald-news-font-kevin-foley-fonts/
[2026-03-28T07:11:12Z] #151 attempt=1/6 status=200 0.150s url=https://www.myfonts.com/collections/herald-news-font-kevin-foley-fonts/?tab=techSpecs
[2026-03-28T07:11:14Z] #152 attempt=1/6 status=200 0.324s url=https://www.myfonts.com/products/hg-reithic-complete-family-package-1125065
[2026-03-28T07:11:14Z] #153 attempt=1/6 status=200 0.287s url=https://www.myfonts.com/collections/hg-reithic-font-ricoh/
[2026-03-28T07:11:15Z] #154 attempt=1/6 status=200 0.136s url=https://www.myfonts.com/collections/hg-reithic-font-ricoh/?tab=techSpecs
[2026-03-28T07:11:17Z] #155 attempt=1/6 status=200 0.271s url=https://www.myfonts.com/products/hg-soei-kakupoptai-complete-family-package-1125222
[2026-03-28T07:11:18Z] #156 attempt=1/6 status=200 0.393s url=https://www.myfonts.com/collections/hg-soei-kakupoptai-font-ricoh/
[2026-03-28T07:11:18Z] #157 attempt=1/6 status=200 0.132s url=https://www.myfonts.com/collections/hg-soei-kakupoptai-font-ricoh/?tab=techSpecs
[2026-03-28T07:11:21Z] #158 attempt=1/6 status=200 0.374s url=https://www.myfonts.com/products/hg-gothic-complete-family-package-1125118
[2026-03-28T07:11:21Z] #159 attempt=1/6 status=200 0.403s url=https://www.myfonts.com/collections/hg-gothic-font-ricoh/
[2026-03-28T07:11:22Z] #160 attempt=1/6 status=200 0.195s url=https://www.myfonts.com/collections/hg-gothic-font-ricoh/?tab=techSpecs
[2026-03-28T07:11:24Z] #161 attempt=1/6 status=200 0.286s url=https://www.myfonts.com/products/hg-new-gothic-m-complete-family-package-1125104
[2026-03-28T07:11:25Z] #162 attempt=1/6 status=200 0.275s url=https://www.myfonts.com/collections/hg-new-gothic-m-font-ricoh/
[2026-03-28T07:11:25Z] #163 attempt=1/6 status=200 0.126s url=https://www.myfonts.com/collections/hg-new-gothic-m-font-ricoh/?tab=techSpecs
[2026-03-28T07:11:28Z] #164 attempt=1/6 status=200 0.132s url=https://www.myfonts.com/collections/hg-new-gothic-m-font-ricoh/
[2026-03-28T07:11:28Z] #165 attempt=1/6 status=200 0.238s url=https://www.myfonts.com/products/hg-mincho-l-complete-family-package-1125130
[2026-03-28T07:11:29Z] #166 attempt=1/6 status=200 0.270s url=https://www.myfonts.com/collections/hgp-mincho-l-font-ricoh/
[2026-03-28T07:11:29Z] #167 attempt=1/6 status=200 0.134s url=https://www.myfonts.com/collections/hgp-mincho-l-font-ricoh/?tab=techSpecs
[2026-03-28T07:11:32Z] #168 attempt=1/6 status=200 0.149s url=https://www.myfonts.com/collections/hgp-mincho-l-font-ricoh/
[2026-03-28T07:11:33Z] #169 attempt=1/6 status=200 0.255s url=https://www.myfonts.com/collections/hg-mincho-l-font-ricoh
[2026-03-28T07:11:33Z] #170 attempt=1/6 status=200 0.155s url=https://www.myfonts.com/collections/hg-mincho-l-font-ricoh?tab=techSpecs
[2026-03-28T07:11:34Z] #171 attempt=1/6 status=200 0.145s url=https://www.myfonts.com/collections/hg-mincho-l-font-ricoh
[2026-03-28T07:11:35Z] #172 attempt=1/6 status=200 0.769s url=https://www.myfonts.com/products/calvion-sans-complete-family-package-1126001
[2026-03-28T07:11:36Z] #173 attempt=1/6 status=200 0.931s url=https://www.myfonts.com/collections/calvion-sans-font-typehill-studio/
[2026-03-28T07:11:37Z] #174 attempt=1/6 status=200 0.167s url=https://www.myfonts.com/collections/calvion-sans-font-typehill-studio/?tab=techSpecs
[2026-03-28T07:11:38Z] #175 attempt=1/6 status=200 0.362s url=https://www.myfonts.com/products/hg-soei-futo-penjitai-complete-family-package-1125087
[2026-03-28T07:11:39Z] #176 attempt=1/6 status=200 0.301s url=https://www.myfonts.com/collections/hg-soei-futo-penjitai-font-ricoh/
[2026-03-28T07:11:39Z] #177 attempt=1/6 status=200 0.154s url=https://www.myfonts.com/collections/hg-soei-futo-penjitai-font-ricoh/?tab=techSpecs
[2026-03-28T07:11:41Z] #178 attempt=1/6 status=200 0.137s url=https://www.myfonts.com/collections/hg-soei-futo-penjitai-font-ricoh/
[2026-03-28T07:11:42Z] #179 attempt=1/6 status=200 0.325s url=https://www.myfonts.com/products/anisera-complete-family-package-1126092
[2026-03-28T07:11:43Z] #180 attempt=1/6 status=200 0.357s url=https://www.myfonts.com/collections/anisera-font-ragamkata/
[2026-03-28T07:11:43Z] #181 attempt=1/6 status=200 0.130s url=https://www.myfonts.com/collections/anisera-font-ragamkata/?tab=techSpecs
[2026-03-28T07:11:45Z] #182 attempt=1/6 status=200 0.647s url=https://www.myfonts.com/products/prodicos-complete-family-package-1125576
[2026-03-28T07:11:46Z] #183 attempt=1/6 status=200 0.722s url=https://www.myfonts.com/collections/prodicos-font-alpercakici/
[2026-03-28T07:11:46Z] #184 attempt=1/6 status=200 0.168s url=https://www.myfonts.com/collections/prodicos-font-alpercakici/?tab=techSpecs
[2026-03-28T07:11:48Z] #185 attempt=1/6 status=200 0.337s url=https://www.myfonts.com/products/hg-heisei-marugothictai-w4-complete-family-package-1125272
[2026-03-28T07:11:48Z] #186 attempt=1/6 status=200 0.298s url=https://www.myfonts.com/collections/hg-heisei-marugothictai-w4-font-ricoh/
[2026-03-28T07:11:48Z] #187 attempt=1/6 status=200 0.128s url=https://www.myfonts.com/collections/hg-heisei-marugothictai-w4-font-ricoh/?tab=techSpecs
[2026-03-28T07:11:52Z] #188 attempt=1/6 status=200 0.135s url=https://www.myfonts.com/collections/hg-heisei-marugothictai-w4-font-ricoh/
[2026-03-28T07:11:52Z] #189 attempt=1/6 status=200 0.409s url=https://www.myfonts.com/products/masign-complete-family-package-1126463
[2026-03-28T07:11:53Z] #190 attempt=1/6 status=200 0.295s url=https://www.myfonts.com/collections/masign-font-tini-fitriani/
[2026-03-28T07:11:53Z] #191 attempt=1/6 status=200 0.141s url=https://www.myfonts.com/collections/masign-font-tini-fitriani/?tab=techSpecs
[2026-03-28T07:11:55Z] #192 attempt=1/6 status=200 0.379s url=https://www.myfonts.com/products/nasalization-complete-family-package-1125807
[2026-03-28T07:11:56Z] #193 attempt=1/6 status=200 1.509s url=https://www.myfonts.com/collections/nasalization-font-typodermic/
[2026-03-28T07:11:57Z] #194 attempt=1/6 status=200 0.393s url=https://www.myfonts.com/collections/nasalization-font-typodermic/?tab=techSpecs
[2026-03-28T07:11:59Z] #195 attempt=1/6 status=200 0.485s url=https://www.myfonts.com/products/iwagumi-sans-complete-family-package-1126133
[2026-03-28T07:11:59Z] #196 attempt=1/6 status=200 0.519s url=https://www.myfonts.com/collections/iwagumi-sans-font-mabutype/
[2026-03-28T07:12:00Z] #197 attempt=1/6 status=200 0.153s url=https://www.myfonts.com/collections/iwagumi-sans-font-mabutype/?tab=techSpecs
[2026-03-28T07:12:01Z] #198 attempt=1/6 status=200 0.323s url=https://www.myfonts.com/products/pasta-monday-complete-family-package-1126215
[2026-03-28T07:12:02Z] #199 attempt=1/6 status=200 0.284s url=https://www.myfonts.com/collections/pasta-monday-font-the-native-saint-club/
[2026-03-28T07:12:02Z] #200 attempt=1/6 status=200 0.156s url=https://www.myfonts.com/collections/pasta-monday-font-the-native-saint-club/?tab=techSpecs
[2026-03-28T07:12:04Z] #201 attempt=1/6 status=200 0.340s url=https://www.myfonts.com/products/bakerman-blur-complete-family-package-1126125
[2026-03-28T07:12:04Z] #202 attempt=1/6 status=200 0.460s url=https://www.myfonts.com/collections/bakerman-blur-font-zasepa-studio/
[2026-03-28T07:12:05Z] #203 attempt=1/6 status=200 0.166s url=https://www.myfonts.com/collections/bakerman-blur-font-zasepa-studio/?tab=techSpecs
[2026-03-28T07:12:06Z] #204 attempt=1/6 status=200 0.362s url=https://www.myfonts.com/products/april-pearl-complete-family-package-1126460
[2026-03-28T07:12:07Z] #205 attempt=1/6 status=200 0.322s url=https://www.myfonts.com/collections/april-pearl-font-stylishtype-studio/
[2026-03-28T07:12:07Z] #206 attempt=1/6 status=200 0.142s url=https://www.myfonts.com/collections/april-pearl-font-stylishtype-studio/?tab=techSpecs
[2026-03-28T07:12:08Z] #207 attempt=1/6 status=200 0.308s url=https://www.myfonts.com/products/hg-heisei-minchotai-w3-complete-family-package-1125268
[2026-03-28T07:12:09Z] #208 attempt=1/6 status=200 0.458s url=https://www.myfonts.com/collections/hg-heisei-minchotai-font-ricoh/
[2026-03-28T07:12:09Z] #209 attempt=1/6 status=200 0.137s url=https://www.myfonts.com/collections/hg-heisei-minchotai-font-ricoh/?tab=techSpecs
[2026-03-28T07:12:12Z] #210 attempt=1/6 status=200 0.275s url=https://www.myfonts.com/products/hg-dot-maru-gothic-m-complete-family-package-1125159
[2026-03-28T07:12:13Z] #211 attempt=1/6 status=200 0.282s url=https://www.myfonts.com/collections/hg-dot-maru-gothic-m-font-ricoh/
[2026-03-28T07:12:13Z] #212 attempt=1/6 status=200 0.154s url=https://www.myfonts.com/collections/hg-dot-maru-gothic-m-font-ricoh/?tab=techSpecs
[2026-03-28T07:12:15Z] #213 attempt=1/6 status=200 0.153s url=https://www.myfonts.com/collections/hg-dot-maru-gothic-m-font-ricoh/
[2026-03-28T07:12:16Z] #214 attempt=1/6 status=200 0.356s url=https://www.myfonts.com/products/hg-dot-gothic-m-complete-family-package-1125171
[2026-03-28T07:12:16Z] #215 attempt=1/6 status=200 0.358s url=https://www.myfonts.com/collections/hg-dot-gothic-m-font-ricoh/
[2026-03-28T07:12:17Z] #216 attempt=1/6 status=200 0.155s url=https://www.myfonts.com/collections/hg-dot-gothic-m-font-ricoh/?tab=techSpecs
[2026-03-28T07:12:19Z] #217 attempt=1/6 status=200 0.164s url=https://www.myfonts.com/collections/hg-dot-gothic-m-font-ricoh/
[2026-03-28T07:12:19Z] #218 attempt=1/6 status=200 0.266s url=https://www.myfonts.com/products/hg-heisei-kakugothictai-w7-complete-family-package-1125217
[2026-03-28T07:12:20Z] #219 attempt=1/6 status=200 0.297s url=https://www.myfonts.com/collections/hg-heisei-kakugothictai-w7-font-ricoh/
[2026-03-28T07:12:20Z] #220 attempt=1/6 status=200 0.176s url=https://www.myfonts.com/collections/hg-heisei-kakugothictai-w7-font-ricoh/?tab=techSpecs
[2026-03-28T07:12:23Z] #221 attempt=1/6 status=200 0.156s url=https://www.myfonts.com/collections/hg-heisei-kakugothictai-w7-font-ricoh/
[2026-03-28T07:12:24Z] #222 attempt=1/6 status=200 0.327s url=https://www.myfonts.com/products/hg-dot-mincho-b-complete-family-package-1125109
[2026-03-28T07:12:24Z] #223 attempt=1/6 status=200 0.377s url=https://www.myfonts.com/collections/hg-dot-mincho-b-font-ricoh/
[2026-03-28T07:12:25Z] #224 attempt=1/6 status=200 0.125s url=https://www.myfonts.com/collections/hg-dot-mincho-b-font-ricoh/?tab=techSpecs
[2026-03-28T07:12:27Z] #225 attempt=1/6 status=200 0.143s url=https://www.myfonts.com/collections/hg-dot-mincho-b-font-ricoh/
[2026-03-28T07:12:27Z] #226 attempt=1/6 status=200 0.388s url=https://www.myfonts.com/products/hg-mincho-complete-family-package-1125074
[2026-03-28T07:12:28Z] #227 attempt=1/6 status=200 0.316s url=https://www.myfonts.com/collections/hg-mincho-font-ricoh/
[2026-03-28T07:12:28Z] #228 attempt=1/6 status=200 0.133s url=https://www.myfonts.com/collections/hg-mincho-font-ricoh/?tab=techSpecs
[2026-03-28T07:12:31Z] #229 attempt=1/6 status=200 0.364s url=https://www.myfonts.com/products/hg-kyokashotai-complete-family-package-1125069
[2026-03-28T07:12:32Z] #230 attempt=1/6 status=200 0.329s url=https://www.myfonts.com/collections/hg-kyokashotai-font-ricoh/
[2026-03-28T07:12:32Z] #231 attempt=1/6 status=200 0.164s url=https://www.myfonts.com/collections/hg-kyokashotai-font-ricoh/?tab=techSpecs
[2026-03-28T07:12:35Z] #232 attempt=1/6 status=200 0.360s url=https://www.myfonts.com/products/hg-dot-new-gothic-m-complete-family-package-1125258
[2026-03-28T07:12:36Z] #233 attempt=1/6 status=200 0.381s url=https://www.myfonts.com/collections/hg-dot-new-gothic-m-font-ricoh/
[2026-03-28T07:12:36Z] #234 attempt=1/6 status=200 0.132s url=https://www.myfonts.com/collections/hg-dot-new-gothic-m-font-ricoh/?tab=techSpecs
[2026-03-28T07:12:38Z] #235 attempt=1/6 status=200 0.149s url=https://www.myfonts.com/collections/hg-dot-new-gothic-m-font-ricoh/
[2026-03-28T07:12:39Z] #236 attempt=1/6 status=200 0.327s url=https://www.myfonts.com/products/always-think-twice-complete-family-package-1126457
[2026-03-28T07:12:39Z] #237 attempt=1/6 status=200 0.473s url=https://www.myfonts.com/collections/always-think-twice-font-pizzadudedk/
[2026-03-28T07:12:40Z] #238 attempt=1/6 status=200 0.160s url=https://www.myfonts.com/collections/always-think-twice-font-pizzadudedk/?tab=techSpecs
[2026-03-28T07:12:41Z] #239 attempt=1/6 status=200 0.335s url=https://www.myfonts.com/products/hg-dot-maru-gothic-b-complete-family-package-1125241
[2026-03-28T07:12:42Z] #240 attempt=1/6 status=200 0.302s url=https://www.myfonts.com/collections/hg-dot-maru-gothic-b-font-ricoh/
[2026-03-28T07:12:42Z] #241 attempt=1/6 status=200 0.134s url=https://www.myfonts.com/collections/hg-dot-maru-gothic-b-font-ricoh/?tab=techSpecs
[2026-03-28T07:12:44Z] #242 attempt=1/6 status=200 0.133s url=https://www.myfonts.com/collections/hg-dot-maru-gothic-b-font-ricoh/
[2026-03-28T07:12:45Z] #243 attempt=1/6 status=200 0.295s url=https://www.myfonts.com/products/hg-gyoshotai-complete-family-package-1125208
[2026-03-28T07:12:45Z] #244 attempt=1/6 status=200 0.142s url=https://www.myfonts.com/collections/hg-gyoshotai-font-ricoh/
[2026-03-28T07:12:46Z] #245 attempt=1/6 status=200 0.185s url=https://www.myfonts.com/collections/hg-gyoshotai-font-ricoh/?tab=techSpecs
[2026-03-28T07:12:49Z] #246 attempt=1/6 status=200 0.417s url=https://www.myfonts.com/products/selfion-complete-family-package-1125039
[2026-03-28T07:12:49Z] #247 attempt=1/6 status=200 0.557s url=https://www.myfonts.com/collections/selfion-font-gusetype/
[2026-03-28T07:12:50Z] #248 attempt=1/6 status=200 0.139s url=https://www.myfonts.com/collections/selfion-font-gusetype/?tab=techSpecs
[2026-03-28T07:12:51Z] #249 attempt=1/6 status=200 0.372s url=https://www.myfonts.com/products/hg-hagoromo-complete-family-package-1125227
[2026-03-28T07:12:52Z] #250 attempt=1/6 status=200 0.381s url=https://www.myfonts.com/collections/hg-hagoromo-font-ricoh/
[2026-03-28T07:12:52Z] #251 attempt=1/6 status=200 0.158s url=https://www.myfonts.com/collections/hg-hagoromo-font-ricoh/?tab=techSpecs
[2026-03-28T07:12:55Z] #252 attempt=1/6 status=200 0.677s url=https://www.myfonts.com/products/duh-encok-complete-family-package-1126343
[2026-03-28T07:12:56Z] #253 attempt=1/6 status=200 0.655s url=https://www.myfonts.com/collections/duh-encok-font-mystical-type/
[2026-03-28T07:12:57Z] #254 attempt=1/6 status=200 0.229s url=https://www.myfonts.com/collections/duh-encok-font-mystical-type/?tab=techSpecs
[2026-03-28T07:12:58Z] #255 attempt=1/6 status=200 0.311s url=https://www.myfonts.com/products/001-sans-serif-family-complete-family-package-1125058
[2026-03-28T07:12:58Z] #256 attempt=1/6 status=200 0.358s url=https://www.myfonts.com/collections/001-sans-serif-family-font-pedro-teixeira/
[2026-03-28T07:12:59Z] #257 attempt=1/6 status=200 0.165s url=https://www.myfonts.com/collections/001-sans-serif-family-font-pedro-teixeira/?tab=techSpecs
[2026-03-28T07:13:00Z] #258 attempt=1/6 status=200 0.428s url=https://www.myfonts.com/products/hg-heisei-kakugothictai-w9-complete-family-package-1125126
[2026-03-28T07:13:01Z] #259 attempt=1/6 status=200 0.410s url=https://www.myfonts.com/collections/hg-heisei-kakugothictai-w9-font-ricoh/
[2026-03-28T07:13:01Z] #260 attempt=1/6 status=200 0.137s url=https://www.myfonts.com/collections/hg-heisei-kakugothictai-w9-font-ricoh/?tab=techSpecs
[2026-03-28T07:13:05Z] #261 attempt=1/6 status=200 0.136s url=https://www.myfonts.com/collections/hg-heisei-kakugothictai-w9-font-ricoh/
[2026-03-28T07:13:05Z] #262 attempt=1/6 status=200 0.312s url=https://www.myfonts.com/products/hg-new-gothic-rt-complete-family-package-1125141
[2026-03-28T07:13:06Z] #263 attempt=1/6 status=200 0.572s url=https://www.myfonts.com/collections/hg-new-gothic-rt-font-ricoh/
[2026-03-28T07:13:07Z] #264 attempt=1/6 status=200 0.138s url=https://www.myfonts.com/collections/hg-new-gothic-rt-font-ricoh/?tab=techSpecs
[2026-03-28T07:13:09Z] #265 attempt=1/6 status=200 0.149s url=https://www.myfonts.com/collections/hg-new-gothic-rt-font-ricoh/
[2026-03-28T07:13:09Z] #266 attempt=1/6 status=200 0.354s url=https://www.myfonts.com/products/themora-complete-family-package-1126095
[2026-03-28T07:13:10Z] #267 attempt=1/6 status=200 0.450s url=https://www.myfonts.com/collections/themora-font-vermilione/
[2026-03-28T07:13:10Z] #268 attempt=1/6 status=200 0.153s url=https://www.myfonts.com/collections/themora-font-vermilione/?tab=techSpecs
[2026-03-28T07:13:12Z] #269 attempt=1/6 status=200 0.418s url=https://www.myfonts.com/products/hg-dot-mincho-m-complete-family-package-1125195
[2026-03-28T07:13:13Z] #270 attempt=1/6 status=200 0.324s url=https://www.myfonts.com/collections/hg-dot-mincho-m-font-ricoh/
[2026-03-28T07:13:13Z] #271 attempt=1/6 status=200 0.140s url=https://www.myfonts.com/collections/hg-dot-mincho-m-font-ricoh/?tab=techSpecs
[2026-03-28T07:13:15Z] #272 attempt=1/6 status=200 0.147s url=https://www.myfonts.com/collections/hg-dot-mincho-m-font-ricoh/
[2026-03-28T07:13:15Z] #273 attempt=1/6 status=200 0.382s url=https://www.myfonts.com/products/vicido-litterata-1-complete-family-package-1125002
[2026-03-28T07:13:16Z] #274 attempt=1/6 status=200 0.335s url=https://www.myfonts.com/collections/vicido-litterata-1-font-vicido/
[2026-03-28T07:13:16Z] #275 attempt=1/6 status=200 0.139s url=https://www.myfonts.com/collections/vicido-litterata-1-font-vicido/?tab=techSpecs
[2026-03-28T07:13:18Z] #276 attempt=1/6 status=200 0.373s url=https://www.myfonts.com/products/hg-dot-gothic-b-complete-family-package-1125091
[2026-03-28T07:13:18Z] #277 attempt=1/6 status=200 0.484s url=https://www.myfonts.com/collections/hg-dot-gothic-b-font-ricoh/
[2026-03-28T07:13:19Z] #278 attempt=1/6 status=200 0.137s url=https://www.myfonts.com/collections/hg-dot-gothic-b-font-ricoh/?tab=techSpecs
[2026-03-28T07:13:21Z] #279 attempt=1/6 status=200 0.136s url=https://www.myfonts.com/collections/hg-dot-gothic-b-font-ricoh/
[2026-03-28T07:13:21Z] #280 attempt=1/6 status=200 0.296s url=https://www.myfonts.com/products/hg-heisei-minchotai-w9-complete-family-package-1125212
[2026-03-28T07:13:22Z] #281 attempt=1/6 status=200 0.269s url=https://www.myfonts.com/collections/hg-heisei-minchotai-w9-font-ricoh/
[2026-03-28T07:13:22Z] #282 attempt=1/6 status=200 0.176s url=https://www.myfonts.com/collections/hg-heisei-minchotai-w9-font-ricoh/?tab=techSpecs
[2026-03-28T07:13:25Z] #283 attempt=1/6 status=200 0.134s url=https://www.myfonts.com/collections/hg-heisei-minchotai-w9-font-ricoh/
[2026-03-28T07:13:25Z] #284 attempt=1/6 status=200 0.258s url=https://www.myfonts.com/products/hg-heisei-marugothictai-complete-family-package-1125138
[2026-03-28T07:13:26Z] #285 attempt=1/6 status=200 0.311s url=https://www.myfonts.com/collections/hg-heisei-marugothictai-font-ricoh/
[2026-03-28T07:13:26Z] #286 attempt=1/6 status=200 0.144s url=https://www.myfonts.com/collections/hg-heisei-marugothictai-font-ricoh/?tab=techSpecs
[2026-03-28T07:13:29Z] #287 attempt=1/6 status=200 0.135s url=https://www.myfonts.com/collections/hg-heisei-marugothictai-font-ricoh/
[2026-03-28T07:13:30Z] #288 attempt=1/6 status=200 0.460s url=https://www.myfonts.com/products/biarritz-complete-family-package-1124941
[2026-03-28T07:13:31Z] #289 attempt=1/6 status=200 0.448s url=https://www.myfonts.com/collections/biarritz-font-genilson-santos/
[2026-03-28T07:13:31Z] #290 attempt=1/6 status=200 0.145s url=https://www.myfonts.com/collections/biarritz-font-genilson-santos/?tab=techSpecs
[2026-03-28T07:13:32Z] #291 attempt=1/6 status=200 0.471s url=https://www.myfonts.com/products/hg-heisei-marugothictai-w8-complete-family-package-1125081
[2026-03-28T07:13:33Z] #292 attempt=1/6 status=200 0.310s url=https://www.myfonts.com/collections/hg-heisei-marugothictai-w8-font-ricoh/
[2026-03-28T07:13:33Z] #293 attempt=1/6 status=200 0.129s url=https://www.myfonts.com/collections/hg-heisei-marugothictai-w8-font-ricoh/?tab=techSpecs
[2026-03-28T07:13:36Z] #294 attempt=1/6 status=200 0.139s url=https://www.myfonts.com/collections/hg-heisei-marugothictai-w8-font-ricoh/
[2026-03-28T07:13:37Z] #295 attempt=1/6 status=200 0.267s url=https://www.myfonts.com/products/hg-heisei-kakugothictai-w5-complete-family-package-1125134
[2026-03-28T07:13:37Z] #296 attempt=1/6 status=200 0.277s url=https://www.myfonts.com/collections/hg-heisei-kakugothictai-w5-font-ricoh/
[2026-03-28T07:13:38Z] #297 attempt=1/6 status=200 0.132s url=https://www.myfonts.com/collections/hg-heisei-kakugothictai-w5-font-ricoh/?tab=techSpecs
[2026-03-28T07:13:41Z] #298 attempt=1/6 status=200 0.156s url=https://www.myfonts.com/collections/hg-heisei-kakugothictai-w5-font-ricoh/
[2026-03-28T07:13:42Z] #299 attempt=1/6 status=200 0.730s url=https://www.myfonts.com/products/brusnika-complete-family-package-1124950
[2026-03-28T07:13:43Z] #300 attempt=1/6 status=200 0.963s url=https://www.myfonts.com/collections/brusnika-font-alpercakici/
[2026-03-28T07:13:44Z] #301 attempt=1/6 status=200 0.160s url=https://www.myfonts.com/collections/brusnika-font-alpercakici/?tab=techSpecs
[2026-03-28T07:13:46Z] #302 attempt=1/6 status=200 0.641s url=https://www.myfonts.com/products.json?limit=100&page=3
[2026-03-28T07:13:47Z] #303 attempt=1/6 status=200 0.313s url=https://www.myfonts.com/products/compressed-thin-dean-soft-vf-1125767
[2026-03-28T07:13:47Z] #304 attempt=1/6 status=200 0.263s url=https://www.myfonts.com/collections/dean-soft-vf-font-blaze-type/
[2026-03-28T07:13:47Z] #305 attempt=1/6 status=200 0.139s url=https://www.myfonts.com/collections/dean-soft-vf-font-blaze-type/?tab=techSpecs
[2026-03-28T07:13:49Z] #306 attempt=1/6 status=200 0.654s url=https://www.myfonts.com/products.json?limit=100&page=4
[2026-03-28T07:13:50Z] #307 attempt=1/6 status=200 0.301s url=https://www.myfonts.com/products/regular-thailoop-1126336
[2026-03-28T07:13:50Z] #308 attempt=1/6 status=200 0.287s url=https://www.myfonts.com/collections/thailoop-font-vadova-std/
[2026-03-28T07:13:51Z] #309 attempt=1/6 status=200 0.133s url=https://www.myfonts.com/collections/thailoop-font-vadova-std/?tab=techSpecs
[2026-03-28T07:13:52Z] #310 attempt=1/6 status=200 0.304s url=https://www.myfonts.com/products/regular-refined-strokes-1126143
[2026-03-28T07:13:52Z] #311 attempt=1/6 status=200 0.231s url=https://www.myfonts.com/collections/refined-strokes-font-bluestype-studio/
[2026-03-28T07:13:52Z] #312 attempt=1/6 status=200 0.135s url=https://www.myfonts.com/collections/refined-strokes-font-bluestype-studio/?tab=techSpecs
[2026-03-28T07:13:53Z] #313 attempt=1/6 status=200 0.274s url=https://www.myfonts.com/products/regular-hghidemi-heiseikakugo-w9-s-1125234
[2026-03-28T07:13:54Z] #314 attempt=1/6 status=200 0.246s url=https://www.myfonts.com/collections/hghidemi-heiseikakugo-w9-s-font-ricoh/
[2026-03-28T07:13:54Z] #315 attempt=1/6 status=200 0.142s url=https://www.myfonts.com/collections/hghidemi-heiseikakugo-w9-s-font-ricoh/?tab=techSpecs
[2026-03-28T07:13:55Z] #316 attempt=1/6 status=200 0.161s url=https://www.myfonts.com/collections/hghidemi-heiseikakugo-w9-s-font-ricoh/
[2026-03-28T07:13:56Z] #317 attempt=1/6 status=200 0.308s url=https://www.myfonts.com/products/regular-rooster-doodle-1125832
[2026-03-28T07:13:56Z] #318 attempt=1/6 status=200 0.276s url=https://www.myfonts.com/collections/rooster-doodle-font-bayuktx/
[2026-03-28T07:13:57Z] #319 attempt=1/6 status=200 0.134s url=https://www.myfonts.com/collections/rooster-doodle-font-bayuktx/?tab=techSpecs
[2026-03-28T07:13:58Z] #320 attempt=1/6 status=200 0.281s url=https://www.myfonts.com/products/regular-heritage-ink-1126104
[2026-03-28T07:13:58Z] #321 attempt=1/6 status=200 0.237s url=https://www.myfonts.com/collections/heritage-ink-font-hipfonts/
[2026-03-28T07:13:59Z] #322 attempt=1/6 status=200 0.149s url=https://www.myfonts.com/collections/heritage-ink-font-hipfonts/?tab=techSpecs
[2026-03-28T07:14:00Z] #323 attempt=1/6 status=200 0.664s url=https://www.myfonts.com/products.json?limit=100&page=5
[2026-03-28T07:14:01Z] #324 attempt=1/6 status=200 0.373s url=https://www.myfonts.com/products/regular-alfondale-1124995
[2026-03-28T07:14:01Z] #325 attempt=1/6 status=200 0.330s url=https://www.myfonts.com/collections/alfondale-font-ironbird-creative/
[2026-03-28T07:14:02Z] #326 attempt=1/6 status=200 0.138s url=https://www.myfonts.com/collections/alfondale-font-ironbird-creative/?tab=techSpecs
[2026-03-28T07:14:03Z] #327 attempt=1/6 status=200 0.309s url=https://www.myfonts.com/products/regular-brumer-1126124
[2026-03-28T07:14:03Z] #328 attempt=1/6 status=200 0.244s url=https://www.myfonts.com/collections/brumer-font-typoraith-co/
[2026-03-28T07:14:03Z] #329 attempt=1/6 status=200 0.140s url=https://www.myfonts.com/collections/brumer-font-typoraith-co/?tab=techSpecs
[2026-03-28T07:14:04Z] #330 attempt=1/6 status=200 0.248s url=https://www.myfonts.com/products/regular-hgheisei-minchotai-w9-l-1125233
[2026-03-28T07:14:05Z] #331 attempt=1/6 status=200 0.242s url=https://www.myfonts.com/collections/hgheisei-minchotai-w9-l-font-ricoh/
[2026-03-28T07:14:05Z] #332 attempt=1/6 status=200 0.137s url=https://www.myfonts.com/collections/hgheisei-minchotai-w9-l-font-ricoh/?tab=techSpecs
[2026-03-28T07:14:07Z] #333 attempt=1/6 status=200 0.153s url=https://www.myfonts.com/collections/hgheisei-minchotai-w9-l-font-ricoh/
[2026-03-28T07:14:07Z] #334 attempt=1/6 status=200 0.265s url=https://www.myfonts.com/products/regular-calfiera-1126115
[2026-03-28T07:14:08Z] #335 attempt=1/6 status=200 0.251s url=https://www.myfonts.com/collections/calfiera-font-letterstock/
[2026-03-28T07:14:08Z] #336 attempt=1/6 status=200 0.127s url=https://www.myfonts.com/collections/calfiera-font-letterstock/?tab=techSpecs
[2026-03-28T07:14:09Z] #337 attempt=1/6 status=200 0.251s url=https://www.myfonts.com/products/regular-hghidemi-heiseikakugo-w9-l-1125216
[2026-03-28T07:14:09Z] #338 attempt=1/6 status=200 0.268s url=https://www.myfonts.com/collections/hghidemi-heiseikakugo-w9-l-font-ricoh/
[2026-03-28T07:14:10Z] #339 attempt=1/6 status=200 0.140s url=https://www.myfonts.com/collections/hghidemi-heiseikakugo-w9-l-font-ricoh/?tab=techSpecs
[2026-03-28T07:14:11Z] #340 attempt=1/6 status=200 0.166s url=https://www.myfonts.com/collections/hghidemi-heiseikakugo-w9-l-font-ricoh/
[2026-03-28T07:14:12Z] #341 attempt=1/6 status=200 0.617s url=https://www.myfonts.com/products.json?limit=100&page=6
[2026-03-28T07:14:13Z] #342 attempt=1/6 status=200 0.232s url=https://www.myfonts.com/products/regular-hgheisei-kakugo-w9-l-1125115
[2026-03-28T07:14:13Z] #343 attempt=1/6 status=200 0.307s url=https://www.myfonts.com/collections/hgheisei-kakugo-w9-l-font-ricoh/
[2026-03-28T07:14:14Z] #344 attempt=1/6 status=200 0.134s url=https://www.myfonts.com/collections/hgheisei-kakugo-w9-l-font-ricoh/?tab=techSpecs
[2026-03-28T07:14:15Z] #345 attempt=1/6 status=200 0.145s url=https://www.myfonts.com/collections/hgheisei-kakugo-w9-l-font-ricoh/
[2026-03-28T07:14:17Z] #346 attempt=1/6 status=200 0.667s url=https://www.myfonts.com/products.json?limit=100&page=7
[2026-03-28T07:14:17Z] #347 attempt=1/6 status=200 0.270s url=https://www.myfonts.com/products/regular-oamphie-vintage-1124999
[2026-03-28T07:14:18Z] #348 attempt=1/6 status=200 0.255s url=https://www.myfonts.com/collections/oamphie-vintage-font-dm-studio/
[2026-03-28T07:14:18Z] #349 attempt=1/6 status=200 0.137s url=https://www.myfonts.com/collections/oamphie-vintage-font-dm-studio/?tab=techSpecs
[2026-03-28T07:14:19Z] #350 attempt=1/6 status=200 0.261s url=https://www.myfonts.com/products/regular-hgheisei-marugothictai-w8-l-1125278
[2026-03-28T07:14:19Z] #351 attempt=1/6 status=200 0.229s url=https://www.myfonts.com/collections/hgheisei-marugothictai-w8-l-font-ricoh/
[2026-03-28T07:14:20Z] #352 attempt=1/6 status=200 0.185s url=https://www.myfonts.com/collections/hgheisei-marugothictai-w8-l-font-ricoh/?tab=techSpecs
[2026-03-28T07:14:21Z] #353 attempt=1/6 status=200 0.143s url=https://www.myfonts.com/collections/hgheisei-marugothictai-w8-l-font-ricoh/
[2026-03-28T07:14:22Z] #354 attempt=1/6 status=200 0.270s url=https://www.myfonts.com/products/regular-elf-story-1126122
[2026-03-28T07:14:22Z] #355 attempt=1/6 status=200 0.259s url=https://www.myfonts.com/collections/elf-story-font-mvmet/
[2026-03-28T07:14:23Z] #356 attempt=1/6 status=200 0.148s url=https://www.myfonts.com/collections/elf-story-font-mvmet/?tab=techSpecs
[2026-03-28T07:14:24Z] #357 attempt=1/6 status=200 0.718s url=https://www.myfonts.com/products.json?limit=100&page=8
[2026-03-28T07:14:25Z] #358 attempt=1/6 status=200 0.421s url=https://www.myfonts.com/products/regular-harley-maykids-1126100
[2026-03-28T07:14:25Z] #359 attempt=1/6 status=200 0.277s url=https://www.myfonts.com/collections/harley-maykids-font-jinan-studio/
[2026-03-28T07:14:26Z] #360 attempt=1/6 status=200 0.147s url=https://www.myfonts.com/collections/harley-maykids-font-jinan-studio/?tab=techSpecs
[2026-03-28T07:14:27Z] #361 attempt=1/6 status=200 0.348s url=https://www.myfonts.com/products/regular-roleside-1126153
[2026-03-28T07:14:27Z] #362 attempt=1/6 status=200 0.310s url=https://www.myfonts.com/collections/roleside-font-monolimes/
[2026-03-28T07:14:28Z] #363 attempt=1/6 status=200 0.194s url=https://www.myfonts.com/collections/roleside-font-monolimes/?tab=techSpecs
[2026-03-28T07:14:30Z] #364 attempt=1/6 status=200 0.778s url=https://www.myfonts.com/products.json?limit=100&page=9
[2026-03-28T07:14:31Z] #365 attempt=1/6 status=200 0.961s url=https://www.myfonts.com/products.json?limit=100&page=10
[2026-03-28T07:14:31Z] #366 attempt=1/6 status=200 0.267s url=https://www.myfonts.com/products/regular-midnight-ooze-1126222
[2026-03-28T07:14:32Z] #367 attempt=1/6 status=200 0.305s url=https://www.myfonts.com/collections/midnight-ooze-font-vadova-std/
[2026-03-28T07:14:32Z] #368 attempt=1/6 status=200 0.136s url=https://www.myfonts.com/collections/midnight-ooze-font-vadova-std/?tab=techSpecs
[2026-03-28T07:14:33Z] #369 attempt=1/6 status=200 0.271s url=https://www.myfonts.com/products/regular-varago-1125020
[2026-03-28T07:14:34Z] #370 attempt=1/6 status=200 0.280s url=https://www.myfonts.com/collections/varago-font-vadova-std/
[2026-03-28T07:14:34Z] #371 attempt=1/6 status=200 0.131s url=https://www.myfonts.com/collections/varago-font-vadova-std/?tab=techSpecs
[2026-03-28T07:14:35Z] #372 attempt=1/6 status=200 0.253s url=https://www.myfonts.com/products/regular-qurellia-salesta-1124990
[2026-03-28T07:14:36Z] #373 attempt=1/6 status=200 0.231s url=https://www.myfonts.com/collections/qurellia-salesta-font-vermilione/
[2026-03-28T07:14:36Z] #374 attempt=1/6 status=200 0.152s url=https://www.myfonts.com/collections/qurellia-salesta-font-vermilione/?tab=techSpecs
[2026-03-28T07:14:38Z] #375 attempt=1/6 status=200 0.600s url=https://www.myfonts.com/products.json?limit=100&page=11
[2026-03-28T07:14:38Z] #376 attempt=1/6 status=200 0.272s url=https://www.myfonts.com/products/regular-antiqua-lux-1126108
[2026-03-28T07:14:39Z] #377 attempt=1/6 status=200 0.254s url=https://www.myfonts.com/collections/antiqua-lux-font-hipfonts/
[2026-03-28T07:14:39Z] #378 attempt=1/6 status=200 0.131s url=https://www.myfonts.com/collections/antiqua-lux-font-hipfonts/?tab=techSpecs
[2026-03-28T07:14:40Z] #379 attempt=1/6 status=200 0.263s url=https://www.myfonts.com/products/regular-hg-akane-heisei-marugothictai-w8s-1125086
[2026-03-28T07:14:40Z] #380 attempt=1/6 status=200 0.284s url=https://www.myfonts.com/collections/hg-akane-heisei-marugothictai-w8s-font-ricoh/
[2026-03-28T07:14:41Z] #381 attempt=1/6 status=200 0.134s url=https://www.myfonts.com/collections/hg-akane-heisei-marugothictai-w8s-font-ricoh/?tab=techSpecs
[2026-03-28T07:14:42Z] #382 attempt=1/6 status=200 0.134s url=https://www.myfonts.com/collections/hg-akane-heisei-marugothictai-w8s-font-ricoh/
[2026-03-28T07:14:43Z] #383 attempt=1/6 status=200 0.320s url=https://www.myfonts.com/products/thin-oufale-1125061
[2026-03-28T07:14:43Z] #384 attempt=1/6 status=200 0.276s url=https://www.myfonts.com/collections/oufale-font-glyphofik-type/
[2026-03-28T07:14:44Z] #385 attempt=1/6 status=200 0.155s url=https://www.myfonts.com/collections/oufale-font-glyphofik-type/?tab=techSpecs
[2026-03-28T07:14:45Z] #386 attempt=1/6 status=200 0.323s url=https://www.myfonts.com/products/regular-daily-sunny-1125019
[2026-03-28T07:14:45Z] #387 attempt=1/6 status=200 0.263s url=https://www.myfonts.com/collections/daily-sunny-font-rasio-studio/
[2026-03-28T07:14:46Z] #388 attempt=1/6 status=200 0.130s url=https://www.myfonts.com/collections/daily-sunny-font-rasio-studio/?tab=techSpecs
[2026-03-28T07:14:47Z] #389 attempt=1/6 status=200 0.297s url=https://www.myfonts.com/products/regular-stryvix-1126123
[2026-03-28T07:14:47Z] #390 attempt=1/6 status=200 0.284s url=https://www.myfonts.com/collections/stryvix-font-dm-studio/
[2026-03-28T07:14:48Z] #391 attempt=1/6 status=200 0.135s url=https://www.myfonts.com/collections/stryvix-font-dm-studio/?tab=techSpecs
[2026-03-28T07:14:49Z] #392 attempt=1/6 status=200 0.410s url=https://www.myfonts.com/products/dockerl-lectohen-regular-mc-dockerl-lectohen-1125001
[2026-03-28T07:14:49Z] #393 attempt=1/6 status=200 0.237s url=https://www.myfonts.com/collections/mc-dockerl-lectohen-font-maulana-creative/
[2026-03-28T07:14:50Z] #394 attempt=1/6 status=200 0.139s url=https://www.myfonts.com/collections/mc-dockerl-lectohen-font-maulana-creative/?tab=techSpecs
[2026-03-28T07:14:51Z] #395 attempt=1/6 status=200 0.627s url=https://www.myfonts.com/products.json?limit=100&page=12
[2026-03-28T07:14:52Z] #396 attempt=1/6 status=200 0.290s url=https://www.myfonts.com/products/sunomresub-regular-mc-sunomresub-1125821
[2026-03-28T07:14:52Z] #397 attempt=1/6 status=200 0.348s url=https://www.myfonts.com/collections/mc-sunomresub-font-maulana-creative/
[2026-03-28T07:14:53Z] #398 attempt=1/6 status=200 0.136s url=https://www.myfonts.com/collections/mc-sunomresub-font-maulana-creative/?tab=techSpecs
[2026-03-28T07:14:54Z] #399 attempt=1/6 status=200 0.343s url=https://www.myfonts.com/products/regular-riot-sketch-1125000
[2026-03-28T07:14:54Z] #400 attempt=1/6 status=200 0.320s url=https://www.myfonts.com/collections/riot-sketch-font-dm-studio/
[2026-03-28T07:14:55Z] #401 attempt=1/6 status=200 0.148s url=https://www.myfonts.com/collections/riot-sketch-font-dm-studio/?tab=techSpecs
[2026-03-28T07:14:55Z] #402 attempt=1/6 status=200 0.246s url=https://www.myfonts.com/products/regular-hgheisei-marugothictai-w8-s-1125277
[2026-03-28T07:14:56Z] #403 attempt=1/6 status=200 0.282s url=https://www.myfonts.com/collections/hgheisei-marugothictai-w8-s-font-ricoh/
[2026-03-28T07:14:56Z] #404 attempt=1/6 status=200 0.151s url=https://www.myfonts.com/collections/hgheisei-marugothictai-w8-s-font-ricoh/?tab=techSpecs
[2026-03-28T07:14:58Z] #405 attempt=1/6 status=200 0.160s url=https://www.myfonts.com/collections/hgheisei-marugothictai-w8-s-font-ricoh/
[2026-03-28T07:14:59Z] #406 attempt=1/6 status=200 0.630s url=https://www.myfonts.com/products.json?limit=100&page=13
[2026-03-28T07:14:59Z] #407 attempt=1/6 status=200 0.276s url=https://www.myfonts.com/products/regular-hg-akane-heisei-marugothictai-w8l-1125114
[2026-03-28T07:15:00Z] #408 attempt=1/6 status=200 0.268s url=https://www.myfonts.com/collections/hg-akane-heisei-marugothictai-w8l-font-ricoh/
[2026-03-28T07:15:00Z] #409 attempt=1/6 status=200 0.161s url=https://www.myfonts.com/collections/hg-akane-heisei-marugothictai-w8l-font-ricoh/?tab=techSpecs
[2026-03-28T07:15:02Z] #410 attempt=1/6 status=200 0.136s url=https://www.myfonts.com/collections/hg-akane-heisei-marugothictai-w8l-font-ricoh/
[2026-03-28T07:15:02Z] #411 attempt=1/6 status=200 0.269s url=https://www.myfonts.com/products/regular-hg-hidemi-heiseikakugo-w9-1125235
[2026-03-28T07:15:03Z] #412 attempt=1/6 status=200 0.240s url=https://www.myfonts.com/collections/hg-hidemi-heiseikakugo-w9-font-ricoh/
[2026-03-28T07:15:03Z] #413 attempt=1/6 status=200 0.146s url=https://www.myfonts.com/collections/hg-hidemi-heiseikakugo-w9-font-ricoh/?tab=techSpecs
[2026-03-28T07:15:05Z] #414 attempt=1/6 status=200 0.129s url=https://www.myfonts.com/collections/hg-hidemi-heiseikakugo-w9-font-ricoh/
[2026-03-28T07:15:05Z] #415 attempt=1/6 status=200 0.267s url=https://www.myfonts.com/products/regular-hg-seikaishotai-pro-1125116
[2026-03-28T07:15:06Z] #416 attempt=1/6 status=200 0.246s url=https://www.myfonts.com/collections/hg-seikaishotai-pro-font-ricoh/
[2026-03-28T07:15:06Z] #417 attempt=1/6 status=200 0.153s url=https://www.myfonts.com/collections/hg-seikaishotai-pro-font-ricoh/?tab=techSpecs
[2026-03-28T07:15:09Z] #418 attempt=1/6 status=200 0.324s url=https://www.myfonts.com/products/regular-gorion-1126188
[2026-03-28T07:15:09Z] #419 attempt=1/6 status=200 0.322s url=https://www.myfonts.com/collections/gorion-font-rasio-studio/
[2026-03-28T07:15:10Z] #420 attempt=1/6 status=200 0.129s url=https://www.myfonts.com/collections/gorion-font-rasio-studio/?tab=techSpecs
[2026-03-28T07:15:11Z] #421 attempt=1/6 status=200 0.300s url=https://www.myfonts.com/products/regular-natural-outside-1126154
[2026-03-28T07:15:11Z] #422 attempt=1/6 status=200 0.378s url=https://www.myfonts.com/collections/natural-outside-font-gatype/
[2026-03-28T07:15:12Z] #423 attempt=1/6 status=200 0.141s url=https://www.myfonts.com/collections/natural-outside-font-gatype/?tab=techSpecs
[2026-03-28T07:15:13Z] #424 attempt=1/6 status=200 0.782s url=https://www.myfonts.com/products.json?limit=100&page=14
[2026-03-28T07:15:14Z] #425 attempt=1/6 status=200 0.267s url=https://www.myfonts.com/products/bold-congo-1125035
[2026-03-28T07:15:14Z] #426 attempt=1/6 status=200 0.228s url=https://www.myfonts.com/collections/congo-font-stockbucket/
[2026-03-28T07:15:15Z] #427 attempt=1/6 status=200 0.152s url=https://www.myfonts.com/collections/congo-font-stockbucket/?tab=techSpecs
[2026-03-28T07:15:16Z] #428 attempt=1/6 status=200 0.281s url=https://www.myfonts.com/products/medium-hg-marugothic-pro-1125240
[2026-03-28T07:15:16Z] #429 attempt=1/6 status=200 0.376s url=https://www.myfonts.com/collections/hg-marugothic-pro-font-ricoh/
[2026-03-28T07:15:17Z] #430 attempt=1/6 status=200 0.133s url=https://www.myfonts.com/collections/hg-marugothic-pro-font-ricoh/?tab=techSpecs
[2026-03-28T07:15:19Z] #431 attempt=1/6 status=200 0.344s url=https://www.myfonts.com/products/regular-hg-akane-heisei-marugothictai-w8-1125108
[2026-03-28T07:15:20Z] #432 attempt=1/6 status=200 0.270s url=https://www.myfonts.com/collections/hg-akane-heisei-marugothictai-w8-font-ricoh/
[2026-03-28T07:15:20Z] #433 attempt=1/6 status=200 0.135s url=https://www.myfonts.com/collections/hg-akane-heisei-marugothictai-w8-font-ricoh/?tab=techSpecs
[2026-03-28T07:15:21Z] #434 attempt=1/6 status=200 0.175s url=https://www.myfonts.com/collections/hg-akane-heisei-marugothictai-w8-font-ricoh/
[2026-03-28T07:15:22Z] #435 attempt=1/6 status=200 0.262s url=https://www.myfonts.com/products/regular-hgheisei-minchotai-w9-s-1125221
[2026-03-28T07:15:22Z] #436 attempt=1/6 status=200 0.331s url=https://www.myfonts.com/collections/hgheisei-minchotai-w9-s-font-ricoh/
[2026-03-28T07:15:23Z] #437 attempt=1/6 status=200 0.146s url=https://www.myfonts.com/collections/hgheisei-minchotai-w9-s-font-ricoh/?tab=techSpecs
[2026-03-28T07:15:24Z] #438 attempt=1/6 status=200 0.133s url=https://www.myfonts.com/collections/hgheisei-minchotai-w9-s-font-ricoh/
[2026-03-28T07:15:25Z] #439 attempt=1/6 status=200 0.893s url=https://www.myfonts.com/products.json?limit=100&page=15
[2026-03-28T07:15:26Z] #440 attempt=1/6 status=200 0.297s url=https://www.myfonts.com/products/regular-hgheisei-kakugo-w9-s-1125064
[2026-03-28T07:15:26Z] #441 attempt=1/6 status=200 0.287s url=https://www.myfonts.com/collections/hgheisei-kakugo-w9-s-font-ricoh/
[2026-03-28T07:15:27Z] #442 attempt=1/6 status=200 0.138s url=https://www.myfonts.com/collections/hgheisei-kakugo-w9-s-font-ricoh/?tab=techSpecs
[2026-03-28T07:15:29Z] #443 attempt=1/6 status=200 0.140s url=https://www.myfonts.com/collections/hgheisei-kakugo-w9-s-font-ricoh/
[2026-03-28T07:15:29Z] #444 attempt=1/6 status=200 0.253s url=https://www.myfonts.com/products/regular-jardogist-1125018
[2026-03-28T07:15:30Z] #445 attempt=1/6 status=200 0.304s url=https://www.myfonts.com/collections/jardogist-font-syafbe/
[2026-03-28T07:15:30Z] #446 attempt=1/6 status=200 0.226s url=https://www.myfonts.com/collections/jardogist-font-syafbe/?tab=techSpecs
[2026-03-28T07:15:31Z] #447 attempt=1/6 status=200 0.306s url=https://www.myfonts.com/products/bold-cornleys-1126342
[2026-03-28T07:15:32Z] #448 attempt=1/6 status=200 0.286s url=https://www.myfonts.com/collections/cornleys-font-epiclinez/
[2026-03-28T07:15:32Z] #449 attempt=1/6 status=200 0.130s url=https://www.myfonts.com/collections/cornleys-font-epiclinez/?tab=techSpecs
[2026-03-28T07:15:33Z] #450 attempt=1/6 status=200 0.641s url=https://www.myfonts.com/products/tt-commons-classic-non-variable-package-package-1125572
[2026-03-28T07:15:34Z] #451 attempt=1/6 status=200 0.623s url=https://www.myfonts.com/collections/tt-commons-classic-font-typetype/
[2026-03-28T07:15:35Z] #452 attempt=1/6 status=200 0.158s url=https://www.myfonts.com/collections/tt-commons-classic-font-typetype/?tab=techSpecs
[2026-03-28T07:15:36Z] #453 attempt=1/6 status=200 0.338s url=https://www.myfonts.com/products/mereum-dreamy-complete-family-package-1126112
[2026-03-28T07:15:37Z] #454 attempt=1/6 status=200 0.300s url=https://www.myfonts.com/collections/mereum-dreamy-font-tini-fitriani/
[2026-03-28T07:15:37Z] #455 attempt=1/6 status=200 0.121s url=https://www.myfonts.com/collections/mereum-dreamy-font-tini-fitriani/?tab=techSpecs
[2026-03-28T07:15:38Z] #456 attempt=1/6 status=200 0.359s url=https://www.myfonts.com/products/patcher-complete-family-package-1126116
[2026-03-28T07:15:39Z] #457 attempt=1/6 status=200 0.434s url=https://www.myfonts.com/collections/patcher-font-vermilione/
[2026-03-28T07:15:40Z] #458 attempt=1/6 status=200 0.162s url=https://www.myfonts.com/collections/patcher-font-vermilione/?tab=techSpecs
[2026-03-28T07:15:41Z] #459 attempt=1/6 status=200 0.390s url=https://www.myfonts.com/products/quite-blue-complete-family-package-1125573
[2026-03-28T07:15:42Z] #460 attempt=1/6 status=200 0.354s url=https://www.myfonts.com/collections/quite-blue-font-pizzadudedk/
[2026-03-28T07:15:42Z] #461 attempt=1/6 status=200 0.141s url=https://www.myfonts.com/collections/quite-blue-font-pizzadudedk/?tab=techSpecs
[2026-03-28T07:15:43Z] #462 attempt=1/6 status=200 0.340s url=https://www.myfonts.com/products/sentaphira-complete-family-package-1126109
[2026-03-28T07:15:44Z] #463 attempt=1/6 status=200 0.315s url=https://www.myfonts.com/collections/sentaphira-font-tini-fitriani/
[2026-03-28T07:15:44Z] #464 attempt=1/6 status=200 0.226s url=https://www.myfonts.com/collections/sentaphira-font-tini-fitriani/?tab=techSpecs
[2026-03-28T07:15:46Z] #465 attempt=1/6 status=200 0.307s url=https://www.myfonts.com/products/jenko-complete-family-package-1126119
[2026-03-28T07:15:46Z] #466 attempt=1/6 status=200 0.416s url=https://www.myfonts.com/collections/jenko-font-vermilione/
[2026-03-28T07:15:47Z] #467 attempt=1/6 status=200 0.145s url=https://www.myfonts.com/collections/jenko-font-vermilione/?tab=techSpecs
[2026-03-28T07:15:48Z] #468 attempt=1/6 status=200 0.298s url=https://www.myfonts.com/products/regular-fisillove-signature-1126474
[2026-03-28T07:15:48Z] #469 attempt=1/6 status=200 0.309s url=https://www.myfonts.com/collections/fisillove-signature-font-tebaltipis-studio/
[2026-03-28T07:15:49Z] #470 attempt=1/6 status=200 0.143s url=https://www.myfonts.com/collections/fisillove-signature-font-tebaltipis-studio/?tab=techSpecs
[2026-03-28T07:15:50Z] #471 attempt=1/6 status=200 0.283s url=https://www.myfonts.com/products/regular-jorima-signature-brush-1126473
[2026-03-28T07:15:50Z] #472 attempt=1/6 status=200 0.247s url=https://www.myfonts.com/collections/jorima-signature-brush-font-tebaltipis-studio/
[2026-03-28T07:15:51Z] #473 attempt=1/6 status=200 0.144s url=https://www.myfonts.com/collections/jorima-signature-brush-font-tebaltipis-studio/?tab=techSpecs
[2026-03-28T07:15:52Z] #474 attempt=1/6 status=200 0.332s url=https://www.myfonts.com/products/regular-ristina-british-signature-1126476
[2026-03-28T07:15:52Z] #475 attempt=1/6 status=200 0.231s url=https://www.myfonts.com/collections/ristina-british-signature-font-tebaltipis-studio/
[2026-03-28T07:15:52Z] #476 attempt=1/6 status=200 0.135s url=https://www.myfonts.com/collections/ristina-british-signature-font-tebaltipis-studio/?tab=techSpecs
[2026-03-28T07:15:54Z] #477 attempt=1/6 status=200 0.884s url=https://www.myfonts.com/products.json?limit=100&page=16
[2026-03-28T07:15:55Z] #478 attempt=1/6 status=200 0.304s url=https://www.myfonts.com/products/regular-garlone-signature-1126475
[2026-03-28T07:15:55Z] #479 attempt=1/6 status=200 0.271s url=https://www.myfonts.com/collections/garlone-signature-font-tebaltipis-studio/
[2026-03-28T07:15:56Z] #480 attempt=1/6 status=200 0.147s url=https://www.myfonts.com/collections/garlone-signature-font-tebaltipis-studio/?tab=techSpecs
[2026-03-28T07:15:57Z] #481 attempt=1/6 status=200 0.414s url=https://www.myfonts.com/products/gc-begia-complete-family-package-1125024
[2026-03-28T07:15:57Z] #482 attempt=1/6 status=200 0.277s url=https://www.myfonts.com/collections/gc-begia-font-onyx-studio/
[2026-03-28T07:15:58Z] #483 attempt=1/6 status=200 0.139s url=https://www.myfonts.com/collections/gc-begia-font-onyx-studio/?tab=techSpecs
[2026-03-28T07:15:59Z] #484 attempt=1/6 status=200 0.275s url=https://www.myfonts.com/products/natego-complete-family-package-1125036
[2026-03-28T07:15:59Z] #485 attempt=1/6 status=200 0.297s url=https://www.myfonts.com/collections/natego-font-pandeka-studio/
[2026-03-28T07:16:00Z] #486 attempt=1/6 status=200 0.140s url=https://www.myfonts.com/collections/natego-font-pandeka-studio/?tab=techSpecs
[2026-03-28T07:16:01Z] #487 attempt=1/6 status=200 0.363s url=https://www.myfonts.com/products/aeloria-complete-family-package-1125027
[2026-03-28T07:16:02Z] #488 attempt=1/6 status=200 0.347s url=https://www.myfonts.com/collections/aeloria-font-steptype/
[2026-03-28T07:16:02Z] #489 attempt=1/6 status=200 0.147s url=https://www.myfonts.com/collections/aeloria-font-steptype/?tab=techSpecs
[2026-03-28T07:16:04Z] #490 attempt=1/6 status=200 0.391s url=https://www.myfonts.com/products/cleffordy-complete-family-package-1125021
[2026-03-28T07:16:04Z] #491 attempt=1/6 status=200 0.314s url=https://www.myfonts.com/collections/cleffordy-font-typeclassheroes/
[2026-03-28T07:16:05Z] #492 attempt=1/6 status=200 0.135s url=https://www.myfonts.com/collections/cleffordy-font-typeclassheroes/?tab=techSpecs
[2026-03-28T07:16:06Z] #493 attempt=1/6 status=200 0.409s url=https://www.myfonts.com/products/pushkey-complete-family-package-1124996
[2026-03-28T07:16:07Z] #494 attempt=1/6 status=200 0.297s url=https://www.myfonts.com/collections/pushkey-font-artiveko/
[2026-03-28T07:16:07Z] #495 attempt=1/6 status=200 0.157s url=https://www.myfonts.com/collections/pushkey-font-artiveko/?tab=techSpecs
[2026-03-28T07:16:08Z] #496 attempt=1/6 status=200 0.351s url=https://www.myfonts.com/products/it-valero-complete-family-package-1125007
[2026-03-28T07:16:09Z] #497 attempt=1/6 status=200 0.186s url=https://www.myfonts.com/collections/it-valero-font-creatifont-studio/
[2026-03-28T07:16:09Z] #498 attempt=1/6 status=200 0.150s url=https://www.myfonts.com/collections/it-valero-font-creatifont-studio/?tab=techSpecs
[2026-03-28T07:16:11Z] #499 attempt=1/6 status=200 0.338s url=https://www.myfonts.com/products/lakescape-complete-family-package-1124991
[2026-03-28T07:16:11Z] #500 attempt=1/6 status=200 0.401s url=https://www.myfonts.com/collections/lakescape-font-vozzy/
[2026-03-28T07:16:12Z] #501 attempt=1/6 status=200 0.132s url=https://www.myfonts.com/collections/lakescape-font-vozzy/?tab=techSpecs
[2026-03-28T07:16:14Z] #502 attempt=1/6 status=200 1.026s url=https://www.myfonts.com/products/denova-complete-family-package-1124938
[2026-03-28T07:16:15Z] #503 attempt=1/6 status=200 1.094s url=https://www.myfonts.com/collections/denova-font-fargun-studio/
[2026-03-28T07:16:16Z] #504 attempt=1/6 status=200 0.178s url=https://www.myfonts.com/collections/denova-font-fargun-studio/?tab=techSpecs
[2026-03-28T07:16:18Z] #505 attempt=1/6 status=200 0.737s url=https://www.myfonts.com/products/pixelion-complete-family-package-1124885
[2026-03-28T07:16:19Z] #506 attempt=1/6 status=200 0.862s url=https://www.myfonts.com/collections/pixelion-font-alpercakici/
[2026-03-28T07:16:20Z] #507 attempt=1/6 status=200 0.161s url=https://www.myfonts.com/collections/pixelion-font-alpercakici/?tab=techSpecs
[2026-03-28T07:16:21Z] #508 attempt=1/6 status=200 0.431s url=https://www.myfonts.com/products/privacy-filter-complete-family-package-1124880
[2026-03-28T07:16:22Z] #509 attempt=1/6 status=200 0.348s url=https://www.myfonts.com/collections/privacy-filter-font-hanoded/
[2026-03-28T07:16:22Z] #510 attempt=1/6 status=200 0.197s url=https://www.myfonts.com/collections/privacy-filter-font-hanoded/?tab=techSpecs
[2026-03-28T07:16:24Z] #511 attempt=1/6 status=200 0.630s url=https://www.myfonts.com/products/gendred-complete-family-package-1124821
[2026-03-28T07:16:25Z] #512 attempt=1/6 status=200 0.756s url=https://www.myfonts.com/collections/gendred-font-alpercakici/
[2026-03-28T07:16:25Z] #513 attempt=1/6 status=200 0.181s url=https://www.myfonts.com/collections/gendred-font-alpercakici/?tab=techSpecs
[2026-03-28T07:16:27Z] #514 attempt=1/6 status=200 0.748s url=https://www.myfonts.com/products.json?limit=100&page=17
[2026-03-28T07:16:28Z] #515 attempt=1/6 status=200 0.382s url=https://www.myfonts.com/products/jheronimus-complete-family-package-1124742
[2026-03-28T07:16:29Z] #516 attempt=1/6 status=200 0.607s url=https://www.myfonts.com/collections/jheronimus-font-aronetiv/
[2026-03-28T07:16:29Z] #517 attempt=1/6 status=200 0.140s url=https://www.myfonts.com/collections/jheronimus-font-aronetiv/?tab=techSpecs
[2026-03-28T07:16:31Z] #518 attempt=1/6 status=200 0.700s url=https://www.myfonts.com/products/greeka-complete-family-package-1124761
[2026-03-28T07:16:32Z] #519 attempt=1/6 status=200 0.721s url=https://www.myfonts.com/collections/greeka-font-alpercakici/
[2026-03-28T07:16:33Z] #520 attempt=1/6 status=200 0.157s url=https://www.myfonts.com/collections/greeka-font-alpercakici/?tab=techSpecs
[2026-03-28T07:16:35Z] #521 attempt=1/6 status=200 0.673s url=https://www.myfonts.com/products.json?limit=100&page=18
[2026-03-28T07:16:35Z] #522 attempt=1/6 status=200 0.272s url=https://www.myfonts.com/products/regular-neue-kurier-1124760
[2026-03-28T07:16:36Z] #523 attempt=1/6 status=200 0.286s url=https://www.myfonts.com/collections/neue-kurier-font-rmu/
[2026-03-28T07:16:36Z] #524 attempt=1/6 status=200 0.159s url=https://www.myfonts.com/collections/neue-kurier-font-rmu/?tab=techSpecs
[2026-03-28T07:16:38Z] #525 attempt=1/6 status=200 0.840s url=https://www.myfonts.com/products/rounded-inline-rheadra-1124542
[2026-03-28T07:16:38Z] #526 attempt=1/6 status=200 0.728s url=https://www.myfonts.com/collections/rheadra-font-alpercakici/
[2026-03-28T07:16:39Z] #527 attempt=1/6 status=200 0.178s url=https://www.myfonts.com/collections/rheadra-font-alpercakici/?tab=techSpecs
[2026-03-28T07:16:41Z] #528 attempt=1/6 status=200 0.513s url=https://www.myfonts.com/products/light-perfect-roman-1124717
[2026-03-28T07:16:41Z] #529 attempt=1/6 status=200 0.339s url=https://www.myfonts.com/collections/perfect-roman-font-flanker/
[2026-03-28T07:16:42Z] #530 attempt=1/6 status=200 0.205s url=https://www.myfonts.com/collections/perfect-roman-font-flanker/?tab=techSpecs
[2026-03-28T07:16:44Z] #531 attempt=1/6 status=200 0.419s url=https://www.myfonts.com/products/regular-hakter-1124495
[2026-03-28T07:16:44Z] #532 attempt=1/6 status=200 0.343s url=https://www.myfonts.com/collections/hakter-font-smz-design/
[2026-03-28T07:16:45Z] #533 attempt=1/6 status=200 0.156s url=https://www.myfonts.com/collections/hakter-font-smz-design/?tab=techSpecs
[2026-03-28T07:16:47Z] #534 attempt=1/6 status=200 0.648s url=https://www.myfonts.com/products.json?limit=100&page=19
[2026-03-28T07:16:47Z] #535 attempt=1/6 status=200 0.447s url=https://www.myfonts.com/products/seriffi-morgan-complete-family-package-925983
[2026-03-28T07:16:48Z] #536 attempt=1/6 status=200 0.333s url=https://www.myfonts.com/collections/seriffi-morgan-font-morganismi/
[2026-03-28T07:16:48Z] #537 attempt=1/6 status=200 0.136s url=https://www.myfonts.com/collections/seriffi-morgan-font-morganismi/?tab=techSpecs
[2026-03-28T07:16:50Z] #538 attempt=1/6 status=200 0.353s url=https://www.myfonts.com/products/armet-complete-family-package-1124559
[2026-03-28T07:16:51Z] #539 attempt=1/6 status=200 0.422s url=https://www.myfonts.com/collections/armet-font-multiformis/
[2026-03-28T07:16:51Z] #540 attempt=1/6 status=200 0.148s url=https://www.myfonts.com/collections/armet-font-multiformis/?tab=techSpecs
[2026-03-28T07:16:53Z] #541 attempt=1/6 status=200 0.519s url=https://www.myfonts.com/products/ortak-slab-complete-family-package-1124398
[2026-03-28T07:16:53Z] #542 attempt=1/6 status=200 0.533s url=https://www.myfonts.com/collections/ortak-slab-font-tour-de-force/
[2026-03-28T07:16:54Z] #543 attempt=1/6 status=200 0.142s url=https://www.myfonts.com/collections/ortak-slab-font-tour-de-force/?tab=techSpecs
[2026-03-28T07:16:55Z] #544 attempt=1/6 status=200 0.328s url=https://www.myfonts.com/products/murisa-onsu-complete-family-package-1124430
[2026-03-28T07:16:56Z] #545 attempt=1/6 status=200 0.383s url=https://www.myfonts.com/collections/murisa-onsu-font-murisa-studio/
[2026-03-28T07:16:56Z] #546 attempt=1/6 status=200 0.136s url=https://www.myfonts.com/collections/murisa-onsu-font-murisa-studio/?tab=techSpecs
[2026-03-28T07:16:58Z] #547 attempt=1/6 status=200 0.393s url=https://www.myfonts.com/products/hiatus-family-package-1124629
[2026-03-28T07:16:58Z] #548 attempt=1/6 status=200 0.355s url=https://www.myfonts.com/collections/hiatus-font-stephen-rapp/
[2026-03-28T07:16:59Z] #549 attempt=1/6 status=200 0.213s url=https://www.myfonts.com/collections/hiatus-font-stephen-rapp/?tab=techSpecs
[2026-03-28T07:17:00Z] #550 attempt=1/6 status=200 0.413s url=https://www.myfonts.com/products/ortak-sans-complete-family-package-1124413
[2026-03-28T07:17:01Z] #551 attempt=1/6 status=200 0.460s url=https://www.myfonts.com/collections/ortak-sans-font-tour-de-force/
[2026-03-28T07:17:01Z] #552 attempt=1/6 status=200 0.208s url=https://www.myfonts.com/collections/ortak-sans-font-tour-de-force/?tab=techSpecs
[2026-03-28T07:17:03Z] #553 attempt=1/6 status=200 0.697s url=https://www.myfonts.com/products/playfun-complete-family-package-1124344
[2026-03-28T07:17:04Z] #554 attempt=1/6 status=200 0.887s url=https://www.myfonts.com/collections/playfun-font-alpercakici/
[2026-03-28T07:17:05Z] #555 attempt=1/6 status=200 0.157s url=https://www.myfonts.com/collections/playfun-font-alpercakici/?tab=techSpecs
[2026-03-28T07:17:07Z] #556 attempt=1/6 status=200 0.672s url=https://www.myfonts.com/products/blockage-complete-family-package-1122488
[2026-03-28T07:17:07Z] #557 attempt=1/6 status=200 0.678s url=https://www.myfonts.com/collections/blockage-font-alpercakici/
[2026-03-28T07:17:08Z] #558 attempt=1/6 status=200 0.166s url=https://www.myfonts.com/collections/blockage-font-alpercakici/?tab=techSpecs
[2026-03-28T07:17:10Z] #559 attempt=1/6 status=200 0.864s url=https://www.myfonts.com/products/mundale-complete-family-package-1122063
[2026-03-28T07:17:11Z] #560 attempt=1/6 status=200 0.951s url=https://www.myfonts.com/collections/mundale-font-rastype-studio/
[2026-03-28T07:17:12Z] #561 attempt=1/6 status=200 0.187s url=https://www.myfonts.com/collections/mundale-font-rastype-studio/?tab=techSpecs
[2026-03-28T07:17:14Z] #562 attempt=1/6 status=200 0.602s url=https://www.myfonts.com/products/castemire-complete-family-package-1122263
[2026-03-28T07:17:15Z] #563 attempt=1/6 status=200 0.711s url=https://www.myfonts.com/collections/castemire-font-alpercakici/
[2026-03-28T07:17:15Z] #564 attempt=1/6 status=200 0.169s url=https://www.myfonts.com/collections/castemire-font-alpercakici/?tab=techSpecs
[2026-03-28T07:17:17Z] #565 attempt=1/6 status=200 0.833s url=https://www.myfonts.com/products/zvezda-complete-family-package-1124433
[2026-03-28T07:17:18Z] #566 attempt=1/6 status=200 0.774s url=https://www.myfonts.com/collections/zvezda-font-alpercakici/
[2026-03-28T07:17:19Z] #567 attempt=1/6 status=200 0.153s url=https://www.myfonts.com/collections/zvezda-font-alpercakici/?tab=techSpecs
[2026-03-28T07:17:20Z] #568 attempt=1/6 status=200 0.299s url=https://www.myfonts.com/products/regular-goodhers-hooney-1123475
[2026-03-28T07:17:21Z] #569 attempt=1/6 status=200 0.235s url=https://www.myfonts.com/collections/goodhers-hooney-font-jolicia-type/
[2026-03-28T07:17:21Z] #570 attempt=1/6 status=200 0.158s url=https://www.myfonts.com/collections/goodhers-hooney-font-jolicia-type/?tab=techSpecs
[2026-03-28T07:17:22Z] #571 attempt=1/6 status=200 0.299s url=https://www.myfonts.com/products/regular-rollis-1124429
[2026-03-28T07:17:23Z] #572 attempt=1/6 status=200 0.322s url=https://www.myfonts.com/collections/rollis-font-hrdr/
[2026-03-28T07:17:23Z] #573 attempt=1/6 status=200 0.133s url=https://www.myfonts.com/collections/rollis-font-hrdr/?tab=techSpecs
[2026-03-28T07:17:24Z] #574 attempt=1/6 status=200 0.297s url=https://www.myfonts.com/products/regular-rage-guerilla-1124397
[2026-03-28T07:17:25Z] #575 attempt=1/6 status=200 0.278s url=https://www.myfonts.com/collections/rage-guerilla-font-mvmet/
[2026-03-28T07:17:25Z] #576 attempt=1/6 status=200 0.165s url=https://www.myfonts.com/collections/rage-guerilla-font-mvmet/?tab=techSpecs
[2026-03-28T07:17:26Z] #577 attempt=1/6 status=200 0.270s url=https://www.myfonts.com/products/normal-coo-and-miku-1124066
[2026-03-28T07:17:26Z] #578 attempt=1/6 status=200 0.279s url=https://www.myfonts.com/collections/coo-and-miku-font-stockbucket/
[2026-03-28T07:17:27Z] #579 attempt=1/6 status=200 0.153s url=https://www.myfonts.com/collections/coo-and-miku-font-stockbucket/?tab=techSpecs
[2026-03-28T07:17:28Z] #580 attempt=1/6 status=200 0.284s url=https://www.myfonts.com/products/regular-vorn-1124037
[2026-03-28T07:17:28Z] #581 attempt=1/6 status=200 0.312s url=https://www.myfonts.com/collections/vorn-font-vadova-std/
[2026-03-28T07:17:29Z] #582 attempt=1/6 status=200 0.139s url=https://www.myfonts.com/collections/vorn-font-vadova-std/?tab=techSpecs
[2026-03-28T07:17:30Z] #583 attempt=1/6 status=200 0.268s url=https://www.myfonts.com/products/regular-youth-crew-1124024
[2026-03-28T07:17:30Z] #584 attempt=1/6 status=200 0.266s url=https://www.myfonts.com/collections/youth-crew-font-ronny-studio/
[2026-03-28T07:17:30Z] #585 attempt=1/6 status=200 0.143s url=https://www.myfonts.com/collections/youth-crew-font-ronny-studio/?tab=techSpecs
[2026-03-28T07:17:32Z] #586 attempt=1/6 status=200 0.652s url=https://www.myfonts.com/products.json?limit=100&page=20
[2026-03-28T07:17:33Z] #587 attempt=1/6 status=200 0.272s url=https://www.myfonts.com/products/regular-mental-sickness-1124061
[2026-03-28T07:17:33Z] #588 attempt=1/6 status=200 0.270s url=https://www.myfonts.com/collections/mental-sickness-font-inviline/
[2026-03-28T07:17:34Z] #589 attempt=1/6 status=200 0.144s url=https://www.myfonts.com/collections/mental-sickness-font-inviline/?tab=techSpecs
[2026-03-28T07:17:35Z] #590 attempt=1/6 status=200 0.329s url=https://www.myfonts.com/products/regular-rex-chandela-1124060
[2026-03-28T07:17:35Z] #591 attempt=1/6 status=200 0.259s url=https://www.myfonts.com/collections/rex-chandela-font-twinletter/
[2026-03-28T07:17:35Z] #592 attempt=1/6 status=200 0.150s url=https://www.myfonts.com/collections/rex-chandela-font-twinletter/?tab=techSpecs
[2026-03-28T07:17:36Z] #593 attempt=1/6 status=200 0.332s url=https://www.myfonts.com/products/regular-zareen-1123383
[2026-03-28T07:17:37Z] #594 attempt=1/6 status=200 0.276s url=https://www.myfonts.com/collections/zareen-font-vadova-std/
[2026-03-28T07:17:37Z] #595 attempt=1/6 status=200 0.136s url=https://www.myfonts.com/collections/zareen-font-vadova-std/?tab=techSpecs
[2026-03-28T07:17:38Z] #596 attempt=1/6 status=200 0.299s url=https://www.myfonts.com/products/regular-vogjer-1124067
[2026-03-28T07:17:39Z] #597 attempt=1/6 status=200 0.233s url=https://www.myfonts.com/collections/vogjer-font-limitype/
[2026-03-28T07:17:39Z] #598 attempt=1/6 status=200 0.143s url=https://www.myfonts.com/collections/vogjer-font-limitype/?tab=techSpecs
[2026-03-28T07:17:40Z] #599 attempt=1/6 status=200 0.323s url=https://www.myfonts.com/products/regular-holiday-sunshine-1123382
[2026-03-28T07:17:41Z] #600 attempt=1/6 status=200 0.297s url=https://www.myfonts.com/collections/holiday-sunshine-font-rasio-studio/
[2026-03-28T07:17:41Z] #601 attempt=1/6 status=200 0.127s url=https://www.myfonts.com/collections/holiday-sunshine-font-rasio-studio/?tab=techSpecs
[2026-03-28T07:17:42Z] #602 attempt=1/6 status=200 0.380s url=https://www.myfonts.com/products/regular-jamonira-1124040
[2026-03-28T07:17:42Z] #603 attempt=1/6 status=200 0.246s url=https://www.myfonts.com/collections/jamonira-font-rasio-studio/
[2026-03-28T07:17:43Z] #604 attempt=1/6 status=200 0.139s url=https://www.myfonts.com/collections/jamonira-font-rasio-studio/?tab=techSpecs
[2026-03-28T07:17:44Z] #605 attempt=1/6 status=200 0.296s url=https://www.myfonts.com/products/regular-marsal-1124428
[2026-03-28T07:17:44Z] #606 attempt=1/6 status=200 0.268s url=https://www.myfonts.com/collections/marsal-font-hrdr/
[2026-03-28T07:17:45Z] #607 attempt=1/6 status=200 0.132s url=https://www.myfonts.com/collections/marsal-font-hrdr/?tab=techSpecs
[2026-03-28T07:17:46Z] #608 attempt=1/6 status=200 0.284s url=https://www.myfonts.com/products/regular-good-function-1123375
[2026-03-28T07:17:46Z] #609 attempt=1/6 status=200 0.263s url=https://www.myfonts.com/collections/good-function-font-rasio-studio/
[2026-03-28T07:17:46Z] #610 attempt=1/6 status=200 0.132s url=https://www.myfonts.com/collections/good-function-font-rasio-studio/?tab=techSpecs
[2026-03-28T07:17:47Z] #611 attempt=1/6 status=200 0.282s url=https://www.myfonts.com/products/regular-bhaswari-1124026
[2026-03-28T07:17:48Z] #612 attempt=1/6 status=200 0.293s url=https://www.myfonts.com/collections/bhaswari-font-vadova-std/
[2026-03-28T07:17:48Z] #613 attempt=1/6 status=200 0.137s url=https://www.myfonts.com/collections/bhaswari-font-vadova-std/?tab=techSpecs
[2026-03-28T07:17:49Z] #614 attempt=1/6 status=200 0.322s url=https://www.myfonts.com/products/regular-kordano-1123385
[2026-03-28T07:17:50Z] #615 attempt=1/6 status=200 0.339s url=https://www.myfonts.com/collections/kordano-font-vadova-std/
[2026-03-28T07:17:50Z] #616 attempt=1/6 status=200 0.133s url=https://www.myfonts.com/collections/kordano-font-vadova-std/?tab=techSpecs
[2026-03-28T07:17:51Z] #617 attempt=1/6 status=200 0.272s url=https://www.myfonts.com/products/regular-codent-pro-1123380
[2026-03-28T07:17:52Z] #618 attempt=1/6 status=200 0.245s url=https://www.myfonts.com/collections/codent-pro-font-rasio-studio/
[2026-03-28T07:17:52Z] #619 attempt=1/6 status=200 0.131s url=https://www.myfonts.com/collections/codent-pro-font-rasio-studio/?tab=techSpecs
[2026-03-28T07:17:54Z] #620 attempt=1/6 status=200 0.727s url=https://www.myfonts.com/products.json?limit=100&page=21
[2026-03-28T07:17:54Z] #621 attempt=1/6 status=200 0.294s url=https://www.myfonts.com/products/regular-condera-1124027
[2026-03-28T07:17:55Z] #622 attempt=1/6 status=200 0.227s url=https://www.myfonts.com/collections/condera-font-vadova-std/
[2026-03-28T07:17:55Z] #623 attempt=1/6 status=200 0.211s url=https://www.myfonts.com/collections/condera-font-vadova-std/?tab=techSpecs
[2026-03-28T07:17:56Z] #624 attempt=1/6 status=200 0.265s url=https://www.myfonts.com/products/regular-adventure-moment-1124130
[2026-03-28T07:17:57Z] #625 attempt=1/6 status=200 0.230s url=https://www.myfonts.com/collections/adventure-moment-font-mvmet/
[2026-03-28T07:17:57Z] #626 attempt=1/6 status=200 0.144s url=https://www.myfonts.com/collections/adventure-moment-font-mvmet/?tab=techSpecs
[2026-03-28T07:17:58Z] #627 attempt=1/6 status=200 0.333s url=https://www.myfonts.com/products/regular-sunset-rider-1124036
[2026-03-28T07:17:58Z] #628 attempt=1/6 status=200 0.226s url=https://www.myfonts.com/collections/sunset-rider-font-inkstone-typewrk/
[2026-03-28T07:17:59Z] #629 attempt=1/6 status=200 0.148s url=https://www.myfonts.com/collections/sunset-rider-font-inkstone-typewrk/?tab=techSpecs
[2026-03-28T07:18:00Z] #630 attempt=1/6 status=200 0.276s url=https://www.myfonts.com/products/regular-bruma-1124068
[2026-03-28T07:18:00Z] #631 attempt=1/6 status=200 0.255s url=https://www.myfonts.com/collections/bruma-font-vuuuds/
[2026-03-28T07:18:01Z] #632 attempt=1/6 status=200 0.159s url=https://www.myfonts.com/collections/bruma-font-vuuuds/?tab=techSpecs
[2026-03-28T07:18:02Z] #633 attempt=1/6 status=200 0.267s url=https://www.myfonts.com/products/regular-smockey-1124025
[2026-03-28T07:18:02Z] #634 attempt=1/6 status=200 0.247s url=https://www.myfonts.com/collections/smockey-font-inkstone-typewrk/
[2026-03-28T07:18:03Z] #635 attempt=1/6 status=200 0.165s url=https://www.myfonts.com/collections/smockey-font-inkstone-typewrk/?tab=techSpecs
[2026-03-28T07:18:04Z] #636 attempt=1/6 status=200 0.313s url=https://www.myfonts.com/products/regular-aveloire-1124039
[2026-03-28T07:18:04Z] #637 attempt=1/6 status=200 0.311s url=https://www.myfonts.com/collections/aveloire-font-rasio-studio/
[2026-03-28T07:18:05Z] #638 attempt=1/6 status=200 0.147s url=https://www.myfonts.com/collections/aveloire-font-rasio-studio/?tab=techSpecs
[2026-03-28T07:18:06Z] #639 attempt=1/6 status=200 0.342s url=https://www.myfonts.com/products/regular-morvany-1123376
[2026-03-28T07:18:06Z] #640 attempt=1/6 status=200 0.315s url=https://www.myfonts.com/collections/morvany-font-rasio-studio/
[2026-03-28T07:18:07Z] #641 attempt=1/6 status=200 0.139s url=https://www.myfonts.com/collections/morvany-font-rasio-studio/?tab=techSpecs
[2026-03-28T07:18:08Z] #642 attempt=1/6 status=200 0.333s url=https://www.myfonts.com/products/bentory-authes-regular-mc-bentory-authes-1123469
[2026-03-28T07:18:08Z] #643 attempt=1/6 status=200 0.249s url=https://www.myfonts.com/collections/mc-bentory-authes-font-maulana-creative/
[2026-03-28T07:18:08Z] #644 attempt=1/6 status=200 0.131s url=https://www.myfonts.com/collections/mc-bentory-authes-font-maulana-creative/?tab=techSpecs
[2026-03-28T07:18:10Z] #645 attempt=1/6 status=200 0.585s url=https://www.myfonts.com/products.json?limit=100&page=22
[2026-03-28T07:18:10Z] #646 attempt=1/6 status=200 0.292s url=https://www.myfonts.com/products/regular-mickimos-1124028
[2026-03-28T07:18:11Z] #647 attempt=1/6 status=200 0.247s url=https://www.myfonts.com/collections/mickimos-font-inkstone-typewrk/
[2026-03-28T07:18:11Z] #648 attempt=1/6 status=200 0.141s url=https://www.myfonts.com/collections/mickimos-font-inkstone-typewrk/?tab=techSpecs
[2026-03-28T07:18:12Z] #649 attempt=1/6 status=200 0.364s url=https://www.myfonts.com/products/regular-zalucard-1124059
[2026-03-28T07:18:13Z] #650 attempt=1/6 status=200 0.242s url=https://www.myfonts.com/collections/zalucard-font-inkstone-typewrk/
[2026-03-28T07:18:13Z] #651 attempt=1/6 status=200 0.138s url=https://www.myfonts.com/collections/zalucard-font-inkstone-typewrk/?tab=techSpecs
[2026-03-28T07:18:14Z] #652 attempt=1/6 status=200 0.336s url=https://www.myfonts.com/products/regular-salmine-1123384
[2026-03-28T07:18:15Z] #653 attempt=1/6 status=200 0.228s url=https://www.myfonts.com/collections/salmine-font-vadova-std/
[2026-03-28T07:18:15Z] #654 attempt=1/6 status=200 0.160s url=https://www.myfonts.com/collections/salmine-font-vadova-std/?tab=techSpecs
[2026-03-28T07:18:16Z] #655 attempt=1/6 status=200 0.277s url=https://www.myfonts.com/products/regular-mexron-1123381
[2026-03-28T07:18:17Z] #656 attempt=1/6 status=200 0.283s url=https://www.myfonts.com/collections/mexron-font-rasio-studio/
[2026-03-28T07:18:17Z] #657 attempt=1/6 status=200 0.317s url=https://www.myfonts.com/products/regular-risallatig-1124065
[2026-03-28T07:18:18Z] #658 attempt=1/6 status=200 0.230s url=https://www.myfonts.com/collections/risallatig-font-syafbe/
[2026-03-28T07:18:18Z] #659 attempt=1/6 status=200 0.278s url=https://www.myfonts.com/products/regular-nocthira-1123473
[2026-03-28T07:18:19Z] #660 attempt=1/6 status=200 0.307s url=https://www.myfonts.com/collections/nocthira-font-heinzel-std/
[2026-03-28T07:18:20Z] #661 attempt=1/6 status=200 0.730s url=https://www.myfonts.com/products.json?limit=100&page=23
[2026-03-28T07:18:21Z] #662 attempt=1/6 status=200 0.303s url=https://www.myfonts.com/products/regular-valentra-1124038
[2026-03-28T07:18:21Z] #663 attempt=1/6 status=200 0.245s url=https://www.myfonts.com/collections/valentra-font-vadova-std/
[2026-03-28T07:18:22Z] #664 attempt=1/6 status=200 0.311s url=https://www.myfonts.com/products/powery-regular-powery-1124022
[2026-03-28T07:18:22Z] #665 attempt=1/6 status=200 0.306s url=https://www.myfonts.com/collections/powery-font-stringlabs-creative-studio/
[2026-03-28T07:18:23Z] #666 attempt=1/6 status=200 0.342s url=https://www.myfonts.com/products/regular-phantom-mecha-1123392
[2026-03-28T07:18:23Z] #667 attempt=1/6 status=200 0.254s url=https://www.myfonts.com/collections/phantom-mecha-font-product-type/
[2026-03-28T07:18:24Z] #668 attempt=1/6 status=200 0.554s url=https://www.myfonts.com/products/rust-outline-funmania-land-1124097
[2026-03-28T07:18:25Z] #669 attempt=1/6 status=200 0.676s url=https://www.myfonts.com/collections/funmania-land-font-ottertype/
[2026-03-28T07:18:26Z] #670 attempt=1/6 status=200 0.632s url=https://www.myfonts.com/products/ultra-expanded-nexora-1123565
[2026-03-28T07:18:28Z] #671 attempt=1/6 status=200 1.254s url=https://www.myfonts.com/collections/nexora-font-enfeeltype/
[2026-03-28T07:18:29Z] #672 attempt=1/6 status=200 0.639s url=https://www.myfonts.com/products/extra-light-expanded-valenroy-1123449
[2026-03-28T07:18:30Z] #673 attempt=1/6 status=200 0.726s url=https://www.myfonts.com/collections/valenroy-font-enfeeltype/
[2026-03-28T07:18:31Z] #674 attempt=1/6 status=200 0.335s url=https://www.myfonts.com/products/regular-mobilo-1124122
[2026-03-28T07:18:31Z] #675 attempt=1/6 status=200 0.410s url=https://www.myfonts.com/collections/mobilo-font-pizzatypefaces/
[2026-03-28T07:18:32Z] #676 attempt=1/6 status=200 0.329s url=https://www.myfonts.com/products/regular-amarielle-1123391
[2026-03-28T07:18:32Z] #677 attempt=1/6 status=200 0.292s url=https://www.myfonts.com/collections/amarielle-font-letterhend/
[2026-03-28T07:18:33Z] #678 attempt=1/6 status=200 0.359s url=https://www.myfonts.com/products/script-brisna-1124063
[2026-03-28T07:18:34Z] #679 attempt=1/6 status=200 0.391s url=https://www.myfonts.com/collections/brisna-font-genetype/
[2026-03-28T07:18:35Z] #680 attempt=1/6 status=200 0.479s url=https://www.myfonts.com/products/velor-bold-velor-sans-serif-1124144
[2026-03-28T07:18:35Z] #681 attempt=1/6 status=200 0.493s url=https://www.myfonts.com/collections/velor-sans-serif-font-webhance/
[2026-03-28T07:18:36Z] #682 attempt=1/6 status=200 0.506s url=https://www.myfonts.com/products/bold-italic-mn-managa-serif-1123398
[2026-03-28T07:18:37Z] #683 attempt=1/6 status=200 0.304s url=https://www.myfonts.com/collections/mn-managa-serif-font-mantra-naga-studio/
[2026-03-28T07:18:37Z] #684 attempt=1/6 status=200 0.409s url=https://www.myfonts.com/products/extra-light-proforma-1123517
[2026-03-28T07:18:38Z] #685 attempt=1/6 status=200 0.537s url=https://www.myfonts.com/collections/proforma-font-vp-creative-shop/
[2026-03-28T07:18:39Z] #686 attempt=1/6 status=200 0.439s url=https://www.myfonts.com/products/bold-gramel-1124034
[2026-03-28T07:18:39Z] #687 attempt=1/6 status=200 0.351s url=https://www.myfonts.com/collections/gramel-font-afkari-studio/
[2026-03-28T07:18:40Z] #688 attempt=1/6 status=200 0.354s url=https://www.myfonts.com/products/italic-karis-blackletter-1124109
[2026-03-28T07:18:41Z] #689 attempt=1/6 status=200 0.260s url=https://www.myfonts.com/collections/karis-blackletter-font-nirmana-visual/
[2026-03-28T07:18:42Z] #690 attempt=1/6 status=200 0.677s url=https://www.myfonts.com/products.json?limit=100&page=24
[2026-03-28T07:18:42Z] #691 attempt=1/6 status=200 0.322s url=https://www.myfonts.com/products/italic-brokense-cowboy-1124056
[2026-03-28T07:18:43Z] #692 attempt=1/6 status=200 0.299s url=https://www.myfonts.com/collections/brokense-cowboy-font-timelesstype-studio/
[2026-03-28T07:18:44Z] #693 attempt=1/6 status=200 0.337s url=https://www.myfonts.com/products/oblique-tarophis-1123388
[2026-03-28T07:18:44Z] #694 attempt=1/6 status=200 0.292s url=https://www.myfonts.com/collections/tarophis-font-artisan-themes/
[2026-03-28T07:18:45Z] #695 attempt=1/6 status=200 0.341s url=https://www.myfonts.com/products/italic-canderagle-1124031
[2026-03-28T07:18:45Z] #696 attempt=1/6 status=200 0.310s url=https://www.myfonts.com/collections/canderagle-font-made-deduk/
[2026-03-28T07:18:46Z] #697 attempt=1/6 status=200 0.364s url=https://www.myfonts.com/products/regular-dynasty-dragon-1123378
[2026-03-28T07:18:46Z] #698 attempt=1/6 status=200 0.298s url=https://www.myfonts.com/collections/dynasty-dragon-font-stylishtype-studio/
[2026-03-28T07:18:47Z] #699 attempt=1/6 status=200 0.329s url=https://www.myfonts.com/products/bubble-bubble-tirga-1124070
[2026-03-28T07:18:47Z] #700 attempt=1/6 status=200 0.296s url=https://www.myfonts.com/collections/bubble-tirga-font-nirmana-visual/
[2026-03-28T07:18:49Z] #701 attempt=1/6 status=200 0.782s url=https://www.myfonts.com/products.json?limit=100&page=25
[2026-03-28T07:18:50Z] #702 attempt=1/6 status=200 1.099s url=https://www.myfonts.com/products/street-cred-font-duo-package-967304
[2026-03-28T07:18:51Z] #703 attempt=1/6 status=404 0.195s url=https://www.myfonts.com/collections/street-cred-font-duo-font-parker-creative
[2026-03-28T07:18:52Z] #704 attempt=1/6 status=200 0.915s url=https://www.myfonts.com/products/modernist-package-991347
[2026-03-28T07:18:52Z] #705 attempt=1/6 status=404 0.155s url=https://www.myfonts.com/collections/modernist-font-the-northern-block
[2026-03-28T07:18:53Z] #706 attempt=1/6 status=200 0.885s url=https://www.myfonts.com/products/infinite-font-bundle-package-1046436
[2026-03-28T07:18:54Z] #707 attempt=1/6 status=404 0.149s url=https://www.myfonts.com/collections/infinite-font-bundle-font-dream-font
[2026-03-28T07:18:55Z] #708 attempt=1/6 status=200 0.990s url=https://www.myfonts.com/products/industrialist-package-989881
[2026-03-28T07:18:55Z] #709 attempt=1/6 status=404 0.195s url=https://www.myfonts.com/collections/industrialist-font-the-northern-block
[2026-03-28T07:18:56Z] #710 attempt=1/6 status=200 0.400s url=https://www.myfonts.com/products/new-adventures-font-duo-package-958141
[2026-03-28T07:18:56Z] #711 attempt=1/6 status=404 0.157s url=https://www.myfonts.com/collections/new-adventures-font-duo-font-parker-creative
[2026-03-28T07:18:57Z] #712 attempt=1/6 status=200 0.401s url=https://www.myfonts.com/products/minimalist-bundles-package-1046437
[2026-03-28T07:18:57Z] #713 attempt=1/6 status=404 0.153s url=https://www.myfonts.com/collections/minimalist-bundles-font-dream-font
[2026-03-28T07:18:58Z] #714 attempt=1/6 status=200 0.411s url=https://www.myfonts.com/products/challenger-bundle-package-1046438
[2026-03-28T07:18:58Z] #715 attempt=1/6 status=404 0.173s url=https://www.myfonts.com/collections/challenger-bundle-font-dream-font
[2026-03-28T07:18:59Z] #716 attempt=1/6 status=200 0.470s url=https://www.myfonts.com/products/countryside-living-font-duo-package-958142
[2026-03-28T07:18:59Z] #717 attempt=1/6 status=404 0.156s url=https://www.myfonts.com/collections/countryside-living-font-duo-font-parker-creative
[2026-03-28T07:19:00Z] #718 attempt=1/6 status=200 0.883s url=https://www.myfonts.com/products/futurist-package-989478
[2026-03-28T07:19:01Z] #719 attempt=1/6 status=404 0.155s url=https://www.myfonts.com/collections/futurist-font-the-northern-block
[2026-03-28T07:19:01Z] #720 attempt=1/6 status=200 0.340s url=https://www.myfonts.com/products/pensthary-complete-family-package-1123625
[2026-03-28T07:19:02Z] #721 attempt=1/6 status=200 0.345s url=https://www.myfonts.com/collections/pensthary-font-tini-fitriani/
[2026-03-28T07:19:02Z] #722 attempt=1/6 status=200 0.323s url=https://www.myfonts.com/products/bubu-complete-family-package-1123710
[2026-03-28T07:19:03Z] #723 attempt=1/6 status=200 0.289s url=https://www.myfonts.com/collections/bubu-font-bondangail/
[2026-03-28T07:19:04Z] #724 attempt=1/6 status=200 0.289s url=https://www.myfonts.com/products/chiler-spark-complete-family-package-1123825
[2026-03-28T07:19:04Z] #725 attempt=1/6 status=200 0.297s url=https://www.myfonts.com/collections/chiler-spark-font-letterena-studios/
[2026-03-28T07:19:05Z] #726 attempt=1/6 status=200 0.433s url=https://www.myfonts.com/products/grityle-complete-family-package-1123570
[2026-03-28T07:19:05Z] #727 attempt=1/6 status=200 0.428s url=https://www.myfonts.com/collections/grityle-font-zeenesia-studio/
[2026-03-28T07:19:06Z] #728 attempt=1/6 status=200 0.308s url=https://www.myfonts.com/products/mortane-complete-family-package-1123611
[2026-03-28T07:19:07Z] #729 attempt=1/6 status=200 0.285s url=https://www.myfonts.com/collections/mortane-font-ragamkata/
[2026-03-28T07:19:07Z] #730 attempt=1/6 status=200 0.348s url=https://www.myfonts.com/products/rounded-package-1123195
[2026-03-28T07:19:08Z] #731 attempt=1/6 status=200 0.401s url=https://www.myfonts.com/collections/kryvion-font-marcin-regucki/
[2026-03-28T07:19:08Z] #732 attempt=1/6 status=200 0.340s url=https://www.myfonts.com/products/segaro-complete-family-package-1122962
[2026-03-28T07:19:09Z] #733 attempt=1/6 status=200 0.301s url=https://www.myfonts.com/collections/segaro-font-artisan-themes/
[2026-03-28T07:19:10Z] #734 attempt=1/6 status=200 0.325s url=https://www.myfonts.com/products/the-kalliagi-complete-family-package-1122241
[2026-03-28T07:19:10Z] #735 attempt=1/6 status=200 0.385s url=https://www.myfonts.com/collections/the-kalliagi-font-propertype/
[2026-03-28T07:19:11Z] #736 attempt=1/6 status=200 0.360s url=https://www.myfonts.com/products/sinclair-pro-obsession-complete-family-package-1123792
[2026-03-28T07:19:12Z] #737 attempt=1/6 status=200 0.480s url=https://www.myfonts.com/collections/sinclair-pro-obsession-font-naturalink/
[2026-03-28T07:19:12Z] #738 attempt=1/6 status=200 0.376s url=https://www.myfonts.com/products/spring-basket-complete-family-package-1122574
[2026-03-28T07:19:13Z] #739 attempt=1/6 status=200 0.350s url=https://www.myfonts.com/collections/spring-basket-font-aen-creative-studio/
[2026-03-28T07:19:13Z] summary releases=37 first_429=None log_file=state/myfonts_run_20260328_070845.log
[2026-03-28T07:19:13Z] saved_success_profile path=state/myfonts_success_profile.json
[2026-03-28T07:19:13Z] === MyFonts crawl end ===
