[2026-03-07T14:51:58Z] === MyFonts crawl start source=myfonts ===
[2026-03-07T14:51:58Z] config max_pages=40 page_size=250 start_date=2026-03-06 end_date=2026-03-07 api_delay=0.25s detail_delay=0.2s
[2026-03-07T14:52:00Z] #1 attempt=1/6 status=200 2.104s url=https://www.myfonts.com/products.json?limit=250&page=1
[2026-03-07T14:52:01Z] #2 attempt=1/6 status=200 0.589s url=https://www.myfonts.com/products/italic-proscenium-1118334
[2026-03-07T14:52:02Z] #3 attempt=1/6 status=200 0.270s url=https://www.myfonts.com/collections/proscenium-font-wings-art-studio/
[2026-03-07T14:52:03Z] #4 attempt=1/6 status=200 0.813s url=https://www.myfonts.com/products/roman-variable-jewerly-beyon-1118803
[2026-03-07T14:52:03Z] #5 attempt=1/6 status=200 0.279s url=https://www.myfonts.com/collections/jewerly-beyon-font-luhop-creative/
[2026-03-07T14:52:04Z] #6 attempt=1/6 status=200 0.257s url=https://www.myfonts.com/products/regular-proscenium-1118333
[2026-03-07T14:52:04Z] #7 attempt=1/6 status=200 0.392s url=https://www.myfonts.com/collections/proscenium-font-wings-art-studio/
[2026-03-07T14:52:05Z] #8 attempt=1/6 status=200 0.272s url=https://www.myfonts.com/products/jewerly-beyon-complete-family-package-1118801
[2026-03-07T14:52:05Z] #9 attempt=1/6 status=200 0.289s url=https://www.myfonts.com/collections/jewerly-beyon-font-luhop-creative/
[2026-03-07T14:52:06Z] #10 attempt=1/6 status=200 0.353s url=https://www.myfonts.com/products/mizhon-sans-complete-family-package-1118559
[2026-03-07T14:52:07Z] #11 attempt=1/6 status=200 0.290s url=https://www.myfonts.com/collections/mizhon-sans-font-skinny-type/
[2026-03-07T14:52:07Z] #12 attempt=1/6 status=200 0.317s url=https://www.myfonts.com/products/the-musa-editorial-complete-family-package-1118520
[2026-03-07T14:52:08Z] #13 attempt=1/6 status=200 0.274s url=https://www.myfonts.com/collections/the-musa-editorial-font-romie-creative/
[2026-03-07T14:52:09Z] #14 attempt=1/6 status=200 1.138s url=https://www.myfonts.com/products/quenova-complete-family-package-1117920
[2026-03-07T14:52:10Z] #15 attempt=1/6 status=200 0.502s url=https://www.myfonts.com/collections/quenova-font-kaidosan/
[2026-03-07T14:52:10Z] #16 attempt=1/6 status=200 0.319s url=https://www.myfonts.com/products/semi-expanded-package-1118408
[2026-03-07T14:52:11Z] #17 attempt=1/6 status=200 0.453s url=https://www.myfonts.com/collections/bonarchi-font-rastype-studio/
[2026-03-07T14:52:12Z] #18 attempt=1/6 status=200 0.350s url=https://www.myfonts.com/products/master-righinta-complete-family-package-1118226
[2026-03-07T14:52:12Z] #19 attempt=1/6 status=200 0.394s url=https://www.myfonts.com/collections/master-righinta-font-tm-type/
[2026-03-07T14:52:13Z] #20 attempt=1/6 status=200 0.344s url=https://www.myfonts.com/products/sefalio-complete-family-package-1118116
[2026-03-07T14:52:14Z] #21 attempt=1/6 status=200 0.323s url=https://www.myfonts.com/collections/sefalio-font-snapedsgn/
[2026-03-07T14:52:14Z] #22 attempt=1/6 status=200 0.313s url=https://www.myfonts.com/products/alesteny-pojharu-complete-family-package-1118098
[2026-03-07T14:52:15Z] #23 attempt=1/6 status=200 0.396s url=https://www.myfonts.com/collections/alesteny-pojharu-font-stylishtype-studio/
[2026-03-07T14:52:15Z] #24 attempt=1/6 status=200 0.378s url=https://www.myfonts.com/products/normal-package-1118407
[2026-03-07T14:52:16Z] #25 attempt=1/6 status=200 0.370s url=https://www.myfonts.com/collections/bonarchi-font-rastype-studio/
[2026-03-07T14:52:17Z] #26 attempt=1/6 status=200 0.308s url=https://www.myfonts.com/products/upright-package-1118589
[2026-03-07T14:52:17Z] #27 attempt=1/6 status=200 0.364s url=https://www.myfonts.com/collections/mizhon-flare-font-skinny-type/
[2026-03-07T14:52:18Z] #28 attempt=1/6 status=200 0.408s url=https://www.myfonts.com/products/foliant-serif-complete-family-package-1118592
[2026-03-07T14:52:19Z] #29 attempt=1/6 status=200 0.388s url=https://www.myfonts.com/collections/foliant-serif-font-moritz-kleinsorge/
[2026-03-07T14:52:19Z] #30 attempt=1/6 status=200 0.474s url=https://www.myfonts.com/products/crone-complete-family-package-1118200
[2026-03-07T14:52:20Z] #31 attempt=1/6 status=200 0.419s url=https://www.myfonts.com/collections/crone-font-artiveko/
[2026-03-07T14:52:20Z] #32 attempt=1/6 status=200 0.283s url=https://www.myfonts.com/products/bolera-complete-family-package-1118428
[2026-03-07T14:52:21Z] #33 attempt=1/6 status=200 0.500s url=https://www.myfonts.com/collections/bolera-font-piscotype/
[2026-03-07T14:52:22Z] #34 attempt=1/6 status=200 0.298s url=https://www.myfonts.com/products/west-wasteland-complete-family-package-1118487
[2026-03-07T14:52:22Z] #35 attempt=1/6 status=200 0.320s url=https://www.myfonts.com/collections/west-wasteland-font-vyantype-studio/
[2026-03-07T14:52:23Z] #36 attempt=1/6 status=200 0.765s url=https://www.myfonts.com/products/upright-package-1118573
[2026-03-07T14:52:24Z] #37 attempt=1/6 status=200 0.363s url=https://www.myfonts.com/collections/mizhon-sans-font-skinny-type/
[2026-03-07T14:52:24Z] #38 attempt=1/6 status=200 0.355s url=https://www.myfonts.com/products/wonder-hand-pencil-icons-package-package-1118465
[2026-03-07T14:52:25Z] #39 attempt=1/6 status=200 0.346s url=https://www.myfonts.com/collections/wonder-hand-pencil-font-typographicdesign/
[2026-03-07T14:52:26Z] #40 attempt=1/6 status=200 0.304s url=https://www.myfonts.com/products/space-town-complete-family-package-1117876
[2026-03-07T14:52:26Z] #41 attempt=1/6 status=200 0.289s url=https://www.myfonts.com/collections/space-town-font-bale-type/
[2026-03-07T14:52:27Z] #42 attempt=1/6 status=200 0.456s url=https://www.myfonts.com/products/slanted-package-1118574
[2026-03-07T14:52:27Z] #43 attempt=1/6 status=200 0.442s url=https://www.myfonts.com/collections/mizhon-sans-font-skinny-type/
[2026-03-07T14:52:28Z] #44 attempt=1/6 status=200 0.305s url=https://www.myfonts.com/products/monobran-complete-family-package-1118120
[2026-03-07T14:52:29Z] #45 attempt=1/6 status=200 0.317s url=https://www.myfonts.com/collections/monobran-font-snapedsgn/
[2026-03-07T14:52:29Z] #46 attempt=1/6 status=200 0.377s url=https://www.myfonts.com/products/khaos-complete-family-package-1118472
[2026-03-07T14:52:30Z] #47 attempt=1/6 status=200 0.302s url=https://www.myfonts.com/collections/khaos-font-fontbilisi/
[2026-03-07T14:52:30Z] #48 attempt=1/6 status=200 0.275s url=https://www.myfonts.com/products/delice-pro-complete-family-package-1118126
[2026-03-07T14:52:31Z] #49 attempt=1/6 status=200 0.339s url=https://www.myfonts.com/collections/delice-pro-font-typostudio-pro/
[2026-03-07T14:52:32Z] #50 attempt=1/6 status=200 1.019s url=https://www.myfonts.com/products/expanded-package-1118409
[2026-03-07T14:52:33Z] #51 attempt=1/6 status=200 0.357s url=https://www.myfonts.com/collections/bonarchi-font-rastype-studio/
[2026-03-07T14:52:33Z] #52 attempt=1/6 status=200 0.368s url=https://www.myfonts.com/products/westkind-complete-family-package-1118788
[2026-03-07T14:52:34Z] #53 attempt=1/6 status=200 0.365s url=https://www.myfonts.com/collections/westkind-font-timelesstype-studio/
[2026-03-07T14:52:35Z] #54 attempt=1/6 status=200 0.329s url=https://www.myfonts.com/products/tbj-margin-condensed-complete-family-package-1117893
[2026-03-07T14:52:35Z] #55 attempt=1/6 status=200 0.306s url=https://www.myfonts.com/collections/tbj-margin-condensed-font-taboja-studio/
[2026-03-07T14:52:36Z] #56 attempt=1/6 status=200 0.568s url=https://www.myfonts.com/products/ariex-nue-complete-family-package-1118203
[2026-03-07T14:52:36Z] #57 attempt=1/6 status=200 0.273s url=https://www.myfonts.com/collections/ariex-nue-font-webhance/
[2026-03-07T14:52:37Z] #58 attempt=1/6 status=200 0.273s url=https://www.myfonts.com/products/evahgelina-complete-family-package-1118497
[2026-03-07T14:52:37Z] #59 attempt=1/6 status=200 0.281s url=https://www.myfonts.com/collections/evahgelina-font-made-deduk/
[2026-03-07T14:52:38Z] #60 attempt=1/6 status=200 0.286s url=https://www.myfonts.com/products/special-package-1118849
[2026-03-07T14:52:38Z] #61 attempt=1/6 status=200 0.313s url=https://www.myfonts.com/collections/jewerly-beyon-font-luhop-creative/
[2026-03-07T14:52:39Z] #62 attempt=1/6 status=200 0.366s url=https://www.myfonts.com/products/trup-and-tomp-complete-family-package-1117890
[2026-03-07T14:52:40Z] #63 attempt=1/6 status=200 0.318s url=https://www.myfonts.com/collections/trup-and-tomp-font-angga-mahardika/
[2026-03-07T14:52:40Z] #64 attempt=1/6 status=200 0.287s url=https://www.myfonts.com/products/mc-segalecy-complete-family-package-1118506
[2026-03-07T14:52:41Z] #65 attempt=1/6 status=200 0.322s url=https://www.myfonts.com/collections/mc-segalecy-font-maulana-creative/
[2026-03-07T14:52:41Z] #66 attempt=1/6 status=200 0.278s url=https://www.myfonts.com/products/extended-package-1118331
[2026-03-07T14:52:42Z] #67 attempt=1/6 status=200 0.303s url=https://www.myfonts.com/collections/flova-font-slex-studio/
[2026-03-07T14:52:42Z] #68 attempt=1/6 status=200 0.273s url=https://www.myfonts.com/products/blomby-reg-pack-package-1118471
[2026-03-07T14:52:43Z] #69 attempt=1/6 status=200 0.307s url=https://www.myfonts.com/collections/blomby-font-tegaki/
[2026-03-07T14:52:43Z] #70 attempt=1/6 status=200 0.306s url=https://www.myfonts.com/products/gumybops-complete-family-package-1118110
[2026-03-07T14:52:44Z] #71 attempt=1/6 status=200 0.293s url=https://www.myfonts.com/collections/gumybops-font-snapedsgn/
[2026-03-07T14:52:44Z] #72 attempt=1/6 status=200 0.286s url=https://www.myfonts.com/products/rustvale-complete-family-package-1118101
[2026-03-07T14:52:45Z] #73 attempt=1/6 status=200 0.329s url=https://www.myfonts.com/collections/rustvale-font-letterhend/
[2026-03-07T14:52:46Z] #74 attempt=1/6 status=200 0.306s url=https://www.myfonts.com/products/aseno-modern-complete-family-package-1117916
[2026-03-07T14:52:46Z] #75 attempt=1/6 status=200 0.305s url=https://www.myfonts.com/collections/aseno-modern-font-nirmana-visual/
[2026-03-07T14:52:47Z] #76 attempt=1/6 status=200 0.442s url=https://www.myfonts.com/products/mojian-complete-family-package-1118131
[2026-03-07T14:52:47Z] #77 attempt=1/6 status=200 0.304s url=https://www.myfonts.com/collections/mojian-font-wildan-carfont/
[2026-03-07T14:52:48Z] #78 attempt=1/6 status=200 0.578s url=https://www.myfonts.com/products/reyda-complete-family-package-1117907
[2026-03-07T14:52:49Z] #79 attempt=1/6 status=200 0.314s url=https://www.myfonts.com/collections/reyda-font-ragamkata/
[2026-03-07T14:52:49Z] #80 attempt=1/6 status=200 0.259s url=https://www.myfonts.com/products/rucent-complete-family-package-1118079
[2026-03-07T14:52:50Z] #81 attempt=1/6 status=200 0.350s url=https://www.myfonts.com/collections/rucent-font-vermilione/
[2026-03-07T14:52:50Z] #82 attempt=1/6 status=200 0.267s url=https://www.myfonts.com/products/brokewall-complete-family-package-1117850
[2026-03-07T14:52:51Z] #83 attempt=1/6 status=200 0.309s url=https://www.myfonts.com/collections/brokewall-font-valorix-studio/
[2026-03-07T14:52:51Z] #84 attempt=1/6 status=200 0.309s url=https://www.myfonts.com/products/flova-complete-family-package-1118233
[2026-03-07T14:52:52Z] #85 attempt=1/6 status=200 0.449s url=https://www.myfonts.com/collections/flova-font-slex-studio/
[2026-03-07T14:52:53Z] #86 attempt=1/6 status=200 0.294s url=https://www.myfonts.com/products/fox-nibble-complete-family-package-1118418
[2026-03-07T14:52:53Z] #87 attempt=1/6 status=200 0.337s url=https://www.myfonts.com/collections/fox-nibble-font-fox7/
[2026-03-07T14:52:54Z] #88 attempt=1/6 status=200 0.359s url=https://www.myfonts.com/products/upright-package-1118696
[2026-03-07T14:52:54Z] #89 attempt=1/6 status=200 0.389s url=https://www.myfonts.com/collections/mizhon-serif-font-skinny-type/
[2026-03-07T14:52:55Z] #90 attempt=1/6 status=200 0.417s url=https://www.myfonts.com/products/harney-complete-family-package-1118105
[2026-03-07T14:52:56Z] #91 attempt=1/6 status=200 0.528s url=https://www.myfonts.com/collections/harney-font-letterhend/
[2026-03-07T14:52:57Z] #92 attempt=1/6 status=200 0.383s url=https://www.myfonts.com/products/hard-package-1118416
[2026-03-07T14:52:57Z] #93 attempt=1/6 status=200 0.575s url=https://www.myfonts.com/collections/readant-font-rastype-studio/
[2026-03-07T14:52:58Z] #94 attempt=1/6 status=200 0.447s url=https://www.myfonts.com/products/blime-blackletter-complete-family-package-1118501
[2026-03-07T14:52:59Z] #95 attempt=1/6 status=200 0.394s url=https://www.myfonts.com/collections/blime-blackletter-font-nirmana-visual/
[2026-03-07T14:52:59Z] #96 attempt=1/6 status=200 0.325s url=https://www.myfonts.com/products/freedom-paradise-complete-family-package-1118234
[2026-03-07T14:53:00Z] #97 attempt=1/6 status=200 0.338s url=https://www.myfonts.com/collections/freedom-paradise-font-stylishtype-studio/
[2026-03-07T14:53:01Z] #98 attempt=1/6 status=200 0.375s url=https://www.myfonts.com/products/designer-edition-package-1117903
[2026-03-07T14:53:01Z] #99 attempt=1/6 status=200 0.396s url=https://www.myfonts.com/collections/tbj-margin-condensed-font-taboja-studio/
[2026-03-07T14:53:02Z] #100 attempt=1/6 status=200 0.385s url=https://www.myfonts.com/products/mizhon-serif-complete-family-package-1118660
[2026-03-07T14:53:03Z] #101 attempt=1/6 status=200 0.354s url=https://www.myfonts.com/collections/mizhon-serif-font-skinny-type/
[2026-03-07T14:53:03Z] #102 attempt=1/6 status=200 0.578s url=https://www.myfonts.com/products/rusty-court-complete-family-package-1117950
