[2026-03-08T15:33:54Z] === MyFonts crawl start source=myfonts ===
[2026-03-08T15:33:54Z] config max_pages=3 page_size=100 start_date=None end_date=None api_delay=6.0s detail_delay=8.0s max_debut_checks=35 max_tech_specs_checks=0 reuse_success_profile=False browser_mode=True browser_headless=True browser_storage_state_path=state/myfonts_storage_state.json
[2026-03-08T15:33:54Z] browser_client=ready transport=playwright
[2026-03-08T15:34:03Z] #1 attempt=1/6 status=200 2.197s url=https://www.myfonts.com/products.json?limit=100&page=1
[2026-03-08T15:34:12Z] #2 attempt=1/6 status=200 1.566s url=https://www.myfonts.com/products/brush-italic-volga-1118899
[2026-03-08T15:34:22Z] #3 attempt=1/6 status=200 1.443s url=https://www.myfonts.com/collections/volga-font-alpercakici/
[2026-03-08T15:34:31Z] #4 attempt=1/6 status=200 1.064s url=https://www.myfonts.com/products/wildforest-complete-family-package-1118857
[2026-03-08T15:34:40Z] #5 attempt=1/6 status=200 0.851s url=https://www.myfonts.com/collections/wildforest-font-enfeeltype/
[2026-03-08T15:34:49Z] #6 attempt=1/6 status=200 0.711s url=https://www.myfonts.com/products/contraption-complete-family-package-1118855
[2026-03-08T15:34:58Z] #7 attempt=1/6 status=200 0.740s url=https://www.myfonts.com/collections/contraption-font-pink-broccoli/
[2026-03-08T15:35:07Z] #8 attempt=1/6 status=200 0.581s url=https://www.myfonts.com/products/meltaface-complete-family-package-1118853
[2026-03-08T15:35:15Z] #9 attempt=1/6 status=200 0.597s url=https://www.myfonts.com/collections/meltaface-font-stacy-rodrigos/
[2026-03-08T15:35:24Z] #10 attempt=1/6 status=200 0.651s url=https://www.myfonts.com/products/regular-giaza-1118878
[2026-03-08T15:35:33Z] #11 attempt=1/6 status=200 0.517s url=https://www.myfonts.com/collections/giaza-font-anthony-james/
[2026-03-08T15:35:41Z] #12 attempt=1/6 status=200 0.697s url=https://www.myfonts.com/products/italic-proscenium-1118334
[2026-03-08T15:35:50Z] #13 attempt=1/6 status=200 0.680s url=https://www.myfonts.com/collections/proscenium-font-wings-art-studio/
[2026-03-08T15:35:59Z] #14 attempt=1/6 status=200 0.778s url=https://www.myfonts.com/products/roman-variable-jewerly-beyon-1118803
[2026-03-08T15:36:09Z] #15 attempt=1/6 status=200 1.334s url=https://www.myfonts.com/collections/jewerly-beyon-font-luhop-creative/
[2026-03-08T15:36:19Z] #16 attempt=1/6 status=200 0.759s url=https://www.myfonts.com/products/mizhon-sans-complete-family-package-1118559
[2026-03-08T15:36:28Z] #17 attempt=1/6 status=200 1.105s url=https://www.myfonts.com/collections/mizhon-sans-font-skinny-type/
[2026-03-08T15:36:37Z] #18 attempt=1/6 status=200 0.602s url=https://www.myfonts.com/products/the-musa-editorial-complete-family-package-1118520
[2026-03-08T15:36:46Z] #19 attempt=1/6 status=200 0.879s url=https://www.myfonts.com/collections/the-musa-editorial-font-romie-creative/
[2026-03-08T15:36:55Z] #20 attempt=1/6 status=200 1.183s url=https://www.myfonts.com/products/quenova-complete-family-package-1117920
[2026-03-08T15:37:05Z] #21 attempt=1/6 status=200 2.125s url=https://www.myfonts.com/collections/quenova-font-kaidosan/
[2026-03-08T15:37:15Z] #22 attempt=1/6 status=200 1.306s url=https://www.myfonts.com/products/semi-expanded-package-1118408
[2026-03-08T15:37:27Z] #23 attempt=1/6 status=200 3.619s url=https://www.myfonts.com/collections/bonarchi-font-rastype-studio/
[2026-03-08T15:37:36Z] #24 attempt=1/6 status=200 0.648s url=https://www.myfonts.com/products/master-righinta-complete-family-package-1118226
[2026-03-08T15:37:45Z] #25 attempt=1/6 status=200 0.627s url=https://www.myfonts.com/collections/master-righinta-font-tm-type/
[2026-03-08T15:37:54Z] #26 attempt=1/6 status=200 0.844s url=https://www.myfonts.com/products/sefalio-complete-family-package-1118116
[2026-03-08T15:38:03Z] #27 attempt=1/6 status=200 0.670s url=https://www.myfonts.com/collections/sefalio-font-snapedsgn/
[2026-03-08T15:38:11Z] #28 attempt=1/6 status=200 0.497s url=https://www.myfonts.com/products/alesteny-pojharu-complete-family-package-1118098
[2026-03-08T15:38:20Z] #29 attempt=1/6 status=200 0.540s url=https://www.myfonts.com/collections/alesteny-pojharu-font-stylishtype-studio/
[2026-03-08T15:38:29Z] #30 attempt=1/6 status=200 0.688s url=https://www.myfonts.com/products/upright-package-1118589
[2026-03-08T15:38:38Z] #31 attempt=1/6 status=200 1.006s url=https://www.myfonts.com/collections/mizhon-flare-font-skinny-type/
[2026-03-08T15:38:47Z] #32 attempt=1/6 status=200 0.552s url=https://www.myfonts.com/products/foliant-serif-complete-family-package-1118592
[2026-03-08T15:38:55Z] #33 attempt=1/6 status=200 0.565s url=https://www.myfonts.com/collections/foliant-serif-font-moritz-kleinsorge/
[2026-03-08T15:39:04Z] #34 attempt=1/6 status=200 0.526s url=https://www.myfonts.com/products/crone-complete-family-package-1118200
[2026-03-08T15:39:13Z] #35 attempt=1/6 status=200 0.764s url=https://www.myfonts.com/collections/crone-font-artiveko/
[2026-03-08T15:39:22Z] #36 attempt=1/6 status=200 0.648s url=https://www.myfonts.com/products/bolera-complete-family-package-1118428
[2026-03-08T15:39:31Z] #37 attempt=1/6 status=200 0.908s url=https://www.myfonts.com/collections/bolera-font-piscotype/
[2026-03-08T15:39:39Z] #38 attempt=1/6 status=200 0.555s url=https://www.myfonts.com/products/west-wasteland-complete-family-package-1118487
[2026-03-08T15:39:48Z] #39 attempt=1/6 status=200 0.625s url=https://www.myfonts.com/collections/west-wasteland-font-vyantype-studio/
[2026-03-08T15:39:57Z] #40 attempt=1/6 status=200 0.576s url=https://www.myfonts.com/products/wonder-hand-pencil-icons-package-package-1118465
[2026-03-08T15:40:06Z] #41 attempt=1/6 status=200 0.976s url=https://www.myfonts.com/collections/wonder-hand-pencil-font-typographicdesign/
[2026-03-08T15:40:15Z] #42 attempt=1/6 status=200 0.494s url=https://www.myfonts.com/products/space-town-complete-family-package-1117876
[2026-03-08T15:40:23Z] #43 attempt=1/6 status=200 0.575s url=https://www.myfonts.com/collections/space-town-font-bale-type/
[2026-03-08T15:40:32Z] #44 attempt=1/6 status=200 0.638s url=https://www.myfonts.com/products/monobran-complete-family-package-1118120
[2026-03-08T15:40:41Z] #45 attempt=1/6 status=200 0.851s url=https://www.myfonts.com/collections/monobran-font-snapedsgn/
[2026-03-08T15:40:50Z] #46 attempt=1/6 status=200 0.585s url=https://www.myfonts.com/products/khaos-complete-family-package-1118472
[2026-03-08T15:40:58Z] #47 attempt=1/6 status=200 0.785s url=https://www.myfonts.com/collections/khaos-font-fontbilisi/
[2026-03-08T15:41:07Z] #48 attempt=1/6 status=200 0.733s url=https://www.myfonts.com/products/delice-pro-complete-family-package-1118126
[2026-03-08T15:41:16Z] #49 attempt=1/6 status=200 0.553s url=https://www.myfonts.com/collections/delice-pro-font-typostudio-pro/
[2026-03-08T15:41:25Z] #50 attempt=1/6 status=200 0.661s url=https://www.myfonts.com/products/westkind-complete-family-package-1118788
[2026-03-08T15:41:37Z] #51 attempt=1/6 status=200 3.709s url=https://www.myfonts.com/collections/westkind-font-timelesstype-studio/
[2026-03-08T15:41:46Z] #52 attempt=1/6 status=200 1.144s url=https://www.myfonts.com/products/tbj-margin-condensed-complete-family-package-1117893
