[2026-03-07T15:17:35Z] === MyFonts crawl start source=myfonts ===
[2026-03-07T15:17:35Z] config max_pages=40 page_size=250 start_date=2026-02-23 end_date=2026-03-01 api_delay=0.25s detail_delay=0.2s
[2026-03-07T15:17:38Z] #1 attempt=1/6 status=200 2.405s url=https://www.myfonts.com/products.json?limit=250&page=1
[2026-03-07T15:17:38Z] #2 attempt=1/6 status=200 0.353s url=https://www.myfonts.com/products.json?limit=250&page=2
[2026-03-07T15:17:39Z] #3 attempt=1/6 status=200 0.454s url=https://www.myfonts.com/products.json?limit=250&page=3
[2026-03-07T15:17:40Z] #4 attempt=1/6 status=200 0.406s url=https://www.myfonts.com/products.json?limit=250&page=4
[2026-03-07T15:17:42Z] #5 attempt=1/6 status=200 2.042s url=https://www.myfonts.com/products.json?limit=250&page=5
[2026-03-07T15:17:45Z] #6 attempt=1/6 status=200 2.089s url=https://www.myfonts.com/products.json?limit=250&page=6
[2026-03-07T15:17:47Z] #7 attempt=1/6 status=200 1.638s url=https://www.myfonts.com/products.json?limit=250&page=7
[2026-03-07T15:17:49Z] #8 attempt=1/6 status=200 1.965s url=https://www.myfonts.com/products.json?limit=250&page=8
[2026-03-07T15:17:51Z] #9 attempt=1/6 status=200 2.311s url=https://www.myfonts.com/products.json?limit=250&page=9
[2026-03-07T15:17:52Z] #10 attempt=1/6 status=200 0.499s url=https://www.myfonts.com/products.json?limit=250&page=10
[2026-03-07T15:17:55Z] #11 attempt=1/6 status=200 2.553s url=https://www.myfonts.com/products.json?limit=250&page=11
[2026-03-07T15:17:56Z] #12 attempt=1/6 status=200 0.305s url=https://www.myfonts.com/products/regular-sailstorm-1115676
[2026-03-07T15:17:56Z] #13 attempt=1/6 status=200 0.616s url=https://www.myfonts.com/products/shadow-single-malt-1115672
[2026-03-07T15:17:57Z] #14 attempt=1/6 status=200 0.780s url=https://www.myfonts.com/products/regular-maverixe-1115653
[2026-03-07T15:17:58Z] #15 attempt=1/6 status=200 0.298s url=https://www.myfonts.com/products/outline-skatehood-1115668
[2026-03-07T15:17:59Z] #16 attempt=1/6 status=200 0.296s url=https://www.myfonts.com/products/bold-clemb-1115662
[2026-03-07T15:18:00Z] #17 attempt=1/6 status=200 0.759s url=https://www.myfonts.com/products/pn-big-mack-complete-family-package-1115797
[2026-03-07T15:18:01Z] #18 attempt=1/6 status=200 1.032s url=https://www.myfonts.com/products/shiftea-complete-family-package-1115427
[2026-03-07T15:18:02Z] #19 attempt=1/6 status=200 0.524s url=https://www.myfonts.com/collections/shiftea-font-matra-creative/
[2026-03-07T15:18:02Z] #20 attempt=1/6 status=200 0.418s url=https://www.myfonts.com/products/morv-complete-family-package-1115738
[2026-03-07T15:18:03Z] #21 attempt=1/6 status=200 0.648s url=https://www.myfonts.com/products/silesianum-complete-family-package-1115391
[2026-03-07T15:18:04Z] #22 attempt=1/6 status=200 0.607s url=https://www.myfonts.com/collections/silesianum-font-borutta/
[2026-03-07T15:18:05Z] #23 attempt=1/6 status=200 0.680s url=https://www.myfonts.com/products/ashigaru-complete-family-package-1115692
[2026-03-07T15:18:06Z] #24 attempt=1/6 status=200 0.865s url=https://www.myfonts.com/products/andrea-carter-complete-family-package-1115337
[2026-03-07T15:18:07Z] #25 attempt=1/6 status=200 0.468s url=https://www.myfonts.com/collections/andrea-carter-font-letterena-studios/
[2026-03-07T15:18:07Z] #26 attempt=1/6 status=200 0.449s url=https://www.myfonts.com/products/picabro-complete-family-package-1115341
[2026-03-07T15:18:08Z] #27 attempt=1/6 status=200 0.692s url=https://www.myfonts.com/collections/picabro-font-heinzel-std/
[2026-03-07T15:18:09Z] #28 attempt=1/6 status=200 0.542s url=https://www.myfonts.com/products/jorix-complete-family-package-1115705
[2026-03-07T15:18:10Z] #29 attempt=1/6 status=200 0.710s url=https://www.myfonts.com/products/mundo-grafico-denso-denso-italic-package-1115726
[2026-03-07T15:18:11Z] #30 attempt=1/6 status=200 0.892s url=https://www.myfonts.com/products/all-about-me-complete-family-package-1114345
[2026-03-07T15:18:12Z] #31 attempt=1/6 status=200 1.053s url=https://www.myfonts.com/collections/all-about-me-font-hanoded/
[2026-03-07T15:18:14Z] #32 attempt=1/6 status=200 0.932s url=https://www.myfonts.com/products/pn-bunchberry-complete-family-package-1115779
[2026-03-07T15:18:14Z] #33 attempt=1/6 status=200 0.696s url=https://www.myfonts.com/products/pixora-complete-family-package-1115315
[2026-03-07T15:18:16Z] #34 attempt=1/6 status=200 1.078s url=https://www.myfonts.com/collections/pixora-font-alpercakici/
[2026-03-07T15:18:17Z] #35 attempt=1/6 status=200 1.060s url=https://www.myfonts.com/products/rubber-duck-complete-family-package-1115677
[2026-03-07T15:18:18Z] #36 attempt=1/6 status=200 0.839s url=https://www.myfonts.com/products/dekalea-complete-family-package-1115714
[2026-03-07T15:18:19Z] #37 attempt=1/6 status=200 0.811s url=https://www.myfonts.com/products/modlore-complete-family-package-1115334
[2026-03-07T15:18:20Z] #38 attempt=1/6 status=200 0.866s url=https://www.myfonts.com/collections/modlore-font-rhd-creative/
[2026-03-07T15:18:21Z] #39 attempt=1/6 status=200 0.555s url=https://www.myfonts.com/products/fox-nuggie-complete-family-package-1115346
[2026-03-07T15:18:22Z] #40 attempt=1/6 status=200 0.860s url=https://www.myfonts.com/collections/fox-nuggie-font-fox7/
[2026-03-07T15:18:24Z] #41 attempt=1/6 status=200 1.557s url=https://www.myfonts.com/products/movery-complete-family-package-1115791
[2026-03-07T15:18:25Z] #42 attempt=1/6 status=200 0.786s url=https://www.myfonts.com/products/willy-caslon-essential-package-1113831
[2026-03-07T15:18:26Z] #43 attempt=1/6 status=200 0.613s url=https://www.myfonts.com/collections/willy-caslon-font-latinotype/
[2026-03-07T15:18:27Z] #44 attempt=1/6 status=200 0.546s url=https://www.myfonts.com/products/balium-blur-complete-family-package-1115741
[2026-03-07T15:18:28Z] #45 attempt=1/6 status=200 0.774s url=https://www.myfonts.com/products/oakrich-complete-family-package-1115681
[2026-03-07T15:18:28Z] #46 attempt=1/6 status=200 0.663s url=https://www.myfonts.com/products/brado-quena-complete-family-package-1116170
[2026-03-07T15:18:30Z] #47 attempt=1/6 status=200 0.985s url=https://www.myfonts.com/collections/brado-quena-font-sign-studio/
[2026-03-07T15:18:31Z] #48 attempt=1/6 status=200 0.791s url=https://www.myfonts.com/products/bootleg-barrels-complete-family-package-1115687
[2026-03-07T15:18:32Z] #49 attempt=1/6 status=200 0.543s url=https://www.myfonts.com/products/amaro-block-complete-family-package-1115521
[2026-03-07T15:18:33Z] #50 attempt=1/6 status=200 0.840s url=https://www.myfonts.com/collections/amaro-block-font-autographis/
[2026-03-07T15:18:34Z] #51 attempt=1/6 status=200 0.819s url=https://www.myfonts.com/products/smyth-kelagon-complete-family-package-1115701
[2026-03-07T15:18:35Z] #52 attempt=1/6 status=200 0.800s url=https://www.myfonts.com/products/domesia-complete-family-package-1115788
[2026-03-07T15:18:36Z] #53 attempt=1/6 status=200 0.791s url=https://www.myfonts.com/products/k73-balcher-complete-family-package-1115353
[2026-03-07T15:18:37Z] #54 attempt=1/6 status=200 0.902s url=https://www.myfonts.com/collections/k73-balcher-font-k73-type-foundry/
[2026-03-07T15:18:38Z] #55 attempt=1/6 status=200 0.736s url=https://www.myfonts.com/products/astorina-complete-family-package-1115363
[2026-03-07T15:18:39Z] #56 attempt=1/6 status=200 0.725s url=https://www.myfonts.com/collections/astorina-font-trick-type-style/
[2026-03-07T15:18:40Z] #57 attempt=1/6 status=200 0.744s url=https://www.myfonts.com/products/zp-dapplegrim-complete-family-package-1115751
[2026-03-07T15:18:41Z] #58 attempt=1/6 status=200 1.218s url=https://www.myfonts.com/products/gopadel-complete-family-package-1115750
[2026-03-07T15:18:42Z] #59 attempt=1/6 status=200 0.498s url=https://www.myfonts.com/products/stiff-ballpoint-complete-family-package-1115794
[2026-03-07T15:18:43Z] #60 attempt=1/6 status=200 0.791s url=https://www.myfonts.com/products/fhagi-complete-family-package-1115728
[2026-03-07T15:18:44Z] #61 attempt=1/6 status=200 1.223s url=https://www.myfonts.com/products/novalux-complete-family-package-1115520
[2026-03-07T15:18:45Z] #62 attempt=1/6 status=200 0.774s url=https://www.myfonts.com/collections/novalux-font-matra-creative/
[2026-03-07T15:18:47Z] #63 attempt=1/6 status=200 0.784s url=https://www.myfonts.com/products/medieval-grammar-complete-family-package-1115684
[2026-03-07T15:18:48Z] #64 attempt=1/6 status=200 0.684s url=https://www.myfonts.com/products/amonetta-complete-family-package-1115696
[2026-03-07T15:18:48Z] #65 attempt=1/6 status=200 0.603s url=https://www.myfonts.com/products.json?limit=250&page=12
[2026-03-07T15:18:49Z] #66 attempt=1/6 status=200 0.479s url=https://www.myfonts.com/products/regular-redesign-1115362
[2026-03-07T15:18:50Z] #67 attempt=1/6 status=200 0.463s url=https://www.myfonts.com/products/regular-vetrix-1115709
[2026-03-07T15:18:51Z] #68 attempt=1/6 status=200 0.751s url=https://www.myfonts.com/products/regular-arveus-1115727
[2026-03-07T15:18:52Z] #69 attempt=1/6 status=200 0.598s url=https://www.myfonts.com/collections/drizy-font-foundry/
[2026-03-07T15:18:53Z] #70 attempt=1/6 status=200 0.719s url=https://www.myfonts.com/collections/drizy-font-foundry/
[2026-03-07T15:18:53Z] #71 attempt=1/6 status=200 0.592s url=https://www.myfonts.com/products/regular-caneyo-1115713
[2026-03-07T15:18:54Z] #72 attempt=1/6 status=200 0.832s url=https://www.myfonts.com/products/regular-cherry-shine-1115710
[2026-03-07T15:18:56Z] #73 attempt=1/6 status=200 0.816s url=https://www.myfonts.com/products/book-squiggo-1115717
[2026-03-07T15:18:56Z] #74 attempt=1/6 status=200 0.475s url=https://www.myfonts.com/products/regular-ethnica-1115700
[2026-03-07T15:18:57Z] #75 attempt=1/6 status=200 0.631s url=https://www.myfonts.com/products/regular-souta-1115711
[2026-03-07T15:18:58Z] #76 attempt=1/6 status=200 0.725s url=https://www.myfonts.com/products/regular-zaiden-1115351
[2026-03-07T15:18:59Z] #77 attempt=1/6 status=200 0.664s url=https://www.myfonts.com/products/gecarin-regular-gecarin-1115340
[2026-03-07T15:19:00Z] #78 attempt=1/6 status=200 0.709s url=https://www.myfonts.com/products/regular-better-sunday-1115333
[2026-03-07T15:19:01Z] #79 attempt=1/6 status=200 0.654s url=https://www.myfonts.com/collections/better-sunday-font-inviline/
[2026-03-07T15:19:02Z] #80 attempt=1/6 status=200 0.753s url=https://www.myfonts.com/products/regular-almanac-zitole-1115344
[2026-03-07T15:19:03Z] #81 attempt=1/6 status=200 0.622s url=https://www.myfonts.com/products/regular-witech-1115712
[2026-03-07T15:19:06Z] #82 attempt=1/6 status=200 2.942s url=https://www.myfonts.com/products.json?limit=250&page=13
[2026-03-07T15:19:07Z] #83 attempt=1/6 status=200 0.691s url=https://www.myfonts.com/products/regular-raviel-1115704
[2026-03-07T15:19:08Z] #84 attempt=1/6 status=200 0.651s url=https://www.myfonts.com/products/regular-muthia-sari-1115352
[2026-03-07T15:19:08Z] #85 attempt=1/6 status=200 0.715s url=https://www.myfonts.com/products/regular-barbaric-1115699
[2026-03-07T15:19:09Z] #86 attempt=1/6 status=200 0.710s url=https://www.myfonts.com/products/regular-twilight-kiss-1115361
[2026-03-07T15:19:10Z] #87 attempt=1/6 status=200 0.717s url=https://www.myfonts.com/products/regular-golniere-1115345
[2026-03-07T15:19:12Z] #88 attempt=1/6 status=200 1.419s url=https://www.myfonts.com/products/circular-inline-warmonger-1114523
[2026-03-07T15:19:14Z] #89 attempt=1/6 status=200 1.632s url=https://www.myfonts.com/collections/warmonger-font-alpercakici/
[2026-03-07T15:19:17Z] #90 attempt=1/6 status=200 2.341s url=https://www.myfonts.com/products.json?limit=250&page=14
[2026-03-07T15:19:18Z] #91 attempt=1/6 status=200 0.867s url=https://www.myfonts.com/products/the-romantic-fonts-collection-package-1116169
[2026-03-07T15:19:19Z] #92 attempt=1/6 status=200 1.104s url=https://www.myfonts.com/products/pro-rounded-bold-oblique-helvetica-368908
[2026-03-07T15:19:20Z] #93 attempt=1/6 status=200 0.522s url=https://www.myfonts.com/collections/helvetica-font-linotype/
[2026-03-07T15:19:22Z] #94 attempt=1/6 status=200 1.819s url=https://www.myfonts.com/products/standard-regular-orelo-1112939
[2026-03-07T15:19:26Z] #95 attempt=1/6 status=200 3.714s url=https://www.myfonts.com/collections/orelo-font-pizzatypefaces/
[2026-03-07T15:19:28Z] #96 attempt=1/6 status=200 1.353s url=https://www.myfonts.com/products/eroded-italic-akademiya-1113898
[2026-03-07T15:19:29Z] #97 attempt=1/6 status=200 1.603s url=https://www.myfonts.com/collections/akademiya-font-alpercakici/
[2026-03-07T15:19:31Z] #98 attempt=1/6 status=200 1.596s url=https://www.myfonts.com/products/sevontic-extra-light-condensed-oblique-sevontic-variable-1113222
[2026-03-07T15:19:34Z] #99 attempt=1/6 status=200 2.211s url=https://www.myfonts.com/collections/sevontic-variable-font-mantype-studio/
[2026-03-07T15:19:35Z] #100 attempt=1/6 status=200 1.269s url=https://www.myfonts.com/products/capitals-bright-ensaio-1112885
[2026-03-07T15:19:38Z] #101 attempt=1/6 status=200 2.223s url=https://www.myfonts.com/collections/ensaio-font-dstype/
[2026-03-07T15:19:39Z] #102 attempt=1/6 status=200 1.100s url=https://www.myfonts.com/products/regular-b-mfc-stencil-borders-two-1115197
[2026-03-07T15:19:40Z] #103 attempt=1/6 status=200 0.938s url=https://www.myfonts.com/collections/mfc-stencil-borders-two-font-monogram/
[2026-03-07T15:19:43Z] #104 attempt=1/6 status=200 2.376s url=https://www.myfonts.com/products/semi-bold-comp-italic-aukim-ii-outline-1114683
[2026-03-07T15:19:48Z] #105 attempt=1/6 status=200 4.217s url=https://www.myfonts.com/collections/aukim-ii-outline-font-aukimvisuel/
[2026-03-07T15:19:49Z] #106 attempt=1/6 status=200 0.749s url=https://www.myfonts.com/products/italic-gayen-1113964
[2026-03-07T15:19:50Z] #107 attempt=1/6 status=200 0.710s url=https://www.myfonts.com/collections/gayen-font-ragamkata/
[2026-03-07T15:19:51Z] #108 attempt=1/6 status=200 0.788s url=https://www.myfonts.com/products/regular-quylo-1113209
[2026-03-07T15:19:52Z] #109 attempt=1/6 status=200 0.824s url=https://www.myfonts.com/collections/quylo-font-zaain-type/
[2026-03-07T15:19:53Z] #110 attempt=1/6 status=200 0.786s url=https://www.myfonts.com/products/regular-b-mfc-stencil-borders-one-1115193
[2026-03-07T15:19:54Z] #111 attempt=1/6 status=200 0.938s url=https://www.myfonts.com/collections/mfc-stencil-borders-one-font-monogram/
[2026-03-07T15:19:55Z] #112 attempt=1/6 status=200 0.665s url=https://www.myfonts.com/products/regular-smoothie-delights-1114336
[2026-03-07T15:19:56Z] #113 attempt=1/6 status=200 0.593s url=https://www.myfonts.com/collections/smoothie-delights-font-agny-hasya-studio/
[2026-03-07T15:19:57Z] #114 attempt=1/6 status=200 0.708s url=https://www.myfonts.com/products/double-dot-matrix-mono-vp-1113205
[2026-03-07T15:19:58Z] #115 attempt=1/6 status=200 0.761s url=https://www.myfonts.com/collections/dot-matrix-mono-vp-font-val-kalinic/
[2026-03-07T15:19:59Z] #116 attempt=1/6 status=200 1.044s url=https://www.myfonts.com/products/outline-neisson-1115188
[2026-03-07T15:20:01Z] #117 attempt=1/6 status=200 1.513s url=https://www.myfonts.com/collections/neisson-font-alpercakici/
[2026-03-07T15:20:02Z] #118 attempt=1/6 status=200 0.740s url=https://www.myfonts.com/products/regular-blone-1114302
[2026-03-07T15:20:03Z] #119 attempt=1/6 status=200 0.862s url=https://www.myfonts.com/collections/blone-font-afkari-studio/
[2026-03-07T15:20:04Z] #120 attempt=1/6 status=200 0.780s url=https://www.myfonts.com/products/regular-thubing-drawing-1113188
[2026-03-07T15:20:05Z] #121 attempt=1/6 status=200 0.620s url=https://www.myfonts.com/collections/thubing-drawing-font-afkari-studio/
[2026-03-07T15:20:06Z] #122 attempt=1/6 status=200 0.638s url=https://www.myfonts.com/products/zelthara-sans-thin-italic-zelthara-variable-1114263
[2026-03-07T15:20:07Z] #123 attempt=1/6 status=200 0.658s url=https://www.myfonts.com/collections/zelthara-variable-font-laroyba-type/
[2026-03-07T15:20:08Z] #124 attempt=1/6 status=200 0.806s url=https://www.myfonts.com/products/regular-cranity-1113181
[2026-03-07T15:20:09Z] #125 attempt=1/6 status=200 0.804s url=https://www.myfonts.com/collections/cranity-font-afkari-studio/
[2026-03-07T15:20:11Z] #126 attempt=1/6 status=200 2.402s url=https://www.myfonts.com/products/light-aukim-ii-rounded-1113448
[2026-03-07T15:20:15Z] #127 attempt=1/6 status=200 3.610s url=https://www.myfonts.com/collections/aukim-ii-rounded-font-aukimvisuel/
[2026-03-07T15:20:17Z] #128 attempt=1/6 status=200 0.968s url=https://www.myfonts.com/products/eroded-italic-girafity-1113868
[2026-03-07T15:20:18Z] #129 attempt=1/6 status=200 1.003s url=https://www.myfonts.com/collections/girafity-font-alpercakici/
[2026-03-07T15:20:19Z] #130 attempt=1/6 status=200 0.760s url=https://www.myfonts.com/products/regular-mitohan-1113147
[2026-03-07T15:20:20Z] #131 attempt=1/6 status=200 0.646s url=https://www.myfonts.com/collections/mitohan-font-ahweproject/
[2026-03-07T15:20:21Z] #132 attempt=1/6 status=200 0.738s url=https://www.myfonts.com/products/regular-raisahren-1113140
[2026-03-07T15:20:22Z] #133 attempt=1/6 status=200 0.630s url=https://www.myfonts.com/collections/raisahren-font-denustudio/
[2026-03-07T15:20:23Z] #134 attempt=1/6 status=200 0.850s url=https://www.myfonts.com/products/black-re-atwic-cyrillic-1097775
[2026-03-07T15:20:24Z] #135 attempt=1/6 status=200 0.817s url=https://www.myfonts.com/collections/atwic-cyrillic-font-caron-twice/
[2026-03-07T15:20:25Z] #136 attempt=1/6 status=200 0.901s url=https://www.myfonts.com/products/outline-pixobay-1112822
[2026-03-07T15:20:26Z] #137 attempt=1/6 status=200 0.951s url=https://www.myfonts.com/collections/pixobay-font-alpercakici/
[2026-03-07T15:20:27Z] #138 attempt=1/6 status=200 0.710s url=https://www.myfonts.com/products/medium-ioannem-1114644
[2026-03-07T15:20:29Z] #139 attempt=1/6 status=200 0.876s url=https://www.myfonts.com/collections/ioannem-font-john-misael/
[2026-03-07T15:20:30Z] #140 attempt=1/6 status=200 1.157s url=https://www.myfonts.com/products/regular-scor-1113647
[2026-03-07T15:20:31Z] #141 attempt=1/6 status=200 0.806s url=https://www.myfonts.com/collections/scor-font-stanley-fonts/
[2026-03-07T15:20:33Z] #142 attempt=1/6 status=200 1.260s url=https://www.myfonts.com/products/script-altus-moritile-1113135
[2026-03-07T15:20:34Z] #143 attempt=1/6 status=200 0.994s url=https://www.myfonts.com/collections/altus-moritile-font-marvadesign/
[2026-03-07T15:20:35Z] #144 attempt=1/6 status=200 0.825s url=https://www.myfonts.com/products/regular-formuno-1113650
[2026-03-07T15:20:36Z] #145 attempt=1/6 status=200 0.731s url=https://www.myfonts.com/collections/formuno-font-rasio-studio/
[2026-03-07T15:20:38Z] #146 attempt=1/6 status=200 1.627s url=https://www.myfonts.com/products/bold-trt-structa-pro-1112794
[2026-03-07T15:20:39Z] #147 attempt=1/6 status=200 1.192s url=https://www.myfonts.com/collections/trt-structa-pro-font-true-type-lab/
[2026-03-07T15:20:40Z] #148 attempt=1/6 status=200 0.807s url=https://www.myfonts.com/products/italic-astella-luxury-1113611
[2026-03-07T15:20:41Z] #149 attempt=1/6 status=200 0.970s url=https://www.myfonts.com/collections/astella-luxury-font-nirmana-visual/
[2026-03-07T15:20:42Z] #150 attempt=1/6 status=200 0.865s url=https://www.myfonts.com/products/bold-regular-mirhane-1114628
[2026-03-07T15:20:44Z] #151 attempt=1/6 status=200 1.062s url=https://www.myfonts.com/collections/mirhane-font-tegaki/
[2026-03-07T15:20:45Z] #152 attempt=1/6 status=200 0.755s url=https://www.myfonts.com/products/italic-benthisa-1112682
[2026-03-07T15:20:46Z] #153 attempt=1/6 status=200 0.659s url=https://www.myfonts.com/collections/benthisa-font-letterena-studios/
[2026-03-07T15:20:47Z] #154 attempt=1/6 status=200 0.698s url=https://www.myfonts.com/products/bold-semiotica-1113564
[2026-03-07T15:20:48Z] #155 attempt=1/6 status=200 0.790s url=https://www.myfonts.com/collections/semiotica-font-mysterian/
[2026-03-07T15:20:49Z] #156 attempt=1/6 status=200 0.803s url=https://www.myfonts.com/products/alatha-mirtha-regular-alatha-mirtha-1113131
[2026-03-07T15:20:49Z] #157 attempt=1/6 status=200 0.610s url=https://www.myfonts.com/collections/alatha-mirtha-font-artdorable-foundry/
[2026-03-07T15:20:50Z] #158 attempt=1/6 status=200 0.722s url=https://www.myfonts.com/products/regular-burger-champ-1112678
[2026-03-07T15:20:52Z] #159 attempt=1/6 status=200 0.981s url=https://www.myfonts.com/collections/burger-champ-font-letterena-studios/
[2026-03-07T15:20:53Z] #160 attempt=1/6 status=200 0.657s url=https://www.myfonts.com/products/regular-revert-grotesque-1113562
[2026-03-07T15:20:53Z] #161 attempt=1/6 status=200 0.735s url=https://www.myfonts.com/collections/revert-grotesque-font-mysterian/
[2026-03-07T15:20:54Z] #162 attempt=1/6 status=200 0.751s url=https://www.myfonts.com/products/italic-andores-1112656
[2026-03-07T15:20:56Z] #163 attempt=1/6 status=200 0.954s url=https://www.myfonts.com/collections/andores-font-font-liner/
[2026-03-07T15:20:57Z] #164 attempt=1/6 status=200 0.802s url=https://www.myfonts.com/products/shiny-gummier-1113813
[2026-03-07T15:20:58Z] #165 attempt=1/6 status=200 0.848s url=https://www.myfonts.com/collections/gummier-font-hanoi-cartel/
[2026-03-07T15:21:00Z] #166 attempt=1/6 status=200 1.621s url=https://www.myfonts.com/products/reg-re-atwic-greek-1097660
[2026-03-07T15:21:01Z] #167 attempt=1/6 status=200 0.865s url=https://www.myfonts.com/collections/atwic-greek-font-caron-twice/
[2026-03-07T15:21:02Z] #168 attempt=1/6 status=200 0.762s url=https://www.myfonts.com/products/extra-bold-italic-editorium-serif-1113605
[2026-03-07T15:21:03Z] #169 attempt=1/6 status=200 1.307s url=https://www.myfonts.com/collections/editorium-serif-font-typehill-studio/
[2026-03-07T15:21:04Z] #170 attempt=1/6 status=200 0.889s url=https://www.myfonts.com/products/cirque-de-la-lune-burlesque-cirque-de-la-lune-2026-1113130
[2026-03-07T15:21:06Z] #171 attempt=1/6 status=200 0.902s url=https://www.myfonts.com/collections/cirque-de-la-lune-2026-font-dawnland/
[2026-03-07T15:21:07Z] #172 attempt=1/6 status=200 0.853s url=https://www.myfonts.com/products/italic-westain-callis-1112664
[2026-03-07T15:21:08Z] #173 attempt=1/6 status=200 0.788s url=https://www.myfonts.com/collections/westain-callis-font-denustudio/
[2026-03-07T15:21:09Z] #174 attempt=1/6 status=200 0.791s url=https://www.myfonts.com/products/bold-italic-proscenium-1114625
[2026-03-07T15:21:10Z] #175 attempt=1/6 status=200 0.783s url=https://www.myfonts.com/collections/proscenium-font-wings-art-studio/
[2026-03-07T15:21:11Z] #176 attempt=1/6 status=200 0.651s url=https://www.myfonts.com/products/regular-orpix-1112661
[2026-03-07T15:21:12Z] #177 attempt=1/6 status=200 0.648s url=https://www.myfonts.com/collections/orpix-font-brandearth/
[2026-03-07T15:21:12Z] #178 attempt=1/6 status=200 0.702s url=https://www.myfonts.com/products/regular-avilantery-1114119
[2026-03-07T15:21:13Z] #179 attempt=1/6 status=200 0.770s url=https://www.myfonts.com/collections/avilantery-font-tini-fitriani/
[2026-03-07T15:21:15Z] #180 attempt=1/6 status=200 1.148s url=https://www.myfonts.com/products/circular-outline-techzone-1113118
[2026-03-07T15:21:17Z] #181 attempt=1/6 status=200 1.730s url=https://www.myfonts.com/collections/techzone-font-alpercakici/
[2026-03-07T15:21:18Z] #182 attempt=1/6 status=200 0.690s url=https://www.myfonts.com/products/regular-midnight-company-1113784
[2026-03-07T15:21:19Z] #183 attempt=1/6 status=200 0.688s url=https://www.myfonts.com/collections/midnight-company-font-timelesstype-studio/
[2026-03-07T15:21:20Z] #184 attempt=1/6 status=200 0.661s url=https://www.myfonts.com/products/regular-kalby-1112660
[2026-03-07T15:21:21Z] #185 attempt=1/6 status=200 1.361s url=https://www.myfonts.com/collections/kalby-font-brandearth/
[2026-03-07T15:21:23Z] #186 attempt=1/6 status=200 1.356s url=https://www.myfonts.com/products/medium-condensed-italic-shoshin-1114959
[2026-03-07T15:21:25Z] #187 attempt=1/6 status=200 1.901s url=https://www.myfonts.com/collections/shoshin-font-kaidosan/
[2026-03-07T15:21:26Z] #188 attempt=1/6 status=200 0.821s url=https://www.myfonts.com/products/extrabold-porito-1114113
[2026-03-07T15:21:28Z] #189 attempt=1/6 status=200 1.208s url=https://www.myfonts.com/collections/porito-font-nasir-udin/
[2026-03-07T15:21:29Z] #190 attempt=1/6 status=200 0.888s url=https://www.myfonts.com/products/square-italic-that-that-new-pixel-1113779
[2026-03-07T15:21:30Z] #191 attempt=1/6 status=200 0.774s url=https://www.myfonts.com/collections/that-that-new-pixel-font-that-that-creative/
[2026-03-07T15:21:31Z] #192 attempt=1/6 status=200 0.777s url=https://www.myfonts.com/products/regular-wepoire-1112628
[2026-03-07T15:21:32Z] #193 attempt=1/6 status=200 0.722s url=https://www.myfonts.com/collections/wepoire-font-nexaline-type/
[2026-03-07T15:21:33Z] #194 attempt=1/6 status=200 0.690s url=https://www.myfonts.com/products/regular-ostelyn-1113739
[2026-03-07T15:21:34Z] #195 attempt=1/6 status=200 1.173s url=https://www.myfonts.com/collections/ostelyn-font-inviline/
[2026-03-07T15:21:35Z] #196 attempt=1/6 status=200 0.787s url=https://www.myfonts.com/products/medium-it-narvelon-1113580
[2026-03-07T15:21:36Z] #197 attempt=1/6 status=200 0.810s url=https://www.myfonts.com/collections/it-narvelon-font-creatifont-studio/
[2026-03-07T15:21:38Z] #198 attempt=1/6 status=200 1.218s url=https://www.myfonts.com/products/light-uai-1113570
[2026-03-07T15:21:39Z] #199 attempt=1/6 status=200 0.765s url=https://www.myfonts.com/collections/uai-font-naipe-foundry/
[2026-03-07T15:21:40Z] #200 attempt=1/6 status=200 0.869s url=https://www.myfonts.com/products/regular-sunken-rounded-1114616
[2026-03-07T15:21:41Z] #201 attempt=1/6 status=200 0.822s url=https://www.myfonts.com/collections/sunken-rounded-font-tebaltipis-studio/
[2026-03-07T15:21:42Z] #202 attempt=1/6 status=200 0.887s url=https://www.myfonts.com/products/regular-noctisvain-1113737
[2026-03-07T15:21:43Z] #203 attempt=1/6 status=200 0.562s url=https://www.myfonts.com/collections/noctisvain-font-inviline/
[2026-03-07T15:21:44Z] #204 attempt=1/6 status=200 0.709s url=https://www.myfonts.com/products/regular-beyline-1112650
[2026-03-07T15:21:45Z] #205 attempt=1/6 status=200 0.845s url=https://www.myfonts.com/collections/beyline-font-afkari-studio/
[2026-03-07T15:21:46Z] #206 attempt=1/6 status=200 0.764s url=https://www.myfonts.com/products/italic-hello-whisper-1113736
[2026-03-07T15:21:47Z] #207 attempt=1/6 status=200 0.564s url=https://www.myfonts.com/collections/hello-whisper-font-letterena-studios/
[2026-03-07T15:21:48Z] #208 attempt=1/6 status=200 0.863s url=https://www.myfonts.com/products/biotrip-caps-extra-bold-biotrip-sans-caps-1112639
[2026-03-07T15:21:49Z] #209 attempt=1/6 status=200 1.141s url=https://www.myfonts.com/collections/biotrip-sans-caps-font-defharo/
[2026-03-07T15:21:50Z] #210 attempt=1/6 status=200 1.162s url=https://www.myfonts.com/products/ultra-arca-majora-1113050
[2026-03-07T15:21:51Z] #211 attempt=1/6 status=200 0.627s url=https://www.myfonts.com/collections/arca-majora-font-hanken-design-co/
[2026-03-07T15:21:52Z] #212 attempt=1/6 status=200 0.810s url=https://www.myfonts.com/products/bold-italic-the-regals-1114595
[2026-03-07T15:21:53Z] #213 attempt=1/6 status=200 0.712s url=https://www.myfonts.com/collections/the-regals-font-set-sail-studios/
[2026-03-07T15:21:54Z] #214 attempt=1/6 status=200 0.731s url=https://www.myfonts.com/products/italic-musch-sports-1113732
[2026-03-07T15:21:56Z] #215 attempt=1/6 status=200 1.221s url=https://www.myfonts.com/collections/musch-sports-font-nirmana-visual/
[2026-03-07T15:21:57Z] #216 attempt=1/6 status=200 1.034s url=https://www.myfonts.com/products/italic-mindken-1112632
[2026-03-07T15:21:58Z] #217 attempt=1/6 status=200 0.731s url=https://www.myfonts.com/collections/mindken-font-amorfa-type/
[2026-03-07T15:21:59Z] #218 attempt=1/6 status=200 0.934s url=https://www.myfonts.com/products/pencil-outline-jotter-1114539
[2026-03-07T15:22:01Z] #219 attempt=1/6 status=200 1.323s url=https://www.myfonts.com/collections/jotter-font-alpercakici/
[2026-03-07T15:22:02Z] #220 attempt=1/6 status=200 0.806s url=https://www.myfonts.com/products/extra-bold-brown-magpie-1112623
[2026-03-07T15:22:03Z] #221 attempt=1/6 status=200 0.802s url=https://www.myfonts.com/collections/brown-magpie-font-anzone-glyph/
[2026-03-07T15:22:04Z] #222 attempt=1/6 status=200 0.720s url=https://www.myfonts.com/products/regular-caelum-pro-1114063
[2026-03-07T15:22:05Z] #223 attempt=1/6 status=200 0.929s url=https://www.myfonts.com/collections/caelum-pro-font-inviline/
[2026-03-07T15:22:06Z] #224 attempt=1/6 status=200 0.728s url=https://www.myfonts.com/products/italic-milky-noire-1113726
[2026-03-07T15:22:07Z] #225 attempt=1/6 status=200 0.708s url=https://www.myfonts.com/collections/milky-noire-font-zeenesia-studio/
[2026-03-07T15:22:08Z] #226 attempt=1/6 status=200 0.905s url=https://www.myfonts.com/products/sans-black-italic-partner-1114053
[2026-03-07T15:22:10Z] #227 attempt=1/6 status=200 1.377s url=https://www.myfonts.com/collections/partner-font-sudtipos/
[2026-03-07T15:22:12Z] #228 attempt=1/6 status=200 1.549s url=https://www.myfonts.com/products/inline-ranoder-1115128
[2026-03-07T15:22:13Z] #229 attempt=1/6 status=200 1.626s url=https://www.myfonts.com/collections/ranoder-font-alpercakici/
[2026-03-07T15:22:14Z] #230 attempt=1/6 status=200 0.690s url=https://www.myfonts.com/products/600-polesan-1113721
[2026-03-07T15:22:15Z] #231 attempt=1/6 status=200 0.756s url=https://www.myfonts.com/collections/polesan-font-greentrik6789/
[2026-03-07T15:22:16Z] #232 attempt=1/6 status=200 0.727s url=https://www.myfonts.com/products/italic-vagnola-1114615
[2026-03-07T15:22:17Z] #233 attempt=1/6 status=200 0.808s url=https://www.myfonts.com/collections/vagnola-font-ragamkata/
[2026-03-07T15:22:19Z] #234 attempt=1/6 status=200 0.900s url=https://www.myfonts.com/products/bold-italic-atwic-hebrew-1098956
[2026-03-07T15:22:20Z] #235 attempt=1/6 status=200 0.831s url=https://www.myfonts.com/collections/atwic-hebrew-font-caron-twice/
[2026-03-07T15:22:21Z] #236 attempt=1/6 status=200 0.723s url=https://www.myfonts.com/products/regular-bigra-1113699
[2026-03-07T15:22:21Z] #237 attempt=1/6 status=200 0.685s url=https://www.myfonts.com/collections/bigra-font-sensatype-studio/
[2026-03-07T15:22:23Z] #238 attempt=1/6 status=200 0.843s url=https://www.myfonts.com/products/angular-childbook-1112606
[2026-03-07T15:22:24Z] #239 attempt=1/6 status=200 0.808s url=https://www.myfonts.com/collections/childbook-font-alpercakici/
[2026-03-07T15:22:25Z] #240 attempt=1/6 status=200 0.681s url=https://www.myfonts.com/products/regular-poffy-1113689
[2026-03-07T15:22:25Z] #241 attempt=1/6 status=200 0.594s url=https://www.myfonts.com/collections/poffy-font-agny-hasya-studio/
[2026-03-07T15:22:26Z] #242 attempt=1/6 status=200 0.709s url=https://www.myfonts.com/products/black-ristle-1113677
[2026-03-07T15:22:27Z] #243 attempt=1/6 status=200 0.692s url=https://www.myfonts.com/collections/ristle-font-jafar07/
[2026-03-07T15:22:30Z] #244 attempt=1/6 status=200 2.384s url=https://www.myfonts.com/products.json?limit=250&page=15
[2026-03-07T15:22:31Z] #245 attempt=1/6 status=200 0.716s url=https://www.myfonts.com/products/bold-italic-miralova-1114011
[2026-03-07T15:22:32Z] #246 attempt=1/6 status=200 0.641s url=https://www.myfonts.com/collections/miralova-font-sign-studio/
[2026-03-07T15:22:33Z] #247 attempt=1/6 status=200 0.908s url=https://www.myfonts.com/products/li-re-atwic-pro-1098344
[2026-03-07T15:22:34Z] #248 attempt=1/6 status=200 0.824s url=https://www.myfonts.com/collections/atwic-pro-font-caron-twice/
[2026-03-07T15:22:35Z] #249 attempt=1/6 status=200 0.796s url=https://www.myfonts.com/products/slant-baseform-1113667
