[2026-03-07T15:23:19Z] === MyFonts crawl start source=myfonts ===
[2026-03-07T15:23:19Z] config max_pages=40 page_size=250 start_date=2026-02-23 end_date=2026-03-08 api_delay=0.25s detail_delay=0.2s
[2026-03-07T15:23:20Z] #1 attempt=1/6 status=200 1.017s url=https://www.myfonts.com/products.json?limit=250&page=1
[2026-03-07T15:23:20Z] #2 attempt=1/6 status=200 0.254s url=https://www.myfonts.com/products/italic-proscenium-1118334
[2026-03-07T15:23:21Z] #3 attempt=1/6 status=200 0.254s url=https://www.myfonts.com/collections/proscenium-font-wings-art-studio/
[2026-03-07T15:23:22Z] #4 attempt=1/6 status=200 0.772s url=https://www.myfonts.com/products/roman-variable-jewerly-beyon-1118803
[2026-03-07T15:23:23Z] #5 attempt=1/6 status=200 0.293s url=https://www.myfonts.com/collections/jewerly-beyon-font-luhop-creative/
[2026-03-07T15:23:23Z] #6 attempt=1/6 status=200 0.492s url=https://www.myfonts.com/products/mizhon-sans-complete-family-package-1118559
[2026-03-07T15:23:24Z] #7 attempt=1/6 status=200 0.288s url=https://www.myfonts.com/collections/mizhon-sans-font-skinny-type/
[2026-03-07T15:23:24Z] #8 attempt=1/6 status=200 0.288s url=https://www.myfonts.com/products/the-musa-editorial-complete-family-package-1118520
[2026-03-07T15:23:26Z] #9 attempt=1/6 status=200 0.920s url=https://www.myfonts.com/collections/the-musa-editorial-font-romie-creative/
[2026-03-07T15:23:27Z] #10 attempt=1/6 status=200 1.195s url=https://www.myfonts.com/products/quenova-complete-family-package-1117920
[2026-03-07T15:23:28Z] #11 attempt=1/6 status=200 0.275s url=https://www.myfonts.com/collections/quenova-font-kaidosan/
[2026-03-07T15:23:29Z] #12 attempt=1/6 status=200 0.856s url=https://www.myfonts.com/products/semi-expanded-package-1118408
[2026-03-07T15:23:29Z] #13 attempt=1/6 status=200 0.283s url=https://www.myfonts.com/collections/bonarchi-font-rastype-studio/
[2026-03-07T15:23:30Z] #14 attempt=1/6 status=200 0.234s url=https://www.myfonts.com/products/master-righinta-complete-family-package-1118226
[2026-03-07T15:23:31Z] #15 attempt=1/6 status=200 0.571s url=https://www.myfonts.com/collections/master-righinta-font-tm-type/
[2026-03-07T15:23:31Z] #16 attempt=1/6 status=200 0.403s url=https://www.myfonts.com/products/sefalio-complete-family-package-1118116
[2026-03-07T15:23:32Z] #17 attempt=1/6 status=200 0.465s url=https://www.myfonts.com/collections/sefalio-font-snapedsgn/
[2026-03-07T15:23:33Z] #18 attempt=1/6 status=200 0.467s url=https://www.myfonts.com/products/alesteny-pojharu-complete-family-package-1118098
[2026-03-07T15:23:33Z] #19 attempt=1/6 status=200 0.440s url=https://www.myfonts.com/collections/alesteny-pojharu-font-stylishtype-studio/
[2026-03-07T15:23:34Z] #20 attempt=1/6 status=200 0.642s url=https://www.myfonts.com/products/upright-package-1118589
[2026-03-07T15:23:35Z] #21 attempt=1/6 status=200 0.809s url=https://www.myfonts.com/collections/mizhon-flare-font-skinny-type/
[2026-03-07T15:23:36Z] #22 attempt=1/6 status=200 0.454s url=https://www.myfonts.com/products/foliant-serif-complete-family-package-1118592
[2026-03-07T15:23:37Z] #23 attempt=1/6 status=200 0.625s url=https://www.myfonts.com/collections/foliant-serif-font-moritz-kleinsorge/
[2026-03-07T15:23:38Z] #24 attempt=1/6 status=200 0.243s url=https://www.myfonts.com/products/crone-complete-family-package-1118200
[2026-03-07T15:23:38Z] #25 attempt=1/6 status=200 0.247s url=https://www.myfonts.com/collections/crone-font-artiveko/
[2026-03-07T15:23:39Z] #26 attempt=1/6 status=200 0.618s url=https://www.myfonts.com/products/bolera-complete-family-package-1118428
[2026-03-07T15:23:40Z] #27 attempt=1/6 status=200 0.638s url=https://www.myfonts.com/collections/bolera-font-piscotype/
[2026-03-07T15:23:41Z] #28 attempt=1/6 status=200 0.972s url=https://www.myfonts.com/products/west-wasteland-complete-family-package-1118487
[2026-03-07T15:23:42Z] #29 attempt=1/6 status=200 1.160s url=https://www.myfonts.com/collections/west-wasteland-font-vyantype-studio/
[2026-03-07T15:23:43Z] #30 attempt=1/6 status=200 0.443s url=https://www.myfonts.com/products/wonder-hand-pencil-icons-package-package-1118465
[2026-03-07T15:23:44Z] #31 attempt=1/6 status=200 1.162s url=https://www.myfonts.com/collections/wonder-hand-pencil-font-typographicdesign/
[2026-03-07T15:23:45Z] #32 attempt=1/6 status=200 0.710s url=https://www.myfonts.com/products/space-town-complete-family-package-1117876
[2026-03-07T15:23:46Z] #33 attempt=1/6 status=200 0.369s url=https://www.myfonts.com/collections/space-town-font-bale-type/
[2026-03-07T15:23:47Z] #34 attempt=1/6 status=200 0.377s url=https://www.myfonts.com/products/monobran-complete-family-package-1118120
[2026-03-07T15:23:48Z] #35 attempt=1/6 status=200 0.797s url=https://www.myfonts.com/collections/monobran-font-snapedsgn/
[2026-03-07T15:23:49Z] #36 attempt=1/6 status=200 0.611s url=https://www.myfonts.com/products/khaos-complete-family-package-1118472
[2026-03-07T15:23:49Z] #37 attempt=1/6 status=200 0.251s url=https://www.myfonts.com/collections/khaos-font-fontbilisi/
[2026-03-07T15:23:50Z] #38 attempt=1/6 status=200 0.264s url=https://www.myfonts.com/products/delice-pro-complete-family-package-1118126
[2026-03-07T15:23:50Z] #39 attempt=1/6 status=200 0.580s url=https://www.myfonts.com/collections/delice-pro-font-typostudio-pro/
[2026-03-07T15:23:51Z] #40 attempt=1/6 status=200 0.486s url=https://www.myfonts.com/products/westkind-complete-family-package-1118788
[2026-03-07T15:23:52Z] #41 attempt=1/6 status=200 0.458s url=https://www.myfonts.com/collections/westkind-font-timelesstype-studio/
[2026-03-07T15:23:53Z] #42 attempt=1/6 status=200 0.502s url=https://www.myfonts.com/products/tbj-margin-condensed-complete-family-package-1117893
[2026-03-07T15:23:53Z] #43 attempt=1/6 status=200 0.679s url=https://www.myfonts.com/collections/tbj-margin-condensed-font-taboja-studio/
[2026-03-07T15:23:54Z] #44 attempt=1/6 status=200 0.609s url=https://www.myfonts.com/products/ariex-nue-complete-family-package-1118203
[2026-03-07T15:23:55Z] #45 attempt=1/6 status=200 0.652s url=https://www.myfonts.com/collections/ariex-nue-font-webhance/
[2026-03-07T15:23:56Z] #46 attempt=1/6 status=200 0.518s url=https://www.myfonts.com/products/evahgelina-complete-family-package-1118497
[2026-03-07T15:23:57Z] #47 attempt=1/6 status=200 0.416s url=https://www.myfonts.com/collections/evahgelina-font-made-deduk/
[2026-03-07T15:23:57Z] #48 attempt=1/6 status=200 0.510s url=https://www.myfonts.com/products/trup-and-tomp-complete-family-package-1117890
[2026-03-07T15:23:58Z] #49 attempt=1/6 status=200 0.301s url=https://www.myfonts.com/collections/trup-and-tomp-font-angga-mahardika/
[2026-03-07T15:23:59Z] #50 attempt=1/6 status=200 0.415s url=https://www.myfonts.com/products/mc-segalecy-complete-family-package-1118506
[2026-03-07T15:23:59Z] #51 attempt=1/6 status=200 0.412s url=https://www.myfonts.com/collections/mc-segalecy-font-maulana-creative/
[2026-03-07T15:24:00Z] #52 attempt=1/6 status=200 0.246s url=https://www.myfonts.com/products/extended-package-1118331
[2026-03-07T15:24:02Z] #53 attempt=1/6 status=200 1.700s url=https://www.myfonts.com/collections/flova-font-slex-studio/
[2026-03-07T15:24:03Z] #54 attempt=1/6 status=200 0.623s url=https://www.myfonts.com/products/blomby-reg-pack-package-1118471
[2026-03-07T15:24:03Z] #55 attempt=1/6 status=200 0.498s url=https://www.myfonts.com/collections/blomby-font-tegaki/
[2026-03-07T15:24:04Z] #56 attempt=1/6 status=200 0.564s url=https://www.myfonts.com/products/gumybops-complete-family-package-1118110
[2026-03-07T15:24:05Z] #57 attempt=1/6 status=200 0.448s url=https://www.myfonts.com/collections/gumybops-font-snapedsgn/
[2026-03-07T15:24:06Z] #58 attempt=1/6 status=200 0.631s url=https://www.myfonts.com/products/rustvale-complete-family-package-1118101
[2026-03-07T15:24:06Z] #59 attempt=1/6 status=200 0.313s url=https://www.myfonts.com/collections/rustvale-font-letterhend/
[2026-03-07T15:24:07Z] #60 attempt=1/6 status=200 0.562s url=https://www.myfonts.com/products/aseno-modern-complete-family-package-1117916
[2026-03-07T15:24:08Z] #61 attempt=1/6 status=200 0.328s url=https://www.myfonts.com/collections/aseno-modern-font-nirmana-visual/
[2026-03-07T15:24:08Z] #62 attempt=1/6 status=200 0.305s url=https://www.myfonts.com/products/mojian-complete-family-package-1118131
[2026-03-07T15:24:09Z] #63 attempt=1/6 status=200 0.593s url=https://www.myfonts.com/collections/mojian-font-wildan-carfont/
[2026-03-07T15:24:10Z] #64 attempt=1/6 status=200 0.315s url=https://www.myfonts.com/products/reyda-complete-family-package-1117907
[2026-03-07T15:24:10Z] #65 attempt=1/6 status=200 0.560s url=https://www.myfonts.com/collections/reyda-font-ragamkata/
[2026-03-07T15:24:11Z] #66 attempt=1/6 status=200 0.782s url=https://www.myfonts.com/products/rucent-complete-family-package-1118079
[2026-03-07T15:24:13Z] #67 attempt=1/6 status=200 0.954s url=https://www.myfonts.com/collections/rucent-font-vermilione/
[2026-03-07T15:24:13Z] #68 attempt=1/6 status=200 0.605s url=https://www.myfonts.com/products/brokewall-complete-family-package-1117850
[2026-03-07T15:24:14Z] #69 attempt=1/6 status=200 0.656s url=https://www.myfonts.com/collections/brokewall-font-valorix-studio/
[2026-03-07T15:24:15Z] #70 attempt=1/6 status=200 0.338s url=https://www.myfonts.com/products/fox-nibble-complete-family-package-1118418
[2026-03-07T15:24:16Z] #71 attempt=1/6 status=200 0.648s url=https://www.myfonts.com/collections/fox-nibble-font-fox7/
[2026-03-07T15:24:17Z] #72 attempt=1/6 status=200 0.726s url=https://www.myfonts.com/products/upright-package-1118696
[2026-03-07T15:24:17Z] #73 attempt=1/6 status=200 0.313s url=https://www.myfonts.com/collections/mizhon-serif-font-skinny-type/
[2026-03-07T15:24:18Z] #74 attempt=1/6 status=200 0.279s url=https://www.myfonts.com/products/harney-complete-family-package-1118105
[2026-03-07T15:24:18Z] #75 attempt=1/6 status=200 0.323s url=https://www.myfonts.com/collections/harney-font-letterhend/
[2026-03-07T15:24:21Z] #76 attempt=1/6 status=200 2.723s url=https://www.myfonts.com/products/hard-package-1118416
[2026-03-07T15:24:24Z] #77 attempt=1/6 status=200 2.089s url=https://www.myfonts.com/collections/readant-font-rastype-studio/
[2026-03-07T15:24:25Z] #78 attempt=1/6 status=200 0.505s url=https://www.myfonts.com/products/blime-blackletter-complete-family-package-1118501
[2026-03-07T15:24:25Z] #79 attempt=1/6 status=200 0.393s url=https://www.myfonts.com/collections/blime-blackletter-font-nirmana-visual/
[2026-03-07T15:24:26Z] #80 attempt=1/6 status=200 0.359s url=https://www.myfonts.com/products/freedom-paradise-complete-family-package-1118234
[2026-03-07T15:24:27Z] #81 attempt=1/6 status=200 0.331s url=https://www.myfonts.com/collections/freedom-paradise-font-stylishtype-studio/
[2026-03-07T15:24:27Z] #82 attempt=1/6 status=200 0.565s url=https://www.myfonts.com/products/rusty-court-complete-family-package-1117950
[2026-03-07T15:24:28Z] #83 attempt=1/6 status=200 0.607s url=https://www.myfonts.com/collections/rusty-court-font-letterhend/
[2026-03-07T15:24:29Z] #84 attempt=1/6 status=200 0.639s url=https://www.myfonts.com/products/nailong-lifemore-complete-family-package-1118542
[2026-03-07T15:24:30Z] #85 attempt=1/6 status=200 0.671s url=https://www.myfonts.com/collections/nailong-lifemore-font-anaya-studio/
[2026-03-07T15:24:31Z] #86 attempt=1/6 status=200 0.545s url=https://www.myfonts.com/products/monarch-heritage-complete-family-package-1118222
[2026-03-07T15:24:32Z] #87 attempt=1/6 status=200 0.571s url=https://www.myfonts.com/collections/monarch-heritage-font-typoraith-co/
[2026-03-07T15:24:33Z] #88 attempt=1/6 status=200 0.688s url=https://www.myfonts.com/products/shansio-complete-family-package-1117857
[2026-03-07T15:24:34Z] #89 attempt=1/6 status=200 0.779s url=https://www.myfonts.com/collections/shansio-font-graphicxell/
[2026-03-07T15:24:34Z] #90 attempt=1/6 status=200 0.519s url=https://www.myfonts.com/products/restless-dynasty-complete-family-package-1117853
[2026-03-07T15:24:35Z] #91 attempt=1/6 status=200 0.628s url=https://www.myfonts.com/collections/restless-dynasty-font-naufal-paramata/
[2026-03-07T15:24:36Z] #92 attempt=1/6 status=200 0.546s url=https://www.myfonts.com/products/it-malstryne-complete-family-package-1118076
[2026-03-07T15:24:37Z] #93 attempt=1/6 status=200 0.656s url=https://www.myfonts.com/collections/it-malstryne-font-creatifont-studio/
[2026-03-07T15:24:38Z] #94 attempt=1/6 status=200 0.532s url=https://www.myfonts.com/products/felvice-complete-family-package-1118134
[2026-03-07T15:24:38Z] #95 attempt=1/6 status=200 0.594s url=https://www.myfonts.com/collections/felvice-font-snapedsgn/
[2026-03-07T15:24:39Z] #96 attempt=1/6 status=200 0.624s url=https://www.myfonts.com/products/gl-parla-complete-family-package-1118398
[2026-03-07T15:24:40Z] #97 attempt=1/6 status=200 0.653s url=https://www.myfonts.com/collections/gl-parla-font-fontbilisi/
[2026-03-07T15:24:41Z] #98 attempt=1/6 status=200 0.589s url=https://www.myfonts.com/products/scramble-complete-family-package-1117879
[2026-03-07T15:24:42Z] #99 attempt=1/6 status=200 0.522s url=https://www.myfonts.com/collections/scramble-font-agny-hasya-studio/
[2026-03-07T15:24:43Z] #100 attempt=1/6 status=200 0.486s url=https://www.myfonts.com/products/starter-pack-package-1118383
[2026-03-07T15:24:44Z] #101 attempt=1/6 status=200 0.870s url=https://www.myfonts.com/collections/gothig-round-font-studio-jaso/
[2026-03-07T15:24:45Z] #102 attempt=1/6 status=200 0.846s url=https://www.myfonts.com/products/noverion-slab-complete-family-package-1118137
[2026-03-07T15:24:46Z] #103 attempt=1/6 status=200 1.153s url=https://www.myfonts.com/collections/noverion-slab-font-typehill-studio/
[2026-03-07T15:24:47Z] #104 attempt=1/6 status=200 0.615s url=https://www.myfonts.com/products/foermality-sans-variable-complete-family-package-1118490
[2026-03-07T15:24:48Z] #105 attempt=1/6 status=200 0.699s url=https://www.myfonts.com/collections/foermality-sans-variable-font-laroyba-type/
[2026-03-07T15:24:49Z] #106 attempt=1/6 status=200 0.634s url=https://www.myfonts.com/products/bozeek-istory-complete-family-package-1117913
[2026-03-07T15:24:50Z] #107 attempt=1/6 status=200 0.535s url=https://www.myfonts.com/collections/bozeek-istory-font-stylishtype-studio/
[2026-03-07T15:24:50Z] #108 attempt=1/6 status=200 0.443s url=https://www.myfonts.com/products/calavera-complete-family-package-1118786
[2026-03-07T15:24:51Z] #109 attempt=1/6 status=200 0.523s url=https://www.myfonts.com/products/pace-form-complete-family-package-1118194
[2026-03-07T15:24:52Z] #110 attempt=1/6 status=200 0.631s url=https://www.myfonts.com/collections/pace-form-font-initiatype/
[2026-03-07T15:24:53Z] #111 attempt=1/6 status=200 0.639s url=https://www.myfonts.com/products/stone-capital-complete-family-package-1118553
[2026-03-07T15:24:54Z] #112 attempt=1/6 status=200 0.605s url=https://www.myfonts.com/collections/stone-capital-font-lemonthe/
[2026-03-07T15:24:55Z] #113 attempt=1/6 status=200 0.627s url=https://www.myfonts.com/products/hidden-route-complete-family-package-1118123
[2026-03-07T15:24:55Z] #114 attempt=1/6 status=200 0.485s url=https://www.myfonts.com/collections/hidden-route-font-letterhend/
[2026-03-07T15:24:56Z] #115 attempt=1/6 status=200 0.668s url=https://www.myfonts.com/products/nudity-pb-complete-family-package-1118850
[2026-03-07T15:24:57Z] #116 attempt=1/6 status=200 0.432s url=https://www.myfonts.com/collections/nudity-pb-font-pink-broccoli/
[2026-03-07T15:24:58Z] #117 attempt=1/6 status=200 0.613s url=https://www.myfonts.com/products/meat-glone-complete-family-package-1118798
[2026-03-07T15:24:58Z] #118 attempt=1/6 status=200 0.467s url=https://www.myfonts.com/collections/meat-glone-font-pandeka-studio/
[2026-03-07T15:25:00Z] #119 attempt=1/6 status=200 1.120s url=https://www.myfonts.com/products/anglica-complete-family-package-1118591
[2026-03-07T15:25:02Z] #120 attempt=1/6 status=200 1.686s url=https://www.myfonts.com/collections/anglica-font-pista-mova/
[2026-03-07T15:25:03Z] #121 attempt=1/6 status=200 0.579s url=https://www.myfonts.com/products/bencord-complete-family-package-1117904
[2026-03-07T15:25:03Z] #122 attempt=1/6 status=200 0.487s url=https://www.myfonts.com/collections/bencord-font-graphicfresh/
[2026-03-07T15:25:04Z] #123 attempt=1/6 status=200 0.760s url=https://www.myfonts.com/products/business-serif-complete-family-package-1118509
[2026-03-07T15:25:05Z] #124 attempt=1/6 status=200 0.612s url=https://www.myfonts.com/collections/business-serif-font-pizzatypefaces/
[2026-03-07T15:25:06Z] #125 attempt=1/6 status=200 0.550s url=https://www.myfonts.com/products/autheka-complete-family-package-1118529
[2026-03-07T15:25:07Z] #126 attempt=1/6 status=200 0.482s url=https://www.myfonts.com/collections/autheka-font-shapespired-design/
[2026-03-07T15:25:08Z] #127 attempt=1/6 status=200 0.572s url=https://www.myfonts.com/products/scarletis-complete-family-package-1118493
[2026-03-07T15:25:08Z] #128 attempt=1/6 status=200 0.511s url=https://www.myfonts.com/collections/scarletis-font-stylishtype-studio/
[2026-03-07T15:25:09Z] #129 attempt=1/6 status=200 0.669s url=https://www.myfonts.com/products/coulder-complete-family-package-1118783
[2026-03-07T15:25:10Z] #130 attempt=1/6 status=200 0.567s url=https://www.myfonts.com/collections/coulder-font-artiveko/
[2026-03-07T15:25:11Z] #131 attempt=1/6 status=200 0.576s url=https://www.myfonts.com/products/regular-hardshock-1118049
[2026-03-07T15:25:12Z] #132 attempt=1/6 status=200 0.517s url=https://www.myfonts.com/collections/hardshock-font-subectype/
[2026-03-07T15:25:12Z] #133 attempt=1/6 status=200 0.577s url=https://www.myfonts.com/products/regular-meltaface-1118425
[2026-03-07T15:25:13Z] #134 attempt=1/6 status=200 0.507s url=https://www.myfonts.com/collections/meltaface-font-stacy-rodrigos/
[2026-03-07T15:25:14Z] #135 attempt=1/6 status=200 0.568s url=https://www.myfonts.com/products/regular-miroter-1117856
[2026-03-07T15:25:15Z] #136 attempt=1/6 status=200 0.565s url=https://www.myfonts.com/collections/miroter-font-bayuktx/
[2026-03-07T15:25:16Z] #137 attempt=1/6 status=200 0.606s url=https://www.myfonts.com/products/regular-lulane-1118505
[2026-03-07T15:25:16Z] #138 attempt=1/6 status=200 0.498s url=https://www.myfonts.com/collections/lulane-font-rasio-studio/
[2026-03-07T15:25:17Z] #139 attempt=1/6 status=200 0.638s url=https://www.myfonts.com/products/regular-sahuraya-1117731
[2026-03-07T15:25:18Z] #140 attempt=1/6 status=200 0.450s url=https://www.myfonts.com/collections/sahuraya-font-letterhend/
[2026-03-07T15:25:19Z] #141 attempt=1/6 status=200 0.557s url=https://www.myfonts.com/products/regular-mafingo-1118504
[2026-03-07T15:25:19Z] #142 attempt=1/6 status=200 0.456s url=https://www.myfonts.com/collections/mafingo-font-evertive/
[2026-03-07T15:25:20Z] #143 attempt=1/6 status=200 0.661s url=https://www.myfonts.com/products/regular-maydeline-aleandra-1118557
[2026-03-07T15:25:21Z] #144 attempt=1/6 status=200 0.452s url=https://www.myfonts.com/collections/maydeline-aleandra-font-pineungtype-misinklab/
[2026-03-07T15:25:22Z] #145 attempt=1/6 status=200 0.557s url=https://www.myfonts.com/products/regular-ghoster-mionyto-1118556
[2026-03-07T15:25:22Z] #146 attempt=1/6 status=200 0.440s url=https://www.myfonts.com/collections/ghoster-mionyto-font-pineungtype-misinklab/
[2026-03-07T15:25:23Z] #147 attempt=1/6 status=200 0.435s url=https://www.myfonts.com/products/regular-arconte-1118453
[2026-03-07T15:25:24Z] #148 attempt=1/6 status=200 0.420s url=https://www.myfonts.com/collections/arconte-font-bilberry-create/
[2026-03-07T15:25:25Z] #149 attempt=1/6 status=200 0.500s url=https://www.myfonts.com/products/regular-charming-letters-1118440
[2026-03-07T15:25:25Z] #150 attempt=1/6 status=200 0.482s url=https://www.myfonts.com/collections/charming-letters-font-bilberry-create/
[2026-03-07T15:25:26Z] #151 attempt=1/6 status=200 0.550s url=https://www.myfonts.com/products/regular-viently-flustin-1118115
[2026-03-07T15:25:27Z] #152 attempt=1/6 status=200 0.410s url=https://www.myfonts.com/collections/viently-flustin-font-trabas-kriya/
[2026-03-07T15:25:29Z] #153 attempt=1/6 status=200 2.033s url=https://www.myfonts.com/products.json?limit=250&page=2
[2026-03-07T15:25:30Z] #154 attempt=1/6 status=200 0.504s url=https://www.myfonts.com/products/regular-lchika-1118109
[2026-03-07T15:25:30Z] #155 attempt=1/6 status=200 0.460s url=https://www.myfonts.com/collections/lchika-font-khoir/
[2026-03-07T15:25:31Z] #156 attempt=1/6 status=200 0.587s url=https://www.myfonts.com/products/regular-cloud-nine-1118558
[2026-03-07T15:25:33Z] #157 attempt=1/6 status=200 1.156s url=https://www.myfonts.com/collections/cloud-nine-font-pyramind/
[2026-03-07T15:25:33Z] #158 attempt=1/6 status=200 0.473s url=https://www.myfonts.com/products/regular-yeremia-1116912
[2026-03-07T15:25:34Z] #159 attempt=1/6 status=200 0.436s url=https://www.myfonts.com/collections/yeremia-font-denustudio/
[2026-03-07T15:25:35Z] #160 attempt=1/6 status=200 0.534s url=https://www.myfonts.com/products/regular-qebica-1118485
[2026-03-07T15:25:35Z] #161 attempt=1/6 status=200 0.483s url=https://www.myfonts.com/collections/qebica-font-maikohatta/
[2026-03-07T15:25:36Z] #162 attempt=1/6 status=200 0.635s url=https://www.myfonts.com/products/regular-farqey-denours-1117885
[2026-03-07T15:25:37Z] #163 attempt=1/6 status=200 0.498s url=https://www.myfonts.com/collections/farqey-denours-font-heinzel-std/
[2026-03-07T15:25:38Z] #164 attempt=1/6 status=200 0.560s url=https://www.myfonts.com/products/regular-skulk-stroke-1117910
[2026-03-07T15:25:39Z] #165 attempt=1/6 status=200 0.448s url=https://www.myfonts.com/collections/skulk-stroke-font-dm-studio/
[2026-03-07T15:25:40Z] #166 attempt=1/6 status=200 0.793s url=https://www.myfonts.com/products/regular-zamrani-1117919
[2026-03-07T15:25:40Z] #167 attempt=1/6 status=200 0.458s url=https://www.myfonts.com/collections/zamrani-font-vadova-std/
[2026-03-07T15:25:41Z] #168 attempt=1/6 status=200 0.430s url=https://www.myfonts.com/products/regular-bold-eater-1118797
[2026-03-07T15:25:42Z] #169 attempt=1/6 status=200 0.516s url=https://www.myfonts.com/collections/bold-eater-font-pandeka-studio/
[2026-03-07T15:25:42Z] #170 attempt=1/6 status=200 0.502s url=https://www.myfonts.com/products/regular-elongate-1117922
[2026-03-07T15:25:43Z] #171 attempt=1/6 status=200 0.598s url=https://www.myfonts.com/collections/elongate-font-vadova-std/
[2026-03-07T15:25:44Z] #172 attempt=1/6 status=200 0.503s url=https://www.myfonts.com/products/regular-al-ammara-1117921
[2026-03-07T15:25:45Z] #173 attempt=1/6 status=200 0.633s url=https://www.myfonts.com/collections/al-ammara-font-vadova-std/
[2026-03-07T15:25:46Z] #174 attempt=1/6 status=200 0.495s url=https://www.myfonts.com/products/regular-velomi-juice-1118500
[2026-03-07T15:25:46Z] #175 attempt=1/6 status=200 0.496s url=https://www.myfonts.com/collections/velomi-juice-font-basnistudio/
[2026-03-07T15:25:47Z] #176 attempt=1/6 status=200 0.505s url=https://www.myfonts.com/products/regular-veltoraz-1118225
[2026-03-07T15:25:48Z] #177 attempt=1/6 status=200 0.439s url=https://www.myfonts.com/collections/veltoraz-font-canden-meutuah/
[2026-03-07T15:25:49Z] #178 attempt=1/6 status=200 0.565s url=https://www.myfonts.com/products/regular-centive-1118782
[2026-03-07T15:25:49Z] #179 attempt=1/6 status=200 0.471s url=https://www.myfonts.com/collections/centive-font-ronny-studio/
[2026-03-07T15:25:52Z] #180 attempt=1/6 status=200 2.201s url=https://www.myfonts.com/products.json?limit=250&page=3
[2026-03-07T15:25:52Z] #181 attempt=1/6 status=200 0.490s url=https://www.myfonts.com/products/regular-jeff-zorvyk-1116911
[2026-03-07T15:25:53Z] #182 attempt=1/6 status=200 0.612s url=https://www.myfonts.com/collections/jeff-zorvyk-font-denustudio/
[2026-03-07T15:25:54Z] #183 attempt=1/6 status=200 0.496s url=https://www.myfonts.com/products/regular-rough-scribble-1118140
[2026-03-07T15:25:55Z] #184 attempt=1/6 status=200 1.138s url=https://www.myfonts.com/collections/rough-scribble-font-ef-studio/
[2026-03-07T15:25:56Z] #185 attempt=1/6 status=200 0.719s url=https://www.myfonts.com/products/regular-fledora-dirtyn-1117911
[2026-03-07T15:25:57Z] #186 attempt=1/6 status=200 0.438s url=https://www.myfonts.com/collections/fledora-dirtyn-font-maikohatta/
[2026-03-07T15:25:58Z] #187 attempt=1/6 status=200 0.554s url=https://www.myfonts.com/products/regular-birvase-1118426
[2026-03-07T15:25:58Z] #188 attempt=1/6 status=200 0.447s url=https://www.myfonts.com/collections/birvase-font-zealab-fonts-division/
[2026-03-07T15:25:59Z] #189 attempt=1/6 status=200 0.525s url=https://www.myfonts.com/products/regular-brigold-1118496
[2026-03-07T15:26:00Z] #190 attempt=1/6 status=200 0.565s url=https://www.myfonts.com/collections/brigold-font-suhadidesign/
[2026-03-07T15:26:02Z] #191 attempt=1/6 status=200 2.124s url=https://www.myfonts.com/products.json?limit=250&page=4
[2026-03-07T15:26:03Z] #192 attempt=1/6 status=200 0.630s url=https://www.myfonts.com/products/regular-cloudy-bumpy-1117897
[2026-03-07T15:26:04Z] #193 attempt=1/6 status=200 0.462s url=https://www.myfonts.com/collections/cloudy-bumpy-font-ardyanatypes/
[2026-03-07T15:26:05Z] #194 attempt=1/6 status=200 0.670s url=https://www.myfonts.com/products/regular-pinstripe-1116813
[2026-03-07T15:26:06Z] #195 attempt=1/6 status=200 0.426s url=https://www.myfonts.com/collections/pinstripe-font-font-and-co/
[2026-03-07T15:26:06Z] #196 attempt=1/6 status=200 0.394s url=https://www.myfonts.com/products/regular-bloomingdale-1118423
[2026-03-07T15:26:07Z] #197 attempt=1/6 status=200 0.456s url=https://www.myfonts.com/collections/bloomingdale-font-jamalodin/
[2026-03-07T15:26:08Z] #198 attempt=1/6 status=200 0.616s url=https://www.myfonts.com/products/the-handled-regular-the-handled-1117912
[2026-03-07T15:26:09Z] #199 attempt=1/6 status=200 0.573s url=https://www.myfonts.com/collections/the-handled-font-gatype/
[2026-03-07T15:26:09Z] #200 attempt=1/6 status=200 0.531s url=https://www.myfonts.com/products/regular-montreo-display-1118486
[2026-03-07T15:26:10Z] #201 attempt=1/6 status=200 0.442s url=https://www.myfonts.com/collections/montreo-display-font-foxtype/
[2026-03-07T15:26:11Z] #202 attempt=1/6 status=200 0.429s url=https://www.myfonts.com/products/regular-raithon-realm-1118108
[2026-03-07T15:26:11Z] #203 attempt=1/6 status=200 0.441s url=https://www.myfonts.com/collections/raithon-realm-font-twinletter/
[2026-03-07T15:26:12Z] #204 attempt=1/6 status=200 0.414s url=https://www.myfonts.com/products/sugar-bunch-regular-sugar-bunch-1118427
[2026-03-07T15:26:13Z] #205 attempt=1/6 status=200 0.606s url=https://www.myfonts.com/collections/sugar-bunch-font-sloulyfe-studio/
[2026-03-07T15:26:14Z] #206 attempt=1/6 status=200 0.642s url=https://www.myfonts.com/products/regular-gilmere-1118075
[2026-03-07T15:26:14Z] #207 attempt=1/6 status=200 0.482s url=https://www.myfonts.com/collections/gilmere-font-vadova-std/
[2026-03-07T15:26:15Z] #208 attempt=1/6 status=200 0.594s url=https://www.myfonts.com/products/semi-bold-aurelise-1116902
[2026-03-07T15:26:16Z] #209 attempt=1/6 status=200 0.731s url=https://www.myfonts.com/collections/aurelise-font-grezline-studio/
[2026-03-07T15:26:17Z] #210 attempt=1/6 status=200 0.647s url=https://www.myfonts.com/products/mercato-semibold-mercato-vf-1116887
[2026-03-07T15:26:18Z] #211 attempt=1/6 status=200 0.806s url=https://www.myfonts.com/collections/mercato-vf-font-borutta/
[2026-03-07T15:26:19Z] #212 attempt=1/6 status=200 1.007s url=https://www.myfonts.com/products/rounded-rimmed-italic-aerean-1116853
[2026-03-07T15:26:21Z] #213 attempt=1/6 status=200 1.009s url=https://www.myfonts.com/collections/aerean-font-alpercakici/
[2026-03-07T15:26:22Z] #214 attempt=1/6 status=200 0.806s url=https://www.myfonts.com/products/circular-outline-division-1116802
[2026-03-07T15:26:23Z] #215 attempt=1/6 status=200 1.086s url=https://www.myfonts.com/collections/division-font-alpercakici/
[2026-03-07T15:26:24Z] #216 attempt=1/6 status=200 1.035s url=https://www.myfonts.com/products/black-sevontic-variable-1116890
[2026-03-07T15:26:25Z] #217 attempt=1/6 status=200 0.412s url=https://www.myfonts.com/collections/sevontic-variable-font-mantype-studio/
[2026-03-07T15:26:26Z] #218 attempt=1/6 status=200 0.315s url=https://www.myfonts.com/products.json?limit=250&page=5
[2026-03-07T15:26:27Z] #219 attempt=1/6 status=200 0.456s url=https://www.myfonts.com/products/italic-rogria-1116816
[2026-03-07T15:26:27Z] #220 attempt=1/6 status=200 0.509s url=https://www.myfonts.com/collections/rogria-font-jafar07/
[2026-03-07T15:26:29Z] #221 attempt=1/6 status=200 1.204s url=https://www.myfonts.com/products/family-time-bundle-package-993097
[2026-03-07T15:26:30Z] #222 attempt=1/6 status=200 1.051s url=https://www.myfonts.com/products/amfibia-complete-family-package-1117506
[2026-03-07T15:26:32Z] #223 attempt=1/6 status=200 1.722s url=https://www.myfonts.com/collections/amfibia-font-rohh/
[2026-03-07T15:26:33Z] #224 attempt=1/6 status=200 0.451s url=https://www.myfonts.com/products/monevilcy-complete-family-package-1117702
[2026-03-07T15:26:34Z] #225 attempt=1/6 status=200 0.667s url=https://www.myfonts.com/collections/monevilcy-font-typeclassheroes/
[2026-03-07T15:26:35Z] #226 attempt=1/6 status=200 0.925s url=https://www.myfonts.com/products/tradesman-complete-family-package-1117836
[2026-03-07T15:26:36Z] #227 attempt=1/6 status=200 1.151s url=https://www.myfonts.com/collections/tradesman-font-grype/
[2026-03-07T15:26:38Z] #228 attempt=1/6 status=200 1.126s url=https://www.myfonts.com/products/tt-supermolot-neue-non-variable-package-1116689
[2026-03-07T15:26:40Z] #229 attempt=1/6 status=200 1.466s url=https://www.myfonts.com/collections/tt-supermolot-neue-font-typetype/
[2026-03-07T15:26:41Z] #230 attempt=1/6 status=200 0.591s url=https://www.myfonts.com/products/hekgest-complete-family-package-1117036
[2026-03-07T15:26:41Z] #231 attempt=1/6 status=200 0.719s url=https://www.myfonts.com/collections/hekgest-font-timelesstype-studio/
[2026-03-07T15:26:42Z] #232 attempt=1/6 status=200 0.523s url=https://www.myfonts.com/products/glemy-botra-complete-family-package-1117033
[2026-03-07T15:26:43Z] #233 attempt=1/6 status=200 0.559s url=https://www.myfonts.com/collections/glemy-botra-font-pandeka-studio/
[2026-03-07T15:26:44Z] #234 attempt=1/6 status=200 0.803s url=https://www.myfonts.com/products/offroad-family-package-1117831
[2026-03-07T15:26:45Z] #235 attempt=1/6 status=200 0.990s url=https://www.myfonts.com/collections/offroad-font-grype/
[2026-03-07T15:26:46Z] #236 attempt=1/6 status=200 0.542s url=https://www.myfonts.com/products/bumi-complete-family-package-1117002
[2026-03-07T15:26:47Z] #237 attempt=1/6 status=200 0.577s url=https://www.myfonts.com/collections/bumi-font-bondangail/
[2026-03-07T15:26:48Z] #238 attempt=1/6 status=200 0.471s url=https://www.myfonts.com/products/novel-sans-xcondensed-complete-family-package-1117780
[2026-03-07T15:26:49Z] #239 attempt=1/6 status=200 0.561s url=https://www.myfonts.com/collections/novel-sans-xcondensed-font-atlasfontfoundry/
[2026-03-07T15:26:50Z] #240 attempt=1/6 status=200 0.642s url=https://www.myfonts.com/products/dh-caloins-complete-family-package-1116961
[2026-03-07T15:26:50Z] #241 attempt=1/6 status=200 0.728s url=https://www.myfonts.com/collections/dh-caloins-font-ahmad-jamaludin/
[2026-03-07T15:26:51Z] #242 attempt=1/6 status=200 0.461s url=https://www.myfonts.com/products/novel-sans-condensed-pro-complete-family-package-1117750
[2026-03-07T15:26:52Z] #243 attempt=1/6 status=200 0.604s url=https://www.myfonts.com/collections/novel-sans-condensed-pro-font-atlasfontfoundry/
[2026-03-07T15:26:53Z] #244 attempt=1/6 status=200 0.606s url=https://www.myfonts.com/products/the-kayla-editorial-complete-family-package-1117713
[2026-03-07T15:26:54Z] #245 attempt=1/6 status=200 0.628s url=https://www.myfonts.com/collections/the-kayla-editorial-font-positive-type/
[2026-03-07T15:26:55Z] #246 attempt=1/6 status=200 0.565s url=https://www.myfonts.com/products/anavel-elegance-complete-family-package-1116952
[2026-03-07T15:26:55Z] #247 attempt=1/6 status=200 0.614s url=https://www.myfonts.com/collections/anavel-elegance-font-burntilldead/
[2026-03-07T15:26:56Z] #248 attempt=1/6 status=200 0.527s url=https://www.myfonts.com/products/affiora-serif-complete-family-package-1117497
[2026-03-07T15:26:57Z] #249 attempt=1/6 status=200 0.614s url=https://www.myfonts.com/collections/affiora-serif-font-ghozai-studio/
[2026-03-07T15:26:58Z] #250 attempt=1/6 status=200 0.572s url=https://www.myfonts.com/products/novel-sans-xxxcondensed-complete-family-package-1117765
[2026-03-07T15:26:59Z] #251 attempt=1/6 status=200 0.570s url=https://www.myfonts.com/collections/novel-sans-xxxcondensed-font-atlasfontfoundry/
[2026-03-07T15:27:01Z] #252 attempt=1/6 status=200 1.756s url=https://www.myfonts.com/products/sizek-pro-complete-family-package-1117221
