[2026-03-08T15:02:54Z] === MyFonts crawl start source=myfonts ===
[2026-03-08T15:02:54Z] config max_pages=6 page_size=250 start_date=None end_date=None api_delay=0.25s detail_delay=0.2s
[2026-03-08T15:02:57Z] #1 attempt=1/6 status=200 2.501s url=https://www.myfonts.com/products.json?limit=250&page=1
[2026-03-08T15:02:58Z] #2 attempt=1/6 status=200 0.661s url=https://www.myfonts.com/products/brush-italic-volga-1118899
[2026-03-08T15:02:59Z] #3 attempt=1/6 status=200 0.769s url=https://www.myfonts.com/collections/volga-font-alpercakici/
[2026-03-08T15:03:00Z] #4 attempt=1/6 status=200 0.577s url=https://www.myfonts.com/products/wildforest-complete-family-package-1118857
[2026-03-08T15:03:01Z] #5 attempt=1/6 status=200 0.790s url=https://www.myfonts.com/collections/wildforest-font-enfeeltype/
[2026-03-08T15:03:02Z] #6 attempt=1/6 status=200 0.639s url=https://www.myfonts.com/products/contraption-complete-family-package-1118855
[2026-03-08T15:03:03Z] #7 attempt=1/6 status=200 1.018s url=https://www.myfonts.com/collections/contraption-font-pink-broccoli/
[2026-03-08T15:03:04Z] #8 attempt=1/6 status=200 0.558s url=https://www.myfonts.com/products/meltaface-complete-family-package-1118853
[2026-03-08T15:03:05Z] #9 attempt=1/6 status=200 0.589s url=https://www.myfonts.com/collections/meltaface-font-stacy-rodrigos/
[2026-03-08T15:03:06Z] #10 attempt=1/6 status=200 0.474s url=https://www.myfonts.com/products/regular-giaza-1118878
[2026-03-08T15:03:07Z] #11 attempt=1/6 status=200 0.474s url=https://www.myfonts.com/collections/giaza-font-anthony-james/
[2026-03-08T15:03:08Z] #12 attempt=1/6 status=200 0.684s url=https://www.myfonts.com/products/italic-proscenium-1118334
[2026-03-08T15:03:09Z] #13 attempt=1/6 status=200 0.530s url=https://www.myfonts.com/collections/proscenium-font-wings-art-studio/
[2026-03-08T15:03:10Z] #14 attempt=1/6 status=200 0.988s url=https://www.myfonts.com/products/roman-variable-jewerly-beyon-1118803
[2026-03-08T15:03:11Z] #15 attempt=1/6 status=200 1.297s url=https://www.myfonts.com/collections/jewerly-beyon-font-luhop-creative/
[2026-03-08T15:03:13Z] #16 attempt=1/6 status=200 0.621s url=https://www.myfonts.com/products/mizhon-sans-complete-family-package-1118559
[2026-03-08T15:03:14Z] #17 attempt=1/6 status=200 0.875s url=https://www.myfonts.com/collections/mizhon-sans-font-skinny-type/
[2026-03-08T15:03:15Z] #18 attempt=1/6 status=200 0.596s url=https://www.myfonts.com/products/the-musa-editorial-complete-family-package-1118520
[2026-03-08T15:03:16Z] #19 attempt=1/6 status=200 0.674s url=https://www.myfonts.com/collections/the-musa-editorial-font-romie-creative/
[2026-03-08T15:03:18Z] #20 attempt=1/6 status=200 1.428s url=https://www.myfonts.com/products/quenova-complete-family-package-1117920
[2026-03-08T15:03:20Z] #21 attempt=1/6 status=200 1.990s url=https://www.myfonts.com/collections/quenova-font-kaidosan/
[2026-03-08T15:03:22Z] #22 attempt=1/6 status=200 1.396s url=https://www.myfonts.com/products/semi-expanded-package-1118408
[2026-03-08T15:03:24Z] #23 attempt=1/6 status=200 1.807s url=https://www.myfonts.com/collections/bonarchi-font-rastype-studio/
[2026-03-08T15:03:26Z] #24 attempt=1/6 status=200 0.564s url=https://www.myfonts.com/products/master-righinta-complete-family-package-1118226
[2026-03-08T15:03:27Z] #25 attempt=1/6 status=200 0.731s url=https://www.myfonts.com/collections/master-righinta-font-tm-type/
[2026-03-08T15:03:28Z] #26 attempt=1/6 status=200 0.771s url=https://www.myfonts.com/products/sefalio-complete-family-package-1118116
[2026-03-08T15:03:29Z] #27 attempt=1/6 status=200 1.299s url=https://www.myfonts.com/collections/sefalio-font-snapedsgn/
[2026-03-08T15:03:31Z] #28 attempt=1/6 status=200 0.794s url=https://www.myfonts.com/products/alesteny-pojharu-complete-family-package-1118098
[2026-03-08T15:03:31Z] #29 attempt=1/6 status=200 0.554s url=https://www.myfonts.com/collections/alesteny-pojharu-font-stylishtype-studio/
[2026-03-08T15:03:32Z] #30 attempt=1/6 status=200 0.676s url=https://www.myfonts.com/products/upright-package-1118589
[2026-03-08T15:03:34Z] #31 attempt=1/6 status=200 1.018s url=https://www.myfonts.com/collections/mizhon-flare-font-skinny-type/
[2026-03-08T15:03:35Z] #32 attempt=1/6 status=200 0.600s url=https://www.myfonts.com/products/foliant-serif-complete-family-package-1118592
[2026-03-08T15:03:36Z] #33 attempt=1/6 status=200 0.924s url=https://www.myfonts.com/collections/foliant-serif-font-moritz-kleinsorge/
[2026-03-08T15:03:37Z] #34 attempt=1/6 status=200 0.644s url=https://www.myfonts.com/products/crone-complete-family-package-1118200
[2026-03-08T15:03:38Z] #35 attempt=1/6 status=200 0.762s url=https://www.myfonts.com/collections/crone-font-artiveko/
[2026-03-08T15:03:39Z] #36 attempt=1/6 status=200 0.898s url=https://www.myfonts.com/products/bolera-complete-family-package-1118428
[2026-03-08T15:03:41Z] #37 attempt=1/6 status=200 1.040s url=https://www.myfonts.com/collections/bolera-font-piscotype/
[2026-03-08T15:03:42Z] #38 attempt=1/6 status=200 0.712s url=https://www.myfonts.com/products/west-wasteland-complete-family-package-1118487
[2026-03-08T15:03:43Z] #39 attempt=1/6 status=200 0.707s url=https://www.myfonts.com/collections/west-wasteland-font-vyantype-studio/
[2026-03-08T15:03:44Z] #40 attempt=1/6 status=200 0.666s url=https://www.myfonts.com/products/wonder-hand-pencil-icons-package-package-1118465
[2026-03-08T15:03:45Z] #41 attempt=1/6 status=200 0.827s url=https://www.myfonts.com/collections/wonder-hand-pencil-font-typographicdesign/
[2026-03-08T15:03:46Z] #42 attempt=1/6 status=200 0.636s url=https://www.myfonts.com/products/space-town-complete-family-package-1117876
[2026-03-08T15:03:47Z] #43 attempt=1/6 status=200 0.592s url=https://www.myfonts.com/collections/space-town-font-bale-type/
[2026-03-08T15:03:48Z] #44 attempt=1/6 status=200 0.807s url=https://www.myfonts.com/products/monobran-complete-family-package-1118120
[2026-03-08T15:03:49Z] #45 attempt=1/6 status=200 0.686s url=https://www.myfonts.com/collections/monobran-font-snapedsgn/
[2026-03-08T15:03:50Z] #46 attempt=1/6 status=200 0.974s url=https://www.myfonts.com/products/khaos-complete-family-package-1118472
[2026-03-08T15:03:51Z] #47 attempt=1/6 status=200 1.055s url=https://www.myfonts.com/collections/khaos-font-fontbilisi/
[2026-03-08T15:03:52Z] #48 attempt=1/6 status=200 0.566s url=https://www.myfonts.com/products/delice-pro-complete-family-package-1118126
[2026-03-08T15:03:54Z] #49 attempt=1/6 status=200 1.007s url=https://www.myfonts.com/collections/delice-pro-font-typostudio-pro/
[2026-03-08T15:03:55Z] #50 attempt=1/6 status=200 0.742s url=https://www.myfonts.com/products/westkind-complete-family-package-1118788
[2026-03-08T15:03:56Z] #51 attempt=1/6 status=200 0.544s url=https://www.myfonts.com/collections/westkind-font-timelesstype-studio/
[2026-03-08T15:03:57Z] #52 attempt=1/6 status=200 0.639s url=https://www.myfonts.com/products/tbj-margin-condensed-complete-family-package-1117893
[2026-03-08T15:03:57Z] #53 attempt=1/6 status=200 0.669s url=https://www.myfonts.com/collections/tbj-margin-condensed-font-taboja-studio/
[2026-03-08T15:03:59Z] #54 attempt=1/6 status=200 0.751s url=https://www.myfonts.com/products/ariex-nue-complete-family-package-1118203
[2026-03-08T15:04:00Z] #55 attempt=1/6 status=200 0.858s url=https://www.myfonts.com/collections/ariex-nue-font-webhance/
[2026-03-08T15:04:01Z] #56 attempt=1/6 status=200 0.671s url=https://www.myfonts.com/products/evahgelina-complete-family-package-1118497
[2026-03-08T15:04:02Z] #57 attempt=1/6 status=200 0.709s url=https://www.myfonts.com/collections/evahgelina-font-made-deduk/
[2026-03-08T15:04:03Z] #58 attempt=1/6 status=200 0.661s url=https://www.myfonts.com/products/trup-and-tomp-complete-family-package-1117890
[2026-03-08T15:04:04Z] #59 attempt=1/6 status=200 0.576s url=https://www.myfonts.com/collections/trup-and-tomp-font-angga-mahardika/
[2026-03-08T15:04:05Z] #60 attempt=1/6 status=200 0.702s url=https://www.myfonts.com/products/mc-segalecy-complete-family-package-1118506
[2026-03-08T15:04:06Z] #61 attempt=1/6 status=200 0.584s url=https://www.myfonts.com/collections/mc-segalecy-font-maulana-creative/
[2026-03-08T15:04:07Z] #62 attempt=1/6 status=200 1.206s url=https://www.myfonts.com/products/extended-package-1118331
[2026-03-08T15:04:10Z] #63 attempt=1/6 status=200 2.536s url=https://www.myfonts.com/collections/flova-font-slex-studio/
[2026-03-08T15:04:11Z] #64 attempt=1/6 status=200 0.740s url=https://www.myfonts.com/products/blomby-reg-pack-package-1118471
[2026-03-08T15:04:12Z] #65 attempt=1/6 status=200 0.764s url=https://www.myfonts.com/collections/blomby-font-tegaki/
[2026-03-08T15:04:14Z] #66 attempt=1/6 status=200 0.712s url=https://www.myfonts.com/products/gumybops-complete-family-package-1118110
[2026-03-08T15:04:15Z] #67 attempt=1/6 status=200 0.759s url=https://www.myfonts.com/collections/gumybops-font-snapedsgn/
[2026-03-08T15:04:16Z] #68 attempt=1/6 status=200 0.716s url=https://www.myfonts.com/products/rustvale-complete-family-package-1118101
[2026-03-08T15:04:17Z] #69 attempt=1/6 status=200 0.786s url=https://www.myfonts.com/collections/rustvale-font-letterhend/
[2026-03-08T15:04:18Z] #70 attempt=1/6 status=200 0.634s url=https://www.myfonts.com/products/aseno-modern-complete-family-package-1117916
[2026-03-08T15:04:19Z] #71 attempt=1/6 status=200 0.653s url=https://www.myfonts.com/collections/aseno-modern-font-nirmana-visual/
[2026-03-08T15:04:20Z] #72 attempt=1/6 status=200 0.820s url=https://www.myfonts.com/products/mojian-complete-family-package-1118131
[2026-03-08T15:04:21Z] #73 attempt=1/6 status=200 0.864s url=https://www.myfonts.com/collections/mojian-font-wildan-carfont/
[2026-03-08T15:04:22Z] #74 attempt=1/6 status=200 0.672s url=https://www.myfonts.com/products/reyda-complete-family-package-1117907
[2026-03-08T15:04:23Z] #75 attempt=1/6 status=200 0.651s url=https://www.myfonts.com/collections/reyda-font-ragamkata/
[2026-03-08T15:04:24Z] #76 attempt=1/6 status=200 0.736s url=https://www.myfonts.com/products/rucent-complete-family-package-1118079
[2026-03-08T15:04:25Z] #77 attempt=1/6 status=200 0.882s url=https://www.myfonts.com/collections/rucent-font-vermilione/
[2026-03-08T15:04:27Z] #78 attempt=1/6 status=200 0.618s url=https://www.myfonts.com/products/brokewall-complete-family-package-1117850
[2026-03-08T15:04:27Z] #79 attempt=1/6 status=200 0.685s url=https://www.myfonts.com/collections/brokewall-font-valorix-studio/
[2026-03-08T15:04:29Z] #80 attempt=1/6 status=200 0.744s url=https://www.myfonts.com/products/fox-nibble-complete-family-package-1118418
[2026-03-08T15:04:31Z] #81 attempt=1/6 status=200 1.892s url=https://www.myfonts.com/collections/fox-nibble-font-fox7/
[2026-03-08T15:04:32Z] #82 attempt=1/6 status=200 1.134s url=https://www.myfonts.com/products/upright-package-1118696
[2026-03-08T15:04:33Z] #83 attempt=1/6 status=200 0.903s url=https://www.myfonts.com/collections/mizhon-serif-font-skinny-type/
[2026-03-08T15:04:34Z] #84 attempt=1/6 status=200 0.642s url=https://www.myfonts.com/products/harney-complete-family-package-1118105
[2026-03-08T15:04:36Z] #85 attempt=1/6 status=200 0.827s url=https://www.myfonts.com/collections/harney-font-letterhend/
[2026-03-08T15:04:38Z] #86 attempt=1/6 status=200 2.183s url=https://www.myfonts.com/products/hard-package-1118416
[2026-03-08T15:04:41Z] #87 attempt=1/6 status=200 3.127s url=https://www.myfonts.com/collections/readant-font-rastype-studio/
[2026-03-08T15:04:43Z] #88 attempt=1/6 status=200 0.559s url=https://www.myfonts.com/products/blime-blackletter-complete-family-package-1118501
[2026-03-08T15:04:44Z] #89 attempt=1/6 status=200 0.494s url=https://www.myfonts.com/collections/blime-blackletter-font-nirmana-visual/
[2026-03-08T15:04:45Z] #90 attempt=1/6 status=200 0.543s url=https://www.myfonts.com/products/freedom-paradise-complete-family-package-1118234
[2026-03-08T15:04:46Z] #91 attempt=1/6 status=200 0.497s url=https://www.myfonts.com/collections/freedom-paradise-font-stylishtype-studio/
[2026-03-08T15:04:47Z] #92 attempt=1/6 status=200 0.555s url=https://www.myfonts.com/products/rusty-court-complete-family-package-1117950
[2026-03-08T15:04:47Z] #93 attempt=1/6 status=200 0.673s url=https://www.myfonts.com/collections/rusty-court-font-letterhend/
[2026-03-08T15:04:49Z] #94 attempt=1/6 status=200 0.681s url=https://www.myfonts.com/products/nailong-lifemore-complete-family-package-1118542
[2026-03-08T15:04:49Z] #95 attempt=1/6 status=200 0.737s url=https://www.myfonts.com/collections/nailong-lifemore-font-anaya-studio/
[2026-03-08T15:04:51Z] #96 attempt=1/6 status=200 0.669s url=https://www.myfonts.com/products/monarch-heritage-complete-family-package-1118222
[2026-03-08T15:04:51Z] #97 attempt=1/6 status=200 0.623s url=https://www.myfonts.com/collections/monarch-heritage-font-typoraith-co/
[2026-03-08T15:04:52Z] #98 attempt=1/6 status=200 0.677s url=https://www.myfonts.com/products/shansio-complete-family-package-1117857
[2026-03-08T15:04:53Z] #99 attempt=1/6 status=200 0.795s url=https://www.myfonts.com/collections/shansio-font-graphicxell/
[2026-03-08T15:04:54Z] #100 attempt=1/6 status=200 0.562s url=https://www.myfonts.com/products/restless-dynasty-complete-family-package-1117853
[2026-03-08T15:04:55Z] #101 attempt=1/6 status=200 0.610s url=https://www.myfonts.com/collections/restless-dynasty-font-naufal-paramata/
[2026-03-08T15:04:56Z] #102 attempt=1/6 status=200 0.581s url=https://www.myfonts.com/products/it-malstryne-complete-family-package-1118076
[2026-03-08T15:04:57Z] #103 attempt=1/6 status=200 0.565s url=https://www.myfonts.com/collections/it-malstryne-font-creatifont-studio/
[2026-03-08T15:04:58Z] #104 attempt=1/6 status=200 0.634s url=https://www.myfonts.com/products/felvice-complete-family-package-1118134
[2026-03-08T15:04:59Z] #105 attempt=1/6 status=200 0.650s url=https://www.myfonts.com/collections/felvice-font-snapedsgn/
[2026-03-08T15:05:00Z] #106 attempt=1/6 status=200 0.676s url=https://www.myfonts.com/products/gl-parla-complete-family-package-1118398
[2026-03-08T15:05:01Z] #107 attempt=1/6 status=200 0.800s url=https://www.myfonts.com/collections/gl-parla-font-fontbilisi/
[2026-03-08T15:05:02Z] #108 attempt=1/6 status=200 0.739s url=https://www.myfonts.com/products/scramble-complete-family-package-1117879
[2026-03-08T15:05:03Z] #109 attempt=1/6 status=200 0.728s url=https://www.myfonts.com/collections/scramble-font-agny-hasya-studio/
[2026-03-08T15:05:04Z] #110 attempt=1/6 status=200 0.782s url=https://www.myfonts.com/products/starter-pack-package-1118383
[2026-03-08T15:05:06Z] #111 attempt=1/6 status=200 0.904s url=https://www.myfonts.com/collections/gothig-round-font-studio-jaso/
[2026-03-08T15:05:07Z] #112 attempt=1/6 status=200 0.916s url=https://www.myfonts.com/products/noverion-slab-complete-family-package-1118137
[2026-03-08T15:05:08Z] #113 attempt=1/6 status=200 1.031s url=https://www.myfonts.com/collections/noverion-slab-font-typehill-studio/
[2026-03-08T15:05:09Z] #114 attempt=1/6 status=200 0.703s url=https://www.myfonts.com/products/foermality-sans-variable-complete-family-package-1118490
[2026-03-08T15:05:10Z] #115 attempt=1/6 status=200 0.730s url=https://www.myfonts.com/collections/foermality-sans-variable-font-laroyba-type/
[2026-03-08T15:05:11Z] #116 attempt=1/6 status=200 0.529s url=https://www.myfonts.com/products/bozeek-istory-complete-family-package-1117913
[2026-03-08T15:05:12Z] #117 attempt=1/6 status=200 0.522s url=https://www.myfonts.com/collections/bozeek-istory-font-stylishtype-studio/
[2026-03-08T15:05:13Z] #118 attempt=1/6 status=200 0.452s url=https://www.myfonts.com/products/calavera-complete-family-package-1118786
[2026-03-08T15:05:14Z] #119 attempt=1/6 status=200 0.588s url=https://www.myfonts.com/products/pace-form-complete-family-package-1118194
[2026-03-08T15:05:15Z] #120 attempt=1/6 status=200 0.680s url=https://www.myfonts.com/collections/pace-form-font-initiatype/
[2026-03-08T15:05:16Z] #121 attempt=1/6 status=200 0.661s url=https://www.myfonts.com/products/stone-capital-complete-family-package-1118553
[2026-03-08T15:05:16Z] #122 attempt=1/6 status=200 0.483s url=https://www.myfonts.com/collections/stone-capital-font-lemonthe/
[2026-03-08T15:05:17Z] #123 attempt=1/6 status=200 0.560s url=https://www.myfonts.com/products/hidden-route-complete-family-package-1118123
[2026-03-08T15:05:18Z] #124 attempt=1/6 status=200 0.583s url=https://www.myfonts.com/collections/hidden-route-font-letterhend/
[2026-03-08T15:05:19Z] #125 attempt=1/6 status=200 0.548s url=https://www.myfonts.com/products/nudity-pb-complete-family-package-1118850
[2026-03-08T15:05:20Z] #126 attempt=1/6 status=200 0.579s url=https://www.myfonts.com/collections/nudity-pb-font-pink-broccoli/
[2026-03-08T15:05:21Z] #127 attempt=1/6 status=200 0.818s url=https://www.myfonts.com/products/meat-glone-complete-family-package-1118798
[2026-03-08T15:05:22Z] #128 attempt=1/6 status=200 0.738s url=https://www.myfonts.com/collections/meat-glone-font-pandeka-studio/
[2026-03-08T15:05:25Z] #129 attempt=1/6 status=200 2.866s url=https://www.myfonts.com/products/anglica-complete-family-package-1118591
[2026-03-08T15:05:28Z] #130 attempt=1/6 status=200 2.460s url=https://www.myfonts.com/collections/anglica-font-pista-mova/
[2026-03-08T15:05:30Z] #131 attempt=1/6 status=200 0.940s url=https://www.myfonts.com/products/bencord-complete-family-package-1117904
[2026-03-08T15:05:32Z] #132 attempt=1/6 status=200 1.531s url=https://www.myfonts.com/collections/bencord-font-graphicfresh/
[2026-03-08T15:05:33Z] #133 attempt=1/6 status=200 0.905s url=https://www.myfonts.com/products/business-serif-complete-family-package-1118509
[2026-03-08T15:05:34Z] #134 attempt=1/6 status=200 0.830s url=https://www.myfonts.com/collections/business-serif-font-pizzatypefaces/
[2026-03-08T15:05:35Z] #135 attempt=1/6 status=200 0.595s url=https://www.myfonts.com/products/autheka-complete-family-package-1118529
[2026-03-08T15:05:36Z] #136 attempt=1/6 status=200 0.588s url=https://www.myfonts.com/collections/autheka-font-shapespired-design/
[2026-03-08T15:05:37Z] #137 attempt=1/6 status=200 0.574s url=https://www.myfonts.com/products/scarletis-complete-family-package-1118493
[2026-03-08T15:05:38Z] #138 attempt=1/6 status=200 0.656s url=https://www.myfonts.com/collections/scarletis-font-stylishtype-studio/
[2026-03-08T15:05:39Z] #139 attempt=1/6 status=200 0.693s url=https://www.myfonts.com/products/coulder-complete-family-package-1118783
[2026-03-08T15:05:40Z] #140 attempt=1/6 status=200 0.694s url=https://www.myfonts.com/collections/coulder-font-artiveko/
[2026-03-08T15:05:41Z] #141 attempt=1/6 status=200 0.872s url=https://www.myfonts.com/products/regular-hardshock-1118049
[2026-03-08T15:05:42Z] #142 attempt=1/6 status=200 0.804s url=https://www.myfonts.com/collections/hardshock-font-subectype/
[2026-03-08T15:05:43Z] #143 attempt=1/6 status=200 0.817s url=https://www.myfonts.com/products/regular-miroter-1117856
[2026-03-08T15:05:44Z] #144 attempt=1/6 status=200 0.679s url=https://www.myfonts.com/collections/miroter-font-bayuktx/
[2026-03-08T15:05:45Z] #145 attempt=1/6 status=200 0.716s url=https://www.myfonts.com/products/regular-lulane-1118505
[2026-03-08T15:05:46Z] #146 attempt=1/6 status=200 0.774s url=https://www.myfonts.com/collections/lulane-font-rasio-studio/
[2026-03-08T15:05:47Z] #147 attempt=1/6 status=200 0.717s url=https://www.myfonts.com/products/regular-sahuraya-1117731
[2026-03-08T15:05:48Z] #148 attempt=1/6 status=200 0.683s url=https://www.myfonts.com/collections/sahuraya-font-letterhend/
[2026-03-08T15:05:49Z] #149 attempt=1/6 status=200 0.782s url=https://www.myfonts.com/products/regular-mafingo-1118504
[2026-03-08T15:05:50Z] #150 attempt=1/6 status=200 0.723s url=https://www.myfonts.com/collections/mafingo-font-evertive/
[2026-03-08T15:05:53Z] #151 attempt=1/6 status=200 2.254s url=https://www.myfonts.com/products.json?limit=250&page=2
[2026-03-08T15:05:54Z] #152 attempt=1/6 status=200 0.671s url=https://www.myfonts.com/products/regular-maydeline-aleandra-1118557
[2026-03-08T15:05:55Z] #153 attempt=1/6 status=200 0.584s url=https://www.myfonts.com/collections/maydeline-aleandra-font-pineungtype-misinklab/
[2026-03-08T15:05:56Z] #154 attempt=1/6 status=200 0.604s url=https://www.myfonts.com/products/regular-ghoster-mionyto-1118556
[2026-03-08T15:05:57Z] #155 attempt=1/6 status=200 0.644s url=https://www.myfonts.com/collections/ghoster-mionyto-font-pineungtype-misinklab/
[2026-03-08T15:05:58Z] #156 attempt=1/6 status=200 0.728s url=https://www.myfonts.com/products/regular-arconte-1118453
[2026-03-08T15:05:58Z] #157 attempt=1/6 status=200 0.561s url=https://www.myfonts.com/collections/arconte-font-bilberry-create/
[2026-03-08T15:06:01Z] #158 attempt=1/6 status=200 1.779s url=https://www.myfonts.com/products/regular-charming-letters-1118440
[2026-03-08T15:06:01Z] #159 attempt=1/6 status=200 0.637s url=https://www.myfonts.com/collections/charming-letters-font-bilberry-create/
[2026-03-08T15:06:03Z] #160 attempt=1/6 status=200 0.708s url=https://www.myfonts.com/products/regular-viently-flustin-1118115
[2026-03-08T15:06:03Z] #161 attempt=1/6 status=200 0.504s url=https://www.myfonts.com/collections/viently-flustin-font-trabas-kriya/
[2026-03-08T15:06:04Z] #162 attempt=1/6 status=200 0.570s url=https://www.myfonts.com/products/regular-lchika-1118109
[2026-03-08T15:06:05Z] #163 attempt=1/6 status=200 0.582s url=https://www.myfonts.com/collections/lchika-font-khoir/
[2026-03-08T15:06:06Z] #164 attempt=1/6 status=200 0.690s url=https://www.myfonts.com/products/regular-cloud-nine-1118558
[2026-03-08T15:06:07Z] #165 attempt=1/6 status=200 0.484s url=https://www.myfonts.com/collections/cloud-nine-font-pyramind/
[2026-03-08T15:06:08Z] #166 attempt=1/6 status=200 0.622s url=https://www.myfonts.com/products/regular-yeremia-1116912
[2026-03-08T15:06:09Z] #167 attempt=1/6 status=200 0.570s url=https://www.myfonts.com/collections/yeremia-font-denustudio/
[2026-03-08T15:06:10Z] #168 attempt=1/6 status=200 0.827s url=https://www.myfonts.com/products/regular-qebica-1118485
[2026-03-08T15:06:11Z] #169 attempt=1/6 status=200 0.785s url=https://www.myfonts.com/collections/qebica-font-maikohatta/
[2026-03-08T15:06:12Z] #170 attempt=1/6 status=200 0.561s url=https://www.myfonts.com/products/regular-farqey-denours-1117885
[2026-03-08T15:06:12Z] #171 attempt=1/6 status=200 0.549s url=https://www.myfonts.com/collections/farqey-denours-font-heinzel-std/
[2026-03-08T15:06:13Z] #172 attempt=1/6 status=200 0.596s url=https://www.myfonts.com/products/regular-skulk-stroke-1117910
[2026-03-08T15:06:14Z] #173 attempt=1/6 status=200 0.431s url=https://www.myfonts.com/collections/skulk-stroke-font-dm-studio/
[2026-03-08T15:06:15Z] #174 attempt=1/6 status=200 0.536s url=https://www.myfonts.com/products/regular-zamrani-1117919
[2026-03-08T15:06:16Z] #175 attempt=1/6 status=200 0.465s url=https://www.myfonts.com/collections/zamrani-font-vadova-std/
[2026-03-08T15:06:17Z] #176 attempt=1/6 status=200 0.779s url=https://www.myfonts.com/products/regular-bold-eater-1118797
[2026-03-08T15:06:18Z] #177 attempt=1/6 status=200 0.615s url=https://www.myfonts.com/collections/bold-eater-font-pandeka-studio/
[2026-03-08T15:06:19Z] #178 attempt=1/6 status=200 0.652s url=https://www.myfonts.com/products/regular-elongate-1117922
[2026-03-08T15:06:19Z] #179 attempt=1/6 status=200 0.505s url=https://www.myfonts.com/collections/elongate-font-vadova-std/
[2026-03-08T15:06:20Z] #180 attempt=1/6 status=200 0.594s url=https://www.myfonts.com/products/regular-al-ammara-1117921
[2026-03-08T15:06:21Z] #181 attempt=1/6 status=200 0.898s url=https://www.myfonts.com/collections/al-ammara-font-vadova-std/
[2026-03-08T15:06:22Z] #182 attempt=1/6 status=200 0.532s url=https://www.myfonts.com/products/regular-velomi-juice-1118500
[2026-03-08T15:06:23Z] #183 attempt=1/6 status=200 0.451s url=https://www.myfonts.com/collections/velomi-juice-font-basnistudio/
[2026-03-08T15:06:25Z] #184 attempt=1/6 status=200 1.665s url=https://www.myfonts.com/products.json?limit=250&page=3
[2026-03-08T15:06:26Z] #185 attempt=1/6 status=200 0.575s url=https://www.myfonts.com/products/regular-veltoraz-1118225
[2026-03-08T15:06:27Z] #186 attempt=1/6 status=200 0.491s url=https://www.myfonts.com/collections/veltoraz-font-canden-meutuah/
[2026-03-08T15:06:28Z] #187 attempt=1/6 status=200 0.613s url=https://www.myfonts.com/products/regular-centive-1118782
[2026-03-08T15:06:28Z] #188 attempt=1/6 status=200 0.440s url=https://www.myfonts.com/collections/centive-font-ronny-studio/
[2026-03-08T15:06:29Z] #189 attempt=1/6 status=200 0.821s url=https://www.myfonts.com/products/regular-jeff-zorvyk-1116911
[2026-03-08T15:06:30Z] #190 attempt=1/6 status=200 0.753s url=https://www.myfonts.com/collections/jeff-zorvyk-font-denustudio/
[2026-03-08T15:06:32Z] #191 attempt=1/6 status=200 1.059s url=https://www.myfonts.com/products/regular-rough-scribble-1118140
[2026-03-08T15:06:33Z] #192 attempt=1/6 status=200 0.493s url=https://www.myfonts.com/collections/rough-scribble-font-ef-studio/
[2026-03-08T15:06:34Z] #193 attempt=1/6 status=200 0.606s url=https://www.myfonts.com/products/regular-fledora-dirtyn-1117911
[2026-03-08T15:06:34Z] #194 attempt=1/6 status=200 0.544s url=https://www.myfonts.com/collections/fledora-dirtyn-font-maikohatta/
[2026-03-08T15:06:35Z] #195 attempt=1/6 status=200 0.733s url=https://www.myfonts.com/products/regular-birvase-1118426
[2026-03-08T15:06:36Z] #196 attempt=1/6 status=200 0.526s url=https://www.myfonts.com/collections/birvase-font-zealab-fonts-division/
[2026-03-08T15:06:37Z] #197 attempt=1/6 status=200 0.591s url=https://www.myfonts.com/products/regular-brigold-1118496
[2026-03-08T15:06:38Z] #198 attempt=1/6 status=200 0.462s url=https://www.myfonts.com/collections/brigold-font-suhadidesign/
[2026-03-08T15:06:40Z] #199 attempt=1/6 status=200 2.149s url=https://www.myfonts.com/products.json?limit=250&page=4
[2026-03-08T15:06:41Z] #200 attempt=1/6 status=200 0.588s url=https://www.myfonts.com/products/regular-cloudy-bumpy-1117897
[2026-03-08T15:06:42Z] #201 attempt=1/6 status=200 0.516s url=https://www.myfonts.com/collections/cloudy-bumpy-font-ardyanatypes/
[2026-03-08T15:06:43Z] #202 attempt=1/6 status=200 0.648s url=https://www.myfonts.com/products/regular-pinstripe-1116813
[2026-03-08T15:06:44Z] #203 attempt=1/6 status=200 0.580s url=https://www.myfonts.com/collections/pinstripe-font-font-and-co/
[2026-03-08T15:06:45Z] #204 attempt=1/6 status=200 0.650s url=https://www.myfonts.com/products/regular-bloomingdale-1118423
[2026-03-08T15:06:46Z] #205 attempt=1/6 status=200 0.482s url=https://www.myfonts.com/collections/bloomingdale-font-jamalodin/
[2026-03-08T15:06:46Z] #206 attempt=1/6 status=200 0.514s url=https://www.myfonts.com/products/the-handled-regular-the-handled-1117912
[2026-03-08T15:06:47Z] #207 attempt=1/6 status=200 0.466s url=https://www.myfonts.com/collections/the-handled-font-gatype/
[2026-03-08T15:06:48Z] #208 attempt=1/6 status=200 0.541s url=https://www.myfonts.com/products/regular-montreo-display-1118486
[2026-03-08T15:06:49Z] #209 attempt=1/6 status=200 0.551s url=https://www.myfonts.com/collections/montreo-display-font-foxtype/
[2026-03-08T15:06:50Z] #210 attempt=1/6 status=200 0.520s url=https://www.myfonts.com/products/regular-raithon-realm-1118108
[2026-03-08T15:06:51Z] #211 attempt=1/6 status=200 0.672s url=https://www.myfonts.com/collections/raithon-realm-font-twinletter/
[2026-03-08T15:06:52Z] #212 attempt=1/6 status=200 0.530s url=https://www.myfonts.com/products/sugar-bunch-regular-sugar-bunch-1118427
[2026-03-08T15:06:52Z] #213 attempt=1/6 status=200 0.481s url=https://www.myfonts.com/collections/sugar-bunch-font-sloulyfe-studio/
[2026-03-08T15:06:53Z] #214 attempt=1/6 status=200 0.642s url=https://www.myfonts.com/products/regular-gilmere-1118075
[2026-03-08T15:06:54Z] #215 attempt=1/6 status=200 0.440s url=https://www.myfonts.com/collections/gilmere-font-vadova-std/
[2026-03-08T15:06:55Z] #216 attempt=1/6 status=200 0.740s url=https://www.myfonts.com/products/semi-bold-aurelise-1116902
[2026-03-08T15:06:56Z] #217 attempt=1/6 status=200 0.669s url=https://www.myfonts.com/collections/aurelise-font-grezline-studio/
[2026-03-08T15:06:57Z] #218 attempt=1/6 status=200 0.779s url=https://www.myfonts.com/products/mercato-semibold-mercato-vf-1116887
[2026-03-08T15:06:58Z] #219 attempt=1/6 status=200 0.773s url=https://www.myfonts.com/collections/mercato-vf-font-borutta/
[2026-03-08T15:07:00Z] #220 attempt=1/6 status=200 1.059s url=https://www.myfonts.com/products/rounded-rimmed-italic-aerean-1116853
[2026-03-08T15:07:01Z] #221 attempt=1/6 status=200 1.296s url=https://www.myfonts.com/collections/aerean-font-alpercakici/
[2026-03-08T15:07:03Z] #222 attempt=1/6 status=200 1.013s url=https://www.myfonts.com/products/circular-outline-division-1116802
[2026-03-08T15:07:04Z] #223 attempt=1/6 status=200 1.299s url=https://www.myfonts.com/collections/division-font-alpercakici/
[2026-03-08T15:07:07Z] #224 attempt=1/6 status=200 1.954s url=https://www.myfonts.com/products.json?limit=250&page=5
[2026-03-08T15:07:08Z] #225 attempt=1/6 status=200 1.209s url=https://www.myfonts.com/products/black-sevontic-variable-1116890
[2026-03-08T15:07:11Z] #226 attempt=1/6 status=200 1.892s url=https://www.myfonts.com/collections/sevontic-variable-font-mantype-studio/
[2026-03-08T15:07:12Z] #227 attempt=1/6 status=200 0.654s url=https://www.myfonts.com/products/italic-rogria-1116816
[2026-03-08T15:07:13Z] #228 attempt=1/6 status=200 0.595s url=https://www.myfonts.com/collections/rogria-font-jafar07/
[2026-03-08T15:07:15Z] #229 attempt=1/6 status=200 1.202s url=https://www.myfonts.com/products/family-time-bundle-package-993097
[2026-03-08T15:07:16Z] #230 attempt=1/6 status=200 1.602s url=https://www.myfonts.com/products/amfibia-complete-family-package-1117506
[2026-03-08T15:07:19Z] #231 attempt=1/6 status=200 2.135s url=https://www.myfonts.com/collections/amfibia-font-rohh/
[2026-03-08T15:07:20Z] #232 attempt=1/6 status=200 0.572s url=https://www.myfonts.com/products/monevilcy-complete-family-package-1117702
[2026-03-08T15:07:21Z] #233 attempt=1/6 status=200 0.646s url=https://www.myfonts.com/collections/monevilcy-font-typeclassheroes/
[2026-03-08T15:07:22Z] #234 attempt=1/6 status=200 1.022s url=https://www.myfonts.com/products/tradesman-complete-family-package-1117836
[2026-03-08T15:07:24Z] #235 attempt=1/6 status=200 1.473s url=https://www.myfonts.com/collections/tradesman-font-grype/
[2026-03-08T15:07:26Z] #236 attempt=1/6 status=200 1.188s url=https://www.myfonts.com/products/tt-supermolot-neue-non-variable-package-1116689
[2026-03-08T15:07:29Z] #237 attempt=1/6 status=200 2.321s url=https://www.myfonts.com/collections/tt-supermolot-neue-font-typetype/
[2026-03-08T15:07:31Z] #238 attempt=1/6 status=200 0.993s url=https://www.myfonts.com/products/hekgest-complete-family-package-1117036
[2026-03-08T15:07:31Z] #239 attempt=1/6 status=200 0.743s url=https://www.myfonts.com/collections/hekgest-font-timelesstype-studio/
[2026-03-08T15:07:33Z] #240 attempt=1/6 status=200 0.712s url=https://www.myfonts.com/products/glemy-botra-complete-family-package-1117033
[2026-03-08T15:07:34Z] #241 attempt=1/6 status=200 0.749s url=https://www.myfonts.com/collections/glemy-botra-font-pandeka-studio/
[2026-03-08T15:07:35Z] #242 attempt=1/6 status=200 0.934s url=https://www.myfonts.com/products/offroad-family-package-1117831
[2026-03-08T15:07:37Z] #243 attempt=1/6 status=200 1.758s url=https://www.myfonts.com/collections/offroad-font-grype/
[2026-03-08T15:07:38Z] #244 attempt=1/6 status=200 0.613s url=https://www.myfonts.com/products/bumi-complete-family-package-1117002
[2026-03-08T15:07:39Z] #245 attempt=1/6 status=200 0.634s url=https://www.myfonts.com/collections/bumi-font-bondangail/
[2026-03-08T15:07:40Z] #246 attempt=1/6 status=200 0.622s url=https://www.myfonts.com/products/novel-sans-xcondensed-complete-family-package-1117780
[2026-03-08T15:07:41Z] #247 attempt=1/6 status=200 0.795s url=https://www.myfonts.com/collections/novel-sans-xcondensed-font-atlasfontfoundry/
[2026-03-08T15:07:42Z] #248 attempt=1/6 status=200 0.621s url=https://www.myfonts.com/products/dh-caloins-complete-family-package-1116961
[2026-03-08T15:07:43Z] #249 attempt=1/6 status=200 0.785s url=https://www.myfonts.com/collections/dh-caloins-font-ahmad-jamaludin/
[2026-03-08T15:07:44Z] #250 attempt=1/6 status=200 0.656s url=https://www.myfonts.com/products/novel-sans-condensed-pro-complete-family-package-1117750
[2026-03-08T15:07:45Z] #251 attempt=1/6 status=200 0.798s url=https://www.myfonts.com/collections/novel-sans-condensed-pro-font-atlasfontfoundry/
[2026-03-08T15:07:46Z] #252 attempt=1/6 status=200 0.717s url=https://www.myfonts.com/products/the-kayla-editorial-complete-family-package-1117713
[2026-03-08T15:07:47Z] #253 attempt=1/6 status=200 0.850s url=https://www.myfonts.com/collections/the-kayla-editorial-font-positive-type/
[2026-03-08T15:07:48Z] #254 attempt=1/6 status=200 0.595s url=https://www.myfonts.com/products/anavel-elegance-complete-family-package-1116952
[2026-03-08T15:07:49Z] #255 attempt=1/6 status=200 0.791s url=https://www.myfonts.com/collections/anavel-elegance-font-burntilldead/
[2026-03-08T15:07:50Z] #256 attempt=1/6 status=200 0.608s url=https://www.myfonts.com/products/affiora-serif-complete-family-package-1117497
[2026-03-08T15:07:51Z] #257 attempt=1/6 status=200 0.770s url=https://www.myfonts.com/collections/affiora-serif-font-ghozai-studio/
[2026-03-08T15:07:53Z] #258 attempt=1/6 status=200 0.688s url=https://www.myfonts.com/products/novel-sans-xxxcondensed-complete-family-package-1117765
[2026-03-08T15:07:54Z] #259 attempt=1/6 status=200 0.773s url=https://www.myfonts.com/collections/novel-sans-xxxcondensed-font-atlasfontfoundry/
[2026-03-08T15:07:56Z] #260 attempt=1/6 status=200 2.193s url=https://www.myfonts.com/products/sizek-pro-complete-family-package-1117221
[2026-03-08T15:07:57Z] #261 attempt=1/6 status=429 0.224s url=https://www.myfonts.com/collections/sizek-pro-font-blaze-type/
[2026-03-08T15:07:57Z] first_429 req=261 url=https://www.myfonts.com/collections/sizek-pro-font-blaze-type/
[2026-03-08T15:07:59Z] #262 attempt=2/6 status=429 0.408s url=https://www.myfonts.com/collections/sizek-pro-font-blaze-type/
[2026-03-08T15:08:05Z] #263 attempt=3/6 status=429 0.623s url=https://www.myfonts.com/collections/sizek-pro-font-blaze-type/
[2026-03-08T15:08:14Z] #264 attempt=4/6 status=429 0.623s url=https://www.myfonts.com/collections/sizek-pro-font-blaze-type/
[2026-03-08T15:08:26Z] #265 attempt=5/6 status=429 0.529s url=https://www.myfonts.com/collections/sizek-pro-font-blaze-type/
[2026-03-08T15:08:40Z] #266 attempt=6/6 status=429 0.488s url=https://www.myfonts.com/collections/sizek-pro-font-blaze-type/
[2026-03-08T15:08:57Z] max_retries_exhausted url=https://www.myfonts.com/collections/sizek-pro-font-blaze-type/
[2026-03-08T15:08:58Z] #267 attempt=1/6 status=429 0.508s url=https://www.myfonts.com/products/lsplafon-complete-family-package-1117432
[2026-03-08T15:09:01Z] #268 attempt=2/6 status=429 0.420s url=https://www.myfonts.com/products/lsplafon-complete-family-package-1117432
[2026-03-08T15:09:06Z] #269 attempt=3/6 status=429 0.338s url=https://www.myfonts.com/products/lsplafon-complete-family-package-1117432
[2026-03-08T15:09:15Z] #270 attempt=4/6 status=429 0.800s url=https://www.myfonts.com/products/lsplafon-complete-family-package-1117432
[2026-03-08T15:09:27Z] #271 attempt=5/6 status=429 0.465s url=https://www.myfonts.com/products/lsplafon-complete-family-package-1117432
[2026-03-08T15:09:42Z] #272 attempt=6/6 status=429 0.507s url=https://www.myfonts.com/products/lsplafon-complete-family-package-1117432
[2026-03-08T15:09:59Z] max_retries_exhausted url=https://www.myfonts.com/products/lsplafon-complete-family-package-1117432
[2026-03-08T15:09:59Z] #273 attempt=1/6 status=429 0.520s url=https://www.myfonts.com/products/mentoz-complete-family-package-1117459
[2026-03-08T15:10:02Z] #274 attempt=2/6 status=429 0.443s url=https://www.myfonts.com/products/mentoz-complete-family-package-1117459
[2026-03-08T15:10:08Z] #275 attempt=3/6 status=429 0.542s url=https://www.myfonts.com/products/mentoz-complete-family-package-1117459
[2026-03-08T15:10:16Z] #276 attempt=4/6 status=429 0.495s url=https://www.myfonts.com/products/mentoz-complete-family-package-1117459
[2026-03-08T15:10:28Z] #277 attempt=5/6 status=429 0.437s url=https://www.myfonts.com/products/mentoz-complete-family-package-1117459
[2026-03-08T15:10:43Z] #278 attempt=6/6 status=429 0.475s url=https://www.myfonts.com/products/mentoz-complete-family-package-1117459
[2026-03-08T15:11:00Z] max_retries_exhausted url=https://www.myfonts.com/products/mentoz-complete-family-package-1117459
[2026-03-08T15:11:01Z] #279 attempt=1/6 status=429 0.616s url=https://www.myfonts.com/products/sackem-pb-complete-bundle-static-and-variable-package-1117729
[2026-03-08T15:11:03Z] #280 attempt=2/6 status=429 0.405s url=https://www.myfonts.com/products/sackem-pb-complete-bundle-static-and-variable-package-1117729
[2026-03-08T15:11:09Z] #281 attempt=3/6 status=429 0.376s url=https://www.myfonts.com/products/sackem-pb-complete-bundle-static-and-variable-package-1117729
[2026-03-08T15:11:18Z] #282 attempt=4/6 status=429 0.463s url=https://www.myfonts.com/products/sackem-pb-complete-bundle-static-and-variable-package-1117729
[2026-03-08T15:11:29Z] #283 attempt=5/6 status=429 0.476s url=https://www.myfonts.com/products/sackem-pb-complete-bundle-static-and-variable-package-1117729
[2026-03-08T15:11:44Z] #284 attempt=6/6 status=429 0.481s url=https://www.myfonts.com/products/sackem-pb-complete-bundle-static-and-variable-package-1117729
[2026-03-08T15:12:01Z] max_retries_exhausted url=https://www.myfonts.com/products/sackem-pb-complete-bundle-static-and-variable-package-1117729
[2026-03-08T15:12:02Z] #285 attempt=1/6 status=429 0.459s url=https://www.myfonts.com/products/vergils-archive-complete-family-package-1117627
[2026-03-08T15:12:04Z] #286 attempt=2/6 status=429 0.466s url=https://www.myfonts.com/products/vergils-archive-complete-family-package-1117627
[2026-03-08T15:12:10Z] #287 attempt=3/6 status=429 0.419s url=https://www.myfonts.com/products/vergils-archive-complete-family-package-1117627
[2026-03-08T15:12:19Z] #288 attempt=4/6 status=429 0.533s url=https://www.myfonts.com/products/vergils-archive-complete-family-package-1117627
[2026-03-08T15:12:31Z] #289 attempt=5/6 status=429 1.043s url=https://www.myfonts.com/products/vergils-archive-complete-family-package-1117627
[2026-03-08T15:12:46Z] #290 attempt=6/6 status=429 0.446s url=https://www.myfonts.com/products/vergils-archive-complete-family-package-1117627
[2026-03-08T15:13:03Z] max_retries_exhausted url=https://www.myfonts.com/products/vergils-archive-complete-family-package-1117627
[2026-03-08T15:13:03Z] #291 attempt=1/6 status=429 0.589s url=https://www.myfonts.com/products/quano-complete-family-package-1117021
[2026-03-08T15:13:06Z] #292 attempt=2/6 status=429 0.515s url=https://www.myfonts.com/products/quano-complete-family-package-1117021
[2026-03-08T15:13:12Z] #293 attempt=3/6 status=429 0.565s url=https://www.myfonts.com/products/quano-complete-family-package-1117021
[2026-03-08T15:13:21Z] #294 attempt=4/6 status=429 0.460s url=https://www.myfonts.com/products/quano-complete-family-package-1117021
[2026-03-08T15:13:32Z] #295 attempt=5/6 status=429 0.333s url=https://www.myfonts.com/products/quano-complete-family-package-1117021
[2026-03-08T15:13:47Z] #296 attempt=6/6 status=429 0.406s url=https://www.myfonts.com/products/quano-complete-family-package-1117021
[2026-03-08T15:14:04Z] max_retries_exhausted url=https://www.myfonts.com/products/quano-complete-family-package-1117021
[2026-03-08T15:14:04Z] #297 attempt=1/6 status=429 0.431s url=https://www.myfonts.com/products/the-basilica-awesome-complete-family-package-1117671
[2026-03-08T15:14:07Z] #298 attempt=2/6 status=429 0.479s url=https://www.myfonts.com/products/the-basilica-awesome-complete-family-package-1117671
[2026-03-08T15:14:13Z] #299 attempt=3/6 status=429 0.499s url=https://www.myfonts.com/products/the-basilica-awesome-complete-family-package-1117671
[2026-03-08T15:14:21Z] #300 attempt=4/6 status=429 0.308s url=https://www.myfonts.com/products/the-basilica-awesome-complete-family-package-1117671
[2026-03-08T15:14:33Z] #301 attempt=5/6 status=429 0.432s url=https://www.myfonts.com/products/the-basilica-awesome-complete-family-package-1117671
[2026-03-08T15:14:47Z] #302 attempt=6/6 status=429 0.372s url=https://www.myfonts.com/products/the-basilica-awesome-complete-family-package-1117671
[2026-03-08T15:15:04Z] max_retries_exhausted url=https://www.myfonts.com/products/the-basilica-awesome-complete-family-package-1117671
[2026-03-08T15:15:05Z] #303 attempt=1/6 status=429 0.347s url=https://www.myfonts.com/products/yessiou-saphire-complete-family-package-1117620
[2026-03-08T15:15:08Z] #304 attempt=2/6 status=429 0.472s url=https://www.myfonts.com/products/yessiou-saphire-complete-family-package-1117620
[2026-03-08T15:15:13Z] #305 attempt=3/6 status=429 0.371s url=https://www.myfonts.com/products/yessiou-saphire-complete-family-package-1117620
[2026-03-08T15:15:22Z] #306 attempt=4/6 status=429 0.520s url=https://www.myfonts.com/products/yessiou-saphire-complete-family-package-1117620
[2026-03-08T15:15:34Z] #307 attempt=5/6 status=429 0.478s url=https://www.myfonts.com/products/yessiou-saphire-complete-family-package-1117620
[2026-03-08T15:15:48Z] #308 attempt=6/6 status=429 0.471s url=https://www.myfonts.com/products/yessiou-saphire-complete-family-package-1117620
[2026-03-08T15:16:05Z] max_retries_exhausted url=https://www.myfonts.com/products/yessiou-saphire-complete-family-package-1117620
[2026-03-08T15:16:06Z] #309 attempt=1/6 status=429 0.539s url=https://www.myfonts.com/products/essentials-package-1115867
[2026-03-08T15:16:09Z] #310 attempt=2/6 status=429 0.809s url=https://www.myfonts.com/products/essentials-package-1115867
[2026-03-08T15:16:15Z] #311 attempt=3/6 status=429 0.382s url=https://www.myfonts.com/products/essentials-package-1115867
[2026-03-08T15:16:23Z] #312 attempt=4/6 status=429 0.390s url=https://www.myfonts.com/products/essentials-package-1115867
[2026-03-08T15:16:35Z] #313 attempt=5/6 status=429 0.489s url=https://www.myfonts.com/products/essentials-package-1115867
[2026-03-08T15:16:50Z] #314 attempt=6/6 status=429 0.462s url=https://www.myfonts.com/products/essentials-package-1115867
[2026-03-08T15:17:07Z] max_retries_exhausted url=https://www.myfonts.com/products/essentials-package-1115867
[2026-03-08T15:17:07Z] #315 attempt=1/6 status=429 0.378s url=https://www.myfonts.com/products/palmila-complete-family-package-1116949
[2026-03-08T15:17:10Z] #316 attempt=2/6 status=429 0.420s url=https://www.myfonts.com/products/palmila-complete-family-package-1116949
[2026-03-08T15:17:16Z] #317 attempt=3/6 status=429 0.499s url=https://www.myfonts.com/products/palmila-complete-family-package-1116949
[2026-03-08T15:17:24Z] #318 attempt=4/6 status=429 0.609s url=https://www.myfonts.com/products/palmila-complete-family-package-1116949
[2026-03-08T15:17:36Z] #319 attempt=5/6 status=429 0.434s url=https://www.myfonts.com/products/palmila-complete-family-package-1116949
[2026-03-08T15:17:51Z] #320 attempt=6/6 status=429 1.212s url=https://www.myfonts.com/products/palmila-complete-family-package-1116949
[2026-03-08T15:18:08Z] max_retries_exhausted url=https://www.myfonts.com/products/palmila-complete-family-package-1116949
[2026-03-08T15:18:10Z] #321 attempt=1/6 status=200 0.845s url=https://www.myfonts.com/products/corpoa-complete-family-package-1117027
[2026-03-08T15:18:10Z] #322 attempt=1/6 status=200 0.555s url=https://www.myfonts.com/collections/corpoa-font-pandeka-studio/
[2026-03-08T15:18:11Z] #323 attempt=1/6 status=200 0.491s url=https://www.myfonts.com/products/cruncho-complete-family-package-1117486
[2026-03-08T15:18:12Z] #324 attempt=1/6 status=200 0.448s url=https://www.myfonts.com/collections/cruncho-font-jinan-studio/
[2026-03-08T15:18:13Z] #325 attempt=1/6 status=200 0.584s url=https://www.myfonts.com/products/gegola-complete-family-package-1117030
[2026-03-08T15:18:14Z] #326 attempt=1/6 status=200 0.487s url=https://www.myfonts.com/collections/gegola-font-pandeka-studio/
[2026-03-08T15:18:14Z] #327 attempt=1/6 status=200 0.564s url=https://www.myfonts.com/products/remazer-complete-family-package-1117494
[2026-03-08T15:18:15Z] #328 attempt=1/6 status=200 0.598s url=https://www.myfonts.com/collections/remazer-font-brown-cupple-typeface/
[2026-03-08T15:18:16Z] #329 attempt=1/6 status=200 0.657s url=https://www.myfonts.com/products/brameson-spencer-complete-family-package-1117841
[2026-03-08T15:18:17Z] #330 attempt=1/6 status=200 0.621s url=https://www.myfonts.com/collections/brameson-spencer-font-grezline-studio/
[2026-03-08T15:18:18Z] #331 attempt=1/6 status=200 0.525s url=https://www.myfonts.com/products/fake-greek-complete-family-package-1117610
[2026-03-08T15:18:19Z] #332 attempt=1/6 status=200 0.603s url=https://www.myfonts.com/collections/fake-greek-font-pitts-hand/
[2026-03-08T15:18:20Z] #333 attempt=1/6 status=200 0.511s url=https://www.myfonts.com/products/rushy-complete-family-package-1117624
[2026-03-08T15:18:21Z] #334 attempt=1/6 status=200 0.584s url=https://www.myfonts.com/collections/rushy-font-saemoon-creative/
[2026-03-08T15:18:22Z] #335 attempt=1/6 status=200 0.598s url=https://www.myfonts.com/products/the-edition-nineties-complete-family-package-1117686
[2026-03-08T15:18:23Z] #336 attempt=1/6 status=200 0.806s url=https://www.myfonts.com/collections/the-edition-nineties-font-logic-type/
[2026-03-08T15:18:24Z] #337 attempt=1/6 status=200 0.672s url=https://www.myfonts.com/products/giner-modern-complete-family-package-1117007
[2026-03-08T15:18:24Z] #338 attempt=1/6 status=200 0.541s url=https://www.myfonts.com/collections/giner-modern-font-nirmana-visual/
[2026-03-08T15:18:25Z] #339 attempt=1/6 status=200 0.524s url=https://www.myfonts.com/products/viscous-complete-family-package-1117478
[2026-03-08T15:18:26Z] #340 attempt=1/6 status=200 0.447s url=https://www.myfonts.com/collections/viscous-font-made-deduk/
[2026-03-08T15:18:27Z] #341 attempt=1/6 status=200 0.609s url=https://www.myfonts.com/products/saro-food-complete-family-package-1117481
[2026-03-08T15:18:28Z] #342 attempt=1/6 status=200 0.545s url=https://www.myfonts.com/collections/saro-food-font-illushvara/
[2026-03-08T15:18:29Z] #343 attempt=1/6 status=200 0.498s url=https://www.myfonts.com/products/monexsa-complete-family-package-1117838
[2026-03-08T15:18:30Z] #344 attempt=1/6 status=200 0.649s url=https://www.myfonts.com/collections/monexsa-font-rafis-type/
[2026-03-08T15:18:31Z] #345 attempt=1/6 status=200 0.793s url=https://www.myfonts.com/products/lustra-text-complete-family-package-1117827
[2026-03-08T15:18:32Z] #346 attempt=1/6 status=200 0.822s url=https://www.myfonts.com/collections/lustra-text-font-grype/
[2026-03-08T15:18:33Z] #347 attempt=1/6 status=200 0.511s url=https://www.myfonts.com/products/malvolio-antique-complete-family-package-1117683
[2026-03-08T15:18:35Z] #348 attempt=1/6 status=200 1.522s url=https://www.myfonts.com/collections/malvolio-antique-font-the-ampersand-forest/
[2026-03-08T15:18:36Z] #349 attempt=1/6 status=200 0.683s url=https://www.myfonts.com/products/lustra-complete-family-package-1117826
[2026-03-08T15:18:37Z] #350 attempt=1/6 status=200 0.693s url=https://www.myfonts.com/collections/lustra-font-grype/
[2026-03-08T15:18:38Z] #351 attempt=1/6 status=200 0.679s url=https://www.myfonts.com/products/tod-krob-complete-family-package-1117639
[2026-03-08T15:18:39Z] #352 attempt=1/6 status=200 0.803s url=https://www.myfonts.com/collections/tod-krob-font-jipatype/
[2026-03-08T15:18:39Z] #353 attempt=1/6 status=429 0.129s url=https://www.myfonts.com/products/volkga-complete-family-package-1117018
[2026-03-08T15:18:42Z] #354 attempt=2/6 status=429 0.398s url=https://www.myfonts.com/products/volkga-complete-family-package-1117018
[2026-03-08T15:18:48Z] #355 attempt=3/6 status=429 0.631s url=https://www.myfonts.com/products/volkga-complete-family-package-1117018
[2026-03-08T15:18:57Z] #356 attempt=4/6 status=429 0.740s url=https://www.myfonts.com/products/volkga-complete-family-package-1117018
[2026-03-08T15:19:08Z] #357 attempt=5/6 status=429 0.434s url=https://www.myfonts.com/products/volkga-complete-family-package-1117018
[2026-03-08T15:19:23Z] #358 attempt=6/6 status=429 0.472s url=https://www.myfonts.com/products/volkga-complete-family-package-1117018
[2026-03-08T15:19:40Z] max_retries_exhausted url=https://www.myfonts.com/products/volkga-complete-family-package-1117018
[2026-03-08T15:19:41Z] #359 attempt=1/6 status=429 0.403s url=https://www.myfonts.com/products/the-stripes-editorial-complete-family-package-1117707
[2026-03-08T15:19:43Z] #360 attempt=2/6 status=429 0.474s url=https://www.myfonts.com/products/the-stripes-editorial-complete-family-package-1117707
[2026-03-08T15:19:49Z] #361 attempt=3/6 status=429 0.542s url=https://www.myfonts.com/products/the-stripes-editorial-complete-family-package-1117707
[2026-03-08T15:19:58Z] #362 attempt=4/6 status=429 0.488s url=https://www.myfonts.com/products/the-stripes-editorial-complete-family-package-1117707
[2026-03-08T15:20:09Z] #363 attempt=5/6 status=429 0.404s url=https://www.myfonts.com/products/the-stripes-editorial-complete-family-package-1117707
[2026-03-08T15:20:24Z] #364 attempt=6/6 status=429 0.400s url=https://www.myfonts.com/products/the-stripes-editorial-complete-family-package-1117707
[2026-03-08T15:20:41Z] max_retries_exhausted url=https://www.myfonts.com/products/the-stripes-editorial-complete-family-package-1117707
[2026-03-08T15:20:42Z] #365 attempt=1/6 status=429 0.462s url=https://www.myfonts.com/products/preton-complete-family-package-1116926
[2026-03-08T15:20:44Z] #366 attempt=2/6 status=429 0.514s url=https://www.myfonts.com/products/preton-complete-family-package-1116926
[2026-03-08T15:20:50Z] #367 attempt=3/6 status=429 0.455s url=https://www.myfonts.com/products/preton-complete-family-package-1116926
[2026-03-08T15:20:59Z] #368 attempt=4/6 status=429 0.415s url=https://www.myfonts.com/products/preton-complete-family-package-1116926
[2026-03-08T15:21:10Z] #369 attempt=5/6 status=429 0.470s url=https://www.myfonts.com/products/preton-complete-family-package-1116926
[2026-03-08T15:21:25Z] #370 attempt=6/6 status=429 0.626s url=https://www.myfonts.com/products/preton-complete-family-package-1116926
[2026-03-08T15:21:42Z] max_retries_exhausted url=https://www.myfonts.com/products/preton-complete-family-package-1116926
[2026-03-08T15:21:43Z] #371 attempt=1/6 status=429 0.404s url=https://www.myfonts.com/products/qugan-complete-family-package-1117662
[2026-03-08T15:21:45Z] #372 attempt=2/6 status=429 0.427s url=https://www.myfonts.com/products/qugan-complete-family-package-1117662
[2026-03-08T15:21:51Z] #373 attempt=3/6 status=429 0.435s url=https://www.myfonts.com/products/qugan-complete-family-package-1117662
[2026-03-08T15:22:00Z] #374 attempt=4/6 status=429 0.625s url=https://www.myfonts.com/products/qugan-complete-family-package-1117662
[2026-03-08T15:22:12Z] #375 attempt=5/6 status=429 0.495s url=https://www.myfonts.com/products/qugan-complete-family-package-1117662
[2026-03-08T15:22:27Z] #376 attempt=6/6 status=429 0.854s url=https://www.myfonts.com/products/qugan-complete-family-package-1117662
[2026-03-08T15:22:44Z] max_retries_exhausted url=https://www.myfonts.com/products/qugan-complete-family-package-1117662
[2026-03-08T15:22:44Z] #377 attempt=1/6 status=429 0.500s url=https://www.myfonts.com/products/benford-complete-family-package-1117607
[2026-03-08T15:22:47Z] #378 attempt=2/6 status=429 0.375s url=https://www.myfonts.com/products/benford-complete-family-package-1117607
[2026-03-08T15:22:53Z] #379 attempt=3/6 status=429 0.434s url=https://www.myfonts.com/products/benford-complete-family-package-1117607
[2026-03-08T15:23:01Z] #380 attempt=4/6 status=429 0.541s url=https://www.myfonts.com/products/benford-complete-family-package-1117607
[2026-03-08T15:23:13Z] #381 attempt=5/6 status=429 0.603s url=https://www.myfonts.com/products/benford-complete-family-package-1117607
[2026-03-08T15:23:28Z] #382 attempt=6/6 status=429 0.472s url=https://www.myfonts.com/products/benford-complete-family-package-1117607
[2026-03-08T15:23:45Z] max_retries_exhausted url=https://www.myfonts.com/products/benford-complete-family-package-1117607
[2026-03-08T15:23:46Z] #383 attempt=1/6 status=429 0.735s url=https://www.myfonts.com/products/amsefik-broky-complete-family-package-1117615
[2026-03-08T15:23:48Z] #384 attempt=2/6 status=429 0.428s url=https://www.myfonts.com/products/amsefik-broky-complete-family-package-1117615
[2026-03-08T15:23:54Z] #385 attempt=3/6 status=429 0.771s url=https://www.myfonts.com/products/amsefik-broky-complete-family-package-1117615
[2026-03-08T15:24:03Z] #386 attempt=4/6 status=429 0.446s url=https://www.myfonts.com/products/amsefik-broky-complete-family-package-1117615
[2026-03-08T15:24:15Z] #387 attempt=5/6 status=429 0.444s url=https://www.myfonts.com/products/amsefik-broky-complete-family-package-1117615
[2026-03-08T15:24:29Z] #388 attempt=6/6 status=429 0.446s url=https://www.myfonts.com/products/amsefik-broky-complete-family-package-1117615
[2026-03-08T15:24:46Z] max_retries_exhausted url=https://www.myfonts.com/products/amsefik-broky-complete-family-package-1117615
[2026-03-08T15:24:47Z] #389 attempt=1/6 status=429 0.777s url=https://www.myfonts.com/products/baiok-complete-family-package-1117024
[2026-03-08T15:24:50Z] #390 attempt=2/6 status=429 0.805s url=https://www.myfonts.com/products/baiok-complete-family-package-1117024
[2026-03-08T15:24:57Z] #391 attempt=3/6 status=429 1.943s url=https://www.myfonts.com/products/baiok-complete-family-package-1117024
[2026-03-08T15:25:06Z] #392 attempt=4/6 status=429 0.474s url=https://www.myfonts.com/products/baiok-complete-family-package-1117024
[2026-03-08T15:25:18Z] #393 attempt=5/6 status=429 0.487s url=https://www.myfonts.com/products/baiok-complete-family-package-1117024
[2026-03-08T15:25:34Z] #394 attempt=6/6 status=429 1.734s url=https://www.myfonts.com/products/baiok-complete-family-package-1117024
[2026-03-08T15:25:51Z] max_retries_exhausted url=https://www.myfonts.com/products/baiok-complete-family-package-1117024
[2026-03-08T15:25:52Z] #395 attempt=1/6 status=429 1.091s url=https://www.myfonts.com/products/novel-sans-pro-complete-family-package-1117796
[2026-03-08T15:25:55Z] #396 attempt=2/6 status=429 1.089s url=https://www.myfonts.com/products/novel-sans-pro-complete-family-package-1117796
[2026-03-08T15:26:02Z] #397 attempt=3/6 status=429 1.425s url=https://www.myfonts.com/products/novel-sans-pro-complete-family-package-1117796
[2026-03-08T15:26:11Z] #398 attempt=4/6 status=429 0.452s url=https://www.myfonts.com/products/novel-sans-pro-complete-family-package-1117796
[2026-03-08T15:26:22Z] #399 attempt=5/6 status=429 0.438s url=https://www.myfonts.com/products/novel-sans-pro-complete-family-package-1117796
[2026-03-08T15:26:37Z] #400 attempt=6/6 status=429 0.349s url=https://www.myfonts.com/products/novel-sans-pro-complete-family-package-1117796
[2026-03-08T15:26:54Z] max_retries_exhausted url=https://www.myfonts.com/products/novel-sans-pro-complete-family-package-1117796
[2026-03-08T15:26:54Z] #401 attempt=1/6 status=429 0.362s url=https://www.myfonts.com/products/frayed-marker-complete-family-package-1117489
[2026-03-08T15:26:57Z] #402 attempt=2/6 status=429 0.465s url=https://www.myfonts.com/products/frayed-marker-complete-family-package-1117489
[2026-03-08T15:27:03Z] #403 attempt=3/6 status=429 0.445s url=https://www.myfonts.com/products/frayed-marker-complete-family-package-1117489
[2026-03-08T15:27:11Z] #404 attempt=4/6 status=429 0.412s url=https://www.myfonts.com/products/frayed-marker-complete-family-package-1117489
[2026-03-08T15:27:23Z] #405 attempt=5/6 status=429 0.417s url=https://www.myfonts.com/products/frayed-marker-complete-family-package-1117489
[2026-03-08T15:27:38Z] #406 attempt=6/6 status=429 0.468s url=https://www.myfonts.com/products/frayed-marker-complete-family-package-1117489
[2026-03-08T15:27:55Z] max_retries_exhausted url=https://www.myfonts.com/products/frayed-marker-complete-family-package-1117489
[2026-03-08T15:27:55Z] #407 attempt=1/6 status=429 0.534s url=https://www.myfonts.com/products/sunblock-pro-complete-family-package-1117837
[2026-03-08T15:27:58Z] #408 attempt=2/6 status=429 0.413s url=https://www.myfonts.com/products/sunblock-pro-complete-family-package-1117837
[2026-03-08T15:28:04Z] #409 attempt=3/6 status=429 0.398s url=https://www.myfonts.com/products/sunblock-pro-complete-family-package-1117837
[2026-03-08T15:28:12Z] #410 attempt=4/6 status=429 0.435s url=https://www.myfonts.com/products/sunblock-pro-complete-family-package-1117837
[2026-03-08T15:28:24Z] #411 attempt=5/6 status=429 0.521s url=https://www.myfonts.com/products/sunblock-pro-complete-family-package-1117837
[2026-03-08T15:28:39Z] #412 attempt=6/6 status=200 1.204s url=https://www.myfonts.com/products/sunblock-pro-complete-family-package-1117837
[2026-03-08T15:28:41Z] #413 attempt=1/6 status=200 1.185s url=https://www.myfonts.com/collections/sunblock-pro-font-grype/
[2026-03-08T15:28:42Z] #414 attempt=1/6 status=200 0.579s url=https://www.myfonts.com/products/jukebox-hero-complete-family-package-1117828
[2026-03-08T15:28:43Z] #415 attempt=1/6 status=200 0.803s url=https://www.myfonts.com/collections/jukebox-hero-font-grype/
[2026-03-08T15:28:44Z] #416 attempt=1/6 status=200 0.584s url=https://www.myfonts.com/products/novel-sans-xxcondensed-complete-family-package-1117811
[2026-03-08T15:28:45Z] #417 attempt=1/6 status=200 0.587s url=https://www.myfonts.com/collections/novel-sans-xxcondensed-font-atlasfontfoundry/
[2026-03-08T15:28:46Z] #418 attempt=1/6 status=200 0.601s url=https://www.myfonts.com/products/gimora-complete-family-package-1117444
[2026-03-08T15:28:47Z] #419 attempt=1/6 status=200 0.658s url=https://www.myfonts.com/collections/gimora-font-vermilione/
[2026-03-08T15:28:48Z] #420 attempt=1/6 status=200 0.604s url=https://www.myfonts.com/products/crosmellow-complete-family-package-1116925
[2026-03-08T15:28:49Z] #421 attempt=1/6 status=200 0.731s url=https://www.myfonts.com/collections/crosmellow-font-owl-king-project/
[2026-03-08T15:28:50Z] #422 attempt=1/6 status=200 0.568s url=https://www.myfonts.com/products/boltincy-lincolle-complete-family-package-1117438
[2026-03-08T15:28:50Z] #423 attempt=1/6 status=200 0.541s url=https://www.myfonts.com/collections/boltincy-lincolle-font-stylishtype-studio/
[2026-03-08T15:28:53Z] #424 attempt=1/6 status=200 1.617s url=https://www.myfonts.com/products.json?limit=250&page=6
[2026-03-08T15:28:53Z] #425 attempt=1/6 status=200 0.600s url=https://www.myfonts.com/products/regular-havin-star-1117618
[2026-03-08T15:28:54Z] #426 attempt=1/6 status=200 0.398s url=https://www.myfonts.com/collections/havin-star-font-rhd-creative/
[2026-03-08T15:28:55Z] #427 attempt=1/6 status=200 0.536s url=https://www.myfonts.com/products/regular-liquid-galaxy-1117732
[2026-03-08T15:28:56Z] #428 attempt=1/6 status=200 0.511s url=https://www.myfonts.com/collections/liquid-galaxy-font-alit-design/
[2026-03-08T15:28:57Z] #429 attempt=1/6 status=200 0.692s url=https://www.myfonts.com/products/regular-lonika-1117001
[2026-03-08T15:28:58Z] #430 attempt=1/6 status=200 0.643s url=https://www.myfonts.com/collections/lonika-font-vadova-std/
[2026-03-08T15:28:59Z] #431 attempt=1/6 status=200 0.661s url=https://www.myfonts.com/products/regular-browen-1116959
[2026-03-08T15:28:59Z] #432 attempt=1/6 status=200 0.508s url=https://www.myfonts.com/collections/browen-font-sixtype-foundry/
[2026-03-08T15:29:00Z] #433 attempt=1/6 status=200 0.611s url=https://www.myfonts.com/products/regular-stupre-1117652
[2026-03-08T15:29:01Z] #434 attempt=1/6 status=200 0.792s url=https://www.myfonts.com/collections/just-font-you-foundry/
[2026-03-08T15:29:02Z] #435 attempt=1/6 status=200 0.301s url=https://www.myfonts.com/collections/just-font-you-foundry/
[2026-03-08T15:29:03Z] #436 attempt=1/6 status=200 0.604s url=https://www.myfonts.com/products/regular-lingkar-timor-1117437
[2026-03-08T15:29:03Z] #437 attempt=1/6 status=200 0.376s url=https://www.myfonts.com/collections/lingkar-timor-font-hanzel-space/
[2026-03-08T15:29:04Z] #438 attempt=1/6 status=200 0.549s url=https://www.myfonts.com/products/regular-morvila-1117485
[2026-03-08T15:29:05Z] #439 attempt=1/6 status=200 0.371s url=https://www.myfonts.com/collections/morvila-font-ergibi-studio/
[2026-03-08T15:29:06Z] #440 attempt=1/6 status=200 0.653s url=https://www.myfonts.com/products/regular-wild-jungle-1117484
[2026-03-08T15:29:07Z] #441 attempt=1/6 status=200 0.431s url=https://www.myfonts.com/collections/wild-jungle-font-hanzel-space/
[2026-03-08T15:29:08Z] #442 attempt=1/6 status=200 0.482s url=https://www.myfonts.com/products/regular-kyanite-1117443
[2026-03-08T15:29:09Z] #443 attempt=1/6 status=200 0.857s url=https://www.myfonts.com/collections/kyanite-font-sensatype-studio/
[2026-03-08T15:29:10Z] #444 attempt=1/6 status=200 0.591s url=https://www.myfonts.com/products/regular-orgistar-1117441
[2026-03-08T15:29:10Z] #445 attempt=1/6 status=200 0.393s url=https://www.myfonts.com/collections/orgistar-font-hanzel-space/
[2026-03-08T15:29:11Z] #446 attempt=1/6 status=200 0.599s url=https://www.myfonts.com/products/regular-morning-bloom-1117039
[2026-03-08T15:29:12Z] #447 attempt=1/6 status=200 0.397s url=https://www.myfonts.com/collections/morning-bloom-font-qiubare-studio/
[2026-03-08T15:29:13Z] #448 attempt=1/6 status=200 0.633s url=https://www.myfonts.com/products/regular-respiration-1117435
[2026-03-08T15:29:13Z] #449 attempt=1/6 status=200 0.469s url=https://www.myfonts.com/collections/respiration-font-gatype/
[2026-03-08T15:29:14Z] #450 attempt=1/6 status=200 0.536s url=https://www.myfonts.com/products/regular-zorin-1116970
[2026-03-08T15:29:15Z] #451 attempt=1/6 status=200 0.417s url=https://www.myfonts.com/collections/zorin-font-rasio-studio/
[2026-03-08T15:29:16Z] #452 attempt=1/6 status=200 0.566s url=https://www.myfonts.com/products/regular-enter-darknester-1117040
[2026-03-08T15:29:17Z] #453 attempt=1/6 status=200 0.777s url=https://www.myfonts.com/collections/enter-darknester-font-pineungtype-misinklab/
[2026-03-08T15:29:18Z] #454 attempt=1/6 status=200 0.723s url=https://www.myfonts.com/products/regular-boundex-1116960
[2026-03-08T15:29:19Z] #455 attempt=1/6 status=200 0.566s url=https://www.myfonts.com/collections/boundex-font-sixtype-foundry/
[2026-03-08T15:29:20Z] #456 attempt=1/6 status=200 0.524s url=https://www.myfonts.com/products/regular-derag-1116957
[2026-03-08T15:29:21Z] #457 attempt=1/6 status=200 0.662s url=https://www.myfonts.com/collections/derag-font-sixtype-foundry/
[2026-03-08T15:29:22Z] #458 attempt=1/6 status=200 0.530s url=https://www.myfonts.com/products/regular-edgy-bomba-1117016
[2026-03-08T15:29:23Z] #459 attempt=1/6 status=200 0.948s url=https://www.myfonts.com/collections/edgy-bomba-font-sensatype-studio/
[2026-03-08T15:29:23Z] summary releases=1500 first_429=(261, 'https://www.myfonts.com/collections/sizek-pro-font-blaze-type/', 0.22362709045410156) log_file=state/myfonts_run_20260308_150254.log
[2026-03-08T15:29:23Z] === MyFonts crawl end ===
