[2026-03-07T14:59:09Z] === MyFonts crawl start source=myfonts ===
[2026-03-07T14:59:09Z] config max_pages=40 page_size=250 start_date=2026-03-06 end_date=2026-03-07 api_delay=0.25s detail_delay=0.2s
[2026-03-07T14:59:11Z] #1 attempt=1/6 status=200 1.197s url=https://www.myfonts.com/products.json?limit=250&page=1
[2026-03-07T14:59:12Z] #2 attempt=1/6 status=200 0.412s url=https://www.myfonts.com/products/italic-proscenium-1118334
[2026-03-07T14:59:12Z] #3 attempt=1/6 status=200 0.363s url=https://www.myfonts.com/collections/proscenium-font-wings-art-studio/
[2026-03-07T14:59:13Z] #4 attempt=1/6 status=200 0.726s url=https://www.myfonts.com/products/roman-variable-jewerly-beyon-1118803
[2026-03-07T14:59:14Z] #5 attempt=1/6 status=200 0.359s url=https://www.myfonts.com/collections/jewerly-beyon-font-luhop-creative/
[2026-03-07T14:59:14Z] #6 attempt=1/6 status=200 0.289s url=https://www.myfonts.com/products/regular-proscenium-1118333
[2026-03-07T14:59:15Z] #7 attempt=1/6 status=200 0.320s url=https://www.myfonts.com/collections/proscenium-font-wings-art-studio/
[2026-03-07T14:59:16Z] #8 attempt=1/6 status=200 0.370s url=https://www.myfonts.com/products/jewerly-beyon-complete-family-package-1118801
[2026-03-07T14:59:16Z] #9 attempt=1/6 status=200 0.328s url=https://www.myfonts.com/collections/jewerly-beyon-font-luhop-creative/
[2026-03-07T14:59:17Z] #10 attempt=1/6 status=200 0.284s url=https://www.myfonts.com/products/mizhon-sans-complete-family-package-1118559
[2026-03-07T14:59:17Z] #11 attempt=1/6 status=200 0.481s url=https://www.myfonts.com/collections/mizhon-sans-font-skinny-type/
[2026-03-07T14:59:18Z] #12 attempt=1/6 status=200 0.489s url=https://www.myfonts.com/products/the-musa-editorial-complete-family-package-1118520
[2026-03-07T14:59:19Z] #13 attempt=1/6 status=200 0.372s url=https://www.myfonts.com/collections/the-musa-editorial-font-romie-creative/
[2026-03-07T14:59:19Z] #14 attempt=1/6 status=200 0.321s url=https://www.myfonts.com/products/quenova-complete-family-package-1117920
[2026-03-07T14:59:20Z] #15 attempt=1/6 status=200 0.364s url=https://www.myfonts.com/collections/quenova-font-kaidosan/
[2026-03-07T14:59:20Z] #16 attempt=1/6 status=200 0.312s url=https://www.myfonts.com/products/semi-expanded-package-1118408
[2026-03-07T14:59:21Z] #17 attempt=1/6 status=200 0.628s url=https://www.myfonts.com/collections/bonarchi-font-rastype-studio/
[2026-03-07T14:59:22Z] #18 attempt=1/6 status=200 0.546s url=https://www.myfonts.com/products/master-righinta-complete-family-package-1118226
[2026-03-07T14:59:23Z] #19 attempt=1/6 status=200 0.358s url=https://www.myfonts.com/collections/master-righinta-font-tm-type/
[2026-03-07T14:59:24Z] #20 attempt=1/6 status=200 0.489s url=https://www.myfonts.com/products/sefalio-complete-family-package-1118116
[2026-03-07T14:59:24Z] #21 attempt=1/6 status=200 0.484s url=https://www.myfonts.com/collections/sefalio-font-snapedsgn/
[2026-03-07T14:59:25Z] #22 attempt=1/6 status=200 0.498s url=https://www.myfonts.com/products/alesteny-pojharu-complete-family-package-1118098
[2026-03-07T14:59:26Z] #23 attempt=1/6 status=200 0.458s url=https://www.myfonts.com/collections/alesteny-pojharu-font-stylishtype-studio/
[2026-03-07T14:59:26Z] #24 attempt=1/6 status=200 0.409s url=https://www.myfonts.com/products/normal-package-1118407
[2026-03-07T14:59:27Z] #25 attempt=1/6 status=200 0.534s url=https://www.myfonts.com/collections/bonarchi-font-rastype-studio/
[2026-03-07T14:59:28Z] #26 attempt=1/6 status=200 0.484s url=https://www.myfonts.com/products/upright-package-1118589
[2026-03-07T14:59:29Z] #27 attempt=1/6 status=200 0.745s url=https://www.myfonts.com/collections/mizhon-flare-font-skinny-type/
[2026-03-07T14:59:30Z] #28 attempt=1/6 status=200 0.432s url=https://www.myfonts.com/products/foliant-serif-complete-family-package-1118592
[2026-03-07T14:59:30Z] #29 attempt=1/6 status=200 0.530s url=https://www.myfonts.com/collections/foliant-serif-font-moritz-kleinsorge/
[2026-03-07T14:59:31Z] #30 attempt=1/6 status=200 0.388s url=https://www.myfonts.com/products/crone-complete-family-package-1118200
[2026-03-07T14:59:32Z] #31 attempt=1/6 status=200 0.450s url=https://www.myfonts.com/collections/crone-font-artiveko/
[2026-03-07T14:59:33Z] #32 attempt=1/6 status=200 0.500s url=https://www.myfonts.com/products/bolera-complete-family-package-1118428
[2026-03-07T14:59:33Z] #33 attempt=1/6 status=200 0.393s url=https://www.myfonts.com/collections/bolera-font-piscotype/
[2026-03-07T14:59:34Z] #34 attempt=1/6 status=200 0.492s url=https://www.myfonts.com/products/west-wasteland-complete-family-package-1118487
[2026-03-07T14:59:35Z] #35 attempt=1/6 status=200 0.489s url=https://www.myfonts.com/collections/west-wasteland-font-vyantype-studio/
[2026-03-07T14:59:35Z] #36 attempt=1/6 status=200 0.386s url=https://www.myfonts.com/products/upright-package-1118573
